{
  "uuid": "82f4510b-167e-45b1-b037-b31f7e64e18f",
  "historyId": "37475c45a935108b4b15e04885eaaa66",
  "testCaseId": "02d14f8c00f92829e199eb25a90d1a12",
  "fullName": "OdinUiTests:OdinUiTests.Tests.Library.RemovingTemplatesTests.CheckDeleteProgramTemplate()",
  "labels": [
    {
      "name": "thread",
      "value": "NUnit.Fw.ParallelWorker#4"
    },
    {
      "name": "host",
      "value": "3661a239562d"
    },
    {
      "name": "language",
      "value": "C#"
    },
    {
      "name": "framework",
      "value": "NUnit 3"
    },
    {
      "name": "package",
      "value": "OdinUiTests.Tests.Library"
    },
    {
      "name": "testMethod",
      "value": "CheckDeleteProgramTemplate"
    },
    {
      "name": "testClass",
      "value": "RemovingTemplatesTests"
    },
    {
      "name": "suite",
      "value": "Библиотека"
    },
    {
      "name": "severity",
      "value": "critical"
    },
    {
      "name": "tag",
      "value": "Библиотека"
    },
    {
      "name": "tag",
      "value": "Дежурство"
    },
    {
      "name": "tag",
      "value": "Регресс"
    }
  ],
  "links": [],
  "name": "Страница библиотеки: можно удалить шаблон программы",
  "status": "broken",
  "statusDetails": {
    "known": false,
    "muted": false,
    "flaky": false,
    "message": "System.Reflection.TargetInvocationException : Exception has been thrown by the target of an invocation.\n  ----> OpenQA.Selenium.WebDriverTimeoutException : Timed out after 30 seconds\n  ----> OpenQA.Selenium.NoSuchElementException : no such element: Unable to locate element: {\"method\":\"xpath\",\"selector\":\"//div[contains(@class,'directory-item')]//span[contains(text(),'Подготовка проектных менеджеров в сфере IT (Поток 2020 IT)')]\"}\n  (Session info: chrome=140.0.7339.127); For documentation on this error, please visit: https://www.selenium.dev/documentation/webdriver/troubleshooting/errors#no-such-element-exception",
    "trace": "   at System.Reflection.MethodBaseInvoker.InvokeWithManyArgs(Object obj, BindingFlags invokeAttr, Binder binder, Object[] parameters, CultureInfo culture)\n   at Allure.Net.Commons.Steps.AllureStepAspectBase.Around(String name, Object[] args, Func`2 target, MethodBase metadata, Type returnType)\n   at OdinUiTests.Pages.LibraryPage.__a$_around_OpenDirectoryByName_100666907_w_0(Object[])\n   at OdinUiTests.Pages.LibraryPage.OpenDirectoryByName(String dirName)\n   at OdinUiTests.Tests.Library.RemovingTemplatesTests.CheckDeleteProgramTemplate() in /azp/_work/1/s/Tests/Library/UserLibraryTests.cs:line 528\n   at System.RuntimeMethodHandle.InvokeMethod(Object target, Void** arguments, Signature sig, Boolean isConstructor)\n   at System.Reflection.MethodBaseInvoker.InvokeWithNoArgs(Object obj, BindingFlags invokeAttr)\n--WebDriverTimeoutException\n   at OpenQA.Selenium.Support.UI.DefaultWait`1.ThrowTimeoutException(String exceptionMessage, Exception lastException)\n   at OpenQA.Selenium.Support.UI.DefaultWait`1.Until[TResult](Func`2 condition, CancellationToken token)\n   at OpenQA.Selenium.Support.UI.DefaultWait`1.Until[TResult](Func`2 condition)\n   at OdinUiTests.Pages.LibraryPage.__a$_around_OpenDirectoryByName_100666907_o(String dirName) in /azp/_work/1/s/Pages/LibraryPage.cs:line 92\n   at OdinUiTests.Pages.LibraryPage.__a$_around_OpenDirectoryByName_100666907_u(Object[])\n   at Allure.Net.Commons.Steps.AllureAbstractStepAspect.WrapSync[T](Func`2 target, Object[] args, MethodBase metadata, String stepName, List`1 stepParameters)\n   at InvokeStub_AllureAbstractStepAspect.WrapSync(Object, Span`1)\n   at System.Reflection.MethodBaseInvoker.InvokeWithManyArgs(Object obj, BindingFlags invokeAttr, Binder binder, Object[] parameters, CultureInfo culture)\n--NoSuchElementException\n   at OpenQA.Selenium.WebDriver.UnpackAndThrowOnError(Response errorResponse, String commandToExecute)\n   at OpenQA.Selenium.WebDriver.ExecuteAsync(String driverCommandToExecute, Dictionary`2 parameters)\n   at SeleniumExtras.WaitHelpers.ExpectedConditions.<>c__DisplayClass19_0.<ElementToBeClickable>b__0(IWebDriver driver)\n   at OpenQA.Selenium.Support.UI.DefaultWait`1.Until[TResult](Func`2 condition, CancellationToken token)"
  },
  "stage": "finished",
  "steps": [
    {
      "name": "Открыть страницу Библиотеки",
      "status": "passed",
      "statusDetails": {
        "known": false,
        "muted": false,
        "flaky": false
      },
      "stage": "finished",
      "steps": [],
      "attachments": [],
      "parameters": [
        {
          "name": "id",
          "value": "\"345\"",
          "excluded": false
        }
      ],
      "start": 1757993645371,
      "stop": 1757993650143
    },
    {
      "name": "Открыть каталог по названию",
      "status": "broken",
      "statusDetails": {
        "known": false,
        "muted": false,
        "flaky": false,
        "message": "Timed out after 30 seconds",
        "trace": "OpenQA.Selenium.WebDriverTimeoutException: Timed out after 30 seconds\n ---> OpenQA.Selenium.NoSuchElementException: no such element: Unable to locate element: {\"method\":\"xpath\",\"selector\":\"//div[contains(@class,'directory-item')]//span[contains(text(),'Подготовка проектных менеджеров в сфере IT (Поток 2020 IT)')]\"}\n  (Session info: chrome=140.0.7339.127); For documentation on this error, please visit: https://www.selenium.dev/documentation/webdriver/troubleshooting/errors#no-such-element-exception\n   at OpenQA.Selenium.WebDriver.UnpackAndThrowOnError(Response errorResponse, String commandToExecute)\n   at OpenQA.Selenium.WebDriver.ExecuteAsync(String driverCommandToExecute, Dictionary`2 parameters)\n   at SeleniumExtras.WaitHelpers.ExpectedConditions.<>c__DisplayClass19_0.<ElementToBeClickable>b__0(IWebDriver driver)\n   at OpenQA.Selenium.Support.UI.DefaultWait`1.Until[TResult](Func`2 condition, CancellationToken token)\n   --- End of inner exception stack trace ---\n   at OpenQA.Selenium.Support.UI.DefaultWait`1.ThrowTimeoutException(String exceptionMessage, Exception lastException)\n   at OpenQA.Selenium.Support.UI.DefaultWait`1.Until[TResult](Func`2 condition, CancellationToken token)\n   at OpenQA.Selenium.Support.UI.DefaultWait`1.Until[TResult](Func`2 condition)\n   at OdinUiTests.Pages.LibraryPage.__a$_around_OpenDirectoryByName_100666907_o(String dirName) in /azp/_work/1/s/Pages/LibraryPage.cs:line 92\n   at OdinUiTests.Pages.LibraryPage.__a$_around_OpenDirectoryByName_100666907_u(Object[])\n   at Allure.Net.Commons.Steps.AllureAbstractStepAspect.WrapSync[T](Func`2 target, Object[] args, MethodBase metadata, String stepName, List`1 stepParameters)"
      },
      "stage": "finished",
      "steps": [],
      "attachments": [],
      "parameters": [
        {
          "name": "dirName",
          "value": "\"Подготовка проектных менеджеров в сфере IT (Поток 2020 IT)\"",
          "excluded": false
        }
      ],
      "start": 1757993650145,
      "stop": 1757993688476
    }
  ],
  "attachments": [
    {
      "name": "CheckDeleteProgramTemplate.jpg",
      "source": "16a396fd-9b5b-4977-b4f8-68d4814067d3-attachment.jpg",
      "type": "image/jpeg"
    },
    {
      "name": "Console Output",
      "source": "7d59f905-438e-49e9-bcd1-7d88e799dc00-attachment.txt",
      "type": "text/plain"
    }
  ],
  "parameters": [],
  "start": 1757993642675,
  "stop": 1757993688683
}