{
  "uuid": "e35cdc48-d649-472c-9a28-92fc8fa24d3a",
  "historyId": "05f8fa072cc5a9cce26983bb14acdf89",
  "testCaseId": "d19cbfca69ef863a1fd7b1c9694d2425",
  "fullName": "OdinUiTests:OdinUiTests.Tests.Cohort.CohortCreationWarningModalTests.CheckCreateCohortAfterChangeMismatchWarningOfDuration()",
  "labels": [
    {
      "name": "thread",
      "value": "NUnit.Fw.ParallelWorker#6"
    },
    {
      "name": "host",
      "value": "332bdd974c45"
    },
    {
      "name": "language",
      "value": "C#"
    },
    {
      "name": "framework",
      "value": "NUnit 3"
    },
    {
      "name": "package",
      "value": "OdinUiTests.Tests.Cohort"
    },
    {
      "name": "testMethod",
      "value": "CheckCreateCohortAfterChangeMismatchWarningOfDuration"
    },
    {
      "name": "testClass",
      "value": "CohortCreationWarningModalTests"
    },
    {
      "name": "suite",
      "value": "Поток"
    },
    {
      "name": "subSuite",
      "value": "Создание потока"
    },
    {
      "name": "severity",
      "value": "normal"
    },
    {
      "name": "tag",
      "value": "Поток"
    },
    {
      "name": "tag",
      "value": "Дежурство"
    },
    {
      "name": "tag",
      "value": "Регресс"
    }
  ],
  "links": [],
  "name": "Создание потока: можно создать поток после внесения правок в длительность потока",
  "status": "broken",
  "statusDetails": {
    "known": false,
    "muted": false,
    "flaky": false,
    "message": "System.Reflection.TargetInvocationException : Exception has been thrown by the target of an invocation.\n  ----> OpenQA.Selenium.WebDriverTimeoutException : Timed out after 30 seconds\n  ----> OpenQA.Selenium.NoSuchElementException : no such element: Unable to locate element: {\"method\":\"css selector\",\"selector\":\".cohort-info .page-title\"}\n  (Session info: chrome=140.0.7339.127); For documentation on this error, please visit: https://www.selenium.dev/documentation/webdriver/troubleshooting/errors#no-such-element-exception",
    "trace": "   at System.Reflection.MethodBaseInvoker.InvokeWithManyArgs(Object obj, BindingFlags invokeAttr, Binder binder, Object[] parameters, CultureInfo culture)\n   at Allure.Net.Commons.Steps.AllureStepAspectBase.Around(String name, Object[] args, Func`2 target, MethodBase metadata, Type returnType)\n   at OdinUiTests.Pages.CohortInfoPage.__a$_around_CheckCohortSavedSuccessfully_100666549_w_0(Object[])\n   at OdinUiTests.Pages.CohortInfoPage.CheckCohortSavedSuccessfully(String cohortTitle, String startDate, String endDate)\n   at OdinUiTests.Tests.Cohort.CohortCreationWarningModalTests.CheckCreateCohortAfterChangeMismatchWarningOfDuration() in /azp/_work/11/s/Tests/Cohort/CohortCreateEditTests.cs:line 329\n   at System.RuntimeMethodHandle.InvokeMethod(Object target, Void** arguments, Signature sig, Boolean isConstructor)\n   at System.Reflection.MethodBaseInvoker.InvokeWithNoArgs(Object obj, BindingFlags invokeAttr)\n--WebDriverTimeoutException\n   at OpenQA.Selenium.Support.UI.DefaultWait`1.ThrowTimeoutException(String exceptionMessage, Exception lastException)\n   at OpenQA.Selenium.Support.UI.DefaultWait`1.Until[TResult](Func`2 condition, CancellationToken token)\n   at OpenQA.Selenium.Support.UI.DefaultWait`1.Until[TResult](Func`2 condition)\n   at OdinUiTests.Pages.CohortInfoPage.CohortSavedSuccessfully(String cohortTitle, String startDate, String endDate) in /azp/_work/11/s/Pages/CohortInfoPage.cs:line 423\n   at OdinUiTests.Pages.CohortInfoPage.__a$_around_CheckCohortSavedSuccessfully_100666549_o(String cohortTitle, String startDate, String endDate) in /azp/_work/11/s/Pages/CohortInfoPage.cs:line 437\n   at OdinUiTests.Pages.CohortInfoPage.__a$_around_CheckCohortSavedSuccessfully_100666549_u(Object[])\n   at Allure.Net.Commons.Steps.AllureAbstractStepAspect.WrapSync[T](Func`2 target, Object[] args, MethodBase metadata, String stepName, List`1 stepParameters)\n   at InvokeStub_AllureAbstractStepAspect.WrapSync(Object, Span`1)\n   at System.Reflection.MethodBaseInvoker.InvokeWithManyArgs(Object obj, BindingFlags invokeAttr, Binder binder, Object[] parameters, CultureInfo culture)\n--NoSuchElementException\n   at OpenQA.Selenium.WebDriver.UnpackAndThrowOnError(Response errorResponse, String commandToExecute)\n   at OpenQA.Selenium.WebDriver.ExecuteAsync(String driverCommandToExecute, Dictionary`2 parameters)\n   at SeleniumExtras.WaitHelpers.ExpectedConditions.<>c__DisplayClass19_0.<ElementToBeClickable>b__0(IWebDriver driver)\n   at OpenQA.Selenium.Support.UI.DefaultWait`1.Until[TResult](Func`2 condition, CancellationToken token)"
  },
  "stage": "finished",
  "steps": [
    {
      "name": "Открыть страницу создания потока",
      "status": "passed",
      "statusDetails": {
        "known": false,
        "muted": false,
        "flaky": false
      },
      "stage": "finished",
      "steps": [],
      "attachments": [],
      "parameters": [
        {
          "name": "programId",
          "value": "\"8\"",
          "excluded": false
        }
      ],
      "start": 1761269523490,
      "stop": 1761269525475
    },
    {
      "name": "Вставить значение в поле 'Название'",
      "status": "passed",
      "stage": "finished",
      "steps": [],
      "attachments": [],
      "parameters": [],
      "start": 1761269525475,
      "stop": 1761269530988
    },
    {
      "name": "Выбрать значение в поле 'Дата окончания' (период обучения менее 70 дней)",
      "status": "passed",
      "stage": "finished",
      "steps": [],
      "attachments": [],
      "parameters": [],
      "start": 1761269530988,
      "stop": 1761269537759
    },
    {
      "name": "Нажать на кнопку 'Сохранить'",
      "status": "passed",
      "statusDetails": {
        "known": false,
        "muted": false,
        "flaky": false
      },
      "stage": "finished",
      "steps": [],
      "attachments": [],
      "parameters": [],
      "start": 1761269537759,
      "stop": 1761269538197
    },
    {
      "name": "Нажать на кнопку 'Исправить' в модалке предупреждении",
      "status": "passed",
      "statusDetails": {
        "known": false,
        "muted": false,
        "flaky": false
      },
      "stage": "finished",
      "steps": [],
      "attachments": [],
      "parameters": [],
      "start": 1761269538198,
      "stop": 1761269539051
    },
    {
      "name": "Выбрать значение в поле 'Дата окончания' (период обучения равен или больше 70 дней)",
      "status": "passed",
      "stage": "finished",
      "steps": [],
      "attachments": [],
      "parameters": [],
      "start": 1761269539051,
      "stop": 1761269544859
    },
    {
      "name": "Нажать на кнопку 'Сохранить'",
      "status": "passed",
      "statusDetails": {
        "known": false,
        "muted": false,
        "flaky": false
      },
      "stage": "finished",
      "steps": [],
      "attachments": [],
      "parameters": [],
      "start": 1761269544859,
      "stop": 1761269545588
    },
    {
      "name": "Проверка корректности создания потока с выбранными датами",
      "status": "broken",
      "statusDetails": {
        "known": false,
        "muted": false,
        "flaky": false,
        "message": "Timed out after 30 seconds",
        "trace": "OpenQA.Selenium.WebDriverTimeoutException: Timed out after 30 seconds\n ---> OpenQA.Selenium.NoSuchElementException: no such element: Unable to locate element: {\"method\":\"css selector\",\"selector\":\".cohort-info .page-title\"}\n  (Session info: chrome=140.0.7339.127); For documentation on this error, please visit: https://www.selenium.dev/documentation/webdriver/troubleshooting/errors#no-such-element-exception\n   at OpenQA.Selenium.WebDriver.UnpackAndThrowOnError(Response errorResponse, String commandToExecute)\n   at OpenQA.Selenium.WebDriver.ExecuteAsync(String driverCommandToExecute, Dictionary`2 parameters)\n   at SeleniumExtras.WaitHelpers.ExpectedConditions.<>c__DisplayClass19_0.<ElementToBeClickable>b__0(IWebDriver driver)\n   at OpenQA.Selenium.Support.UI.DefaultWait`1.Until[TResult](Func`2 condition, CancellationToken token)\n   --- End of inner exception stack trace ---\n   at OpenQA.Selenium.Support.UI.DefaultWait`1.ThrowTimeoutException(String exceptionMessage, Exception lastException)\n   at OpenQA.Selenium.Support.UI.DefaultWait`1.Until[TResult](Func`2 condition, CancellationToken token)\n   at OpenQA.Selenium.Support.UI.DefaultWait`1.Until[TResult](Func`2 condition)\n   at OdinUiTests.Pages.CohortInfoPage.CohortSavedSuccessfully(String cohortTitle, String startDate, String endDate) in /azp/_work/11/s/Pages/CohortInfoPage.cs:line 423\n   at OdinUiTests.Pages.CohortInfoPage.__a$_around_CheckCohortSavedSuccessfully_100666549_o(String cohortTitle, String startDate, String endDate) in /azp/_work/11/s/Pages/CohortInfoPage.cs:line 437\n   at OdinUiTests.Pages.CohortInfoPage.__a$_around_CheckCohortSavedSuccessfully_100666549_u(Object[])\n   at Allure.Net.Commons.Steps.AllureAbstractStepAspect.WrapSync[T](Func`2 target, Object[] args, MethodBase metadata, String stepName, List`1 stepParameters)"
      },
      "stage": "finished",
      "steps": [],
      "attachments": [],
      "parameters": [
        {
          "name": "cohortTitle",
          "value": "\"97465C33G91EGEE\"",
          "excluded": false
        },
        {
          "name": "startDate",
          "value": "\"\"",
          "excluded": false
        },
        {
          "name": "endDate",
          "value": "\"01.01.2026\"",
          "excluded": false
        }
      ],
      "start": 1761269545589,
      "stop": 1761269575799
    }
  ],
  "attachments": [
    {
      "name": "CheckCreateCohortAfterChangeMismatchWarningOfDuration.jpg",
      "source": "d589ff11-1036-4983-9933-53fa64a5bf41-attachment.jpg",
      "type": "image/jpeg"
    },
    {
      "name": "Console Output",
      "source": "ead76bee-cd49-4dd5-b94d-8c364548c09f-attachment.txt",
      "type": "text/plain"
    }
  ],
  "parameters": [],
  "start": 1761269523385,
  "stop": 1761269576485
}