{
  "uuid": "2607838d-2bef-4194-b014-fba66f06f47c",
  "historyId": "b54224db8ffd5bad3393a429becd157b",
  "testCaseId": "07cb757129127751eab97de91054b984",
  "fullName": "OdinUiTests:OdinUiTests.Tests.Activity.TaskActivityTeacherTests.CheckGradeSolutionValueAboveAndBelowScore(System.Int32,System.String)",
  "labels": [
    {
      "name": "thread",
      "value": "ParallelWorker#6"
    },
    {
      "name": "host",
      "value": "89505369bbaf"
    },
    {
      "name": "language",
      "value": "C#"
    },
    {
      "name": "framework",
      "value": "NUnit 3"
    },
    {
      "name": "package",
      "value": "OdinUiTests.Tests.Activity"
    },
    {
      "name": "testMethod",
      "value": "CheckGradeSolutionValueAboveAndBelowScore"
    },
    {
      "name": "testClass",
      "value": "TaskActivityTeacherTests"
    },
    {
      "name": "parentSuite",
      "value": "Активность"
    },
    {
      "name": "suite",
      "value": "Задание"
    },
    {
      "name": "subSuite",
      "value": "Страница решения задания для преподавателя"
    },
    {
      "name": "severity",
      "value": "critical"
    },
    {
      "name": "tag",
      "value": "Активность"
    },
    {
      "name": "tag",
      "value": "Дежурство"
    },
    {
      "name": "tag",
      "value": "Регресс"
    }
  ],
  "links": [],
  "name": "Можно оценить решение значением выше минимального порога баллов",
  "status": "broken",
  "statusDetails": {
    "known": false,
    "muted": false,
    "flaky": false,
    "message": "OpenQA.Selenium.WebDriverTimeoutException : Timed out after 30 seconds\n  ----> OpenQA.Selenium.NoSuchElementException : no such element: Unable to locate element: {\"method\":\"css selector\",\"selector\":\".solution-action-bar-component [class='cursor-pointer']\"}\n  (Session info: chrome-headless-shell=126.0.6478.126); For documentation on this error, please visit: https://www.selenium.dev/documentation/webdriver/troubleshooting/errors#no-such-element-exception",
    "trace": "   at OpenQA.Selenium.Support.UI.DefaultWait`1.ThrowTimeoutException(String exceptionMessage, Exception lastException)\n   at OpenQA.Selenium.Support.UI.DefaultWait`1.Until[TResult](Func`2 condition, CancellationToken token)\n   at OpenQA.Selenium.Support.UI.DefaultWait`1.Until[TResult](Func`2 condition)\n   at OdinUiTests.Pages.ActivitySolutionPage.__a$_around_ClickOnEstimateButton_100666185_o() in /azp/_work/2/s/Pages/ActivitySolutionPage.cs:line 274\n   at OdinUiTests.Pages.ActivitySolutionPage.__a$_around_ClickOnEstimateButton_100666185_u(Object[])\n   at Allure.Net.Commons.Steps.AllureAbstractStepAspect.WrapSync[T](Func`2 target, Object[] args, MethodBase metadata, String stepName, List`1 stepParameters)\n   at InvokeStub_AllureAbstractStepAspect.WrapSync(Object, Span`1)\n   at System.Reflection.MethodBaseInvoker.InvokeWithManyArgs(Object obj, BindingFlags invokeAttr, Binder binder, Object[] parameters, CultureInfo culture)\n--NoSuchElementException\n   at OpenQA.Selenium.WebDriver.UnpackAndThrowOnError(Response errorResponse, String commandToExecute)\n   at OpenQA.Selenium.WebDriver.ExecuteAsync(String driverCommandToExecute, Dictionary`2 parameters)\n   at SeleniumExtras.WaitHelpers.ExpectedConditions.<>c__DisplayClass19_0.<ElementToBeClickable>b__0(IWebDriver driver)\n   at OpenQA.Selenium.Support.UI.DefaultWait`1.Until[TResult](Func`2 condition, CancellationToken token)"
  },
  "stage": "finished",
  "steps": [
    {
      "name": "Открыть страницу решения задания",
      "status": "passed",
      "statusDetails": {
        "known": false,
        "muted": false,
        "flaky": false
      },
      "stage": "finished",
      "steps": [],
      "attachments": [],
      "parameters": [
        {
          "name": "activityId",
          "value": "\"1553537\"",
          "excluded": false
        },
        {
          "name": "studentName",
          "value": "\"Smith\"",
          "excluded": false
        }
      ],
      "start": 1735131458947,
      "stop": 1735131459126
    },
    {
      "name": "Нажать на кнопку карандаша для редактирования выставленного балла",
      "status": "passed",
      "statusDetails": {
        "known": false,
        "muted": false,
        "flaky": false
      },
      "stage": "finished",
      "steps": [],
      "attachments": [],
      "parameters": [],
      "start": 1735131459126,
      "stop": 1735131462534
    },
    {
      "name": "Ввести значение выше минимального порога баллов",
      "status": "passed",
      "stage": "finished",
      "steps": [],
      "attachments": [],
      "parameters": [],
      "start": 1735131462535,
      "stop": 1735131463710
    },
    {
      "name": "Нажать на кнопку 'Оценить'",
      "status": "broken",
      "statusDetails": {
        "known": false,
        "muted": false,
        "flaky": false,
        "message": "Timed out after 30 seconds",
        "trace": "OpenQA.Selenium.WebDriverTimeoutException: Timed out after 30 seconds\n ---> OpenQA.Selenium.NoSuchElementException: no such element: Unable to locate element: {\"method\":\"css selector\",\"selector\":\".solution-action-bar-component [class='cursor-pointer']\"}\n  (Session info: chrome-headless-shell=126.0.6478.126); For documentation on this error, please visit: https://www.selenium.dev/documentation/webdriver/troubleshooting/errors#no-such-element-exception\n   at OpenQA.Selenium.WebDriver.UnpackAndThrowOnError(Response errorResponse, String commandToExecute)\n   at OpenQA.Selenium.WebDriver.ExecuteAsync(String driverCommandToExecute, Dictionary`2 parameters)\n   at SeleniumExtras.WaitHelpers.ExpectedConditions.<>c__DisplayClass19_0.<ElementToBeClickable>b__0(IWebDriver driver)\n   at OpenQA.Selenium.Support.UI.DefaultWait`1.Until[TResult](Func`2 condition, CancellationToken token)\n   --- End of inner exception stack trace ---\n   at OpenQA.Selenium.Support.UI.DefaultWait`1.ThrowTimeoutException(String exceptionMessage, Exception lastException)\n   at OpenQA.Selenium.Support.UI.DefaultWait`1.Until[TResult](Func`2 condition, CancellationToken token)\n   at OpenQA.Selenium.Support.UI.DefaultWait`1.Until[TResult](Func`2 condition)\n   at OdinUiTests.Pages.ActivitySolutionPage.__a$_around_ClickOnEstimateButton_100666185_o() in /azp/_work/2/s/Pages/ActivitySolutionPage.cs:line 274\n   at OdinUiTests.Pages.ActivitySolutionPage.__a$_around_ClickOnEstimateButton_100666185_u(Object[])\n   at Allure.Net.Commons.Steps.AllureAbstractStepAspect.WrapSync[T](Func`2 target, Object[] args, MethodBase metadata, String stepName, List`1 stepParameters)"
      },
      "stage": "finished",
      "steps": [],
      "attachments": [],
      "parameters": [],
      "start": 1735131463710,
      "stop": 1735131494985
    }
  ],
  "attachments": [
    {
      "name": "CheckGradeSolutionValueAboveAndBelowScore.jpg",
      "source": "88177ff2-6f32-4424-87c8-42d11b03146f-attachment.jpg",
      "type": "image/jpeg"
    },
    {
      "name": "Console Output",
      "source": "4bc9ead9-ba0f-4c19-98f1-f3682d567a6e-attachment.txt",
      "type": "text/plain"
    }
  ],
  "parameters": [
    {
      "name": "value",
      "value": "2",
      "excluded": false
    },
    {
      "name": "status",
      "value": "\"Выполнено успешно\"",
      "excluded": false
    }
  ],
  "start": 1735131458947,
  "stop": 1735131495254
}