{
  "uuid": "a8c46418-ece2-45bb-be37-d5aea2107aba",
  "historyId": "ad4f57f6da0662e97fa9e31f99467dba",
  "testCaseId": "f7c038cf6b435f3349cb4e5194c9a410",
  "fullName": "OdinUiTests:OdinUiTests.Tests.Activity.TemplateEditingValidationTests.CheckEditActivityTemplateVolumeWithIncorrectValue(System.String)",
  "labels": [
    {
      "name": "thread",
      "value": "NUnit.Fw.ParallelWorker#6"
    },
    {
      "name": "host",
      "value": "6c3187139338"
    },
    {
      "name": "language",
      "value": "C#"
    },
    {
      "name": "framework",
      "value": "NUnit 3"
    },
    {
      "name": "package",
      "value": "OdinUiTests.Tests.Activity"
    },
    {
      "name": "testMethod",
      "value": "CheckEditActivityTemplateVolumeWithIncorrectValue"
    },
    {
      "name": "testClass",
      "value": "TemplateEditingValidationTests"
    },
    {
      "name": "suite",
      "value": "Активность"
    },
    {
      "name": "subSuite",
      "value": "Обычный шаблон активности"
    },
    {
      "name": "severity",
      "value": "normal"
    },
    {
      "name": "tag",
      "value": "Активность"
    },
    {
      "name": "tag",
      "value": "Дежурство"
    },
    {
      "name": "tag",
      "value": "Регресс"
    }
  ],
  "links": [],
  "name": "Ошибка валидации в поле Объем в академических часах, если введено отрицательное значение",
  "status": "broken",
  "statusDetails": {
    "known": false,
    "muted": false,
    "flaky": false,
    "message": "OpenQA.Selenium.WebDriverTimeoutException : Timed out after 30 seconds\n  ----> OpenQA.Selenium.NoSuchElementException : no such element: Unable to locate element: {\"method\":\"xpath\",\"selector\":\"//input[contains(@aria-label,'Объём')]\"}\n  (Session info: chrome=132.0.6834.83); For documentation on this error, please visit: https://www.selenium.dev/documentation/webdriver/troubleshooting/errors#no-such-element-exception",
    "trace": "   at OpenQA.Selenium.Support.UI.DefaultWait`1.ThrowTimeoutException(String exceptionMessage, Exception lastException)\n   at OpenQA.Selenium.Support.UI.DefaultWait`1.Until[TResult](Func`2 condition, CancellationToken token)\n   at OpenQA.Selenium.Support.UI.DefaultWait`1.Until[TResult](Func`2 condition)\n   at OdinUiTests.Services.CommonService.ClearValuesInDigitInputFields(IWebDriver driver, By selector) in /azp/_work/2/s/Services/CommonService.cs:line 416\n   at OdinUiTests.Pages.ActivityCommonEditPage.<>c__DisplayClass108_0.<EditValueInVolumeField>b__0() in /azp/_work/2/s/Pages/ActivityCommonEditPage.cs:line 476\n   at Allure.Net.Commons.AllureApi.<>c__DisplayClass34_0.<Step>b__0()\n   at Allure.Net.Commons.AllureApi.ExecuteAction[T](String name, Action`1 start, Func`1 action, Action`1 resolve)\n   at Allure.Net.Commons.AllureApi.ExecuteStep[T](String name, Func`1 action)\n   at Allure.Net.Commons.AllureApi.Step(String name, Action action)\n   at OdinUiTests.Pages.ActivityCommonEditPage.EditValueInVolumeField(String volume) in /azp/_work/2/s/Pages/ActivityCommonEditPage.cs:line 474\n   at OdinUiTests.Tests.Activity.ActivityCommon.EditVolumeWithIncorrectValue(IWebDriver driver, Boolean isTemplate, String id, String volume) in /azp/_work/2/s/Tests/Activity/ActivityCommon.cs:line 588\n   at OdinUiTests.Tests.Activity.ActivityCommon.EditVolumeWithIncorrectValueInActivityPlan(IWebDriver driver, String contentId, String volume) in /azp/_work/2/s/Tests/Activity/ActivityCommon.cs:line 600\n   at OdinUiTests.Tests.Activity.TemplateEditingValidationTests.CheckEditActivityTemplateVolumeWithIncorrectValue(String volume) in /azp/_work/2/s/Tests/Activity/TemplateTests.cs:line 91\n   at System.RuntimeMethodHandle.InvokeMethod(Object target, Void** arguments, Signature sig, Boolean isConstructor)\n   at System.Reflection.MethodBaseInvoker.InvokeDirectByRefWithFewArgs(Object obj, Span`1 copyOfArgs, BindingFlags invokeAttr)\n--NoSuchElementException\n   at OpenQA.Selenium.WebDriver.UnpackAndThrowOnError(Response errorResponse, String commandToExecute)\n   at OpenQA.Selenium.WebDriver.ExecuteAsync(String driverCommandToExecute, Dictionary`2 parameters)\n   at SeleniumExtras.WaitHelpers.ExpectedConditions.<>c__DisplayClass19_0.<ElementToBeClickable>b__0(IWebDriver driver)\n   at OpenQA.Selenium.Support.UI.DefaultWait`1.Until[TResult](Func`2 condition, CancellationToken token)"
  },
  "stage": "finished",
  "steps": [
    {
      "name": "Открыть страницу редактирования активности",
      "status": "passed",
      "statusDetails": {
        "known": false,
        "muted": false,
        "flaky": false
      },
      "stage": "finished",
      "steps": [
        {
          "name": "Открыть страницу редактирования шаблона активности",
          "status": "passed",
          "statusDetails": {
            "known": false,
            "muted": false,
            "flaky": false
          },
          "stage": "finished",
          "steps": [],
          "attachments": [],
          "parameters": [
            {
              "name": "contentId",
              "value": "\"1340\"",
              "excluded": false
            }
          ],
          "start": 1747651034393,
          "stop": 1747651040597
        }
      ],
      "attachments": [],
      "parameters": [
        {
          "name": "isTemplate",
          "value": "true",
          "excluded": false
        },
        {
          "name": "id",
          "value": "\"1340\"",
          "excluded": false
        }
      ],
      "start": 1747651034388,
      "stop": 1747651040597
    },
    {
      "name": "В поле 'Объем в академических часах' ввести значение -192",
      "status": "broken",
      "statusDetails": {
        "known": false,
        "muted": false,
        "flaky": false,
        "message": "Timed out after 30 seconds",
        "trace": "OpenQA.Selenium.WebDriverTimeoutException: Timed out after 30 seconds\n ---> OpenQA.Selenium.NoSuchElementException: no such element: Unable to locate element: {\"method\":\"xpath\",\"selector\":\"//input[contains(@aria-label,'Объём')]\"}\n  (Session info: chrome=132.0.6834.83); For documentation on this error, please visit: https://www.selenium.dev/documentation/webdriver/troubleshooting/errors#no-such-element-exception\n   at OpenQA.Selenium.WebDriver.UnpackAndThrowOnError(Response errorResponse, String commandToExecute)\n   at OpenQA.Selenium.WebDriver.ExecuteAsync(String driverCommandToExecute, Dictionary`2 parameters)\n   at SeleniumExtras.WaitHelpers.ExpectedConditions.<>c__DisplayClass19_0.<ElementToBeClickable>b__0(IWebDriver driver)\n   at OpenQA.Selenium.Support.UI.DefaultWait`1.Until[TResult](Func`2 condition, CancellationToken token)\n   --- End of inner exception stack trace ---\n   at OpenQA.Selenium.Support.UI.DefaultWait`1.ThrowTimeoutException(String exceptionMessage, Exception lastException)\n   at OpenQA.Selenium.Support.UI.DefaultWait`1.Until[TResult](Func`2 condition, CancellationToken token)\n   at OpenQA.Selenium.Support.UI.DefaultWait`1.Until[TResult](Func`2 condition)\n   at OdinUiTests.Services.CommonService.ClearValuesInDigitInputFields(IWebDriver driver, By selector) in /azp/_work/2/s/Services/CommonService.cs:line 416\n   at OdinUiTests.Pages.ActivityCommonEditPage.<>c__DisplayClass108_0.<EditValueInVolumeField>b__0() in /azp/_work/2/s/Pages/ActivityCommonEditPage.cs:line 476\n   at Allure.Net.Commons.AllureApi.<>c__DisplayClass34_0.<Step>b__0()\n   at Allure.Net.Commons.AllureApi.ExecuteAction[T](String name, Action`1 start, Func`1 action, Action`1 resolve)\n   at Allure.Net.Commons.AllureApi.ExecuteStep[T](String name, Func`1 action)\n   at Allure.Net.Commons.AllureApi.Step(String name, Action action)\n   at OdinUiTests.Pages.ActivityCommonEditPage.EditValueInVolumeField(String volume) in /azp/_work/2/s/Pages/ActivityCommonEditPage.cs:line 474\n   at OdinUiTests.Tests.Activity.ActivityCommon.EditVolumeWithIncorrectValue(IWebDriver driver, Boolean isTemplate, String id, String volume) in /azp/_work/2/s/Tests/Activity/ActivityCommon.cs:line 588\n   at OdinUiTests.Tests.Activity.ActivityCommon.EditVolumeWithIncorrectValueInActivityPlan(IWebDriver driver, String contentId, String volume) in /azp/_work/2/s/Tests/Activity/ActivityCommon.cs:line 600\n   at OdinUiTests.Tests.Activity.TemplateEditingValidationTests.CheckEditActivityTemplateVolumeWithIncorrectValue(String volume) in /azp/_work/2/s/Tests/Activity/TemplateTests.cs:line 91\n   at System.RuntimeMethodHandle.InvokeMethod(Object target, Void** arguments, Signature sig, Boolean isConstructor)\n   at System.Reflection.MethodBaseInvoker.InvokeDirectByRefWithFewArgs(Object obj, Span`1 copyOfArgs, BindingFlags invokeAttr)"
      },
      "stage": "finished",
      "steps": [],
      "attachments": [],
      "parameters": [],
      "start": 1747651040597,
      "stop": 1747651072303
    }
  ],
  "attachments": [
    {
      "name": "CheckEditActivityTemplateVolumeWithIncorrectValue.jpg",
      "source": "42b42432-e62d-42bf-9df6-b68b9a4c8ac6-attachment.jpg",
      "type": "image/jpeg"
    },
    {
      "name": "Console Output",
      "source": "96dce380-4afb-4957-af80-ff06294ec459-attachment.txt",
      "type": "text/plain"
    }
  ],
  "parameters": [
    {
      "name": "volume",
      "value": "\"<0\"",
      "excluded": false
    }
  ],
  "start": 1747651034388,
  "stop": 1747651076014
}