{
  "uuid": "e98df89e-a7c8-46af-9e6a-bac41f9ffc81",
  "historyId": "bed498249ae8015fd3c79c1a88661eda",
  "testCaseId": "5ee1c8f1a13a3f7a4b8049169fea2649",
  "fullName": "OdinUiTests:OdinUiTests.Tests.StoсkMarket.StockMarketLotTests.CheckTransitionToPageOfPurchasedMaterial()",
  "labels": [
    {
      "name": "thread",
      "value": "NUnit.Fw.ParallelWorker#10"
    },
    {
      "name": "host",
      "value": "88ae6f5eb5ad"
    },
    {
      "name": "language",
      "value": "C#"
    },
    {
      "name": "framework",
      "value": "NUnit 3"
    },
    {
      "name": "package",
      "value": "OdinUiTests.Tests.StoсkMarket"
    },
    {
      "name": "testMethod",
      "value": "CheckTransitionToPageOfPurchasedMaterial"
    },
    {
      "name": "testClass",
      "value": "StockMarketLotTests"
    },
    {
      "name": "suite",
      "value": "Биржа"
    },
    {
      "name": "severity",
      "value": "minor"
    },
    {
      "name": "tag",
      "value": "Биржа"
    },
    {
      "name": "tag",
      "value": "Регресс"
    }
  ],
  "links": [],
  "name": "Страница лота: кнопка Страница материала работает для приобретённого лота",
  "status": "broken",
  "statusDetails": {
    "known": false,
    "muted": false,
    "flaky": false,
    "message": "System.Reflection.TargetInvocationException : Exception has been thrown by the target of an invocation.\n  ----> OpenQA.Selenium.WebDriverTimeoutException : Timed out after 30 seconds\n  ----> OpenQA.Selenium.NoSuchElementException : no such element: Unable to locate element: {\"method\":\"xpath\",\"selector\":\"//a[contains(text(),'Страница материала')]\"}\n  (Session info: chrome=140.0.7339.127); For documentation on this error, please visit: https://www.selenium.dev/documentation/webdriver/troubleshooting/errors#no-such-element-exception",
    "trace": "   at System.Reflection.MethodBaseInvoker.InvokeWithManyArgs(Object obj, BindingFlags invokeAttr, Binder binder, Object[] parameters, CultureInfo culture)\n   at Allure.Net.Commons.Steps.AllureStepAspectBase.Around(String name, Object[] args, Func`2 target, MethodBase metadata, Type returnType)\n   at OdinUiTests.Pages.StockMarketPage.__a$_around_ClickOnMaterialPageButton_100667142_w_0(Object[])\n   at OdinUiTests.Pages.StockMarketPage.ClickOnMaterialPageButton()\n   at OdinUiTests.Tests.StoсkMarket.StockMarketLotTests.CheckTransitionToPageOfPurchasedMaterial() in /azp/_work/1/s/Tests/StockMarket/StockMarketTests.cs:line 75\n   at System.RuntimeMethodHandle.InvokeMethod(Object target, Void** arguments, Signature sig, Boolean isConstructor)\n   at System.Reflection.MethodBaseInvoker.InvokeWithNoArgs(Object obj, BindingFlags invokeAttr)\n--WebDriverTimeoutException\n   at OpenQA.Selenium.Support.UI.DefaultWait`1.ThrowTimeoutException(String exceptionMessage, Exception lastException)\n   at OpenQA.Selenium.Support.UI.DefaultWait`1.Until[TResult](Func`2 condition, CancellationToken token)\n   at OpenQA.Selenium.Support.UI.DefaultWait`1.Until[TResult](Func`2 condition)\n   at OdinUiTests.Pages.StockMarketPage.__a$_around_ClickOnMaterialPageButton_100667142_o() in /azp/_work/1/s/Pages/StockMarketPage.cs:line 136\n   at OdinUiTests.Pages.StockMarketPage.__a$_around_ClickOnMaterialPageButton_100667142_u(Object[])\n   at Allure.Net.Commons.Steps.AllureAbstractStepAspect.WrapSync[T](Func`2 target, Object[] args, MethodBase metadata, String stepName, List`1 stepParameters)\n   at InvokeStub_AllureAbstractStepAspect.WrapSync(Object, Span`1)\n   at System.Reflection.MethodBaseInvoker.InvokeWithManyArgs(Object obj, BindingFlags invokeAttr, Binder binder, Object[] parameters, CultureInfo culture)\n--NoSuchElementException\n   at OpenQA.Selenium.WebDriver.UnpackAndThrowOnError(Response errorResponse, String commandToExecute)\n   at OpenQA.Selenium.WebDriver.ExecuteAsync(String driverCommandToExecute, Dictionary`2 parameters)\n   at SeleniumExtras.WaitHelpers.ExpectedConditions.<>c__DisplayClass19_0.<ElementToBeClickable>b__0(IWebDriver driver)\n   at OpenQA.Selenium.Support.UI.DefaultWait`1.Until[TResult](Func`2 condition, CancellationToken token)"
  },
  "stage": "finished",
  "steps": [
    {
      "name": "Открыть страницу лота",
      "status": "passed",
      "statusDetails": {
        "known": false,
        "muted": false,
        "flaky": false
      },
      "stage": "finished",
      "steps": [],
      "attachments": [],
      "parameters": [
        {
          "name": "lotId",
          "value": "\"16\"",
          "excluded": false
        }
      ],
      "start": 1758204507687,
      "stop": 1758204508232
    },
    {
      "name": "Нажать на кнопку 'Страница материала' на странице лота",
      "status": "broken",
      "statusDetails": {
        "known": false,
        "muted": false,
        "flaky": false,
        "message": "Timed out after 30 seconds",
        "trace": "OpenQA.Selenium.WebDriverTimeoutException: Timed out after 30 seconds\n ---> OpenQA.Selenium.NoSuchElementException: no such element: Unable to locate element: {\"method\":\"xpath\",\"selector\":\"//a[contains(text(),'Страница материала')]\"}\n  (Session info: chrome=140.0.7339.127); For documentation on this error, please visit: https://www.selenium.dev/documentation/webdriver/troubleshooting/errors#no-such-element-exception\n   at OpenQA.Selenium.WebDriver.UnpackAndThrowOnError(Response errorResponse, String commandToExecute)\n   at OpenQA.Selenium.WebDriver.ExecuteAsync(String driverCommandToExecute, Dictionary`2 parameters)\n   at SeleniumExtras.WaitHelpers.ExpectedConditions.<>c__DisplayClass19_0.<ElementToBeClickable>b__0(IWebDriver driver)\n   at OpenQA.Selenium.Support.UI.DefaultWait`1.Until[TResult](Func`2 condition, CancellationToken token)\n   --- End of inner exception stack trace ---\n   at OpenQA.Selenium.Support.UI.DefaultWait`1.ThrowTimeoutException(String exceptionMessage, Exception lastException)\n   at OpenQA.Selenium.Support.UI.DefaultWait`1.Until[TResult](Func`2 condition, CancellationToken token)\n   at OpenQA.Selenium.Support.UI.DefaultWait`1.Until[TResult](Func`2 condition)\n   at OdinUiTests.Pages.StockMarketPage.__a$_around_ClickOnMaterialPageButton_100667142_o() in /azp/_work/1/s/Pages/StockMarketPage.cs:line 136\n   at OdinUiTests.Pages.StockMarketPage.__a$_around_ClickOnMaterialPageButton_100667142_u(Object[])\n   at Allure.Net.Commons.Steps.AllureAbstractStepAspect.WrapSync[T](Func`2 target, Object[] args, MethodBase metadata, String stepName, List`1 stepParameters)"
      },
      "stage": "finished",
      "steps": [],
      "attachments": [],
      "parameters": [],
      "start": 1758204508232,
      "stop": 1758204538500
    }
  ],
  "attachments": [
    {
      "name": "CheckTransitionToPageOfPurchasedMaterial.jpg",
      "source": "e7bcae8a-fc1a-46e2-955c-0ff3c0280961-attachment.jpg",
      "type": "image/jpeg"
    },
    {
      "name": "Console Output",
      "source": "402948af-548d-4b18-8f1e-c8465c62cbe1-attachment.txt",
      "type": "text/plain"
    }
  ],
  "parameters": [],
  "start": 1758204507686,
  "stop": 1758204538659
}