{
  "uuid": "98f15c2d-b7b5-4ed7-b49f-de0cefa43989",
  "historyId": "c91c99b0f5c3c178017fe8013e47aabc",
  "testCaseId": "f155106b70b61337fb6e2ad4eec8f4d8",
  "fullName": "OdinUiTests:OdinUiTests.Tests.Activity.ActivityDurationTests.CheckEditActivityVolumeWithCorrectValues()",
  "labels": [
    {
      "name": "thread",
      "value": "NUnit.Fw.ParallelWorker#3"
    },
    {
      "name": "host",
      "value": "1984d4d086eb"
    },
    {
      "name": "language",
      "value": "C#"
    },
    {
      "name": "framework",
      "value": "NUnit 3"
    },
    {
      "name": "package",
      "value": "OdinUiTests.Tests.Activity"
    },
    {
      "name": "testMethod",
      "value": "CheckEditActivityVolumeWithCorrectValues"
    },
    {
      "name": "testClass",
      "value": "ActivityDurationTests"
    },
    {
      "name": "parentSuite",
      "value": "Активность"
    },
    {
      "name": "suite",
      "value": "Обычная активность"
    },
    {
      "name": "subSuite",
      "value": "Редактирование активности"
    },
    {
      "name": "severity",
      "value": "critical"
    },
    {
      "name": "tag",
      "value": "Активность"
    },
    {
      "name": "tag",
      "value": "Дежурство"
    },
    {
      "name": "tag",
      "value": "Регресс"
    }
  ],
  "links": [],
  "name": "Успешное сохранение при корректных значениях в поле Объем в академических часах",
  "status": "broken",
  "statusDetails": {
    "known": false,
    "muted": false,
    "flaky": false,
    "message": "System.Reflection.TargetInvocationException : Exception has been thrown by the target of an invocation.\n  ----> OpenQA.Selenium.WebDriverTimeoutException : Timed out after 30 seconds\n  ----> OpenQA.Selenium.NoSuchElementException : no such element: Unable to locate element: {\"method\":\"xpath\",\"selector\":\"//span[contains(text(),'Объем')]\"}\n  (Session info: chrome=140.0.7339.127); For documentation on this error, please visit: https://www.selenium.dev/documentation/webdriver/troubleshooting/errors#no-such-element-exception",
    "trace": "   at System.Reflection.MethodBaseInvoker.InvokeWithManyArgs(Object obj, BindingFlags invokeAttr, Binder binder, Object[] parameters, CultureInfo culture)\n   at Allure.Net.Commons.Steps.AllureStepAspectBase.Around(String name, Object[] args, Func`2 target, MethodBase metadata, Type returnType)\n   at OdinUiTests.Pages.ActivityCommonPage.__a$_around_CheckActivityVolumeIsChanged_100666138_w_0(Object[])\n   at OdinUiTests.Pages.ActivityCommonPage.CheckActivityVolumeIsChanged(String volume)\n   at OdinUiTests.Pages.ActivityCommonPage.CheckActivityVolumeIsChanged(String volume, Boolean isTemplate) in /azp/_work/1/s/Pages/ActivityCommonPage.cs:line 686\n   at OdinUiTests.Tests.Activity.ActivityCommon.EditVolume(IWebDriver driver, Boolean isTemplate, String id) in /azp/_work/1/s/Tests/Activity/ActivityCommon.cs:line 559\n   at OdinUiTests.Tests.Activity.ActivityCommon.EditActivityVolume(IWebDriver driver, String activityId) in /azp/_work/1/s/Tests/Activity/ActivityCommon.cs:line 568\n   at OdinUiTests.Tests.Activity.ActivityDurationTests.CheckEditActivityVolumeWithCorrectValues() in /azp/_work/1/s/Tests/Activity/ActivityTests.cs:line 555\n   at System.RuntimeMethodHandle.InvokeMethod(Object target, Void** arguments, Signature sig, Boolean isConstructor)\n   at System.Reflection.MethodBaseInvoker.InvokeWithNoArgs(Object obj, BindingFlags invokeAttr)\n--WebDriverTimeoutException\n   at OpenQA.Selenium.Support.UI.DefaultWait`1.ThrowTimeoutException(String exceptionMessage, Exception lastException)\n   at OpenQA.Selenium.Support.UI.DefaultWait`1.Until[TResult](Func`2 condition, CancellationToken token)\n   at OpenQA.Selenium.Support.UI.DefaultWait`1.Until[TResult](Func`2 condition)\n   at OdinUiTests.Pages.ActivityCommonPage.ActivityVolumeIsChanged(String volume, Boolean isTemplate) in /azp/_work/1/s/Pages/ActivityCommonPage.cs:line 666\n   at OdinUiTests.Pages.ActivityCommonPage.__a$_around_CheckActivityVolumeIsChanged_100666138_o(String volume) in /azp/_work/1/s/Pages/ActivityCommonPage.cs:line 675\n   at OdinUiTests.Pages.ActivityCommonPage.__a$_around_CheckActivityVolumeIsChanged_100666138_u(Object[])\n   at Allure.Net.Commons.Steps.AllureAbstractStepAspect.WrapSync[T](Func`2 target, Object[] args, MethodBase metadata, String stepName, List`1 stepParameters)\n   at InvokeStub_AllureAbstractStepAspect.WrapSync(Object, Span`1)\n   at System.Reflection.MethodBaseInvoker.InvokeWithManyArgs(Object obj, BindingFlags invokeAttr, Binder binder, Object[] parameters, CultureInfo culture)\n--NoSuchElementException\n   at OpenQA.Selenium.WebDriver.UnpackAndThrowOnError(Response errorResponse, String commandToExecute)\n   at OpenQA.Selenium.WebDriver.ExecuteAsync(String driverCommandToExecute, Dictionary`2 parameters)\n   at SeleniumExtras.WaitHelpers.ExpectedConditions.<>c__DisplayClass19_0.<ElementToBeClickable>b__0(IWebDriver driver)\n   at OpenQA.Selenium.Support.UI.DefaultWait`1.Until[TResult](Func`2 condition, CancellationToken token)"
  },
  "stage": "finished",
  "steps": [
    {
      "name": "Открыть страницу редактирования активности",
      "status": "passed",
      "statusDetails": {
        "known": false,
        "muted": false,
        "flaky": false
      },
      "stage": "finished",
      "steps": [
        {
          "name": "Открыть страницу редактирования активности",
          "status": "passed",
          "statusDetails": {
            "known": false,
            "muted": false,
            "flaky": false
          },
          "stage": "finished",
          "steps": [],
          "attachments": [],
          "parameters": [
            {
              "name": "activityId",
              "value": "\"377\"",
              "excluded": false
            }
          ],
          "start": 1758199719471,
          "stop": 1758199719968
        }
      ],
      "attachments": [],
      "parameters": [
        {
          "name": "isTemplate",
          "value": "false",
          "excluded": false
        },
        {
          "name": "id",
          "value": "\"377\"",
          "excluded": false
        }
      ],
      "start": 1758199719471,
      "stop": 1758199719968
    },
    {
      "name": "В поле 'Объем в академических часах' ввести значение 1.7",
      "status": "passed",
      "stage": "finished",
      "steps": [],
      "attachments": [],
      "parameters": [],
      "start": 1758199719968,
      "stop": 1758199729866
    },
    {
      "name": "Нажать на кнопку ‘Сохранить’",
      "status": "passed",
      "statusDetails": {
        "known": false,
        "muted": false,
        "flaky": false
      },
      "stage": "finished",
      "steps": [
        {
          "name": "Нажать на кнопку 'Сохранить' и подтвердить сохранение",
          "status": "passed",
          "statusDetails": {
            "known": false,
            "muted": false,
            "flaky": false
          },
          "stage": "finished",
          "steps": [],
          "attachments": [],
          "parameters": [],
          "start": 1758199729866,
          "stop": 1758199732873
        }
      ],
      "attachments": [],
      "parameters": [
        {
          "name": "isTemplate",
          "value": "false",
          "excluded": false
        }
      ],
      "start": 1758199729866,
      "stop": 1758199732873
    },
    {
      "name": "Проверка того, что объем активности был изменен",
      "status": "broken",
      "statusDetails": {
        "known": false,
        "muted": false,
        "flaky": false,
        "message": "Timed out after 30 seconds",
        "trace": "OpenQA.Selenium.WebDriverTimeoutException: Timed out after 30 seconds\n ---> OpenQA.Selenium.NoSuchElementException: no such element: Unable to locate element: {\"method\":\"xpath\",\"selector\":\"//span[contains(text(),'Объем')]\"}\n  (Session info: chrome=140.0.7339.127); For documentation on this error, please visit: https://www.selenium.dev/documentation/webdriver/troubleshooting/errors#no-such-element-exception\n   at OpenQA.Selenium.WebDriver.UnpackAndThrowOnError(Response errorResponse, String commandToExecute)\n   at OpenQA.Selenium.WebDriver.ExecuteAsync(String driverCommandToExecute, Dictionary`2 parameters)\n   at SeleniumExtras.WaitHelpers.ExpectedConditions.<>c__DisplayClass19_0.<ElementToBeClickable>b__0(IWebDriver driver)\n   at OpenQA.Selenium.Support.UI.DefaultWait`1.Until[TResult](Func`2 condition, CancellationToken token)\n   --- End of inner exception stack trace ---\n   at OpenQA.Selenium.Support.UI.DefaultWait`1.ThrowTimeoutException(String exceptionMessage, Exception lastException)\n   at OpenQA.Selenium.Support.UI.DefaultWait`1.Until[TResult](Func`2 condition, CancellationToken token)\n   at OpenQA.Selenium.Support.UI.DefaultWait`1.Until[TResult](Func`2 condition)\n   at OdinUiTests.Pages.ActivityCommonPage.ActivityVolumeIsChanged(String volume, Boolean isTemplate) in /azp/_work/1/s/Pages/ActivityCommonPage.cs:line 666\n   at OdinUiTests.Pages.ActivityCommonPage.__a$_around_CheckActivityVolumeIsChanged_100666138_o(String volume) in /azp/_work/1/s/Pages/ActivityCommonPage.cs:line 675\n   at OdinUiTests.Pages.ActivityCommonPage.__a$_around_CheckActivityVolumeIsChanged_100666138_u(Object[])\n   at Allure.Net.Commons.Steps.AllureAbstractStepAspect.WrapSync[T](Func`2 target, Object[] args, MethodBase metadata, String stepName, List`1 stepParameters)"
      },
      "stage": "finished",
      "steps": [],
      "attachments": [],
      "parameters": [
        {
          "name": "volume",
          "value": "\"1.7\"",
          "excluded": false
        }
      ],
      "start": 1758199732874,
      "stop": 1758199763167
    }
  ],
  "attachments": [
    {
      "name": "CheckEditActivityVolumeWithCorrectValues.jpg",
      "source": "07588d92-acd6-4bc6-9414-b5bbe7dd2be3-attachment.jpg",
      "type": "image/jpeg"
    },
    {
      "name": "Console Output",
      "source": "7196f8ef-3793-4053-be7a-d596056555c0-attachment.txt",
      "type": "text/plain"
    }
  ],
  "parameters": [],
  "start": 1758199719470,
  "stop": 1758199763575
}