{
  "uuid": "8b7bbda3-38ef-4a38-a658-bf553c7c4422",
  "historyId": "18c24dfb189c338955d74593ed47228d",
  "testCaseId": "93602123e0dce00ee49474ee34e16d5e",
  "fullName": "OdinUiTests:OdinUiTests.Tests.Discipline.DisciplineEditingValidationTests.CheckIfCreditNotFilled(System.String,System.String)",
  "labels": [
    {
      "name": "thread",
      "value": "NUnit.Fw.ParallelWorker#3"
    },
    {
      "name": "host",
      "value": "fc63fb75dbad"
    },
    {
      "name": "language",
      "value": "C#"
    },
    {
      "name": "framework",
      "value": "NUnit 3"
    },
    {
      "name": "package",
      "value": "OdinUiTests.Tests.Discipline"
    },
    {
      "name": "testMethod",
      "value": "CheckIfCreditNotFilled"
    },
    {
      "name": "testClass",
      "value": "DisciplineEditingValidationTests"
    },
    {
      "name": "suite",
      "value": "Дисциплина"
    },
    {
      "name": "subSuite",
      "value": "Редактирование дисциплины"
    },
    {
      "name": "severity",
      "value": "critical"
    },
    {
      "name": "tag",
      "value": "Дежурство"
    },
    {
      "name": "tag",
      "value": "Дисциплина"
    },
    {
      "name": "tag",
      "value": "Регресс"
    }
  ],
  "links": [],
  "name": "Отображение ошибки валидации для поля Кредиты с значением > 15 в дисциплине ДО",
  "status": "broken",
  "statusDetails": {
    "known": false,
    "muted": false,
    "flaky": false,
    "message": "System.Reflection.TargetInvocationException : Exception has been thrown by the target of an invocation.\n  ----> OpenQA.Selenium.WebDriverTimeoutException : Timed out after 30 seconds\n  ----> OpenQA.Selenium.NoSuchElementException : no such element: Unable to locate element: {\"method\":\"css selector\",\"selector\":\"[aria-label*='Кредиты']\"}\n  (Session info: chrome=132.0.6834.83); For documentation on this error, please visit: https://www.selenium.dev/documentation/webdriver/troubleshooting/errors#no-such-element-exception",
    "trace": "   at System.Reflection.MethodBaseInvoker.InvokeWithManyArgs(Object obj, BindingFlags invokeAttr, Binder binder, Object[] parameters, CultureInfo culture)\n   at Allure.Net.Commons.Steps.AllureStepAspectBase.Around(String name, Object[] args, Func`2 target, MethodBase metadata, Type returnType)\n   at OdinUiTests.Pages.DisCommonEditPage.__a$_around_SetCredit_100666597_w_0(Object[])\n   at OdinUiTests.Pages.DisCommonEditPage.SetCredit(String credit)\n   at OdinUiTests.Tests.Discipline.DisciplineEditingValidationTests.CheckIfCreditNotFilled(String value, String disId) in /azp/_work/2/s/Tests/Discipline/DisCreateEditTests.cs:line 706\n   at InvokeStub_DisciplineEditingValidationTests.CheckIfCreditNotFilled(Object, Span`1)\n   at System.Reflection.MethodBaseInvoker.InvokeWithFewArgs(Object obj, BindingFlags invokeAttr, Binder binder, Object[] parameters, CultureInfo culture)\n--WebDriverTimeoutException\n   at OpenQA.Selenium.Support.UI.DefaultWait`1.ThrowTimeoutException(String exceptionMessage, Exception lastException)\n   at OpenQA.Selenium.Support.UI.DefaultWait`1.Until[TResult](Func`2 condition, CancellationToken token)\n   at OpenQA.Selenium.Support.UI.DefaultWait`1.Until[TResult](Func`2 condition)\n   at OdinUiTests.Pages.DisCommonEditPage.__a$_around_SetCredit_100666597_o(String credit) in /azp/_work/2/s/Pages/DisCommonEditPage.cs:line 295\n   at OdinUiTests.Pages.DisCommonEditPage.__a$_around_SetCredit_100666597_u(Object[])\n   at Allure.Net.Commons.Steps.AllureAbstractStepAspect.WrapSync[T](Func`2 target, Object[] args, MethodBase metadata, String stepName, List`1 stepParameters)\n   at InvokeStub_AllureAbstractStepAspect.WrapSync(Object, Span`1)\n   at System.Reflection.MethodBaseInvoker.InvokeWithManyArgs(Object obj, BindingFlags invokeAttr, Binder binder, Object[] parameters, CultureInfo culture)\n--NoSuchElementException\n   at OpenQA.Selenium.WebDriver.UnpackAndThrowOnError(Response errorResponse, String commandToExecute)\n   at OpenQA.Selenium.WebDriver.ExecuteAsync(String driverCommandToExecute, Dictionary`2 parameters)\n   at SeleniumExtras.WaitHelpers.ExpectedConditions.<>c__DisplayClass19_0.<ElementToBeClickable>b__0(IWebDriver driver)\n   at OpenQA.Selenium.Support.UI.DefaultWait`1.Until[TResult](Func`2 condition, CancellationToken token)"
  },
  "stage": "finished",
  "steps": [
    {
      "name": "Открыть страницу редактирования дисциплины",
      "status": "passed",
      "statusDetails": {
        "known": false,
        "muted": false,
        "flaky": false
      },
      "stage": "finished",
      "steps": [],
      "attachments": [],
      "parameters": [
        {
          "name": "disciplineId",
          "value": "\"6543\"",
          "excluded": false
        }
      ],
      "start": 1747376362229,
      "stop": 1747376364327
    },
    {
      "name": "Ввести в поле Кредиты значение",
      "status": "broken",
      "statusDetails": {
        "known": false,
        "muted": false,
        "flaky": false,
        "message": "Timed out after 30 seconds",
        "trace": "OpenQA.Selenium.WebDriverTimeoutException: Timed out after 30 seconds\n ---> OpenQA.Selenium.NoSuchElementException: no such element: Unable to locate element: {\"method\":\"css selector\",\"selector\":\"[aria-label*='Кредиты']\"}\n  (Session info: chrome=132.0.6834.83); For documentation on this error, please visit: https://www.selenium.dev/documentation/webdriver/troubleshooting/errors#no-such-element-exception\n   at OpenQA.Selenium.WebDriver.UnpackAndThrowOnError(Response errorResponse, String commandToExecute)\n   at OpenQA.Selenium.WebDriver.ExecuteAsync(String driverCommandToExecute, Dictionary`2 parameters)\n   at SeleniumExtras.WaitHelpers.ExpectedConditions.<>c__DisplayClass19_0.<ElementToBeClickable>b__0(IWebDriver driver)\n   at OpenQA.Selenium.Support.UI.DefaultWait`1.Until[TResult](Func`2 condition, CancellationToken token)\n   --- End of inner exception stack trace ---\n   at OpenQA.Selenium.Support.UI.DefaultWait`1.ThrowTimeoutException(String exceptionMessage, Exception lastException)\n   at OpenQA.Selenium.Support.UI.DefaultWait`1.Until[TResult](Func`2 condition, CancellationToken token)\n   at OpenQA.Selenium.Support.UI.DefaultWait`1.Until[TResult](Func`2 condition)\n   at OdinUiTests.Pages.DisCommonEditPage.__a$_around_SetCredit_100666597_o(String credit) in /azp/_work/2/s/Pages/DisCommonEditPage.cs:line 295\n   at OdinUiTests.Pages.DisCommonEditPage.__a$_around_SetCredit_100666597_u(Object[])\n   at Allure.Net.Commons.Steps.AllureAbstractStepAspect.WrapSync[T](Func`2 target, Object[] args, MethodBase metadata, String stepName, List`1 stepParameters)"
      },
      "stage": "finished",
      "steps": [],
      "attachments": [],
      "parameters": [
        {
          "name": "credit",
          "value": "\"16\"",
          "excluded": false
        }
      ],
      "start": 1747376364327,
      "stop": 1747376394339
    }
  ],
  "attachments": [
    {
      "name": "CheckIfCreditNotFilled.jpg",
      "source": "cf439e97-d556-4fe1-8e7c-a6bcbfe1d210-attachment.jpg",
      "type": "image/jpeg"
    },
    {
      "name": "Console Output",
      "source": "63e95fe3-b55d-4ff3-a7dd-92e3263b7a51-attachment.txt",
      "type": "text/plain"
    }
  ],
  "parameters": [
    {
      "name": "value",
      "value": "\"16\"",
      "excluded": false
    },
    {
      "name": "disId",
      "value": "\"6543\"",
      "excluded": false
    }
  ],
  "start": 1747376362223,
  "stop": 1747376396633
}