{
  "uuid": "73123db4-3172-4715-b9f5-2ece6f2bbfd0",
  "historyId": "5348ad188d9ccb4faba078ec40e93747",
  "testCaseId": "3a153abe96c684dd3d45773bb9625285",
  "fullName": "OdinUiTests:OdinUiTests.Tests.Activity.TestTemplateEditingTests.CheckSuccessEditingTimeLimitWithCorrectValue()",
  "labels": [
    {
      "name": "thread",
      "value": "NUnit.Fw.ParallelWorker#5"
    },
    {
      "name": "host",
      "value": "85b1937d380d"
    },
    {
      "name": "language",
      "value": "C#"
    },
    {
      "name": "framework",
      "value": "NUnit 3"
    },
    {
      "name": "package",
      "value": "OdinUiTests.Tests.Activity"
    },
    {
      "name": "testMethod",
      "value": "CheckSuccessEditingTimeLimitWithCorrectValue"
    },
    {
      "name": "testClass",
      "value": "TestTemplateEditingTests"
    },
    {
      "name": "parentSuite",
      "value": "Активность"
    },
    {
      "name": "suite",
      "value": "Шаблон активности контрольной"
    },
    {
      "name": "subSuite",
      "value": "Редактирование шаблона контрольной"
    },
    {
      "name": "severity",
      "value": "normal"
    },
    {
      "name": "tag",
      "value": "Активность"
    },
    {
      "name": "tag",
      "value": "Дежурство"
    },
    {
      "name": "tag",
      "value": "Регресс"
    }
  ],
  "links": [],
  "name": "Успешное сохранение при корректных значениях в поле Временной лимит",
  "status": "broken",
  "statusDetails": {
    "known": false,
    "muted": false,
    "flaky": false,
    "message": "System.Reflection.TargetInvocationException : Exception has been thrown by the target of an invocation.\n  ----> OpenQA.Selenium.WebDriverTimeoutException : Timed out after 30 seconds\n  ----> OpenQA.Selenium.NoSuchElementException : no such element: Unable to locate element: {\"method\":\"xpath\",\"selector\":\"//*[contains(text(),'Редактировать')]\"}\n  (Session info: chrome=132.0.6834.83); For documentation on this error, please visit: https://www.selenium.dev/documentation/webdriver/troubleshooting/errors#no-such-element-exception",
    "trace": "   at System.Reflection.MethodBaseInvoker.InvokeWithManyArgs(Object obj, BindingFlags invokeAttr, Binder binder, Object[] parameters, CultureInfo culture)\n   at Allure.Net.Commons.Steps.AllureStepAspectBase.Around(String name, Object[] args, Func`2 target, MethodBase metadata, Type returnType)\n   at OdinUiTests.Pages.ActivityCommonPage.__a$_around_CheckTemplateTimeLimitIsChanged_100666133_w_0(Object[])\n   at OdinUiTests.Pages.ActivityCommonPage.CheckTemplateTimeLimitIsChanged(String timeLimit)\n   at OdinUiTests.Pages.ActivityCommonPage.CheckActivityTimeLimitIsChanged(String timeLimit, Boolean isTemplate) in /azp/_work/1/s/Pages/ActivityCommonPage.cs:line 912\n   at OdinUiTests.Tests.Activity.ActivityCommon.EditTimeLimitWithCorrectValue(IWebDriver driver, Boolean isTemplate, String id) in /azp/_work/1/s/Tests/Activity/ActivityCommon.cs:line 251\n   at OdinUiTests.Tests.Activity.ActivityCommon.EditTimeLimitWithCorrectValueInActivityPlan(IWebDriver driver, String contentId) in /azp/_work/1/s/Tests/Activity/ActivityCommon.cs:line 264\n   at OdinUiTests.Tests.Activity.TestTemplateEditingTests.CheckSuccessEditingTimeLimitWithCorrectValue() in /azp/_work/1/s/Tests/Activity/TestTemplateTests.cs:line 145\n   at System.RuntimeMethodHandle.InvokeMethod(Object target, Void** arguments, Signature sig, Boolean isConstructor)\n   at System.Reflection.MethodBaseInvoker.InvokeWithNoArgs(Object obj, BindingFlags invokeAttr)\n--WebDriverTimeoutException\n   at OpenQA.Selenium.Support.UI.DefaultWait`1.ThrowTimeoutException(String exceptionMessage, Exception lastException)\n   at OpenQA.Selenium.Support.UI.DefaultWait`1.Until[TResult](Func`2 condition, CancellationToken token)\n   at OpenQA.Selenium.Support.UI.DefaultWait`1.Until[TResult](Func`2 condition)\n   at OdinUiTests.Pages.ActivityCommonPage.ActivityTimeLimitIsChanged(String timeLimit) in /azp/_work/1/s/Pages/ActivityCommonPage.cs:line 874\n   at OdinUiTests.Pages.ActivityCommonPage.__a$_around_CheckTemplateTimeLimitIsChanged_100666133_o(String timeLimit) in /azp/_work/1/s/Pages/ActivityCommonPage.cs:line 907\n   at OdinUiTests.Pages.ActivityCommonPage.__a$_around_CheckTemplateTimeLimitIsChanged_100666133_u(Object[])\n   at Allure.Net.Commons.Steps.AllureAbstractStepAspect.WrapSync[T](Func`2 target, Object[] args, MethodBase metadata, String stepName, List`1 stepParameters)\n   at InvokeStub_AllureAbstractStepAspect.WrapSync(Object, Span`1)\n   at System.Reflection.MethodBaseInvoker.InvokeWithManyArgs(Object obj, BindingFlags invokeAttr, Binder binder, Object[] parameters, CultureInfo culture)\n--NoSuchElementException\n   at OpenQA.Selenium.WebDriver.UnpackAndThrowOnError(Response errorResponse, String commandToExecute)\n   at OpenQA.Selenium.WebDriver.ExecuteAsync(String driverCommandToExecute, Dictionary`2 parameters)\n   at SeleniumExtras.WaitHelpers.ExpectedConditions.<>c__DisplayClass19_0.<ElementToBeClickable>b__0(IWebDriver driver)\n   at OpenQA.Selenium.Support.UI.DefaultWait`1.Until[TResult](Func`2 condition, CancellationToken token)"
  },
  "stage": "finished",
  "steps": [
    {
      "name": "Открыть страницу редактирования активности",
      "status": "passed",
      "statusDetails": {
        "known": false,
        "muted": false,
        "flaky": false
      },
      "stage": "finished",
      "steps": [
        {
          "name": "Открыть страницу редактирования шаблона активности",
          "status": "passed",
          "statusDetails": {
            "known": false,
            "muted": false,
            "flaky": false
          },
          "stage": "finished",
          "steps": [],
          "attachments": [],
          "parameters": [
            {
              "name": "contentId",
              "value": "\"58205\"",
              "excluded": false
            }
          ],
          "start": 1747980931846,
          "stop": 1747980932178
        }
      ],
      "attachments": [],
      "parameters": [
        {
          "name": "isTemplate",
          "value": "true",
          "excluded": false
        },
        {
          "name": "id",
          "value": "\"58205\"",
          "excluded": false
        }
      ],
      "start": 1747980931846,
      "stop": 1747980932178
    },
    {
      "name": "В поле 'Временной лимит' ввести значение 132",
      "status": "passed",
      "stage": "finished",
      "steps": [],
      "attachments": [],
      "parameters": [],
      "start": 1747980932178,
      "stop": 1747980934088
    },
    {
      "name": "Нажать на кнопку ‘Сохранить’",
      "status": "passed",
      "statusDetails": {
        "known": false,
        "muted": false,
        "flaky": false
      },
      "stage": "finished",
      "steps": [
        {
          "name": "Нажать на кнопку 'Сохранить'",
          "status": "passed",
          "statusDetails": {
            "known": false,
            "muted": false,
            "flaky": false
          },
          "stage": "finished",
          "steps": [],
          "attachments": [],
          "parameters": [],
          "start": 1747980934088,
          "stop": 1747980934199
        }
      ],
      "attachments": [],
      "parameters": [
        {
          "name": "isTemplate",
          "value": "true",
          "excluded": false
        }
      ],
      "start": 1747980934088,
      "stop": 1747980934199
    },
    {
      "name": "Проверка того, что на странице шаблона активности сохранено значение временного лимита",
      "status": "broken",
      "statusDetails": {
        "known": false,
        "muted": false,
        "flaky": false,
        "message": "Timed out after 30 seconds",
        "trace": "OpenQA.Selenium.WebDriverTimeoutException: Timed out after 30 seconds\n ---> OpenQA.Selenium.NoSuchElementException: no such element: Unable to locate element: {\"method\":\"xpath\",\"selector\":\"//*[contains(text(),'Редактировать')]\"}\n  (Session info: chrome=132.0.6834.83); For documentation on this error, please visit: https://www.selenium.dev/documentation/webdriver/troubleshooting/errors#no-such-element-exception\n   at OpenQA.Selenium.WebDriver.UnpackAndThrowOnError(Response errorResponse, String commandToExecute)\n   at OpenQA.Selenium.WebDriver.ExecuteAsync(String driverCommandToExecute, Dictionary`2 parameters)\n   at SeleniumExtras.WaitHelpers.ExpectedConditions.<>c__DisplayClass19_0.<ElementToBeClickable>b__0(IWebDriver driver)\n   at OpenQA.Selenium.Support.UI.DefaultWait`1.Until[TResult](Func`2 condition, CancellationToken token)\n   --- End of inner exception stack trace ---\n   at OpenQA.Selenium.Support.UI.DefaultWait`1.ThrowTimeoutException(String exceptionMessage, Exception lastException)\n   at OpenQA.Selenium.Support.UI.DefaultWait`1.Until[TResult](Func`2 condition, CancellationToken token)\n   at OpenQA.Selenium.Support.UI.DefaultWait`1.Until[TResult](Func`2 condition)\n   at OdinUiTests.Pages.ActivityCommonPage.ActivityTimeLimitIsChanged(String timeLimit) in /azp/_work/1/s/Pages/ActivityCommonPage.cs:line 874\n   at OdinUiTests.Pages.ActivityCommonPage.__a$_around_CheckTemplateTimeLimitIsChanged_100666133_o(String timeLimit) in /azp/_work/1/s/Pages/ActivityCommonPage.cs:line 907\n   at OdinUiTests.Pages.ActivityCommonPage.__a$_around_CheckTemplateTimeLimitIsChanged_100666133_u(Object[])\n   at Allure.Net.Commons.Steps.AllureAbstractStepAspect.WrapSync[T](Func`2 target, Object[] args, MethodBase metadata, String stepName, List`1 stepParameters)"
      },
      "stage": "finished",
      "steps": [],
      "attachments": [],
      "parameters": [
        {
          "name": "timeLimit",
          "value": "\"132\"",
          "excluded": false
        }
      ],
      "start": 1747980934199,
      "stop": 1747980964436
    }
  ],
  "attachments": [
    {
      "name": "CheckSuccessEditingTimeLimitWithCorrectValue.jpg",
      "source": "c2d0f49b-2ce5-4aa6-a96a-376ed8b55f0e-attachment.jpg",
      "type": "image/jpeg"
    },
    {
      "name": "Console Output",
      "source": "2743923c-4493-48e0-ab95-4235412a3805-attachment.txt",
      "type": "text/plain"
    }
  ],
  "parameters": [],
  "start": 1747980931846,
  "stop": 1747980964978
}