{
  "uuid": "514d1915-d40d-4318-9a61-cc940f1735ca",
  "historyId": "cfa63a4bbf9f0acd89c43b29a8158757",
  "testCaseId": "6d45303bac6182dfe21a5c2f22f3d962",
  "fullName": "OdinUiTests:OdinUiTests.Tests.Chat.GroupMiniChatMessageTests.CheckEditLastMessageInGroupMiniChat()",
  "labels": [
    {
      "name": "thread",
      "value": "ParallelWorker#5"
    },
    {
      "name": "host",
      "value": "ec99a0e3a289"
    },
    {
      "name": "language",
      "value": "C#"
    },
    {
      "name": "framework",
      "value": "NUnit 3"
    },
    {
      "name": "package",
      "value": "OdinUiTests.Tests.Chat"
    },
    {
      "name": "testMethod",
      "value": "CheckEditLastMessageInGroupMiniChat"
    },
    {
      "name": "testClass",
      "value": "GroupMiniChatMessageTests"
    },
    {
      "name": "suite",
      "value": "Чат"
    },
    {
      "name": "subSuite",
      "value": "Миничат группового чата"
    },
    {
      "name": "severity",
      "value": "critical"
    },
    {
      "name": "tag",
      "value": "Чат"
    },
    {
      "name": "tag",
      "value": "Регресс"
    }
  ],
  "links": [],
  "name": "Можно редактировать сообщение в течение 4 часов после отправки в миничате группового чата",
  "status": "broken",
  "statusDetails": {
    "known": false,
    "muted": false,
    "flaky": false,
    "message": "OpenQA.Selenium.WebDriverTimeoutException : Timed out after 30 seconds\n  ----> OpenQA.Selenium.NoSuchElementException : no such element: Unable to locate element: {\"method\":\"css selector\",\"selector\":\".q\\-editor__content\"}\n  (Session info: chrome-headless-shell=126.0.6478.126); For documentation on this error, please visit: https://www.selenium.dev/documentation/webdriver/troubleshooting/errors#no-such-element-exception",
    "trace": "   at OpenQA.Selenium.Support.UI.DefaultWait`1.ThrowTimeoutException(String exceptionMessage, Exception lastException)\n   at OpenQA.Selenium.Support.UI.DefaultWait`1.Until[TResult](Func`2 condition, CancellationToken token)\n   at OpenQA.Selenium.Support.UI.DefaultWait`1.Until[TResult](Func`2 condition)\n   at OdinUiTests.Pages.ChatCommonPage.WaitIfChatHasSomeMessage(String needToCheck, Boolean needToSendMessage) in /azp/_work/1/s/Pages/ChatCommonPage.cs:line 1090\n   at OdinUiTests.Pages.ChatCommonPage.WaitIfChatHasSomeMessage(Boolean needToSendMessage) in /azp/_work/1/s/Pages/ChatCommonPage.cs:line 1116\n   at OdinUiTests.Pages.ChatCommonPage.OpenChatPageOrRefreshPage(Boolean isMinichat, String chatId) in /azp/_work/1/s/Pages/ChatCommonPage.cs:line 1133\n   at OdinUiTests.Pages.ChatCommonPage.MessageIsSent(String message, Boolean isMinichat, String chatId) in /azp/_work/1/s/Pages/ChatCommonPage.cs:line 1233\n   at OdinUiTests.Pages.ChatCommonPage.__a$_around_CheckLastMessageIsEdited_100666333_o(Boolean isMinichat, String chatId, String randomText) in /azp/_work/1/s/Pages/ChatCommonPage.cs:line 1255\n   at OdinUiTests.Pages.ChatCommonPage.__a$_around_CheckLastMessageIsEdited_100666333_u(Object[])\n   at Allure.Net.Commons.Steps.AllureAbstractStepAspect.WrapSync[T](Func`2 target, Object[] args, MethodBase metadata, String stepName, List`1 stepParameters)\n   at InvokeStub_AllureAbstractStepAspect.WrapSync(Object, Span`1)\n   at System.Reflection.MethodBaseInvoker.InvokeWithManyArgs(Object obj, BindingFlags invokeAttr, Binder binder, Object[] parameters, CultureInfo culture)\n--NoSuchElementException\n   at OpenQA.Selenium.WebDriver.UnpackAndThrowOnError(Response errorResponse, String commandToExecute)\n   at OpenQA.Selenium.WebDriver.ExecuteAsync(String driverCommandToExecute, Dictionary`2 parameters)\n   at SeleniumExtras.WaitHelpers.ExpectedConditions.<>c__DisplayClass19_0.<ElementToBeClickable>b__0(IWebDriver driver)\n   at OpenQA.Selenium.Support.UI.DefaultWait`1.Until[TResult](Func`2 condition, CancellationToken token)"
  },
  "stage": "finished",
  "steps": [
    {
      "name": "Открыть страницу Дашборда",
      "status": "passed",
      "statusDetails": {
        "known": false,
        "muted": false,
        "flaky": false
      },
      "stage": "finished",
      "steps": [],
      "attachments": [],
      "parameters": [],
      "start": 1737110409838,
      "stop": 1737110410954
    },
    {
      "name": "Нажать на кнопку 'Чат' для открытия миничата, если миничат еще не открыт",
      "status": "passed",
      "statusDetails": {
        "known": false,
        "muted": false,
        "flaky": false
      },
      "stage": "finished",
      "steps": [],
      "attachments": [],
      "parameters": [],
      "start": 1737110410954,
      "stop": 1737110414755
    },
    {
      "name": "В панели чатов найти чат по названию и открыть его",
      "status": "passed",
      "statusDetails": {
        "known": false,
        "muted": false,
        "flaky": false
      },
      "stage": "finished",
      "steps": [],
      "attachments": [],
      "parameters": [
        {
          "name": "chatName",
          "value": "\"Новый чат\"",
          "excluded": false
        }
      ],
      "start": 1737110414755,
      "stop": 1737110419044
    },
    {
      "name": "Выбрать сообщение для редактирования",
      "status": "passed",
      "statusDetails": {
        "known": false,
        "muted": false,
        "flaky": false
      },
      "stage": "finished",
      "steps": [],
      "attachments": [],
      "parameters": [],
      "start": 1737110419045,
      "stop": 1737110422444
    },
    {
      "name": "В меню над сообщением нажать на троеточие",
      "status": "passed",
      "statusDetails": {
        "known": false,
        "muted": false,
        "flaky": false
      },
      "stage": "finished",
      "steps": [],
      "attachments": [],
      "parameters": [],
      "start": 1737110422444,
      "stop": 1737110422758
    },
    {
      "name": "Выбрать пункт меню - 'Редактировать'",
      "status": "passed",
      "statusDetails": {
        "known": false,
        "muted": false,
        "flaky": false
      },
      "stage": "finished",
      "steps": [],
      "attachments": [],
      "parameters": [],
      "start": 1737110422758,
      "stop": 1737110423544
    },
    {
      "name": "В строке редактирования сообщения изменить текст сообщения",
      "status": "passed",
      "statusDetails": {
        "known": false,
        "muted": false,
        "flaky": false
      },
      "stage": "finished",
      "steps": [],
      "attachments": [],
      "parameters": [
        {
          "name": "randomText",
          "value": "\"F71CF9F0937F1B6\"",
          "excluded": false
        }
      ],
      "start": 1737110423544,
      "stop": 1737110429443
    },
    {
      "name": "Нажать на галочку",
      "status": "passed",
      "statusDetails": {
        "known": false,
        "muted": false,
        "flaky": false
      },
      "stage": "finished",
      "steps": [],
      "attachments": [],
      "parameters": [],
      "start": 1737110429443,
      "stop": 1737110430056
    },
    {
      "name": "Проверка того, что сообщение было отредактировано",
      "status": "broken",
      "statusDetails": {
        "known": false,
        "muted": false,
        "flaky": false,
        "message": "Timed out after 30 seconds",
        "trace": "OpenQA.Selenium.WebDriverTimeoutException: Timed out after 30 seconds\n ---> OpenQA.Selenium.NoSuchElementException: no such element: Unable to locate element: {\"method\":\"css selector\",\"selector\":\".q\\-editor__content\"}\n  (Session info: chrome-headless-shell=126.0.6478.126); For documentation on this error, please visit: https://www.selenium.dev/documentation/webdriver/troubleshooting/errors#no-such-element-exception\n   at OpenQA.Selenium.WebDriver.UnpackAndThrowOnError(Response errorResponse, String commandToExecute)\n   at OpenQA.Selenium.WebDriver.ExecuteAsync(String driverCommandToExecute, Dictionary`2 parameters)\n   at SeleniumExtras.WaitHelpers.ExpectedConditions.<>c__DisplayClass19_0.<ElementToBeClickable>b__0(IWebDriver driver)\n   at OpenQA.Selenium.Support.UI.DefaultWait`1.Until[TResult](Func`2 condition, CancellationToken token)\n   --- End of inner exception stack trace ---\n   at OpenQA.Selenium.Support.UI.DefaultWait`1.ThrowTimeoutException(String exceptionMessage, Exception lastException)\n   at OpenQA.Selenium.Support.UI.DefaultWait`1.Until[TResult](Func`2 condition, CancellationToken token)\n   at OpenQA.Selenium.Support.UI.DefaultWait`1.Until[TResult](Func`2 condition)\n   at OdinUiTests.Pages.ChatCommonPage.WaitIfChatHasSomeMessage(String needToCheck, Boolean needToSendMessage) in /azp/_work/1/s/Pages/ChatCommonPage.cs:line 1090\n   at OdinUiTests.Pages.ChatCommonPage.WaitIfChatHasSomeMessage(Boolean needToSendMessage) in /azp/_work/1/s/Pages/ChatCommonPage.cs:line 1116\n   at OdinUiTests.Pages.ChatCommonPage.OpenChatPageOrRefreshPage(Boolean isMinichat, String chatId) in /azp/_work/1/s/Pages/ChatCommonPage.cs:line 1133\n   at OdinUiTests.Pages.ChatCommonPage.MessageIsSent(String message, Boolean isMinichat, String chatId) in /azp/_work/1/s/Pages/ChatCommonPage.cs:line 1233\n   at OdinUiTests.Pages.ChatCommonPage.__a$_around_CheckLastMessageIsEdited_100666333_o(Boolean isMinichat, String chatId, String randomText) in /azp/_work/1/s/Pages/ChatCommonPage.cs:line 1255\n   at OdinUiTests.Pages.ChatCommonPage.__a$_around_CheckLastMessageIsEdited_100666333_u(Object[])\n   at Allure.Net.Commons.Steps.AllureAbstractStepAspect.WrapSync[T](Func`2 target, Object[] args, MethodBase metadata, String stepName, List`1 stepParameters)"
      },
      "stage": "finished",
      "steps": [],
      "attachments": [],
      "parameters": [
        {
          "name": "isMinichat",
          "value": "true",
          "excluded": false
        },
        {
          "name": "chatId",
          "value": "\"141570\"",
          "excluded": false
        },
        {
          "name": "randomText",
          "value": "\"F71CF9F0937F1B6\"",
          "excluded": false
        }
      ],
      "start": 1737110430056,
      "stop": 1737110468043
    }
  ],
  "attachments": [
    {
      "name": "CheckEditLastMessageInGroupMiniChat.jpg",
      "source": "9c92a445-3c30-4c64-824b-b5a544cea382-attachment.jpg",
      "type": "image/jpeg"
    },
    {
      "name": "Console Output",
      "source": "4b95adf5-6631-4120-8a71-2fd15a3279a6-attachment.txt",
      "type": "text/plain"
    }
  ],
  "parameters": [],
  "start": 1737110409838,
  "stop": 1737110468946
}