{
  "uuid": "cd01b96d-98ae-4509-9abe-47dfb8f7fad1",
  "historyId": "6eff621ddbbe70fcd3198edf038ae63b",
  "testCaseId": "12c5b2b911adae91e83a1d69eb8a958f",
  "fullName": "OdinUiTests:OdinUiTests.Tests.Activity.TaskWithoutSolutionStudentTests.CheckAccessFormWithoutSolutionForNewActivity()",
  "labels": [
    {
      "name": "thread",
      "value": "NUnit.Fw.ParallelWorker#10"
    },
    {
      "name": "host",
      "value": "4c9adf7142f6"
    },
    {
      "name": "language",
      "value": "C#"
    },
    {
      "name": "framework",
      "value": "NUnit 3"
    },
    {
      "name": "package",
      "value": "OdinUiTests.Tests.Activity"
    },
    {
      "name": "testMethod",
      "value": "CheckAccessFormWithoutSolutionForNewActivity"
    },
    {
      "name": "testClass",
      "value": "TaskWithoutSolutionStudentTests"
    },
    {
      "name": "parentSuite",
      "value": "Активность"
    },
    {
      "name": "suite",
      "value": "Задание"
    },
    {
      "name": "subSuite",
      "value": "Страница решения задания для студента"
    },
    {
      "name": "severity",
      "value": "critical"
    },
    {
      "name": "tag",
      "value": "Активность"
    },
    {
      "name": "tag",
      "value": "Дежурство"
    },
    {
      "name": "tag",
      "value": "Регресс"
    }
  ],
  "links": [],
  "name": "Отправка решений после даты окончания активности у новой активность",
  "status": "broken",
  "statusDetails": {
    "known": false,
    "muted": false,
    "flaky": false,
    "message": "System.Reflection.TargetInvocationException : Exception has been thrown by the target of an invocation.\n  ----> OpenQA.Selenium.WebDriverTimeoutException : Timed out after 30 seconds\n  ----> OpenQA.Selenium.NoSuchElementException : no such element: Unable to locate element: {\"method\":\"xpath\",\"selector\":\"(//iframe)[1]\"}\n  (Session info: chrome=140.0.7339.127); For documentation on this error, please visit: https://www.selenium.dev/documentation/webdriver/troubleshooting/errors#no-such-element-exception",
    "trace": "   at System.Reflection.MethodBaseInvoker.InvokeWithManyArgs(Object obj, BindingFlags invokeAttr, Binder binder, Object[] parameters, CultureInfo culture)\n   at Allure.Net.Commons.Steps.AllureStepAspectBase.Around(String name, Object[] args, Func`2 target, MethodBase metadata, Type returnType)\n   at OdinUiTests.Pages.ActivitySolutionPage.__a$_around_EditValueInTextAnswerField_100666221_w_0(Object[])\n   at OdinUiTests.Pages.ActivitySolutionPage.EditValueInTextAnswerField(String text)\n   at OdinUiTests.Tests.Activity.TaskWithoutSolutionStudentTests.CheckAccessFormWithoutSolutionForNewActivity() in /azp/_work/2/s/Tests/Activity/TaskActivityTests.cs:line 75\n   at System.RuntimeMethodHandle.InvokeMethod(Object target, Void** arguments, Signature sig, Boolean isConstructor)\n   at System.Reflection.MethodBaseInvoker.InvokeWithNoArgs(Object obj, BindingFlags invokeAttr)\n--WebDriverTimeoutException\n   at OpenQA.Selenium.Support.UI.DefaultWait`1.ThrowTimeoutException(String exceptionMessage, Exception lastException)\n   at OpenQA.Selenium.Support.UI.DefaultWait`1.Until[TResult](Func`2 condition, CancellationToken token)\n   at OpenQA.Selenium.Support.UI.DefaultWait`1.Until[TResult](Func`2 condition)\n   at OdinUiTests.Services.CommonService.SetTextInTinymceEditorField(IWebDriver driver, String text) in /azp/_work/2/s/Services/CommonService.cs:line 408\n   at OdinUiTests.Pages.ActivitySolutionPage.__a$_around_EditValueInTextAnswerField_100666221_o(String text) in /azp/_work/2/s/Pages/ActivitySolutionPage.cs:line 144\n   at OdinUiTests.Pages.ActivitySolutionPage.__a$_around_EditValueInTextAnswerField_100666221_u(Object[])\n   at Allure.Net.Commons.Steps.AllureAbstractStepAspect.WrapSync[T](Func`2 target, Object[] args, MethodBase metadata, String stepName, List`1 stepParameters)\n   at InvokeStub_AllureAbstractStepAspect.WrapSync(Object, Span`1)\n   at System.Reflection.MethodBaseInvoker.InvokeWithManyArgs(Object obj, BindingFlags invokeAttr, Binder binder, Object[] parameters, CultureInfo culture)\n--NoSuchElementException\n   at OpenQA.Selenium.WebDriver.UnpackAndThrowOnError(Response errorResponse, String commandToExecute)\n   at OpenQA.Selenium.WebDriver.ExecuteAsync(String driverCommandToExecute, Dictionary`2 parameters)\n   at OpenQA.Selenium.WebDriver.Execute(String driverCommandToExecute, Dictionary`2 parameters)\n   at OpenQA.Selenium.WebDriver.FindElement(String mechanism, String value)\n   at SeleniumExtras.WaitHelpers.ExpectedConditions.<>c__DisplayClass16_0.<FrameToBeAvailableAndSwitchToIt>b__0(IWebDriver driver)\n   at OpenQA.Selenium.Support.UI.DefaultWait`1.Until[TResult](Func`2 condition, CancellationToken token)"
  },
  "stage": "finished",
  "steps": [
    {
      "name": "Открыть страницу активности",
      "status": "passed",
      "statusDetails": {
        "known": false,
        "muted": false,
        "flaky": false
      },
      "stage": "finished",
      "steps": [],
      "attachments": [],
      "parameters": [
        {
          "name": "activityId",
          "value": "\"1968771\"",
          "excluded": false
        }
      ],
      "start": 1759473205285,
      "stop": 1759473206898
    },
    {
      "name": "Нажать на кнопку 'Отправить решение'",
      "status": "passed",
      "statusDetails": {
        "known": false,
        "muted": false,
        "flaky": false
      },
      "stage": "finished",
      "steps": [],
      "attachments": [],
      "parameters": [],
      "start": 1759473206898,
      "stop": 1759473212509
    },
    {
      "name": "Редактировать текст решение",
      "status": "broken",
      "statusDetails": {
        "known": false,
        "muted": false,
        "flaky": false,
        "message": "Timed out after 30 seconds",
        "trace": "OpenQA.Selenium.WebDriverTimeoutException: Timed out after 30 seconds\n ---> OpenQA.Selenium.NoSuchElementException: no such element: Unable to locate element: {\"method\":\"xpath\",\"selector\":\"(//iframe)[1]\"}\n  (Session info: chrome=140.0.7339.127); For documentation on this error, please visit: https://www.selenium.dev/documentation/webdriver/troubleshooting/errors#no-such-element-exception\n   at OpenQA.Selenium.WebDriver.UnpackAndThrowOnError(Response errorResponse, String commandToExecute)\n   at OpenQA.Selenium.WebDriver.ExecuteAsync(String driverCommandToExecute, Dictionary`2 parameters)\n   at OpenQA.Selenium.WebDriver.Execute(String driverCommandToExecute, Dictionary`2 parameters)\n   at OpenQA.Selenium.WebDriver.FindElement(String mechanism, String value)\n   at SeleniumExtras.WaitHelpers.ExpectedConditions.<>c__DisplayClass16_0.<FrameToBeAvailableAndSwitchToIt>b__0(IWebDriver driver)\n   at OpenQA.Selenium.Support.UI.DefaultWait`1.Until[TResult](Func`2 condition, CancellationToken token)\n   --- End of inner exception stack trace ---\n   at OpenQA.Selenium.Support.UI.DefaultWait`1.ThrowTimeoutException(String exceptionMessage, Exception lastException)\n   at OpenQA.Selenium.Support.UI.DefaultWait`1.Until[TResult](Func`2 condition, CancellationToken token)\n   at OpenQA.Selenium.Support.UI.DefaultWait`1.Until[TResult](Func`2 condition)\n   at OdinUiTests.Services.CommonService.SetTextInTinymceEditorField(IWebDriver driver, String text) in /azp/_work/2/s/Services/CommonService.cs:line 408\n   at OdinUiTests.Pages.ActivitySolutionPage.__a$_around_EditValueInTextAnswerField_100666221_o(String text) in /azp/_work/2/s/Pages/ActivitySolutionPage.cs:line 144\n   at OdinUiTests.Pages.ActivitySolutionPage.__a$_around_EditValueInTextAnswerField_100666221_u(Object[])\n   at Allure.Net.Commons.Steps.AllureAbstractStepAspect.WrapSync[T](Func`2 target, Object[] args, MethodBase metadata, String stepName, List`1 stepParameters)"
      },
      "stage": "finished",
      "steps": [],
      "attachments": [],
      "parameters": [
        {
          "name": "text",
          "value": "\"AA00AD0906FF1F1\"",
          "excluded": false
        }
      ],
      "start": 1759473212509,
      "stop": 1759473245397
    }
  ],
  "attachments": [
    {
      "name": "CheckAccessFormWithoutSolutionForNewActivity.jpg",
      "source": "8552f257-1c69-4ee7-b4e1-5b165a8ca3cf-attachment.jpg",
      "type": "image/jpeg"
    },
    {
      "name": "Console Output",
      "source": "3ccad7f9-8ef6-4fd9-993e-dfe9ac19133d-attachment.txt",
      "type": "text/plain"
    }
  ],
  "parameters": [],
  "start": 1759473203598,
  "stop": 1759473246389
}