{
  "uuid": "69f5ef79-780a-43a9-8fd5-11da199678b5",
  "historyId": "30c9c2d7a0c12e0637cc954ed81fd055",
  "testCaseId": "47c2af54b119c43bb9445d75de4885d9",
  "fullName": "OdinUiTests:OdinUiTests.Tests.Organization.MyPlanOrganizationPageTests.CheckClickOnLinkActivyUsers()",
  "labels": [
    {
      "name": "thread",
      "value": "NUnit.Fw.ParallelWorker#2"
    },
    {
      "name": "host",
      "value": "f536080668a1"
    },
    {
      "name": "language",
      "value": "C#"
    },
    {
      "name": "framework",
      "value": "NUnit 3"
    },
    {
      "name": "package",
      "value": "OdinUiTests.Tests.Organization"
    },
    {
      "name": "testMethod",
      "value": "CheckClickOnLinkActivyUsers"
    },
    {
      "name": "testClass",
      "value": "MyPlanOrganizationPageTests"
    },
    {
      "name": "suite",
      "value": "Организация"
    },
    {
      "name": "subSuite",
      "value": "Мой тариф"
    },
    {
      "name": "severity",
      "value": "minor"
    },
    {
      "name": "tag",
      "value": "Организация"
    },
    {
      "name": "tag",
      "value": "Дежурство"
    },
    {
      "name": "tag",
      "value": "Регресс"
    }
  ],
  "links": [],
  "name": "Проверка перехода в профиль пользователя из таблицы активных пользователей",
  "status": "broken",
  "statusDetails": {
    "known": false,
    "muted": false,
    "flaky": false,
    "message": "System.Reflection.TargetInvocationException : Exception has been thrown by the target of an invocation.\n  ----> OpenQA.Selenium.WebDriverTimeoutException : Timed out after 15 seconds\n  ----> OpenQA.Selenium.NoSuchElementException : no such element: Unable to locate element: {\"method\":\"css selector\",\"selector\":\"[class*='user-profile_title']\"}\n  (Session info: chrome=140.0.7339.127); For documentation on this error, please visit: https://www.selenium.dev/documentation/webdriver/troubleshooting/errors#no-such-element-exception",
    "trace": "   at System.Reflection.MethodBaseInvoker.InvokeWithManyArgs(Object obj, BindingFlags invokeAttr, Binder binder, Object[] parameters, CultureInfo culture)\n   at Allure.Net.Commons.Steps.AllureStepAspectBase.Around(String name, Object[] args, Func`2 target, MethodBase metadata, Type returnType)\n   at OdinUiTests.Pages.UserProfilePage.__a$_around_CheckUserProfilePageIsOpen_100667314_w_0(Object[])\n   at OdinUiTests.Pages.UserProfilePage.CheckUserProfilePageIsOpen(String nameOfUser)\n   at OdinUiTests.Tests.Organization.MyPlanOrganizationPageTests.CheckClickOnLinkActivyUsers() in /azp/_work/1/s/Tests/Organization/OrganizationTests.cs:line 345\n   at System.RuntimeMethodHandle.InvokeMethod(Object target, Void** arguments, Signature sig, Boolean isConstructor)\n   at System.Reflection.MethodBaseInvoker.InvokeWithNoArgs(Object obj, BindingFlags invokeAttr)\n--WebDriverTimeoutException\n   at OpenQA.Selenium.Support.UI.DefaultWait`1.ThrowTimeoutException(String exceptionMessage, Exception lastException)\n   at OpenQA.Selenium.Support.UI.DefaultWait`1.Until[TResult](Func`2 condition, CancellationToken token)\n   at OpenQA.Selenium.Support.UI.DefaultWait`1.Until[TResult](Func`2 condition)\n   at OdinUiTests.Services.CommonService.WaitAndFind(IWebDriver driver, By selector, Int32 timeoutSeconds) in /azp/_work/1/s/Services/CommonService.cs:line 840\n   at OdinUiTests.Pages.UserProfilePage.__a$_around_CheckUserProfilePageIsOpen_100667314_o(String nameOfUser) in /azp/_work/1/s/Pages/UserProfilePage.cs:line 480\n   at OdinUiTests.Pages.UserProfilePage.__a$_around_CheckUserProfilePageIsOpen_100667314_u(Object[])\n   at Allure.Net.Commons.Steps.AllureAbstractStepAspect.WrapSync[T](Func`2 target, Object[] args, MethodBase metadata, String stepName, List`1 stepParameters)\n   at InvokeStub_AllureAbstractStepAspect.WrapSync(Object, Span`1)\n   at System.Reflection.MethodBaseInvoker.InvokeWithManyArgs(Object obj, BindingFlags invokeAttr, Binder binder, Object[] parameters, CultureInfo culture)\n--NoSuchElementException\n   at OpenQA.Selenium.WebDriver.UnpackAndThrowOnError(Response errorResponse, String commandToExecute)\n   at OpenQA.Selenium.WebDriver.ExecuteAsync(String driverCommandToExecute, Dictionary`2 parameters)\n   at SeleniumExtras.WaitHelpers.ExpectedConditions.<>c__DisplayClass19_0.<ElementToBeClickable>b__0(IWebDriver driver)\n   at OpenQA.Selenium.Support.UI.DefaultWait`1.Until[TResult](Func`2 condition, CancellationToken token)"
  },
  "stage": "finished",
  "steps": [
    {
      "name": "Открыть страницу 'Мой тариф'",
      "status": "passed",
      "statusDetails": {
        "known": false,
        "muted": false,
        "flaky": false
      },
      "stage": "finished",
      "steps": [],
      "attachments": [],
      "parameters": [
        {
          "name": "id",
          "value": "\"41\"",
          "excluded": false
        }
      ],
      "start": 1761534191079,
      "stop": 1761534192208
    },
    {
      "name": "Нажать на цифру, обозначающую активных пользователей",
      "status": "passed",
      "statusDetails": {
        "known": false,
        "muted": false,
        "flaky": false
      },
      "stage": "finished",
      "steps": [],
      "attachments": [],
      "parameters": [],
      "start": 1761534192208,
      "stop": 1761534200401
    },
    {
      "name": "Нажать на имя рандомного пользователя из таблицы активных пользователей",
      "status": "passed",
      "statusDetails": {
        "known": false,
        "muted": false,
        "flaky": false
      },
      "stage": "finished",
      "steps": [],
      "attachments": [],
      "parameters": [],
      "start": 1761534200401,
      "stop": 1761534203012
    },
    {
      "name": "Проверка открытия профиля пользователя",
      "status": "broken",
      "statusDetails": {
        "known": false,
        "muted": false,
        "flaky": false,
        "message": "Timed out after 15 seconds",
        "trace": "OpenQA.Selenium.WebDriverTimeoutException: Timed out after 15 seconds\n ---> OpenQA.Selenium.NoSuchElementException: no such element: Unable to locate element: {\"method\":\"css selector\",\"selector\":\"[class*='user-profile_title']\"}\n  (Session info: chrome=140.0.7339.127); For documentation on this error, please visit: https://www.selenium.dev/documentation/webdriver/troubleshooting/errors#no-such-element-exception\n   at OpenQA.Selenium.WebDriver.UnpackAndThrowOnError(Response errorResponse, String commandToExecute)\n   at OpenQA.Selenium.WebDriver.ExecuteAsync(String driverCommandToExecute, Dictionary`2 parameters)\n   at SeleniumExtras.WaitHelpers.ExpectedConditions.<>c__DisplayClass19_0.<ElementToBeClickable>b__0(IWebDriver driver)\n   at OpenQA.Selenium.Support.UI.DefaultWait`1.Until[TResult](Func`2 condition, CancellationToken token)\n   --- End of inner exception stack trace ---\n   at OpenQA.Selenium.Support.UI.DefaultWait`1.ThrowTimeoutException(String exceptionMessage, Exception lastException)\n   at OpenQA.Selenium.Support.UI.DefaultWait`1.Until[TResult](Func`2 condition, CancellationToken token)\n   at OpenQA.Selenium.Support.UI.DefaultWait`1.Until[TResult](Func`2 condition)\n   at OdinUiTests.Services.CommonService.WaitAndFind(IWebDriver driver, By selector, Int32 timeoutSeconds) in /azp/_work/1/s/Services/CommonService.cs:line 840\n   at OdinUiTests.Pages.UserProfilePage.__a$_around_CheckUserProfilePageIsOpen_100667314_o(String nameOfUser) in /azp/_work/1/s/Pages/UserProfilePage.cs:line 480\n   at OdinUiTests.Pages.UserProfilePage.__a$_around_CheckUserProfilePageIsOpen_100667314_u(Object[])\n   at Allure.Net.Commons.Steps.AllureAbstractStepAspect.WrapSync[T](Func`2 target, Object[] args, MethodBase metadata, String stepName, List`1 stepParameters)"
      },
      "stage": "finished",
      "steps": [],
      "attachments": [],
      "parameters": [
        {
          "name": "nameOfUser",
          "value": "\"Зайцева-ТЕСТ Марина\"",
          "excluded": false
        }
      ],
      "start": 1761534203013,
      "stop": 1761534218181
    }
  ],
  "attachments": [
    {
      "name": "CheckClickOnLinkActivyUsers.jpg",
      "source": "45fa4230-61c0-40b1-ab41-815e9dc03f9f-attachment.jpg",
      "type": "image/jpeg"
    },
    {
      "name": "Console Output",
      "source": "d44386fc-e60d-4f5b-9cb7-e0d773ea4827-attachment.txt",
      "type": "text/plain"
    }
  ],
  "parameters": [],
  "start": 1761534191014,
  "stop": 1761534218608
}