{
  "uuid": "62279f36-fe6f-4df9-bd0f-3cc7d1f46012",
  "historyId": "36539b4b253898f5dc6602022f367f16",
  "testCaseId": "3f1de1ec23d092bff13a6ddac72d01c2",
  "fullName": "OdinUiTests:OdinUiTests.Tests.Cohort.CohortEditingValidationTests.CheckIsNotPossibleRemoveCohortInProgramNatDemography()",
  "labels": [
    {
      "name": "thread",
      "value": "ParallelWorker#4"
    },
    {
      "name": "host",
      "value": "9ad1f35f289e"
    },
    {
      "name": "language",
      "value": "C#"
    },
    {
      "name": "framework",
      "value": "NUnit 3"
    },
    {
      "name": "package",
      "value": "OdinUiTests.Tests.Cohort"
    },
    {
      "name": "testMethod",
      "value": "CheckIsNotPossibleRemoveCohortInProgramNatDemography"
    },
    {
      "name": "testClass",
      "value": "CohortEditingValidationTests"
    },
    {
      "name": "suite",
      "value": "Поток"
    },
    {
      "name": "subSuite",
      "value": "Редактирование потока"
    },
    {
      "name": "severity",
      "value": "normal"
    },
    {
      "name": "tag",
      "value": "Поток"
    },
    {
      "name": "tag",
      "value": "Дежурство"
    },
    {
      "name": "tag",
      "value": "Регресс"
    }
  ],
  "links": [],
  "name": "Редактирование потока ДО (СЗ): нет возможности удалить поток",
  "status": "broken",
  "statusDetails": {
    "known": false,
    "muted": false,
    "flaky": false,
    "message": "OpenQA.Selenium.WebDriverTimeoutException : Timed out after 30 seconds\n  ----> OpenQA.Selenium.NoSuchElementException : no such element: Unable to locate element: {\"method\":\"css selector\",\"selector\":\".q-notification__message\"}\n  (Session info: chrome-headless-shell=126.0.6478.126); For documentation on this error, please visit: https://www.selenium.dev/documentation/webdriver/troubleshooting/errors#no-such-element-exception",
    "trace": "   at OpenQA.Selenium.Support.UI.DefaultWait`1.ThrowTimeoutException(String exceptionMessage, Exception lastException)\n   at OpenQA.Selenium.Support.UI.DefaultWait`1.Until[TResult](Func`2 condition, CancellationToken token)\n   at OpenQA.Selenium.Support.UI.DefaultWait`1.Until[TResult](Func`2 condition)\n   at OdinUiTests.Pages.CohortCreateEditPage.__a$_around_CheckErrorMessageIsAppear_100666438_o() in /azp/_work/2/s/Pages/CohortCreateEditPage.cs:line 566\n   at OdinUiTests.Pages.CohortCreateEditPage.__a$_around_CheckErrorMessageIsAppear_100666438_u(Object[])\n   at Allure.Net.Commons.Steps.AllureAbstractStepAspect.WrapSync[T](Func`2 target, Object[] args, MethodBase metadata, String stepName, List`1 stepParameters)\n   at InvokeStub_AllureAbstractStepAspect.WrapSync(Object, Span`1)\n   at System.Reflection.MethodBaseInvoker.InvokeWithManyArgs(Object obj, BindingFlags invokeAttr, Binder binder, Object[] parameters, CultureInfo culture)\n--NoSuchElementException\n   at OpenQA.Selenium.WebDriver.UnpackAndThrowOnError(Response errorResponse, String commandToExecute)\n   at OpenQA.Selenium.WebDriver.ExecuteAsync(String driverCommandToExecute, Dictionary`2 parameters)\n   at SeleniumExtras.WaitHelpers.ExpectedConditions.<>c__DisplayClass19_0.<ElementToBeClickable>b__0(IWebDriver driver)\n   at OpenQA.Selenium.Support.UI.DefaultWait`1.Until[TResult](Func`2 condition, CancellationToken token)"
  },
  "stage": "finished",
  "steps": [
    {
      "name": "Открыть страницу редактирование потока",
      "status": "passed",
      "statusDetails": {
        "known": false,
        "muted": false,
        "flaky": false
      },
      "stage": "finished",
      "steps": [],
      "attachments": [],
      "parameters": [
        {
          "name": "cohortId",
          "value": "\"43057\"",
          "excluded": false
        }
      ],
      "start": 1737106459854,
      "stop": 1737106460050
    },
    {
      "name": "Нажать на кнопку 'Удалить поток'",
      "status": "passed",
      "statusDetails": {
        "known": false,
        "muted": false,
        "flaky": false
      },
      "stage": "finished",
      "steps": [],
      "attachments": [],
      "parameters": [],
      "start": 1737106460050,
      "stop": 1737106461996
    },
    {
      "name": "Подтвердить удаление потока нажатием на кнопку 'Удалить' в модалке предупреждении",
      "status": "passed",
      "statusDetails": {
        "known": false,
        "muted": false,
        "flaky": false
      },
      "stage": "finished",
      "steps": [],
      "attachments": [],
      "parameters": [],
      "start": 1737106461996,
      "stop": 1737106463690
    },
    {
      "name": "Проверка появления уведомления о невозможности удаления потока Нац. проекта Демография",
      "status": "broken",
      "statusDetails": {
        "known": false,
        "muted": false,
        "flaky": false,
        "message": "Timed out after 30 seconds",
        "trace": "OpenQA.Selenium.WebDriverTimeoutException: Timed out after 30 seconds\n ---> OpenQA.Selenium.NoSuchElementException: no such element: Unable to locate element: {\"method\":\"css selector\",\"selector\":\".q-notification__message\"}\n  (Session info: chrome-headless-shell=126.0.6478.126); For documentation on this error, please visit: https://www.selenium.dev/documentation/webdriver/troubleshooting/errors#no-such-element-exception\n   at OpenQA.Selenium.WebDriver.UnpackAndThrowOnError(Response errorResponse, String commandToExecute)\n   at OpenQA.Selenium.WebDriver.ExecuteAsync(String driverCommandToExecute, Dictionary`2 parameters)\n   at SeleniumExtras.WaitHelpers.ExpectedConditions.<>c__DisplayClass19_0.<ElementToBeClickable>b__0(IWebDriver driver)\n   at OpenQA.Selenium.Support.UI.DefaultWait`1.Until[TResult](Func`2 condition, CancellationToken token)\n   --- End of inner exception stack trace ---\n   at OpenQA.Selenium.Support.UI.DefaultWait`1.ThrowTimeoutException(String exceptionMessage, Exception lastException)\n   at OpenQA.Selenium.Support.UI.DefaultWait`1.Until[TResult](Func`2 condition, CancellationToken token)\n   at OpenQA.Selenium.Support.UI.DefaultWait`1.Until[TResult](Func`2 condition)\n   at OdinUiTests.Pages.CohortCreateEditPage.__a$_around_CheckErrorMessageIsAppear_100666438_o() in /azp/_work/2/s/Pages/CohortCreateEditPage.cs:line 566\n   at OdinUiTests.Pages.CohortCreateEditPage.__a$_around_CheckErrorMessageIsAppear_100666438_u(Object[])\n   at Allure.Net.Commons.Steps.AllureAbstractStepAspect.WrapSync[T](Func`2 target, Object[] args, MethodBase metadata, String stepName, List`1 stepParameters)"
      },
      "stage": "finished",
      "steps": [],
      "attachments": [],
      "parameters": [],
      "start": 1737106463691,
      "stop": 1737106493973
    }
  ],
  "attachments": [
    {
      "name": "CheckIsNotPossibleRemoveCohortInProgramNatDemography.jpg",
      "source": "0dba099a-a2d5-4853-a9f9-cb6fc6a18f19-attachment.jpg",
      "type": "image/jpeg"
    },
    {
      "name": "Console Output",
      "source": "daf45cf9-2ca5-40a8-999b-0a374a522eca-attachment.txt",
      "type": "text/plain"
    }
  ],
  "parameters": [],
  "start": 1737106459725,
  "stop": 1737106494170
}