{
  "uuid": "2a37c2e6-34e4-4477-be49-97a66595ce01",
  "historyId": "da557b808609219263d35c42fcfb09e4",
  "testCaseId": "e2370e05780d34562b7928b73a4f1c6e",
  "fullName": "OdinUiTests:OdinUiTests.Tests.Discipline.DisContingentCreationTests.CheckAddTeacherByUserInfoInCreation(System.String)",
  "labels": [
    {
      "name": "thread",
      "value": "NUnit.Fw.ParallelWorker#7"
    },
    {
      "name": "host",
      "value": "fc63fb75dbad"
    },
    {
      "name": "language",
      "value": "C#"
    },
    {
      "name": "framework",
      "value": "NUnit 3"
    },
    {
      "name": "package",
      "value": "OdinUiTests.Tests.Discipline"
    },
    {
      "name": "testMethod",
      "value": "CheckAddTeacherByUserInfoInCreation"
    },
    {
      "name": "testClass",
      "value": "DisContingentCreationTests"
    },
    {
      "name": "suite",
      "value": "Дисциплина"
    },
    {
      "name": "subSuite",
      "value": "Создание дисциплины"
    },
    {
      "name": "severity",
      "value": "critical"
    },
    {
      "name": "tag",
      "value": "Дисциплина"
    },
    {
      "name": "tag",
      "value": "Дежурство"
    },
    {
      "name": "tag",
      "value": "Регресс"
    }
  ],
  "links": [],
  "name": "Добавление преподавателя по email",
  "status": "broken",
  "statusDetails": {
    "known": false,
    "muted": false,
    "flaky": false,
    "message": "System.Reflection.TargetInvocationException : Exception has been thrown by the target of an invocation.\n  ----> System.Reflection.TargetInvocationException : Exception has been thrown by the target of an invocation.\n  ----> OpenQA.Selenium.WebDriverTimeoutException : Timed out after 30 seconds\n  ----> OpenQA.Selenium.NoSuchElementException : no such element: Unable to locate element: {\"method\":\"xpath\",\"selector\":\"//input[@aria-label='Название*']\"}\n  (Session info: chrome=132.0.6834.83); For documentation on this error, please visit: https://www.selenium.dev/documentation/webdriver/troubleshooting/errors#no-such-element-exception",
    "trace": "   at System.Reflection.MethodBaseInvoker.InvokeWithManyArgs(Object obj, BindingFlags invokeAttr, Binder binder, Object[] parameters, CultureInfo culture)\n   at Allure.Net.Commons.Steps.AllureStepAspectBase.Around(String name, Object[] args, Func`2 target, MethodBase metadata, Type returnType)\n   at OdinUiTests.Pages.DisCommonEditPage.__a$_around_FillRequiredFieldForCreation_100666586_w_0(Object[])\n   at OdinUiTests.Pages.DisCommonEditPage.FillRequiredFieldForCreation(String text)\n   at OdinUiTests.Pages.DisCommonEditPage.FillRequiredFieldForCreation() in /azp/_work/2/s/Pages/DisCommonEditPage.cs:line 201\n   at OdinUiTests.Tests.Discipline.DisContingentCreationTests.CheckAddTeacherByUserInfoInCreation(String userInfo) in /azp/_work/2/s/Tests/Discipline/DisCreateEditTests.cs:line 761\n   at System.RuntimeMethodHandle.InvokeMethod(Object target, Void** arguments, Signature sig, Boolean isConstructor)\n   at System.Reflection.MethodBaseInvoker.InvokeDirectByRefWithFewArgs(Object obj, Span`1 copyOfArgs, BindingFlags invokeAttr)\n--TargetInvocationException\n   at System.Reflection.MethodBaseInvoker.InvokeWithManyArgs(Object obj, BindingFlags invokeAttr, Binder binder, Object[] parameters, CultureInfo culture)\n   at Allure.Net.Commons.Steps.AllureStepAspectBase.Around(String name, Object[] args, Func`2 target, MethodBase metadata, Type returnType)\n   at OdinUiTests.Pages.DisCommonEditPage.__a$_around_SetName_100666579_w_0(Object[])\n   at OdinUiTests.Pages.DisCommonEditPage.SetName(String name)\n   at OdinUiTests.Pages.DisCommonEditPage.__a$_around_FillRequiredFieldForCreation_100666586_o(String text) in /azp/_work/2/s/Pages/DisCommonEditPage.cs:line 194\n   at OdinUiTests.Pages.DisCommonEditPage.__a$_around_FillRequiredFieldForCreation_100666586_u(Object[])\n   at Allure.Net.Commons.Steps.AllureAbstractStepAspect.WrapSync[T](Func`2 target, Object[] args, MethodBase metadata, String stepName, List`1 stepParameters)\n   at InvokeStub_AllureAbstractStepAspect.WrapSync(Object, Span`1)\n   at System.Reflection.MethodBaseInvoker.InvokeWithManyArgs(Object obj, BindingFlags invokeAttr, Binder binder, Object[] parameters, CultureInfo culture)\n--WebDriverTimeoutException\n   at OpenQA.Selenium.Support.UI.DefaultWait`1.ThrowTimeoutException(String exceptionMessage, Exception lastException)\n   at OpenQA.Selenium.Support.UI.DefaultWait`1.Until[TResult](Func`2 condition, CancellationToken token)\n   at OpenQA.Selenium.Support.UI.DefaultWait`1.Until[TResult](Func`2 condition)\n   at OdinUiTests.Services.CommonService.ClearValuesInTextInputFields(IWebDriver driver, By selector, Boolean valueFromAttribute) in /azp/_work/2/s/Services/CommonService.cs:line 429\n   at OdinUiTests.Pages.DisCommonEditPage.__a$_around_SetName_100666579_o(String name) in /azp/_work/2/s/Pages/DisCommonEditPage.cs:line 132\n   at OdinUiTests.Pages.DisCommonEditPage.__a$_around_SetName_100666579_u(Object[])\n   at Allure.Net.Commons.Steps.AllureAbstractStepAspect.WrapSync[T](Func`2 target, Object[] args, MethodBase metadata, String stepName, List`1 stepParameters)\n   at InvokeStub_AllureAbstractStepAspect.WrapSync(Object, Span`1)\n   at System.Reflection.MethodBaseInvoker.InvokeWithManyArgs(Object obj, BindingFlags invokeAttr, Binder binder, Object[] parameters, CultureInfo culture)\n--NoSuchElementException\n   at OpenQA.Selenium.WebDriver.UnpackAndThrowOnError(Response errorResponse, String commandToExecute)\n   at OpenQA.Selenium.WebDriver.ExecuteAsync(String driverCommandToExecute, Dictionary`2 parameters)\n   at SeleniumExtras.WaitHelpers.ExpectedConditions.<>c__DisplayClass19_0.<ElementToBeClickable>b__0(IWebDriver driver)\n   at OpenQA.Selenium.Support.UI.DefaultWait`1.Until[TResult](Func`2 condition, CancellationToken token)"
  },
  "stage": "finished",
  "steps": [
    {
      "name": "Открыть страницу создания дисциплины",
      "status": "passed",
      "statusDetails": {
        "known": false,
        "muted": false,
        "flaky": false
      },
      "stage": "finished",
      "steps": [],
      "attachments": [],
      "parameters": [
        {
          "name": "isVO",
          "value": "true",
          "excluded": false
        },
        {
          "name": "id",
          "value": "\"23\"",
          "excluded": false
        }
      ],
      "start": 1747376352725,
      "stop": 1747376356331
    },
    {
      "name": "Заполнение обязательных полей для создании дисциплины",
      "status": "broken",
      "statusDetails": {
        "known": false,
        "muted": false,
        "flaky": false,
        "message": "Exception has been thrown by the target of an invocation.",
        "trace": "System.Reflection.TargetInvocationException: Exception has been thrown by the target of an invocation.\n ---> OpenQA.Selenium.WebDriverTimeoutException: Timed out after 30 seconds\n ---> OpenQA.Selenium.NoSuchElementException: no such element: Unable to locate element: {\"method\":\"xpath\",\"selector\":\"//input[@aria-label='Название*']\"}\n  (Session info: chrome=132.0.6834.83); For documentation on this error, please visit: https://www.selenium.dev/documentation/webdriver/troubleshooting/errors#no-such-element-exception\n   at OpenQA.Selenium.WebDriver.UnpackAndThrowOnError(Response errorResponse, String commandToExecute)\n   at OpenQA.Selenium.WebDriver.ExecuteAsync(String driverCommandToExecute, Dictionary`2 parameters)\n   at SeleniumExtras.WaitHelpers.ExpectedConditions.<>c__DisplayClass19_0.<ElementToBeClickable>b__0(IWebDriver driver)\n   at OpenQA.Selenium.Support.UI.DefaultWait`1.Until[TResult](Func`2 condition, CancellationToken token)\n   --- End of inner exception stack trace ---\n   at OpenQA.Selenium.Support.UI.DefaultWait`1.ThrowTimeoutException(String exceptionMessage, Exception lastException)\n   at OpenQA.Selenium.Support.UI.DefaultWait`1.Until[TResult](Func`2 condition, CancellationToken token)\n   at OpenQA.Selenium.Support.UI.DefaultWait`1.Until[TResult](Func`2 condition)\n   at OdinUiTests.Services.CommonService.ClearValuesInTextInputFields(IWebDriver driver, By selector, Boolean valueFromAttribute) in /azp/_work/2/s/Services/CommonService.cs:line 429\n   at OdinUiTests.Pages.DisCommonEditPage.__a$_around_SetName_100666579_o(String name) in /azp/_work/2/s/Pages/DisCommonEditPage.cs:line 132\n   at OdinUiTests.Pages.DisCommonEditPage.__a$_around_SetName_100666579_u(Object[])\n   at Allure.Net.Commons.Steps.AllureAbstractStepAspect.WrapSync[T](Func`2 target, Object[] args, MethodBase metadata, String stepName, List`1 stepParameters)\n   at InvokeStub_AllureAbstractStepAspect.WrapSync(Object, Span`1)\n   at System.Reflection.MethodBaseInvoker.InvokeWithManyArgs(Object obj, BindingFlags invokeAttr, Binder binder, Object[] parameters, CultureInfo culture)\n   --- End of inner exception stack trace ---\n   at System.Reflection.MethodBaseInvoker.InvokeWithManyArgs(Object obj, BindingFlags invokeAttr, Binder binder, Object[] parameters, CultureInfo culture)\n   at Allure.Net.Commons.Steps.AllureStepAspectBase.Around(String name, Object[] args, Func`2 target, MethodBase metadata, Type returnType)\n   at OdinUiTests.Pages.DisCommonEditPage.__a$_around_SetName_100666579_w_0(Object[])\n   at OdinUiTests.Pages.DisCommonEditPage.SetName(String name)\n   at OdinUiTests.Pages.DisCommonEditPage.__a$_around_FillRequiredFieldForCreation_100666586_o(String text) in /azp/_work/2/s/Pages/DisCommonEditPage.cs:line 194\n   at OdinUiTests.Pages.DisCommonEditPage.__a$_around_FillRequiredFieldForCreation_100666586_u(Object[])\n   at Allure.Net.Commons.Steps.AllureAbstractStepAspect.WrapSync[T](Func`2 target, Object[] args, MethodBase metadata, String stepName, List`1 stepParameters)"
      },
      "stage": "finished",
      "steps": [
        {
          "name": "Редактировать название дисциплины",
          "status": "broken",
          "statusDetails": {
            "known": false,
            "muted": false,
            "flaky": false,
            "message": "Timed out after 30 seconds",
            "trace": "OpenQA.Selenium.WebDriverTimeoutException: Timed out after 30 seconds\n ---> OpenQA.Selenium.NoSuchElementException: no such element: Unable to locate element: {\"method\":\"xpath\",\"selector\":\"//input[@aria-label='Название*']\"}\n  (Session info: chrome=132.0.6834.83); For documentation on this error, please visit: https://www.selenium.dev/documentation/webdriver/troubleshooting/errors#no-such-element-exception\n   at OpenQA.Selenium.WebDriver.UnpackAndThrowOnError(Response errorResponse, String commandToExecute)\n   at OpenQA.Selenium.WebDriver.ExecuteAsync(String driverCommandToExecute, Dictionary`2 parameters)\n   at SeleniumExtras.WaitHelpers.ExpectedConditions.<>c__DisplayClass19_0.<ElementToBeClickable>b__0(IWebDriver driver)\n   at OpenQA.Selenium.Support.UI.DefaultWait`1.Until[TResult](Func`2 condition, CancellationToken token)\n   --- End of inner exception stack trace ---\n   at OpenQA.Selenium.Support.UI.DefaultWait`1.ThrowTimeoutException(String exceptionMessage, Exception lastException)\n   at OpenQA.Selenium.Support.UI.DefaultWait`1.Until[TResult](Func`2 condition, CancellationToken token)\n   at OpenQA.Selenium.Support.UI.DefaultWait`1.Until[TResult](Func`2 condition)\n   at OdinUiTests.Services.CommonService.ClearValuesInTextInputFields(IWebDriver driver, By selector, Boolean valueFromAttribute) in /azp/_work/2/s/Services/CommonService.cs:line 429\n   at OdinUiTests.Pages.DisCommonEditPage.__a$_around_SetName_100666579_o(String name) in /azp/_work/2/s/Pages/DisCommonEditPage.cs:line 132\n   at OdinUiTests.Pages.DisCommonEditPage.__a$_around_SetName_100666579_u(Object[])\n   at Allure.Net.Commons.Steps.AllureAbstractStepAspect.WrapSync[T](Func`2 target, Object[] args, MethodBase metadata, String stepName, List`1 stepParameters)"
          },
          "stage": "finished",
          "steps": [],
          "attachments": [],
          "parameters": [
            {
              "name": "name",
              "value": "\"1BB45B26656B8AC\"",
              "excluded": false
            }
          ],
          "start": 1747376356331,
          "stop": 1747376386740
        }
      ],
      "attachments": [],
      "parameters": [
        {
          "name": "text",
          "value": "\"1BB45B26656B8AC\"",
          "excluded": false
        }
      ],
      "start": 1747376356331,
      "stop": 1747376386741
    }
  ],
  "attachments": [
    {
      "name": "CheckAddTeacherByUserInfoInCreation.jpg",
      "source": "b674a507-630d-4833-ac58-eae5d6d85198-attachment.jpg",
      "type": "image/jpeg"
    },
    {
      "name": "Console Output",
      "source": "c225ada2-98a8-43c7-9e58-41a23bc52d98-attachment.txt",
      "type": "text/plain"
    }
  ],
  "parameters": [
    {
      "name": "userInfo",
      "value": "\"test9@tsu.ru\"",
      "excluded": false
    }
  ],
  "start": 1747376352630,
  "stop": 1747376388925
}