{
  "uuid": "1234fa3a-6d72-4fcf-8507-f4286e12f5fe",
  "historyId": "2ba30a26f73dd40500c7b15b405d22be",
  "testCaseId": "8fdc0eb823463eb7dcd5584c33487938",
  "fullName": "OdinUiTests:OdinUiTests.Tests.Discipline.DisciplineCreationValidationTests.CheckIfNameNotFilledInCreation(System.String,System.Boolean)",
  "labels": [
    {
      "name": "thread",
      "value": "NUnit.Fw.ParallelWorker#8"
    },
    {
      "name": "host",
      "value": "68a6469873bb"
    },
    {
      "name": "language",
      "value": "C#"
    },
    {
      "name": "framework",
      "value": "NUnit 3"
    },
    {
      "name": "package",
      "value": "OdinUiTests.Tests.Discipline"
    },
    {
      "name": "testMethod",
      "value": "CheckIfNameNotFilledInCreation"
    },
    {
      "name": "testClass",
      "value": "DisciplineCreationValidationTests"
    },
    {
      "name": "suite",
      "value": "Дисциплина"
    },
    {
      "name": "subSuite",
      "value": "Создание дисциплины"
    },
    {
      "name": "severity",
      "value": "critical"
    },
    {
      "name": "tag",
      "value": "Дежурство"
    },
    {
      "name": "tag",
      "value": "Дисциплина"
    },
    {
      "name": "tag",
      "value": "Регресс"
    }
  ],
  "links": [],
  "name": "Отображение ошибки валидации для поля 'Название', если поле не заполнено в ДО",
  "status": "broken",
  "statusDetails": {
    "known": false,
    "muted": false,
    "flaky": false,
    "message": "System.Reflection.TargetInvocationException : Exception has been thrown by the target of an invocation.\n  ----> System.Reflection.TargetInvocationException : Exception has been thrown by the target of an invocation.\n  ----> OpenQA.Selenium.WebDriverTimeoutException : Timed out after 30 seconds\n  ----> OpenQA.Selenium.NoSuchElementException : no such element: Unable to locate element: {\"method\":\"xpath\",\"selector\":\"//input[@aria-label='Название*']\"}\n  (Session info: chrome=132.0.6834.83); For documentation on this error, please visit: https://www.selenium.dev/documentation/webdriver/troubleshooting/errors#no-such-element-exception",
    "trace": "   at System.Reflection.MethodBaseInvoker.InvokeWithManyArgs(Object obj, BindingFlags invokeAttr, Binder binder, Object[] parameters, CultureInfo culture)\n   at Allure.Net.Commons.Steps.AllureStepAspectBase.Around(String name, Object[] args, Func`2 target, MethodBase metadata, Type returnType)\n   at OdinUiTests.Pages.DisCommonEditPage.__a$_around_FillRequiredFieldForCreation_100666571_w_0(Object[])\n   at OdinUiTests.Pages.DisCommonEditPage.FillRequiredFieldForCreation(String text)\n   at OdinUiTests.Tests.Discipline.DisciplineCreationValidationTests.CheckIfNameNotFilledInCreation(String cohort, Boolean isVO) in /azp/_work/2/s/Tests/Discipline/DisCreateEditTests.cs:line 129\n   at System.RuntimeMethodHandle.InvokeMethod(Object target, Void** arguments, Signature sig, Boolean isConstructor)\n   at System.Reflection.MethodBaseInvoker.InvokeDirectByRefWithFewArgs(Object obj, Span`1 copyOfArgs, BindingFlags invokeAttr)\n--TargetInvocationException\n   at System.Reflection.MethodBaseInvoker.InvokeWithManyArgs(Object obj, BindingFlags invokeAttr, Binder binder, Object[] parameters, CultureInfo culture)\n   at Allure.Net.Commons.Steps.AllureStepAspectBase.Around(String name, Object[] args, Func`2 target, MethodBase metadata, Type returnType)\n   at OdinUiTests.Pages.DisCommonEditPage.__a$_around_SetName_100666564_w_0(Object[])\n   at OdinUiTests.Pages.DisCommonEditPage.SetName(String name)\n   at OdinUiTests.Pages.DisCommonEditPage.__a$_around_FillRequiredFieldForCreation_100666571_o(String text) in /azp/_work/2/s/Pages/DisCommonEditPage.cs:line 194\n   at OdinUiTests.Pages.DisCommonEditPage.__a$_around_FillRequiredFieldForCreation_100666571_u(Object[])\n   at Allure.Net.Commons.Steps.AllureAbstractStepAspect.WrapSync[T](Func`2 target, Object[] args, MethodBase metadata, String stepName, List`1 stepParameters)\n   at InvokeStub_AllureAbstractStepAspect.WrapSync(Object, Span`1)\n   at System.Reflection.MethodBaseInvoker.InvokeWithManyArgs(Object obj, BindingFlags invokeAttr, Binder binder, Object[] parameters, CultureInfo culture)\n--WebDriverTimeoutException\n   at OpenQA.Selenium.Support.UI.DefaultWait`1.ThrowTimeoutException(String exceptionMessage, Exception lastException)\n   at OpenQA.Selenium.Support.UI.DefaultWait`1.Until[TResult](Func`2 condition, CancellationToken token)\n   at OpenQA.Selenium.Support.UI.DefaultWait`1.Until[TResult](Func`2 condition)\n   at OdinUiTests.Services.CommonService.ClearValuesInTextInputFields(IWebDriver driver, By selector, Boolean valueFromAttribute) in /azp/_work/2/s/Services/CommonService.cs:line 400\n   at OdinUiTests.Pages.DisCommonEditPage.__a$_around_SetName_100666564_o(String name) in /azp/_work/2/s/Pages/DisCommonEditPage.cs:line 132\n   at OdinUiTests.Pages.DisCommonEditPage.__a$_around_SetName_100666564_u(Object[])\n   at Allure.Net.Commons.Steps.AllureAbstractStepAspect.WrapSync[T](Func`2 target, Object[] args, MethodBase metadata, String stepName, List`1 stepParameters)\n   at InvokeStub_AllureAbstractStepAspect.WrapSync(Object, Span`1)\n   at System.Reflection.MethodBaseInvoker.InvokeWithManyArgs(Object obj, BindingFlags invokeAttr, Binder binder, Object[] parameters, CultureInfo culture)\n--NoSuchElementException\n   at OpenQA.Selenium.WebDriver.UnpackAndThrowOnError(Response errorResponse, String commandToExecute)\n   at OpenQA.Selenium.WebDriver.ExecuteAsync(String driverCommandToExecute, Dictionary`2 parameters)\n   at SeleniumExtras.WaitHelpers.ExpectedConditions.<>c__DisplayClass19_0.<ElementToBeClickable>b__0(IWebDriver driver)\n   at OpenQA.Selenium.Support.UI.DefaultWait`1.Until[TResult](Func`2 condition, CancellationToken token)"
  },
  "stage": "finished",
  "steps": [
    {
      "name": "Открыть страницу создания дисциплины",
      "status": "passed",
      "statusDetails": {
        "known": false,
        "muted": false,
        "flaky": false
      },
      "stage": "finished",
      "steps": [],
      "attachments": [],
      "parameters": [
        {
          "name": "isVO",
          "value": "false",
          "excluded": false
        },
        {
          "name": "id",
          "value": "\"2103\"",
          "excluded": false
        }
      ],
      "start": 1740121221342,
      "stop": 1740121225155
    },
    {
      "name": "Заполнение обязательных полей для создании дисциплины",
      "status": "broken",
      "statusDetails": {
        "known": false,
        "muted": false,
        "flaky": false,
        "message": "Exception has been thrown by the target of an invocation.",
        "trace": "System.Reflection.TargetInvocationException: Exception has been thrown by the target of an invocation.\n ---> OpenQA.Selenium.WebDriverTimeoutException: Timed out after 30 seconds\n ---> OpenQA.Selenium.NoSuchElementException: no such element: Unable to locate element: {\"method\":\"xpath\",\"selector\":\"//input[@aria-label='Название*']\"}\n  (Session info: chrome=132.0.6834.83); For documentation on this error, please visit: https://www.selenium.dev/documentation/webdriver/troubleshooting/errors#no-such-element-exception\n   at OpenQA.Selenium.WebDriver.UnpackAndThrowOnError(Response errorResponse, String commandToExecute)\n   at OpenQA.Selenium.WebDriver.ExecuteAsync(String driverCommandToExecute, Dictionary`2 parameters)\n   at SeleniumExtras.WaitHelpers.ExpectedConditions.<>c__DisplayClass19_0.<ElementToBeClickable>b__0(IWebDriver driver)\n   at OpenQA.Selenium.Support.UI.DefaultWait`1.Until[TResult](Func`2 condition, CancellationToken token)\n   --- End of inner exception stack trace ---\n   at OpenQA.Selenium.Support.UI.DefaultWait`1.ThrowTimeoutException(String exceptionMessage, Exception lastException)\n   at OpenQA.Selenium.Support.UI.DefaultWait`1.Until[TResult](Func`2 condition, CancellationToken token)\n   at OpenQA.Selenium.Support.UI.DefaultWait`1.Until[TResult](Func`2 condition)\n   at OdinUiTests.Services.CommonService.ClearValuesInTextInputFields(IWebDriver driver, By selector, Boolean valueFromAttribute) in /azp/_work/2/s/Services/CommonService.cs:line 400\n   at OdinUiTests.Pages.DisCommonEditPage.__a$_around_SetName_100666564_o(String name) in /azp/_work/2/s/Pages/DisCommonEditPage.cs:line 132\n   at OdinUiTests.Pages.DisCommonEditPage.__a$_around_SetName_100666564_u(Object[])\n   at Allure.Net.Commons.Steps.AllureAbstractStepAspect.WrapSync[T](Func`2 target, Object[] args, MethodBase metadata, String stepName, List`1 stepParameters)\n   at InvokeStub_AllureAbstractStepAspect.WrapSync(Object, Span`1)\n   at System.Reflection.MethodBaseInvoker.InvokeWithManyArgs(Object obj, BindingFlags invokeAttr, Binder binder, Object[] parameters, CultureInfo culture)\n   --- End of inner exception stack trace ---\n   at System.Reflection.MethodBaseInvoker.InvokeWithManyArgs(Object obj, BindingFlags invokeAttr, Binder binder, Object[] parameters, CultureInfo culture)\n   at Allure.Net.Commons.Steps.AllureStepAspectBase.Around(String name, Object[] args, Func`2 target, MethodBase metadata, Type returnType)\n   at OdinUiTests.Pages.DisCommonEditPage.__a$_around_SetName_100666564_w_0(Object[])\n   at OdinUiTests.Pages.DisCommonEditPage.SetName(String name)\n   at OdinUiTests.Pages.DisCommonEditPage.__a$_around_FillRequiredFieldForCreation_100666571_o(String text) in /azp/_work/2/s/Pages/DisCommonEditPage.cs:line 194\n   at OdinUiTests.Pages.DisCommonEditPage.__a$_around_FillRequiredFieldForCreation_100666571_u(Object[])\n   at Allure.Net.Commons.Steps.AllureAbstractStepAspect.WrapSync[T](Func`2 target, Object[] args, MethodBase metadata, String stepName, List`1 stepParameters)"
      },
      "stage": "finished",
      "steps": [
        {
          "name": "Редактировать название дисциплины",
          "status": "broken",
          "statusDetails": {
            "known": false,
            "muted": false,
            "flaky": false,
            "message": "Timed out after 30 seconds",
            "trace": "OpenQA.Selenium.WebDriverTimeoutException: Timed out after 30 seconds\n ---> OpenQA.Selenium.NoSuchElementException: no such element: Unable to locate element: {\"method\":\"xpath\",\"selector\":\"//input[@aria-label='Название*']\"}\n  (Session info: chrome=132.0.6834.83); For documentation on this error, please visit: https://www.selenium.dev/documentation/webdriver/troubleshooting/errors#no-such-element-exception\n   at OpenQA.Selenium.WebDriver.UnpackAndThrowOnError(Response errorResponse, String commandToExecute)\n   at OpenQA.Selenium.WebDriver.ExecuteAsync(String driverCommandToExecute, Dictionary`2 parameters)\n   at SeleniumExtras.WaitHelpers.ExpectedConditions.<>c__DisplayClass19_0.<ElementToBeClickable>b__0(IWebDriver driver)\n   at OpenQA.Selenium.Support.UI.DefaultWait`1.Until[TResult](Func`2 condition, CancellationToken token)\n   --- End of inner exception stack trace ---\n   at OpenQA.Selenium.Support.UI.DefaultWait`1.ThrowTimeoutException(String exceptionMessage, Exception lastException)\n   at OpenQA.Selenium.Support.UI.DefaultWait`1.Until[TResult](Func`2 condition, CancellationToken token)\n   at OpenQA.Selenium.Support.UI.DefaultWait`1.Until[TResult](Func`2 condition)\n   at OdinUiTests.Services.CommonService.ClearValuesInTextInputFields(IWebDriver driver, By selector, Boolean valueFromAttribute) in /azp/_work/2/s/Services/CommonService.cs:line 400\n   at OdinUiTests.Pages.DisCommonEditPage.__a$_around_SetName_100666564_o(String name) in /azp/_work/2/s/Pages/DisCommonEditPage.cs:line 132\n   at OdinUiTests.Pages.DisCommonEditPage.__a$_around_SetName_100666564_u(Object[])\n   at Allure.Net.Commons.Steps.AllureAbstractStepAspect.WrapSync[T](Func`2 target, Object[] args, MethodBase metadata, String stepName, List`1 stepParameters)"
          },
          "stage": "finished",
          "steps": [],
          "attachments": [],
          "parameters": [
            {
              "name": "name",
              "value": "\"29BEF5DC955DF97\"",
              "excluded": false
            }
          ],
          "start": 1740121225156,
          "stop": 1740121255548
        }
      ],
      "attachments": [],
      "parameters": [
        {
          "name": "text",
          "value": "\"29BEF5DC955DF97\"",
          "excluded": false
        }
      ],
      "start": 1740121225156,
      "stop": 1740121255637
    }
  ],
  "attachments": [
    {
      "name": "CheckIfNameNotFilledInCreation.jpg",
      "source": "699b44d0-ccdf-4024-b341-12226779c612-attachment.jpg",
      "type": "image/jpeg"
    },
    {
      "name": "Console Output",
      "source": "d196fc65-4854-4c4a-8429-0b3e47b288a2-attachment.txt",
      "type": "text/plain"
    }
  ],
  "parameters": [
    {
      "name": "cohort",
      "value": "\"2103\"",
      "excluded": false
    },
    {
      "name": "isVO",
      "value": "false",
      "excluded": false
    }
  ],
  "start": 1740121221341,
  "stop": 1740121259153
}