{
  "uuid": "cedbdd5d-0985-418c-bacc-173090621cfa",
  "historyId": "bc4f47aa481c86be9ca81629edb16228",
  "testCaseId": "89184c9ff7fcb0e355da1a70628ed050",
  "fullName": "OdinUiTests:OdinUiTests.Tests.Library.RemovingTemplatesTests.CheckDeleteDisciplineTemplateFromWhichDisciplineIsCreated()",
  "labels": [
    {
      "name": "thread",
      "value": "NUnit.Fw.ParallelWorker#4"
    },
    {
      "name": "host",
      "value": "3661a239562d"
    },
    {
      "name": "language",
      "value": "C#"
    },
    {
      "name": "framework",
      "value": "NUnit 3"
    },
    {
      "name": "package",
      "value": "OdinUiTests.Tests.Library"
    },
    {
      "name": "testMethod",
      "value": "CheckDeleteDisciplineTemplateFromWhichDisciplineIsCreated"
    },
    {
      "name": "testClass",
      "value": "RemovingTemplatesTests"
    },
    {
      "name": "suite",
      "value": "Библиотека"
    },
    {
      "name": "severity",
      "value": "critical"
    },
    {
      "name": "tag",
      "value": "Библиотека"
    },
    {
      "name": "tag",
      "value": "Дежурство"
    },
    {
      "name": "tag",
      "value": "Регресс"
    }
  ],
  "links": [],
  "name": "Страница библиотеки: можно удалить шаблон дисциплины по которому была создана дисциплина",
  "status": "broken",
  "statusDetails": {
    "known": false,
    "muted": false,
    "flaky": false,
    "message": "System.Reflection.TargetInvocationException : Exception has been thrown by the target of an invocation.\n  ----> OpenQA.Selenium.WebDriverTimeoutException : Timed out after 30 seconds\n  ----> OpenQA.Selenium.NoSuchElementException : no such element: Unable to locate element: {\"method\":\"xpath\",\"selector\":\"//div[contains(@class,'content-item')]//span[contains(text(),'Lorem ipsum dolor sit amet, consectetur adipiscing elit. Etiam pulvinar, est vel iaculis fringilla, eros libero lobortis diam, et cursus arcu ex ut dui.')]\"}\n  (Session info: chrome=140.0.7339.127); For documentation on this error, please visit: https://www.selenium.dev/documentation/webdriver/troubleshooting/errors#no-such-element-exception",
    "trace": "   at System.Reflection.MethodBaseInvoker.InvokeWithManyArgs(Object obj, BindingFlags invokeAttr, Binder binder, Object[] parameters, CultureInfo culture)\n   at Allure.Net.Commons.Steps.AllureStepAspectBase.Around(String name, Object[] args, Func`2 target, MethodBase metadata, Type returnType)\n   at OdinUiTests.Pages.LibraryPage.__a$_around_RemoveMaterial_100666910_w_0(Object[])\n   at OdinUiTests.Pages.LibraryPage.RemoveMaterial(String materialName, Boolean withRightClick)\n   at OdinUiTests.Tests.Library.RemovingTemplatesTests.CheckDeleteDisciplineTemplateFromWhichDisciplineIsCreated() in /azp/_work/1/s/Tests/Library/UserLibraryTests.cs:line 580\n   at System.RuntimeMethodHandle.InvokeMethod(Object target, Void** arguments, Signature sig, Boolean isConstructor)\n   at System.Reflection.MethodBaseInvoker.InvokeWithNoArgs(Object obj, BindingFlags invokeAttr)\n--WebDriverTimeoutException\n   at OpenQA.Selenium.Support.UI.DefaultWait`1.ThrowTimeoutException(String exceptionMessage, Exception lastException)\n   at OpenQA.Selenium.Support.UI.DefaultWait`1.Until[TResult](Func`2 condition, CancellationToken token)\n   at OpenQA.Selenium.Support.UI.DefaultWait`1.Until[TResult](Func`2 condition)\n   at OdinUiTests.Pages.LibraryPage.ScrollUntilMaterialOrCatalogIsInView(Boolean isMaterial, String name) in /azp/_work/1/s/Pages/LibraryPage.cs:line 555\n   at OdinUiTests.Pages.LibraryPage.__a$_around_RemoveMaterial_100666910_o(String materialName, Boolean withRightClick) in /azp/_work/1/s/Pages/LibraryPage.cs:line 139\n   at OdinUiTests.Pages.LibraryPage.__a$_around_RemoveMaterial_100666910_u(Object[])\n   at Allure.Net.Commons.Steps.AllureAbstractStepAspect.WrapSync[T](Func`2 target, Object[] args, MethodBase metadata, String stepName, List`1 stepParameters)\n   at InvokeStub_AllureAbstractStepAspect.WrapSync(Object, Span`1)\n   at System.Reflection.MethodBaseInvoker.InvokeWithManyArgs(Object obj, BindingFlags invokeAttr, Binder binder, Object[] parameters, CultureInfo culture)\n--NoSuchElementException\n   at OpenQA.Selenium.WebDriver.UnpackAndThrowOnError(Response errorResponse, String commandToExecute)\n   at OpenQA.Selenium.WebDriver.ExecuteAsync(String driverCommandToExecute, Dictionary`2 parameters)\n   at SeleniumExtras.WaitHelpers.ExpectedConditions.<>c__DisplayClass19_0.<ElementToBeClickable>b__0(IWebDriver driver)\n   at OpenQA.Selenium.Support.UI.DefaultWait`1.Until[TResult](Func`2 condition, CancellationToken token)"
  },
  "stage": "finished",
  "steps": [
    {
      "name": "Открыть страницу Библиотеки",
      "status": "passed",
      "statusDetails": {
        "known": false,
        "muted": false,
        "flaky": false
      },
      "stage": "finished",
      "steps": [],
      "attachments": [],
      "parameters": [
        {
          "name": "id",
          "value": "\"345\"",
          "excluded": false
        }
      ],
      "start": 1757993752817,
      "stop": 1757993753192
    },
    {
      "name": "Открыть каталог по названию",
      "status": "passed",
      "statusDetails": {
        "known": false,
        "muted": false,
        "flaky": false
      },
      "stage": "finished",
      "steps": [],
      "attachments": [],
      "parameters": [
        {
          "name": "dirName",
          "value": "\"Lorem ipsum dolor sit amet, consectetur adipiscing elit. Etiam pulvinar, est vel iaculis fringilla, eros libero lobortis diam, et cursus arcu ex ut dui.\"",
          "excluded": false
        }
      ],
      "start": 1757993753192,
      "stop": 1757993755560
    },
    {
      "name": "Удалить материал из Библиотеки",
      "status": "passed",
      "statusDetails": {
        "known": false,
        "muted": false,
        "flaky": false
      },
      "stage": "finished",
      "steps": [],
      "attachments": [],
      "parameters": [
        {
          "name": "materialName",
          "value": "\"Lorem ipsum dolor sit amet, consectetur adipiscing elit. Etiam pulvinar, est vel iaculis fringilla, eros libero lobortis diam, et cursus arcu ex ut dui.\"",
          "excluded": false
        },
        {
          "name": "withRightClick",
          "value": "true",
          "excluded": false
        }
      ],
      "start": 1757993755560,
      "stop": 1757993760992
    },
    {
      "name": "Открыть страницу Библиотеки",
      "status": "passed",
      "statusDetails": {
        "known": false,
        "muted": false,
        "flaky": false
      },
      "stage": "finished",
      "steps": [],
      "attachments": [],
      "parameters": [
        {
          "name": "id",
          "value": "\"18927\"",
          "excluded": false
        }
      ],
      "start": 1757993760993,
      "stop": 1757993761374
    },
    {
      "name": "Открыть каталог по названию",
      "status": "passed",
      "statusDetails": {
        "known": false,
        "muted": false,
        "flaky": false
      },
      "stage": "finished",
      "steps": [],
      "attachments": [],
      "parameters": [
        {
          "name": "dirName",
          "value": "\"Lorem ipsum dolor sit amet, consectetur adipiscing elit. Etiam pulvinar, est vel iaculis fringilla, eros libero lobortis diam, et cursus arcu ex ut dui.\"",
          "excluded": false
        }
      ],
      "start": 1757993761374,
      "stop": 1757993763198
    },
    {
      "name": "Удалить материал из Библиотеки",
      "status": "broken",
      "statusDetails": {
        "known": false,
        "muted": false,
        "flaky": false,
        "message": "Timed out after 30 seconds",
        "trace": "OpenQA.Selenium.WebDriverTimeoutException: Timed out after 30 seconds\n ---> OpenQA.Selenium.NoSuchElementException: no such element: Unable to locate element: {\"method\":\"xpath\",\"selector\":\"//div[contains(@class,'content-item')]//span[contains(text(),'Lorem ipsum dolor sit amet, consectetur adipiscing elit. Etiam pulvinar, est vel iaculis fringilla, eros libero lobortis diam, et cursus arcu ex ut dui.')]\"}\n  (Session info: chrome=140.0.7339.127); For documentation on this error, please visit: https://www.selenium.dev/documentation/webdriver/troubleshooting/errors#no-such-element-exception\n   at OpenQA.Selenium.WebDriver.UnpackAndThrowOnError(Response errorResponse, String commandToExecute)\n   at OpenQA.Selenium.WebDriver.ExecuteAsync(String driverCommandToExecute, Dictionary`2 parameters)\n   at SeleniumExtras.WaitHelpers.ExpectedConditions.<>c__DisplayClass19_0.<ElementToBeClickable>b__0(IWebDriver driver)\n   at OpenQA.Selenium.Support.UI.DefaultWait`1.Until[TResult](Func`2 condition, CancellationToken token)\n   --- End of inner exception stack trace ---\n   at OpenQA.Selenium.Support.UI.DefaultWait`1.ThrowTimeoutException(String exceptionMessage, Exception lastException)\n   at OpenQA.Selenium.Support.UI.DefaultWait`1.Until[TResult](Func`2 condition, CancellationToken token)\n   at OpenQA.Selenium.Support.UI.DefaultWait`1.Until[TResult](Func`2 condition)\n   at OdinUiTests.Pages.LibraryPage.ScrollUntilMaterialOrCatalogIsInView(Boolean isMaterial, String name) in /azp/_work/1/s/Pages/LibraryPage.cs:line 555\n   at OdinUiTests.Pages.LibraryPage.__a$_around_RemoveMaterial_100666910_o(String materialName, Boolean withRightClick) in /azp/_work/1/s/Pages/LibraryPage.cs:line 139\n   at OdinUiTests.Pages.LibraryPage.__a$_around_RemoveMaterial_100666910_u(Object[])\n   at Allure.Net.Commons.Steps.AllureAbstractStepAspect.WrapSync[T](Func`2 target, Object[] args, MethodBase metadata, String stepName, List`1 stepParameters)"
      },
      "stage": "finished",
      "steps": [],
      "attachments": [],
      "parameters": [
        {
          "name": "materialName",
          "value": "\"Lorem ipsum dolor sit amet, consectetur adipiscing elit. Etiam pulvinar, est vel iaculis fringilla, eros libero lobortis diam, et cursus arcu ex ut dui.\"",
          "excluded": false
        },
        {
          "name": "withRightClick",
          "value": "true",
          "excluded": false
        }
      ],
      "start": 1757993763198,
      "stop": 1757993796640
    }
  ],
  "attachments": [
    {
      "name": "CheckDeleteDisciplineTemplateFromWhichDisciplineIsCreated.jpg",
      "source": "1c253de1-eb6d-4ba9-ae8f-de7f148bc91d-attachment.jpg",
      "type": "image/jpeg"
    },
    {
      "name": "Console Output",
      "source": "056aa1ed-1afb-47d3-afc1-f346c318a94c-attachment.txt",
      "type": "text/plain"
    }
  ],
  "parameters": [],
  "start": 1757993746403,
  "stop": 1757993797068
}