{
  "uuid": "98963931-d4c8-45bd-bf4a-673461f39557",
  "historyId": "4110d174402c874b84c9dae557426c62",
  "testCaseId": "0e43212833eb88132cd8ee8e868f77b1",
  "fullName": "OdinUiTests:OdinUiTests.Tests.Discipline.DisciplineDurationTests.CheckIfDatesFilledCorrectInDiscipline()",
  "labels": [
    {
      "name": "thread",
      "value": "NUnit.Fw.ParallelWorker#4"
    },
    {
      "name": "host",
      "value": "20167aff1a21"
    },
    {
      "name": "language",
      "value": "C#"
    },
    {
      "name": "framework",
      "value": "NUnit 3"
    },
    {
      "name": "package",
      "value": "OdinUiTests.Tests.Discipline"
    },
    {
      "name": "testMethod",
      "value": "CheckIfDatesFilledCorrectInDiscipline"
    },
    {
      "name": "testClass",
      "value": "DisciplineDurationTests"
    },
    {
      "name": "suite",
      "value": "Дисциплина"
    },
    {
      "name": "subSuite",
      "value": "Редактирование дисциплины"
    },
    {
      "name": "severity",
      "value": "critical"
    },
    {
      "name": "tag",
      "value": "Дисциплина"
    },
    {
      "name": "tag",
      "value": "Дежурство"
    },
    {
      "name": "tag",
      "value": "Регресс"
    }
  ],
  "links": [],
  "name": "Успешное сохранение, если обе даты заполнены",
  "status": "broken",
  "statusDetails": {
    "known": false,
    "muted": false,
    "flaky": false,
    "message": "System.Reflection.TargetInvocationException : Exception has been thrown by the target of an invocation.\n  ----> OpenQA.Selenium.WebDriverTimeoutException : Timed out after 30 seconds\n  ----> OpenQA.Selenium.NoSuchElementException : no such element: Unable to locate element: {\"method\":\"css selector\",\"selector\":\".date [type='text']\"}\n  (Session info: chrome=132.0.6834.83); For documentation on this error, please visit: https://www.selenium.dev/documentation/webdriver/troubleshooting/errors#no-such-element-exception",
    "trace": "   at System.Reflection.MethodBaseInvoker.InvokeWithManyArgs(Object obj, BindingFlags invokeAttr, Binder binder, Object[] parameters, CultureInfo culture)\n   at Allure.Net.Commons.Steps.AllureStepAspectBase.Around(String name, Object[] args, Func`2 target, MethodBase metadata, Type returnType)\n   at OdinUiTests.Pages.DisCommonEditPage.__a$_around_AddStartDate_100666593_w_0(Object[])\n   at OdinUiTests.Pages.DisCommonEditPage.AddStartDate(String startDate)\n   at OdinUiTests.Tests.Discipline.DisciplineDurationTests.CheckIfDatesFilledCorrectInDiscipline() in /azp/_work/12/s/Tests/Discipline/DisCreateEditTests.cs:line 1150\n   at System.RuntimeMethodHandle.InvokeMethod(Object target, Void** arguments, Signature sig, Boolean isConstructor)\n   at System.Reflection.MethodBaseInvoker.InvokeWithNoArgs(Object obj, BindingFlags invokeAttr)\n--WebDriverTimeoutException\n   at OpenQA.Selenium.Support.UI.DefaultWait`1.ThrowTimeoutException(String exceptionMessage, Exception lastException)\n   at OpenQA.Selenium.Support.UI.DefaultWait`1.Until[TResult](Func`2 condition, CancellationToken token)\n   at OpenQA.Selenium.Support.UI.DefaultWait`1.Until[TResult](Func`2 condition)\n   at OdinUiTests.Services.CommonService.AddDate(IWebDriver driver, Boolean isCohort, Boolean isStartDate, Boolean onlyOneDate, String date) in /azp/_work/12/s/Services/CommonService.cs:line 214\n   at OdinUiTests.Pages.DisCommonEditPage.__a$_around_AddStartDate_100666593_o(String startDate) in /azp/_work/12/s/Pages/DisCommonEditPage.cs:line 266\n   at OdinUiTests.Pages.DisCommonEditPage.__a$_around_AddStartDate_100666593_u(Object[])\n   at Allure.Net.Commons.Steps.AllureAbstractStepAspect.WrapSync[T](Func`2 target, Object[] args, MethodBase metadata, String stepName, List`1 stepParameters)\n   at InvokeStub_AllureAbstractStepAspect.WrapSync(Object, Span`1)\n   at System.Reflection.MethodBaseInvoker.InvokeWithManyArgs(Object obj, BindingFlags invokeAttr, Binder binder, Object[] parameters, CultureInfo culture)\n--NoSuchElementException\n   at OpenQA.Selenium.WebDriver.UnpackAndThrowOnError(Response errorResponse, String commandToExecute)\n   at OpenQA.Selenium.WebDriver.ExecuteAsync(String driverCommandToExecute, Dictionary`2 parameters)\n   at SeleniumExtras.WaitHelpers.ExpectedConditions.<>c__DisplayClass19_0.<ElementToBeClickable>b__0(IWebDriver driver)\n   at OpenQA.Selenium.Support.UI.DefaultWait`1.Until[TResult](Func`2 condition, CancellationToken token)"
  },
  "stage": "finished",
  "steps": [
    {
      "name": "Открыть страницу редактирования дисциплины",
      "status": "passed",
      "statusDetails": {
        "known": false,
        "muted": false,
        "flaky": false
      },
      "stage": "finished",
      "steps": [],
      "attachments": [],
      "parameters": [
        {
          "name": "disciplineId",
          "value": "\"5944\"",
          "excluded": false
        }
      ],
      "start": 1745245926774,
      "stop": 1745245950279
    },
    {
      "name": "Выбрать дату начала дисциплины",
      "status": "broken",
      "statusDetails": {
        "known": false,
        "muted": false,
        "flaky": false,
        "message": "Timed out after 30 seconds",
        "trace": "OpenQA.Selenium.WebDriverTimeoutException: Timed out after 30 seconds\n ---> OpenQA.Selenium.NoSuchElementException: no such element: Unable to locate element: {\"method\":\"css selector\",\"selector\":\".date [type='text']\"}\n  (Session info: chrome=132.0.6834.83); For documentation on this error, please visit: https://www.selenium.dev/documentation/webdriver/troubleshooting/errors#no-such-element-exception\n   at OpenQA.Selenium.WebDriver.UnpackAndThrowOnError(Response errorResponse, String commandToExecute)\n   at OpenQA.Selenium.WebDriver.ExecuteAsync(String driverCommandToExecute, Dictionary`2 parameters)\n   at SeleniumExtras.WaitHelpers.ExpectedConditions.<>c__DisplayClass19_0.<ElementToBeClickable>b__0(IWebDriver driver)\n   at OpenQA.Selenium.Support.UI.DefaultWait`1.Until[TResult](Func`2 condition, CancellationToken token)\n   --- End of inner exception stack trace ---\n   at OpenQA.Selenium.Support.UI.DefaultWait`1.ThrowTimeoutException(String exceptionMessage, Exception lastException)\n   at OpenQA.Selenium.Support.UI.DefaultWait`1.Until[TResult](Func`2 condition, CancellationToken token)\n   at OpenQA.Selenium.Support.UI.DefaultWait`1.Until[TResult](Func`2 condition)\n   at OdinUiTests.Services.CommonService.AddDate(IWebDriver driver, Boolean isCohort, Boolean isStartDate, Boolean onlyOneDate, String date) in /azp/_work/12/s/Services/CommonService.cs:line 214\n   at OdinUiTests.Pages.DisCommonEditPage.__a$_around_AddStartDate_100666593_o(String startDate) in /azp/_work/12/s/Pages/DisCommonEditPage.cs:line 266\n   at OdinUiTests.Pages.DisCommonEditPage.__a$_around_AddStartDate_100666593_u(Object[])\n   at Allure.Net.Commons.Steps.AllureAbstractStepAspect.WrapSync[T](Func`2 target, Object[] args, MethodBase metadata, String stepName, List`1 stepParameters)"
      },
      "stage": "finished",
      "steps": [],
      "attachments": [],
      "parameters": [
        {
          "name": "startDate",
          "value": "\"16.04.2025\"",
          "excluded": false
        }
      ],
      "start": 1745245950282,
      "stop": 1745245985296
    }
  ],
  "attachments": [
    {
      "name": "CheckIfDatesFilledCorrectInDiscipline.jpg",
      "source": "b5ec2453-ef7e-42fd-8905-bcddeaec4f3b-attachment.jpg",
      "type": "image/jpeg"
    },
    {
      "name": "Console Output",
      "source": "82bf05c7-7df1-4b27-a314-a6104e9127ce-attachment.txt",
      "type": "text/plain"
    }
  ],
  "parameters": [],
  "start": 1745245926772,
  "stop": 1745246013897
}