{
  "uuid": "54debf7b-47b2-42eb-a916-48c8f64bd81b",
  "historyId": "3512c63e42c75f1e3a303fdfd92a4308",
  "testCaseId": "f493b7e78697aba7d3be3432d9c0459f",
  "fullName": "OdinUiTests:OdinUiTests.Tests.Chat.NotesChatTests.CheckSendMessageByTappingEnterInNotesChat()",
  "labels": [
    {
      "name": "thread",
      "value": "NUnit.Fw.ParallelWorker#4"
    },
    {
      "name": "host",
      "value": "729fdeebefa1"
    },
    {
      "name": "language",
      "value": "C#"
    },
    {
      "name": "framework",
      "value": "NUnit 3"
    },
    {
      "name": "package",
      "value": "OdinUiTests.Tests.Chat"
    },
    {
      "name": "testMethod",
      "value": "CheckSendMessageByTappingEnterInNotesChat"
    },
    {
      "name": "testClass",
      "value": "NotesChatTests"
    },
    {
      "name": "suite",
      "value": "Чат"
    },
    {
      "name": "subSuite",
      "value": "Чат для заметок"
    },
    {
      "name": "severity",
      "value": "normal"
    },
    {
      "name": "tag",
      "value": "Чат"
    },
    {
      "name": "tag",
      "value": "Дежурство"
    },
    {
      "name": "tag",
      "value": "Регресс"
    }
  ],
  "links": [],
  "name": "Можно отправить сообщения по нажатию на Enter в чате для заметок",
  "status": "broken",
  "statusDetails": {
    "known": false,
    "muted": false,
    "flaky": false,
    "message": "System.Reflection.TargetInvocationException : Exception has been thrown by the target of an invocation.\n  ----> OpenQA.Selenium.WebDriverTimeoutException : Timed out after 30 seconds\n  ----> OpenQA.Selenium.NoSuchElementException : no such element: Unable to locate element: {\"method\":\"css selector\",\"selector\":\".q\\-editor__content\"}\n  (Session info: chrome=132.0.6834.83); For documentation on this error, please visit: https://www.selenium.dev/documentation/webdriver/troubleshooting/errors#no-such-element-exception",
    "trace": "   at System.Reflection.MethodBaseInvoker.InvokeWithManyArgs(Object obj, BindingFlags invokeAttr, Binder binder, Object[] parameters, CultureInfo culture)\n   at Allure.Net.Commons.Steps.AllureStepAspectBase.Around(String name, Object[] args, Func`2 target, MethodBase metadata, Type returnType)\n   at OdinUiTests.Pages.ChatCommonPage.__a$_around_OpenPersonalChatForNotes_100666267_w_0(Object[])\n   at OdinUiTests.Pages.ChatCommonPage.OpenPersonalChatForNotes()\n   at OdinUiTests.Pages.ChatCommonPage.OpenChatPage(String chatId) in /azp/_work/1/s/Pages/ChatCommonPage.cs:line 267\n   at OdinUiTests.Tests.Chat.ChatCommon.SendMessageByTappingEnter(IWebDriver driver, String chatId, Boolean isMinichat) in /azp/_work/1/s/Tests/Chat/ChatCommon.cs:line 366\n   at OdinUiTests.Tests.Chat.ChatCommon.SendMessageByTappingEnter(IWebDriver driver) in /azp/_work/1/s/Tests/Chat/ChatCommon.cs:line 379\n   at OdinUiTests.Tests.Chat.NotesChatTests.CheckSendMessageByTappingEnterInNotesChat() in /azp/_work/1/s/Tests/Chat/ChatTests.cs:line 1032\n   at System.RuntimeMethodHandle.InvokeMethod(Object target, Void** arguments, Signature sig, Boolean isConstructor)\n   at System.Reflection.MethodBaseInvoker.InvokeWithNoArgs(Object obj, BindingFlags invokeAttr)\n--WebDriverTimeoutException\n   at OpenQA.Selenium.Support.UI.DefaultWait`1.ThrowTimeoutException(String exceptionMessage, Exception lastException)\n   at OpenQA.Selenium.Support.UI.DefaultWait`1.Until[TResult](Func`2 condition, CancellationToken token)\n   at OpenQA.Selenium.Support.UI.DefaultWait`1.Until[TResult](Func`2 condition)\n   at OdinUiTests.Pages.ChatCommonPage.WaitIfChatHasSomeMessage(String needToCheck, Boolean needToSendMessage) in /azp/_work/1/s/Pages/ChatCommonPage.cs:line 1090\n   at OdinUiTests.Pages.ChatCommonPage.WaitIfChatHasSomeMessage(Boolean needToSendMessage) in /azp/_work/1/s/Pages/ChatCommonPage.cs:line 1116\n   at OdinUiTests.Pages.ChatCommonPage.__a$_around_OpenPersonalChatForNotes_100666267_o() in /azp/_work/1/s/Pages/ChatCommonPage.cs:line 275\n   at OdinUiTests.Pages.ChatCommonPage.__a$_around_OpenPersonalChatForNotes_100666267_u(Object[])\n   at Allure.Net.Commons.Steps.AllureAbstractStepAspect.WrapSync[T](Func`2 target, Object[] args, MethodBase metadata, String stepName, List`1 stepParameters)\n   at InvokeStub_AllureAbstractStepAspect.WrapSync(Object, Span`1)\n   at System.Reflection.MethodBaseInvoker.InvokeWithManyArgs(Object obj, BindingFlags invokeAttr, Binder binder, Object[] parameters, CultureInfo culture)\n--NoSuchElementException\n   at OpenQA.Selenium.WebDriver.UnpackAndThrowOnError(Response errorResponse, String commandToExecute)\n   at OpenQA.Selenium.WebDriver.ExecuteAsync(String driverCommandToExecute, Dictionary`2 parameters)\n   at SeleniumExtras.WaitHelpers.ExpectedConditions.<>c__DisplayClass19_0.<ElementToBeClickable>b__0(IWebDriver driver)\n   at OpenQA.Selenium.Support.UI.DefaultWait`1.Until[TResult](Func`2 condition, CancellationToken token)"
  },
  "stage": "finished",
  "steps": [
    {
      "name": "Открыть личный чат для заметок",
      "status": "broken",
      "statusDetails": {
        "known": false,
        "muted": false,
        "flaky": false,
        "message": "Timed out after 30 seconds",
        "trace": "OpenQA.Selenium.WebDriverTimeoutException: Timed out after 30 seconds\n ---> OpenQA.Selenium.NoSuchElementException: no such element: Unable to locate element: {\"method\":\"css selector\",\"selector\":\".q\\-editor__content\"}\n  (Session info: chrome=132.0.6834.83); For documentation on this error, please visit: https://www.selenium.dev/documentation/webdriver/troubleshooting/errors#no-such-element-exception\n   at OpenQA.Selenium.WebDriver.UnpackAndThrowOnError(Response errorResponse, String commandToExecute)\n   at OpenQA.Selenium.WebDriver.ExecuteAsync(String driverCommandToExecute, Dictionary`2 parameters)\n   at SeleniumExtras.WaitHelpers.ExpectedConditions.<>c__DisplayClass19_0.<ElementToBeClickable>b__0(IWebDriver driver)\n   at OpenQA.Selenium.Support.UI.DefaultWait`1.Until[TResult](Func`2 condition, CancellationToken token)\n   --- End of inner exception stack trace ---\n   at OpenQA.Selenium.Support.UI.DefaultWait`1.ThrowTimeoutException(String exceptionMessage, Exception lastException)\n   at OpenQA.Selenium.Support.UI.DefaultWait`1.Until[TResult](Func`2 condition, CancellationToken token)\n   at OpenQA.Selenium.Support.UI.DefaultWait`1.Until[TResult](Func`2 condition)\n   at OdinUiTests.Pages.ChatCommonPage.WaitIfChatHasSomeMessage(String needToCheck, Boolean needToSendMessage) in /azp/_work/1/s/Pages/ChatCommonPage.cs:line 1090\n   at OdinUiTests.Pages.ChatCommonPage.WaitIfChatHasSomeMessage(Boolean needToSendMessage) in /azp/_work/1/s/Pages/ChatCommonPage.cs:line 1116\n   at OdinUiTests.Pages.ChatCommonPage.__a$_around_OpenPersonalChatForNotes_100666267_o() in /azp/_work/1/s/Pages/ChatCommonPage.cs:line 275\n   at OdinUiTests.Pages.ChatCommonPage.__a$_around_OpenPersonalChatForNotes_100666267_u(Object[])\n   at Allure.Net.Commons.Steps.AllureAbstractStepAspect.WrapSync[T](Func`2 target, Object[] args, MethodBase metadata, String stepName, List`1 stepParameters)"
      },
      "stage": "finished",
      "steps": [],
      "attachments": [],
      "parameters": [],
      "start": 1753146902464,
      "stop": 1753146936641
    }
  ],
  "attachments": [
    {
      "name": "CheckSendMessageByTappingEnterInNotesChat.jpg",
      "source": "7073dc0c-fc09-482b-880b-93cfc4a57c35-attachment.jpg",
      "type": "image/jpeg"
    },
    {
      "name": "Console Output",
      "source": "222abfc9-313d-4513-8f00-62d7901905e0-attachment.txt",
      "type": "text/plain"
    }
  ],
  "parameters": [],
  "start": 1753146902464,
  "stop": 1753146939656
}