{
  "uuid": "4799fe11-cd34-4d27-b816-76472e8496b8",
  "historyId": "f492a93fd369d894c0cc9b6462790059",
  "testCaseId": "763b3b7e82f9a9ccdd5eef361a631f45",
  "fullName": "OdinUiTests:OdinUiTests.Tests.Library.TestAddingQuestionsTests.CheckAddSortingTestQuestion()",
  "labels": [
    {
      "name": "thread",
      "value": "NUnit.Fw.ParallelWorker#9"
    },
    {
      "name": "host",
      "value": "5a23bfea9c57"
    },
    {
      "name": "language",
      "value": "C#"
    },
    {
      "name": "framework",
      "value": "NUnit 3"
    },
    {
      "name": "package",
      "value": "OdinUiTests.Tests.Library"
    },
    {
      "name": "testMethod",
      "value": "CheckAddSortingTestQuestion"
    },
    {
      "name": "testClass",
      "value": "TestAddingQuestionsTests"
    },
    {
      "name": "suite",
      "value": "Материал"
    },
    {
      "name": "subSuite",
      "value": "Конструктор теста"
    },
    {
      "name": "severity",
      "value": "critical"
    },
    {
      "name": "tag",
      "value": "Материал"
    },
    {
      "name": "tag",
      "value": "Дежурство"
    },
    {
      "name": "tag",
      "value": "Регресс"
    }
  ],
  "links": [],
  "name": "Конструктор теста: можно добавить вопрос с типом ответа “Сортировка”",
  "status": "broken",
  "statusDetails": {
    "known": false,
    "muted": false,
    "flaky": false,
    "message": "System.Reflection.TargetInvocationException : Exception has been thrown by the target of an invocation.\n  ----> OpenQA.Selenium.WebDriverTimeoutException : Timed out after 30 seconds\n  ----> OpenQA.Selenium.NoSuchElementException : no such element: Unable to locate element: {\"method\":\"xpath\",\"selector\":\"//div[contains(text(),'Сохраняем')]\"}\n  (Session info: chrome=140.0.7339.127); For documentation on this error, please visit: https://www.selenium.dev/documentation/webdriver/troubleshooting/errors#no-such-element-exception",
    "trace": "   at System.Reflection.MethodBaseInvoker.InvokeWithManyArgs(Object obj, BindingFlags invokeAttr, Binder binder, Object[] parameters, CultureInfo culture)\n   at Allure.Net.Commons.Steps.AllureStepAspectBase.Around(String name, Object[] args, Func`2 target, MethodBase metadata, Type returnType)\n   at OdinUiTests.Pages.TestCommonEditPage.__a$_around_SaveChanges_100667152_w_0(Object[])\n   at OdinUiTests.Pages.TestCommonEditPage.SaveChanges()\n   at OdinUiTests.Pages.TestCommonEditPage.<>c__DisplayClass77_0.<ChooseTypeOfQuestion>b__0() in /azp/_work/2/s/Pages/TestCommonEditPage.cs:line 293\n   at Allure.Net.Commons.AllureApi.ExecuteAction[T](String name, Action`1 start, Func`1 action, Action`1 resolve)\n   at Allure.Net.Commons.AllureApi.Step(String name, Action action)\n   at OdinUiTests.Pages.TestCommonEditPage.ChooseTypeOfQuestion(String questionType) in /azp/_work/2/s/Pages/TestCommonEditPage.cs:line 284\n   at OdinUiTests.Tests.Library.TestCreateEditCommon.AddQuestionWithSortingOption(IWebDriver driver, String id, Int32 numOfAnswer) in /azp/_work/2/s/Tests/Library/TestCreateEditCommon.cs:line 422\n   at OdinUiTests.Tests.Library.TestAddingQuestionsTests.CheckAddSortingTestQuestion() in /azp/_work/2/s/Tests/Library/TestCreateEditTests.cs:line 403\n   at System.RuntimeMethodHandle.InvokeMethod(Object target, Void** arguments, Signature sig, Boolean isConstructor)\n   at System.Reflection.MethodBaseInvoker.InvokeWithNoArgs(Object obj, BindingFlags invokeAttr)\n--WebDriverTimeoutException\n   at OpenQA.Selenium.Support.UI.DefaultWait`1.ThrowTimeoutException(String exceptionMessage, Exception lastException)\n   at OpenQA.Selenium.Support.UI.DefaultWait`1.Until[TResult](Func`2 condition, CancellationToken token)\n   at OpenQA.Selenium.Support.UI.DefaultWait`1.Until[TResult](Func`2 condition)\n   at OdinUiTests.Pages.TestCommonEditPage.__a$_around_SaveChanges_100667152_o() in /azp/_work/2/s/Pages/TestCommonEditPage.cs:line 104\n   at OdinUiTests.Pages.TestCommonEditPage.__a$_around_SaveChanges_100667152_u(Object[])\n   at Allure.Net.Commons.Steps.AllureAbstractStepAspect.WrapSync[T](Func`2 target, Object[] args, MethodBase metadata, String stepName, List`1 stepParameters)\n   at InvokeStub_AllureAbstractStepAspect.WrapSync(Object, Span`1)\n   at System.Reflection.MethodBaseInvoker.InvokeWithManyArgs(Object obj, BindingFlags invokeAttr, Binder binder, Object[] parameters, CultureInfo culture)\n--NoSuchElementException\n   at OpenQA.Selenium.WebDriver.UnpackAndThrowOnError(Response errorResponse, String commandToExecute)\n   at OpenQA.Selenium.WebDriver.ExecuteAsync(String driverCommandToExecute, Dictionary`2 parameters)\n   at OpenQA.Selenium.WebDriver.Execute(String driverCommandToExecute, Dictionary`2 parameters)\n   at OpenQA.Selenium.WebDriver.FindElement(String mechanism, String value)\n   at SeleniumExtras.WaitHelpers.ExpectedConditions.<>c__DisplayClass7_0.<ElementIsVisible>b__0(IWebDriver driver)\n   at OpenQA.Selenium.Support.UI.DefaultWait`1.Until[TResult](Func`2 condition, CancellationToken token)"
  },
  "stage": "finished",
  "steps": [
    {
      "name": "Открыть страницу материала",
      "status": "passed",
      "statusDetails": {
        "known": false,
        "muted": false,
        "flaky": false
      },
      "stage": "finished",
      "steps": [],
      "attachments": [],
      "parameters": [
        {
          "name": "id",
          "value": "\"20\"",
          "excluded": false
        }
      ],
      "start": 1758208226142,
      "stop": 1758208226525
    },
    {
      "name": "Нажать на кнопку “Редактировать”",
      "status": "passed",
      "statusDetails": {
        "known": false,
        "muted": false,
        "flaky": false
      },
      "stage": "finished",
      "steps": [],
      "attachments": [],
      "parameters": [],
      "start": 1758208247594,
      "stop": 1758208248778
    },
    {
      "name": "Нажать на кнопку “Добавить еще вопрос”",
      "status": "passed",
      "statusDetails": {
        "known": false,
        "muted": false,
        "flaky": false
      },
      "stage": "finished",
      "steps": [
        {
          "name": "Подождать пока появится слово “Сохранено”",
          "status": "passed",
          "statusDetails": {
            "known": false,
            "muted": false,
            "flaky": false
          },
          "stage": "finished",
          "steps": [],
          "attachments": [],
          "parameters": [],
          "start": 1758208252219,
          "stop": 1758208253954
        }
      ],
      "attachments": [],
      "parameters": [],
      "start": 1758208248778,
      "stop": 1758208253962
    },
    {
      "name": "Выбрать тип ответа “Сортировка”",
      "status": "broken",
      "statusDetails": {
        "known": false,
        "muted": false,
        "flaky": false,
        "message": "Exception has been thrown by the target of an invocation.",
        "trace": "System.Reflection.TargetInvocationException: Exception has been thrown by the target of an invocation.\n ---> OpenQA.Selenium.WebDriverTimeoutException: Timed out after 30 seconds\n ---> OpenQA.Selenium.NoSuchElementException: no such element: Unable to locate element: {\"method\":\"xpath\",\"selector\":\"//div[contains(text(),'Сохраняем')]\"}\n  (Session info: chrome=140.0.7339.127); For documentation on this error, please visit: https://www.selenium.dev/documentation/webdriver/troubleshooting/errors#no-such-element-exception\n   at OpenQA.Selenium.WebDriver.UnpackAndThrowOnError(Response errorResponse, String commandToExecute)\n   at OpenQA.Selenium.WebDriver.ExecuteAsync(String driverCommandToExecute, Dictionary`2 parameters)\n   at OpenQA.Selenium.WebDriver.Execute(String driverCommandToExecute, Dictionary`2 parameters)\n   at OpenQA.Selenium.WebDriver.FindElement(String mechanism, String value)\n   at SeleniumExtras.WaitHelpers.ExpectedConditions.<>c__DisplayClass7_0.<ElementIsVisible>b__0(IWebDriver driver)\n   at OpenQA.Selenium.Support.UI.DefaultWait`1.Until[TResult](Func`2 condition, CancellationToken token)\n   --- End of inner exception stack trace ---\n   at OpenQA.Selenium.Support.UI.DefaultWait`1.ThrowTimeoutException(String exceptionMessage, Exception lastException)\n   at OpenQA.Selenium.Support.UI.DefaultWait`1.Until[TResult](Func`2 condition, CancellationToken token)\n   at OpenQA.Selenium.Support.UI.DefaultWait`1.Until[TResult](Func`2 condition)\n   at OdinUiTests.Pages.TestCommonEditPage.__a$_around_SaveChanges_100667152_o() in /azp/_work/2/s/Pages/TestCommonEditPage.cs:line 104\n   at OdinUiTests.Pages.TestCommonEditPage.__a$_around_SaveChanges_100667152_u(Object[])\n   at Allure.Net.Commons.Steps.AllureAbstractStepAspect.WrapSync[T](Func`2 target, Object[] args, MethodBase metadata, String stepName, List`1 stepParameters)\n   at InvokeStub_AllureAbstractStepAspect.WrapSync(Object, Span`1)\n   at System.Reflection.MethodBaseInvoker.InvokeWithManyArgs(Object obj, BindingFlags invokeAttr, Binder binder, Object[] parameters, CultureInfo culture)\n   --- End of inner exception stack trace ---\n   at System.Reflection.MethodBaseInvoker.InvokeWithManyArgs(Object obj, BindingFlags invokeAttr, Binder binder, Object[] parameters, CultureInfo culture)\n   at Allure.Net.Commons.Steps.AllureStepAspectBase.Around(String name, Object[] args, Func`2 target, MethodBase metadata, Type returnType)\n   at OdinUiTests.Pages.TestCommonEditPage.__a$_around_SaveChanges_100667152_w_0(Object[])\n   at OdinUiTests.Pages.TestCommonEditPage.SaveChanges()\n   at OdinUiTests.Pages.TestCommonEditPage.<>c__DisplayClass77_0.<ChooseTypeOfQuestion>b__0() in /azp/_work/2/s/Pages/TestCommonEditPage.cs:line 293\n   at Allure.Net.Commons.AllureApi.ExecuteAction[T](String name, Action`1 start, Func`1 action, Action`1 resolve)\n   at Allure.Net.Commons.AllureApi.Step(String name, Action action)\n   at OdinUiTests.Pages.TestCommonEditPage.ChooseTypeOfQuestion(String questionType) in /azp/_work/2/s/Pages/TestCommonEditPage.cs:line 284\n   at OdinUiTests.Tests.Library.TestCreateEditCommon.AddQuestionWithSortingOption(IWebDriver driver, String id, Int32 numOfAnswer) in /azp/_work/2/s/Tests/Library/TestCreateEditCommon.cs:line 422\n   at OdinUiTests.Tests.Library.TestAddingQuestionsTests.CheckAddSortingTestQuestion() in /azp/_work/2/s/Tests/Library/TestCreateEditTests.cs:line 403\n   at System.RuntimeMethodHandle.InvokeMethod(Object target, Void** arguments, Signature sig, Boolean isConstructor)\n   at System.Reflection.MethodBaseInvoker.InvokeWithNoArgs(Object obj, BindingFlags invokeAttr)"
      },
      "stage": "finished",
      "steps": [
        {
          "name": "Подождать пока появится слово “Сохранено”",
          "status": "broken",
          "statusDetails": {
            "known": false,
            "muted": false,
            "flaky": false,
            "message": "Timed out after 30 seconds",
            "trace": "OpenQA.Selenium.WebDriverTimeoutException: Timed out after 30 seconds\n ---> OpenQA.Selenium.NoSuchElementException: no such element: Unable to locate element: {\"method\":\"xpath\",\"selector\":\"//div[contains(text(),'Сохраняем')]\"}\n  (Session info: chrome=140.0.7339.127); For documentation on this error, please visit: https://www.selenium.dev/documentation/webdriver/troubleshooting/errors#no-such-element-exception\n   at OpenQA.Selenium.WebDriver.UnpackAndThrowOnError(Response errorResponse, String commandToExecute)\n   at OpenQA.Selenium.WebDriver.ExecuteAsync(String driverCommandToExecute, Dictionary`2 parameters)\n   at OpenQA.Selenium.WebDriver.Execute(String driverCommandToExecute, Dictionary`2 parameters)\n   at OpenQA.Selenium.WebDriver.FindElement(String mechanism, String value)\n   at SeleniumExtras.WaitHelpers.ExpectedConditions.<>c__DisplayClass7_0.<ElementIsVisible>b__0(IWebDriver driver)\n   at OpenQA.Selenium.Support.UI.DefaultWait`1.Until[TResult](Func`2 condition, CancellationToken token)\n   --- End of inner exception stack trace ---\n   at OpenQA.Selenium.Support.UI.DefaultWait`1.ThrowTimeoutException(String exceptionMessage, Exception lastException)\n   at OpenQA.Selenium.Support.UI.DefaultWait`1.Until[TResult](Func`2 condition, CancellationToken token)\n   at OpenQA.Selenium.Support.UI.DefaultWait`1.Until[TResult](Func`2 condition)\n   at OdinUiTests.Pages.TestCommonEditPage.__a$_around_SaveChanges_100667152_o() in /azp/_work/2/s/Pages/TestCommonEditPage.cs:line 104\n   at OdinUiTests.Pages.TestCommonEditPage.__a$_around_SaveChanges_100667152_u(Object[])\n   at Allure.Net.Commons.Steps.AllureAbstractStepAspect.WrapSync[T](Func`2 target, Object[] args, MethodBase metadata, String stepName, List`1 stepParameters)"
          },
          "stage": "finished",
          "steps": [],
          "attachments": [],
          "parameters": [],
          "start": 1758208255822,
          "stop": 1758208285871
        }
      ],
      "attachments": [],
      "parameters": [],
      "start": 1758208253962,
      "stop": 1758208285872
    }
  ],
  "attachments": [
    {
      "name": "CheckAddSortingTestQuestion.jpg",
      "source": "15ec99fe-a1d2-4e5e-88f7-656a208cf373-attachment.jpg",
      "type": "image/jpeg"
    },
    {
      "name": "Console Output",
      "source": "4320df35-3f47-4d76-b771-9f007e9016fe-attachment.txt",
      "type": "text/plain"
    }
  ],
  "parameters": [],
  "start": 1758208226142,
  "stop": 1758208286048
}