{
  "uuid": "a1c4c185-212b-432c-8005-3713019763c1",
  "historyId": "19bec8872a6aeba3ccaf6abe0297d2cf",
  "testCaseId": "0f72cb421eb9aad587b6b0bd7595b4f1",
  "fullName": "OdinUiTests:OdinUiTests.Tests.Activity.TestActivityAddingTests.CheckAddTextMaterialToControlTypeActivity()",
  "labels": [
    {
      "name": "thread",
      "value": "NUnit.Fw.ParallelWorker#1"
    },
    {
      "name": "host",
      "value": "9710115e10c6"
    },
    {
      "name": "language",
      "value": "C#"
    },
    {
      "name": "framework",
      "value": "NUnit 3"
    },
    {
      "name": "package",
      "value": "OdinUiTests.Tests.Activity"
    },
    {
      "name": "testMethod",
      "value": "CheckAddTextMaterialToControlTypeActivity"
    },
    {
      "name": "testClass",
      "value": "TestActivityAddingTests"
    },
    {
      "name": "parentSuite",
      "value": "Активность"
    },
    {
      "name": "suite",
      "value": "Контрольная"
    },
    {
      "name": "subSuite",
      "value": "Редактирование контрольной"
    },
    {
      "name": "severity",
      "value": "critical"
    },
    {
      "name": "tag",
      "value": "Активность"
    },
    {
      "name": "tag",
      "value": "Дежурство"
    },
    {
      "name": "tag",
      "value": "Регресс"
    }
  ],
  "links": [],
  "name": "Можно добавить материал типа Текст из Библиотеки в контрольную",
  "status": "broken",
  "statusDetails": {
    "known": false,
    "muted": false,
    "flaky": false,
    "message": "OpenQA.Selenium.WebDriverTimeoutException : Timed out after 30 seconds\n  ----> OpenQA.Selenium.NoSuchElementException : no such element: Unable to locate element: {\"method\":\"css selector\",\"selector\":\".rename-input .ellipsis\"}\n  (Session info: chrome=132.0.6834.83); For documentation on this error, please visit: https://www.selenium.dev/documentation/webdriver/troubleshooting/errors#no-such-element-exception",
    "trace": "   at OpenQA.Selenium.Support.UI.DefaultWait`1.ThrowTimeoutException(String exceptionMessage, Exception lastException)\n   at OpenQA.Selenium.Support.UI.DefaultWait`1.Until[TResult](Func`2 condition, CancellationToken token)\n   at OpenQA.Selenium.Support.UI.DefaultWait`1.Until[TResult](Func`2 condition)\n   at OdinUiTests.Services.CommonService.ChooseMaterialByName(IWebDriver driver, List`1 materialName, Boolean fromInfoPage) in /azp/_work/1/s/Services/CommonService.cs:line 182\n   at OdinUiTests.Pages.ActivityCommonEditPage.<>c__DisplayClass99_0.<AddMaterialByName>b__0() in /azp/_work/1/s/Pages/ActivityCommonEditPage.cs:line 395\n   at Allure.Net.Commons.AllureApi.<>c__DisplayClass34_0.<Step>b__0()\n   at Allure.Net.Commons.AllureApi.ExecuteAction[T](String name, Action`1 start, Func`1 action, Action`1 resolve)\n   at Allure.Net.Commons.AllureApi.ExecuteStep[T](String name, Func`1 action)\n   at Allure.Net.Commons.AllureApi.Step(String name, Action action)\n   at OdinUiTests.Pages.ActivityCommonEditPage.AddMaterialByName(String type, String name) in /azp/_work/1/s/Pages/ActivityCommonEditPage.cs:line 393\n   at OdinUiTests.Tests.Activity.ActivityCommon.AddMaterialFromLibrary(IWebDriver driver, Boolean isTemplate, String id, String type, String name) in /azp/_work/1/s/Tests/Activity/ActivityCommon.cs:line 84\n   at OdinUiTests.Tests.Activity.ActivityCommon.AddTextMaterialToActivity(IWebDriver driver, String activityId) in /azp/_work/1/s/Tests/Activity/ActivityCommon.cs:line 131\n   at OdinUiTests.Tests.Activity.TestActivityAddingTests.CheckAddTextMaterialToControlTypeActivity() in /azp/_work/1/s/Tests/Activity/TestActivityTests.cs:line 139\n   at System.RuntimeMethodHandle.InvokeMethod(Object target, Void** arguments, Signature sig, Boolean isConstructor)\n   at System.Reflection.MethodBaseInvoker.InvokeWithNoArgs(Object obj, BindingFlags invokeAttr)\n--NoSuchElementException\n   at OpenQA.Selenium.WebDriver.UnpackAndThrowOnError(Response errorResponse, String commandToExecute)\n   at OpenQA.Selenium.WebDriver.ExecuteAsync(String driverCommandToExecute, Dictionary`2 parameters)\n   at SeleniumExtras.WaitHelpers.ExpectedConditions.<>c__DisplayClass19_0.<ElementToBeClickable>b__0(IWebDriver driver)\n   at OpenQA.Selenium.Support.UI.DefaultWait`1.Until[TResult](Func`2 condition, CancellationToken token)"
  },
  "stage": "finished",
  "steps": [
    {
      "name": "Открыть страницу редактирования активности",
      "status": "passed",
      "statusDetails": {
        "known": false,
        "muted": false,
        "flaky": false
      },
      "stage": "finished",
      "steps": [
        {
          "name": "Открыть страницу редактирования активности",
          "status": "passed",
          "statusDetails": {
            "known": false,
            "muted": false,
            "flaky": false
          },
          "stage": "finished",
          "steps": [],
          "attachments": [],
          "parameters": [
            {
              "name": "activityId",
              "value": "\"10085\"",
              "excluded": false
            }
          ],
          "start": 1745368282227,
          "stop": 1745368284621
        }
      ],
      "attachments": [],
      "parameters": [
        {
          "name": "isTemplate",
          "value": "false",
          "excluded": false
        },
        {
          "name": "id",
          "value": "\"10085\"",
          "excluded": false
        }
      ],
      "start": 1745368282227,
      "stop": 1745368284621
    },
    {
      "name": "Нажать на кнопку 'Добавить материалы'",
      "status": "passed",
      "statusDetails": {
        "known": false,
        "muted": false,
        "flaky": false
      },
      "stage": "finished",
      "steps": [],
      "attachments": [],
      "parameters": [],
      "start": 1745368284621,
      "stop": 1745368298823
    },
    {
      "name": "Выбрать материал типа 'Текст' из Библиотеки по названию и подтвердить выбор",
      "status": "broken",
      "statusDetails": {
        "known": false,
        "muted": false,
        "flaky": false,
        "message": "Timed out after 30 seconds",
        "trace": "OpenQA.Selenium.WebDriverTimeoutException: Timed out after 30 seconds\n ---> OpenQA.Selenium.NoSuchElementException: no such element: Unable to locate element: {\"method\":\"css selector\",\"selector\":\".rename-input .ellipsis\"}\n  (Session info: chrome=132.0.6834.83); For documentation on this error, please visit: https://www.selenium.dev/documentation/webdriver/troubleshooting/errors#no-such-element-exception\n   at OpenQA.Selenium.WebDriver.UnpackAndThrowOnError(Response errorResponse, String commandToExecute)\n   at OpenQA.Selenium.WebDriver.ExecuteAsync(String driverCommandToExecute, Dictionary`2 parameters)\n   at SeleniumExtras.WaitHelpers.ExpectedConditions.<>c__DisplayClass19_0.<ElementToBeClickable>b__0(IWebDriver driver)\n   at OpenQA.Selenium.Support.UI.DefaultWait`1.Until[TResult](Func`2 condition, CancellationToken token)\n   --- End of inner exception stack trace ---\n   at OpenQA.Selenium.Support.UI.DefaultWait`1.ThrowTimeoutException(String exceptionMessage, Exception lastException)\n   at OpenQA.Selenium.Support.UI.DefaultWait`1.Until[TResult](Func`2 condition, CancellationToken token)\n   at OpenQA.Selenium.Support.UI.DefaultWait`1.Until[TResult](Func`2 condition)\n   at OdinUiTests.Services.CommonService.ChooseMaterialByName(IWebDriver driver, List`1 materialName, Boolean fromInfoPage) in /azp/_work/1/s/Services/CommonService.cs:line 182\n   at OdinUiTests.Pages.ActivityCommonEditPage.<>c__DisplayClass99_0.<AddMaterialByName>b__0() in /azp/_work/1/s/Pages/ActivityCommonEditPage.cs:line 395\n   at Allure.Net.Commons.AllureApi.<>c__DisplayClass34_0.<Step>b__0()\n   at Allure.Net.Commons.AllureApi.ExecuteAction[T](String name, Action`1 start, Func`1 action, Action`1 resolve)\n   at Allure.Net.Commons.AllureApi.ExecuteStep[T](String name, Func`1 action)\n   at Allure.Net.Commons.AllureApi.Step(String name, Action action)\n   at OdinUiTests.Pages.ActivityCommonEditPage.AddMaterialByName(String type, String name) in /azp/_work/1/s/Pages/ActivityCommonEditPage.cs:line 393\n   at OdinUiTests.Tests.Activity.ActivityCommon.AddMaterialFromLibrary(IWebDriver driver, Boolean isTemplate, String id, String type, String name) in /azp/_work/1/s/Tests/Activity/ActivityCommon.cs:line 84\n   at OdinUiTests.Tests.Activity.ActivityCommon.AddTextMaterialToActivity(IWebDriver driver, String activityId) in /azp/_work/1/s/Tests/Activity/ActivityCommon.cs:line 131\n   at OdinUiTests.Tests.Activity.TestActivityAddingTests.CheckAddTextMaterialToControlTypeActivity() in /azp/_work/1/s/Tests/Activity/TestActivityTests.cs:line 139\n   at System.RuntimeMethodHandle.InvokeMethod(Object target, Void** arguments, Signature sig, Boolean isConstructor)\n   at System.Reflection.MethodBaseInvoker.InvokeWithNoArgs(Object obj, BindingFlags invokeAttr)"
      },
      "stage": "finished",
      "steps": [],
      "attachments": [],
      "parameters": [],
      "start": 1745368298823,
      "stop": 1745368329227
    }
  ],
  "attachments": [
    {
      "name": "CheckAddTextMaterialToControlTypeActivity.jpg",
      "source": "4ebf55f7-3bc4-491a-8995-829deca8a64b-attachment.jpg",
      "type": "image/jpeg"
    },
    {
      "name": "Console Output",
      "source": "f8bc144d-0add-4445-a3b0-024d11f07e55-attachment.txt",
      "type": "text/plain"
    }
  ],
  "parameters": [],
  "start": 1745368280920,
  "stop": 1745368332128
}