{
  "uuid": "0d0788d5-ad6a-450e-b199-ec9f803eec34",
  "historyId": "33e21b9be5de997de08fe513a0a2e800",
  "testCaseId": "681976a96883855ce28393151363bbc3",
  "fullName": "OdinUiTests:OdinUiTests.Tests.Exams.ExamCreateEditTests.ImportStudentsExamErrorFile()",
  "labels": [
    {
      "name": "thread",
      "value": "NUnit.Fw.ParallelWorker#8"
    },
    {
      "name": "host",
      "value": "332bdd974c45"
    },
    {
      "name": "language",
      "value": "C#"
    },
    {
      "name": "framework",
      "value": "NUnit 3"
    },
    {
      "name": "package",
      "value": "OdinUiTests.Tests.Exams"
    },
    {
      "name": "testMethod",
      "value": "ImportStudentsExamErrorFile"
    },
    {
      "name": "testClass",
      "value": "ExamCreateEditTests"
    },
    {
      "name": "suite",
      "value": "Экзамен"
    },
    {
      "name": "severity",
      "value": "normal"
    },
    {
      "name": "tag",
      "value": "Экзамен"
    },
    {
      "name": "tag",
      "value": "Дежурство"
    },
    {
      "name": "tag",
      "value": "Регресс"
    }
  ],
  "links": [],
  "name": "Проверка импорта студентов через некорректный файл",
  "status": "broken",
  "statusDetails": {
    "known": false,
    "muted": false,
    "flaky": false,
    "message": "System.Reflection.TargetInvocationException : Exception has been thrown by the target of an invocation.\n  ----> OpenQA.Selenium.WebDriverTimeoutException : Timed out after 30 seconds\n  ----> OpenQA.Selenium.NoSuchElementException : no such element: Unable to locate element: {\"method\":\"xpath\",\"selector\":\"//table//i[text()='more_vert']\"}\n  (Session info: chrome=140.0.7339.127); For documentation on this error, please visit: https://www.selenium.dev/documentation/webdriver/troubleshooting/errors#no-such-element-exception",
    "trace": "   at System.Reflection.MethodBaseInvoker.InvokeWithManyArgs(Object obj, BindingFlags invokeAttr, Binder binder, Object[] parameters, CultureInfo culture)\n   at Allure.Net.Commons.Steps.AllureStepAspectBase.Around(String name, Object[] args, Func`2 target, MethodBase metadata, Type returnType)\n   at OdinUiTests.Pages.ProgramInfoPage.__a$_around_ClickOnImportExamButton_100667118_w_0(Object[])\n   at OdinUiTests.Pages.ProgramInfoPage.ClickOnImportExamButton()\n   at OdinUiTests.Tests.Exams.ExamCreateEditTests.ImportStudentsExamErrorFile() in /azp/_work/11/s/Tests/Exams/TestCenterTests.cs:line 256\n   at System.RuntimeMethodHandle.InvokeMethod(Object target, Void** arguments, Signature sig, Boolean isConstructor)\n   at System.Reflection.MethodBaseInvoker.InvokeWithNoArgs(Object obj, BindingFlags invokeAttr)\n--WebDriverTimeoutException\n   at OpenQA.Selenium.Support.UI.DefaultWait`1.ThrowTimeoutException(String exceptionMessage, Exception lastException)\n   at OpenQA.Selenium.Support.UI.DefaultWait`1.Until[TResult](Func`2 condition, CancellationToken token)\n   at OpenQA.Selenium.Support.UI.DefaultWait`1.Until[TResult](Func`2 condition)\n   at OdinUiTests.Pages.ProgramInfoPage.__a$_around_ClickOnImportExamButton_100667118_o() in /azp/_work/11/s/Pages/ProgramInfoPage.cs:line 521\n   at OdinUiTests.Pages.ProgramInfoPage.__a$_around_ClickOnImportExamButton_100667118_u(Object[])\n   at Allure.Net.Commons.Steps.AllureAbstractStepAspect.WrapSync[T](Func`2 target, Object[] args, MethodBase metadata, String stepName, List`1 stepParameters)\n   at InvokeStub_AllureAbstractStepAspect.WrapSync(Object, Span`1)\n   at System.Reflection.MethodBaseInvoker.InvokeWithManyArgs(Object obj, BindingFlags invokeAttr, Binder binder, Object[] parameters, CultureInfo culture)\n--NoSuchElementException\n   at OpenQA.Selenium.WebDriver.UnpackAndThrowOnError(Response errorResponse, String commandToExecute)\n   at OpenQA.Selenium.WebDriver.ExecuteAsync(String driverCommandToExecute, Dictionary`2 parameters)\n   at SeleniumExtras.WaitHelpers.ExpectedConditions.<>c__DisplayClass19_0.<ElementToBeClickable>b__0(IWebDriver driver)\n   at OpenQA.Selenium.Support.UI.DefaultWait`1.Until[TResult](Func`2 condition, CancellationToken token)"
  },
  "stage": "finished",
  "steps": [
    {
      "name": "Открыть страницу образовательной программы",
      "status": "passed",
      "statusDetails": {
        "known": false,
        "muted": false,
        "flaky": false
      },
      "stage": "finished",
      "steps": [],
      "attachments": [],
      "parameters": [
        {
          "name": "programId",
          "value": "\"17251\"",
          "excluded": false
        }
      ],
      "start": 1761270149279,
      "stop": 1761270150958
    },
    {
      "name": "Получить количество студентов",
      "status": "passed",
      "statusDetails": {
        "known": false,
        "muted": false,
        "flaky": false
      },
      "stage": "finished",
      "steps": [],
      "attachments": [],
      "parameters": [
        {
          "name": "programId",
          "value": "\"17251\"",
          "excluded": false
        }
      ],
      "start": 1761270150958,
      "stop": 1761270151122
    },
    {
      "name": "Нажать на кнопку Импорт экзамена",
      "status": "broken",
      "statusDetails": {
        "known": false,
        "muted": false,
        "flaky": false,
        "message": "Timed out after 30 seconds",
        "trace": "OpenQA.Selenium.WebDriverTimeoutException: Timed out after 30 seconds\n ---> OpenQA.Selenium.NoSuchElementException: no such element: Unable to locate element: {\"method\":\"xpath\",\"selector\":\"//table//i[text()='more_vert']\"}\n  (Session info: chrome=140.0.7339.127); For documentation on this error, please visit: https://www.selenium.dev/documentation/webdriver/troubleshooting/errors#no-such-element-exception\n   at OpenQA.Selenium.WebDriver.UnpackAndThrowOnError(Response errorResponse, String commandToExecute)\n   at OpenQA.Selenium.WebDriver.ExecuteAsync(String driverCommandToExecute, Dictionary`2 parameters)\n   at SeleniumExtras.WaitHelpers.ExpectedConditions.<>c__DisplayClass19_0.<ElementToBeClickable>b__0(IWebDriver driver)\n   at OpenQA.Selenium.Support.UI.DefaultWait`1.Until[TResult](Func`2 condition, CancellationToken token)\n   --- End of inner exception stack trace ---\n   at OpenQA.Selenium.Support.UI.DefaultWait`1.ThrowTimeoutException(String exceptionMessage, Exception lastException)\n   at OpenQA.Selenium.Support.UI.DefaultWait`1.Until[TResult](Func`2 condition, CancellationToken token)\n   at OpenQA.Selenium.Support.UI.DefaultWait`1.Until[TResult](Func`2 condition)\n   at OdinUiTests.Pages.ProgramInfoPage.__a$_around_ClickOnImportExamButton_100667118_o() in /azp/_work/11/s/Pages/ProgramInfoPage.cs:line 521\n   at OdinUiTests.Pages.ProgramInfoPage.__a$_around_ClickOnImportExamButton_100667118_u(Object[])\n   at Allure.Net.Commons.Steps.AllureAbstractStepAspect.WrapSync[T](Func`2 target, Object[] args, MethodBase metadata, String stepName, List`1 stepParameters)"
      },
      "stage": "finished",
      "steps": [],
      "attachments": [],
      "parameters": [],
      "start": 1761270151122,
      "stop": 1761270181329
    }
  ],
  "attachments": [
    {
      "name": "ImportStudentsExamErrorFile.jpg",
      "source": "dbd67a17-a1bf-42bb-bc9e-d35d42806543-attachment.jpg",
      "type": "image/jpeg"
    },
    {
      "name": "Console Output",
      "source": "e6f387ef-9667-417b-874b-5e25c0c47993-attachment.txt",
      "type": "text/plain"
    }
  ],
  "parameters": [],
  "start": 1761270149271,
  "stop": 1761270183826
}