{
  "uuid": "f22589a5-a6d9-4a48-acf9-fb23bc8f7f25",
  "historyId": "d98906138f4de93f44b101e6088a5a1f",
  "testCaseId": "45f53fb7573c13bdd05d7ede5d71d827",
  "fullName": "OdinUiTests:OdinUiTests.Tests.Activity.ActivityEditingTests.CheckClearAddedTagFromActivity()",
  "labels": [
    {
      "name": "thread",
      "value": "ParallelWorker#5"
    },
    {
      "name": "host",
      "value": "f3f74a66ccdb"
    },
    {
      "name": "language",
      "value": "C#"
    },
    {
      "name": "framework",
      "value": "NUnit 3"
    },
    {
      "name": "package",
      "value": "OdinUiTests.Tests.Activity"
    },
    {
      "name": "testMethod",
      "value": "CheckClearAddedTagFromActivity"
    },
    {
      "name": "testClass",
      "value": "ActivityEditingTests"
    },
    {
      "name": "parentSuite",
      "value": "Активность"
    },
    {
      "name": "suite",
      "value": "Обычная активность"
    },
    {
      "name": "subSuite",
      "value": "Редактирование активности"
    },
    {
      "name": "severity",
      "value": "critical"
    },
    {
      "name": "tag",
      "value": "Активность"
    },
    {
      "name": "tag",
      "value": "Дежурство"
    },
    {
      "name": "tag",
      "value": "Регресс"
    }
  ],
  "links": [],
  "name": "Можно очистить теги знаний",
  "status": "broken",
  "statusDetails": {
    "known": false,
    "muted": false,
    "flaky": false,
    "message": "OpenQA.Selenium.WebDriverTimeoutException : Timed out after 30 seconds\n  ----> OpenQA.Selenium.NoSuchElementException : no such element: Unable to locate element: {\"method\":\"xpath\",\"selector\":\"//div[contains(@class,'knowledge-label-chip-avatar')]\"}\n  (Session info: chrome-headless-shell=126.0.6478.126); For documentation on this error, please visit: https://www.selenium.dev/documentation/webdriver/troubleshooting/errors#no-such-element-exception",
    "trace": "   at OpenQA.Selenium.Support.UI.DefaultWait`1.ThrowTimeoutException(String exceptionMessage, Exception lastException)\n   at OpenQA.Selenium.Support.UI.DefaultWait`1.Until[TResult](Func`2 condition, CancellationToken token)\n   at OpenQA.Selenium.Support.UI.DefaultWait`1.Until[TResult](Func`2 condition)\n   at OdinUiTests.Services.CommonService.ClearTag(IWebDriver driver) in /azp/_work/1/s/Services/CommonService.cs:line 354\n   at OdinUiTests.Pages.ActivityCommonEditPage.__a$_around_ClearTagFromActivity_100665963_o() in /azp/_work/1/s/Pages/ActivityCommonEditPage.cs:line 375\n   at OdinUiTests.Pages.ActivityCommonEditPage.__a$_around_ClearTagFromActivity_100665963_u(Object[])\n   at Allure.Net.Commons.Steps.AllureAbstractStepAspect.WrapSync[T](Func`2 target, Object[] args, MethodBase metadata, String stepName, List`1 stepParameters)\n   at InvokeStub_AllureAbstractStepAspect.WrapSync(Object, Span`1)\n   at System.Reflection.MethodBaseInvoker.InvokeWithManyArgs(Object obj, BindingFlags invokeAttr, Binder binder, Object[] parameters, CultureInfo culture)\n--NoSuchElementException\n   at OpenQA.Selenium.WebDriver.UnpackAndThrowOnError(Response errorResponse, String commandToExecute)\n   at OpenQA.Selenium.WebDriver.ExecuteAsync(String driverCommandToExecute, Dictionary`2 parameters)\n   at SeleniumExtras.WaitHelpers.ExpectedConditions.<>c__DisplayClass19_0.<ElementToBeClickable>b__0(IWebDriver driver)\n   at OpenQA.Selenium.Support.UI.DefaultWait`1.Until[TResult](Func`2 condition, CancellationToken token)"
  },
  "stage": "finished",
  "steps": [
    {
      "name": "Открыть страницу редактирования активности",
      "status": "passed",
      "statusDetails": {
        "known": false,
        "muted": false,
        "flaky": false
      },
      "stage": "finished",
      "steps": [
        {
          "name": "Открыть страницу редактирования активности",
          "status": "passed",
          "statusDetails": {
            "known": false,
            "muted": false,
            "flaky": false
          },
          "stage": "finished",
          "steps": [],
          "attachments": [],
          "parameters": [
            {
              "name": "activityId",
              "value": "\"447\"",
              "excluded": false
            }
          ],
          "start": 1733424316848,
          "stop": 1733424317039
        }
      ],
      "attachments": [],
      "parameters": [
        {
          "name": "isTemplate",
          "value": "false",
          "excluded": false
        },
        {
          "name": "id",
          "value": "\"447\"",
          "excluded": false
        }
      ],
      "start": 1733424316848,
      "stop": 1733424317039
    },
    {
      "name": "Очистить теги в активности",
      "status": "broken",
      "statusDetails": {
        "known": false,
        "muted": false,
        "flaky": false,
        "message": "Timed out after 30 seconds",
        "trace": "OpenQA.Selenium.WebDriverTimeoutException: Timed out after 30 seconds\n ---> OpenQA.Selenium.NoSuchElementException: no such element: Unable to locate element: {\"method\":\"xpath\",\"selector\":\"//div[contains(@class,'knowledge-label-chip-avatar')]\"}\n  (Session info: chrome-headless-shell=126.0.6478.126); For documentation on this error, please visit: https://www.selenium.dev/documentation/webdriver/troubleshooting/errors#no-such-element-exception\n   at OpenQA.Selenium.WebDriver.UnpackAndThrowOnError(Response errorResponse, String commandToExecute)\n   at OpenQA.Selenium.WebDriver.ExecuteAsync(String driverCommandToExecute, Dictionary`2 parameters)\n   at SeleniumExtras.WaitHelpers.ExpectedConditions.<>c__DisplayClass19_0.<ElementToBeClickable>b__0(IWebDriver driver)\n   at OpenQA.Selenium.Support.UI.DefaultWait`1.Until[TResult](Func`2 condition, CancellationToken token)\n   --- End of inner exception stack trace ---\n   at OpenQA.Selenium.Support.UI.DefaultWait`1.ThrowTimeoutException(String exceptionMessage, Exception lastException)\n   at OpenQA.Selenium.Support.UI.DefaultWait`1.Until[TResult](Func`2 condition, CancellationToken token)\n   at OpenQA.Selenium.Support.UI.DefaultWait`1.Until[TResult](Func`2 condition)\n   at OdinUiTests.Services.CommonService.ClearTag(IWebDriver driver) in /azp/_work/1/s/Services/CommonService.cs:line 354\n   at OdinUiTests.Pages.ActivityCommonEditPage.__a$_around_ClearTagFromActivity_100665963_o() in /azp/_work/1/s/Pages/ActivityCommonEditPage.cs:line 375\n   at OdinUiTests.Pages.ActivityCommonEditPage.__a$_around_ClearTagFromActivity_100665963_u(Object[])\n   at Allure.Net.Commons.Steps.AllureAbstractStepAspect.WrapSync[T](Func`2 target, Object[] args, MethodBase metadata, String stepName, List`1 stepParameters)"
      },
      "stage": "finished",
      "steps": [],
      "attachments": [],
      "parameters": [],
      "start": 1733424317040,
      "stop": 1733424347118
    }
  ],
  "attachments": [
    {
      "name": "CheckClearAddedTagFromActivity.jpg",
      "source": "df2ff536-14e9-4afc-a659-f9cb87ff80f3-attachment.jpg",
      "type": "image/jpeg"
    },
    {
      "name": "Console Output",
      "source": "eb558556-4504-4cac-9d68-9d527565be41-attachment.txt",
      "type": "text/plain"
    }
  ],
  "parameters": [],
  "start": 1733424316225,
  "stop": 1733424347330
}