{
  "uuid": "f4c04675-5073-4167-92f8-831512d135a7",
  "historyId": "508b75a85c6343dba73c0b9763d76604",
  "testCaseId": "b733d5dcd9573ec99866d6bc1c6c21db",
  "fullName": "OdinUiTests:OdinUiTests.Tests.Activity.TestActivityAddingTests.CheckAddTestToControlTypeActivity()",
  "labels": [
    {
      "name": "thread",
      "value": "ParallelWorker#10"
    },
    {
      "name": "host",
      "value": "a7ecdd31d7e2"
    },
    {
      "name": "language",
      "value": "C#"
    },
    {
      "name": "framework",
      "value": "NUnit 3"
    },
    {
      "name": "package",
      "value": "OdinUiTests.Tests.Activity"
    },
    {
      "name": "testMethod",
      "value": "CheckAddTestToControlTypeActivity"
    },
    {
      "name": "testClass",
      "value": "TestActivityAddingTests"
    },
    {
      "name": "parentSuite",
      "value": "Активность"
    },
    {
      "name": "suite",
      "value": "Контрольная"
    },
    {
      "name": "subSuite",
      "value": "Редактирование контрольной"
    },
    {
      "name": "severity",
      "value": "critical"
    },
    {
      "name": "tag",
      "value": "Активность"
    },
    {
      "name": "tag",
      "value": "Дежурство"
    },
    {
      "name": "tag",
      "value": "Регресс"
    }
  ],
  "links": [],
  "name": "Можно добавить материал типа Тест из Библиотеки в контрольную",
  "status": "broken",
  "statusDetails": {
    "known": false,
    "muted": false,
    "flaky": false,
    "message": "OpenQA.Selenium.WebDriverTimeoutException : Timed out after 30 seconds\n  ----> OpenQA.Selenium.NoSuchElementException : no such element: Unable to locate element: {\"method\":\"xpath\",\"selector\":\"//span[contains(text(),'Добавить материалы')]\"}\n  (Session info: chrome-headless-shell=126.0.6478.126); For documentation on this error, please visit: https://www.selenium.dev/documentation/webdriver/troubleshooting/errors#no-such-element-exception",
    "trace": "   at OpenQA.Selenium.Support.UI.DefaultWait`1.ThrowTimeoutException(String exceptionMessage, Exception lastException)\n   at OpenQA.Selenium.Support.UI.DefaultWait`1.Until[TResult](Func`2 condition, CancellationToken token)\n   at OpenQA.Selenium.Support.UI.DefaultWait`1.Until[TResult](Func`2 condition)\n   at OdinUiTests.Pages.ActivityCommonEditPage.__a$_around_ClickOnAddMaterialButton_100665968_o() in /azp/_work/1/s/Pages/ActivityCommonEditPage.cs:line 415\n   at OdinUiTests.Pages.ActivityCommonEditPage.__a$_around_ClickOnAddMaterialButton_100665968_u(Object[])\n   at Allure.Net.Commons.Steps.AllureAbstractStepAspect.WrapSync[T](Func`2 target, Object[] args, MethodBase metadata, String stepName, List`1 stepParameters)\n   at InvokeStub_AllureAbstractStepAspect.WrapSync(Object, Span`1)\n   at System.Reflection.MethodBaseInvoker.InvokeWithManyArgs(Object obj, BindingFlags invokeAttr, Binder binder, Object[] parameters, CultureInfo culture)\n--NoSuchElementException\n   at OpenQA.Selenium.WebDriver.UnpackAndThrowOnError(Response errorResponse, String commandToExecute)\n   at OpenQA.Selenium.WebDriver.ExecuteAsync(String driverCommandToExecute, Dictionary`2 parameters)\n   at SeleniumExtras.WaitHelpers.ExpectedConditions.<>c__DisplayClass19_0.<ElementToBeClickable>b__0(IWebDriver driver)\n   at OpenQA.Selenium.Support.UI.DefaultWait`1.Until[TResult](Func`2 condition, CancellationToken token)"
  },
  "stage": "finished",
  "steps": [
    {
      "name": "Открыть страницу редактирования активности",
      "status": "passed",
      "statusDetails": {
        "known": false,
        "muted": false,
        "flaky": false
      },
      "stage": "finished",
      "steps": [
        {
          "name": "Открыть страницу редактирования активности",
          "status": "passed",
          "statusDetails": {
            "known": false,
            "muted": false,
            "flaky": false
          },
          "stage": "finished",
          "steps": [],
          "attachments": [],
          "parameters": [
            {
              "name": "activityId",
              "value": "\"10085\"",
              "excluded": false
            }
          ],
          "start": 1734579216593,
          "stop": 1734579217072
        }
      ],
      "attachments": [],
      "parameters": [
        {
          "name": "isTemplate",
          "value": "false",
          "excluded": false
        },
        {
          "name": "id",
          "value": "\"10085\"",
          "excluded": false
        }
      ],
      "start": 1734579216593,
      "stop": 1734579217072
    },
    {
      "name": "Нажать на кнопку 'Добавить материалы'",
      "status": "broken",
      "statusDetails": {
        "known": false,
        "muted": false,
        "flaky": false,
        "message": "Timed out after 30 seconds",
        "trace": "OpenQA.Selenium.WebDriverTimeoutException: Timed out after 30 seconds\n ---> OpenQA.Selenium.NoSuchElementException: no such element: Unable to locate element: {\"method\":\"xpath\",\"selector\":\"//span[contains(text(),'Добавить материалы')]\"}\n  (Session info: chrome-headless-shell=126.0.6478.126); For documentation on this error, please visit: https://www.selenium.dev/documentation/webdriver/troubleshooting/errors#no-such-element-exception\n   at OpenQA.Selenium.WebDriver.UnpackAndThrowOnError(Response errorResponse, String commandToExecute)\n   at OpenQA.Selenium.WebDriver.ExecuteAsync(String driverCommandToExecute, Dictionary`2 parameters)\n   at SeleniumExtras.WaitHelpers.ExpectedConditions.<>c__DisplayClass19_0.<ElementToBeClickable>b__0(IWebDriver driver)\n   at OpenQA.Selenium.Support.UI.DefaultWait`1.Until[TResult](Func`2 condition, CancellationToken token)\n   --- End of inner exception stack trace ---\n   at OpenQA.Selenium.Support.UI.DefaultWait`1.ThrowTimeoutException(String exceptionMessage, Exception lastException)\n   at OpenQA.Selenium.Support.UI.DefaultWait`1.Until[TResult](Func`2 condition, CancellationToken token)\n   at OpenQA.Selenium.Support.UI.DefaultWait`1.Until[TResult](Func`2 condition)\n   at OdinUiTests.Pages.ActivityCommonEditPage.__a$_around_ClickOnAddMaterialButton_100665968_o() in /azp/_work/1/s/Pages/ActivityCommonEditPage.cs:line 415\n   at OdinUiTests.Pages.ActivityCommonEditPage.__a$_around_ClickOnAddMaterialButton_100665968_u(Object[])\n   at Allure.Net.Commons.Steps.AllureAbstractStepAspect.WrapSync[T](Func`2 target, Object[] args, MethodBase metadata, String stepName, List`1 stepParameters)"
      },
      "stage": "finished",
      "steps": [],
      "attachments": [],
      "parameters": [],
      "start": 1734579217073,
      "stop": 1734579247191
    }
  ],
  "attachments": [
    {
      "name": "CheckAddTestToControlTypeActivity.jpg",
      "source": "b113fb8f-9c6f-4ca2-9c05-9078e7319256-attachment.jpg",
      "type": "image/jpeg"
    },
    {
      "name": "Console Output",
      "source": "7086679b-8dbe-4ec1-a51f-76cfe4725cef-attachment.txt",
      "type": "text/plain"
    }
  ],
  "parameters": [],
  "start": 1734579198675,
  "stop": 1734579247385
}