{
  "uuid": "99a820db-22d3-4b13-888b-c09374e94c11",
  "historyId": "07928f39887ed44841d397219fced04b",
  "testCaseId": "d511b04b4f01dfbbbc0b6194b094ae40",
  "fullName": "OdinUiTests:OdinUiTests.Tests.Activity.TestActivityEditingTests.CheckSuccessSaveWithCorrectValueInMinThresholdField()",
  "labels": [
    {
      "name": "thread",
      "value": "NUnit.Fw.ParallelWorker#8"
    },
    {
      "name": "host",
      "value": "794c3458397b"
    },
    {
      "name": "language",
      "value": "C#"
    },
    {
      "name": "framework",
      "value": "NUnit 3"
    },
    {
      "name": "package",
      "value": "OdinUiTests.Tests.Activity"
    },
    {
      "name": "testMethod",
      "value": "CheckSuccessSaveWithCorrectValueInMinThresholdField"
    },
    {
      "name": "testClass",
      "value": "TestActivityEditingTests"
    },
    {
      "name": "parentSuite",
      "value": "Активность"
    },
    {
      "name": "suite",
      "value": "Контрольная"
    },
    {
      "name": "subSuite",
      "value": "Редактирование контрольной"
    },
    {
      "name": "severity",
      "value": "critical"
    },
    {
      "name": "tag",
      "value": "Активность"
    },
    {
      "name": "tag",
      "value": "Дежурство"
    },
    {
      "name": "tag",
      "value": "Регресс"
    }
  ],
  "links": [],
  "name": "Успешное сохранение при корректных значениях в поле Минимальный порог баллов",
  "status": "broken",
  "statusDetails": {
    "known": false,
    "muted": false,
    "flaky": false,
    "message": "System.Reflection.TargetInvocationException : Exception has been thrown by the target of an invocation.\n  ----> OpenQA.Selenium.WebDriverTimeoutException : Timed out after 30 seconds\n  ----> OpenQA.Selenium.NoSuchElementException : no such element: Unable to locate element: {\"method\":\"xpath\",\"selector\":\"//div[contains(text(),'Порог прохождения')]/following-sibling::span\"}\n  (Session info: chrome=132.0.6834.83); For documentation on this error, please visit: https://www.selenium.dev/documentation/webdriver/troubleshooting/errors#no-such-element-exception",
    "trace": "   at System.Reflection.MethodBaseInvoker.InvokeWithManyArgs(Object obj, BindingFlags invokeAttr, Binder binder, Object[] parameters, CultureInfo culture)\n   at Allure.Net.Commons.Steps.AllureStepAspectBase.Around(String name, Object[] args, Func`2 target, MethodBase metadata, Type returnType)\n   at OdinUiTests.Pages.ActivityCommonPage.__a$_around_CheckActivityMinThresholdIsChanged_100666136_w_0(Object[])\n   at OdinUiTests.Pages.ActivityCommonPage.CheckActivityMinThresholdIsChanged(String minThreshold)\n   at OdinUiTests.Pages.ActivityCommonPage.CheckActivityMinThresholdIsChanged(String minThreshold, Boolean isTemplate) in /azp/_work/1/s/Pages/ActivityCommonPage.cs:line 936\n   at OdinUiTests.Tests.Activity.ActivityCommon.EditMinThresholdWithCorrectValue(IWebDriver driver, Boolean isTemplate, String id) in /azp/_work/1/s/Tests/Activity/ActivityCommon.cs:line 294\n   at OdinUiTests.Tests.Activity.ActivityCommon.EditMinThresholdWithCorrectValueInActivity(IWebDriver driver, String activityId) in /azp/_work/1/s/Tests/Activity/ActivityCommon.cs:line 303\n   at OdinUiTests.Tests.Activity.TestActivityEditingTests.CheckSuccessSaveWithCorrectValueInMinThresholdField() in /azp/_work/1/s/Tests/Activity/TestActivityTests.cs:line 236\n   at System.RuntimeMethodHandle.InvokeMethod(Object target, Void** arguments, Signature sig, Boolean isConstructor)\n   at System.Reflection.MethodBaseInvoker.InvokeWithNoArgs(Object obj, BindingFlags invokeAttr)\n--WebDriverTimeoutException\n   at OpenQA.Selenium.Support.UI.DefaultWait`1.ThrowTimeoutException(String exceptionMessage, Exception lastException)\n   at OpenQA.Selenium.Support.UI.DefaultWait`1.Until[TResult](Func`2 condition, CancellationToken token)\n   at OpenQA.Selenium.Support.UI.DefaultWait`1.Until[TResult](Func`2 condition)\n   at OdinUiTests.Pages.ActivityCommonPage.ActivityMinThresholdIsChanged(String minThreshold) in /azp/_work/1/s/Pages/ActivityCommonPage.cs:line 918\n   at OdinUiTests.Pages.ActivityCommonPage.__a$_around_CheckActivityMinThresholdIsChanged_100666136_o(String minThreshold) in /azp/_work/1/s/Pages/ActivityCommonPage.cs:line 925\n   at OdinUiTests.Pages.ActivityCommonPage.__a$_around_CheckActivityMinThresholdIsChanged_100666136_u(Object[])\n   at Allure.Net.Commons.Steps.AllureAbstractStepAspect.WrapSync[T](Func`2 target, Object[] args, MethodBase metadata, String stepName, List`1 stepParameters)\n   at InvokeStub_AllureAbstractStepAspect.WrapSync(Object, Span`1)\n   at System.Reflection.MethodBaseInvoker.InvokeWithManyArgs(Object obj, BindingFlags invokeAttr, Binder binder, Object[] parameters, CultureInfo culture)\n--NoSuchElementException\n   at OpenQA.Selenium.WebDriver.UnpackAndThrowOnError(Response errorResponse, String commandToExecute)\n   at OpenQA.Selenium.WebDriver.ExecuteAsync(String driverCommandToExecute, Dictionary`2 parameters)\n   at OpenQA.Selenium.WebDriver.Execute(String driverCommandToExecute, Dictionary`2 parameters)\n   at OpenQA.Selenium.WebDriver.FindElement(String mechanism, String value)\n   at SeleniumExtras.WaitHelpers.ExpectedConditions.<>c__DisplayClass19_0.<ElementToBeClickable>b__0(IWebDriver driver)\n   at OpenQA.Selenium.Support.UI.DefaultWait`1.Until[TResult](Func`2 condition, CancellationToken token)"
  },
  "stage": "finished",
  "steps": [
    {
      "name": "Открыть страницу редактирования активности",
      "status": "passed",
      "statusDetails": {
        "known": false,
        "muted": false,
        "flaky": false
      },
      "stage": "finished",
      "steps": [
        {
          "name": "Открыть страницу редактирования активности",
          "status": "passed",
          "statusDetails": {
            "known": false,
            "muted": false,
            "flaky": false
          },
          "stage": "finished",
          "steps": [],
          "attachments": [],
          "parameters": [
            {
              "name": "activityId",
              "value": "\"94\"",
              "excluded": false
            }
          ],
          "start": 1747207473014,
          "stop": 1747207476807
        }
      ],
      "attachments": [],
      "parameters": [
        {
          "name": "isTemplate",
          "value": "false",
          "excluded": false
        },
        {
          "name": "id",
          "value": "\"94\"",
          "excluded": false
        }
      ],
      "start": 1747207473014,
      "stop": 1747207476807
    },
    {
      "name": "В поле 'Минимальный порог баллов' ввести значение 18",
      "status": "passed",
      "stage": "finished",
      "steps": [],
      "attachments": [],
      "parameters": [],
      "start": 1747207476807,
      "stop": 1747207499911
    },
    {
      "name": "Нажать на кнопку ‘Сохранить’",
      "status": "passed",
      "statusDetails": {
        "known": false,
        "muted": false,
        "flaky": false
      },
      "stage": "finished",
      "steps": [
        {
          "name": "Нажать на кнопку 'Сохранить' и подтвердить сохранение",
          "status": "passed",
          "statusDetails": {
            "known": false,
            "muted": false,
            "flaky": false
          },
          "stage": "finished",
          "steps": [],
          "attachments": [],
          "parameters": [],
          "start": 1747207499912,
          "stop": 1747207506600
        }
      ],
      "attachments": [],
      "parameters": [
        {
          "name": "isTemplate",
          "value": "false",
          "excluded": false
        }
      ],
      "start": 1747207499911,
      "stop": 1747207506600
    },
    {
      "name": "Проверка того, что на странице активности сохранено значение временного лимита",
      "status": "broken",
      "statusDetails": {
        "known": false,
        "muted": false,
        "flaky": false,
        "message": "Timed out after 30 seconds",
        "trace": "OpenQA.Selenium.WebDriverTimeoutException: Timed out after 30 seconds\n ---> OpenQA.Selenium.NoSuchElementException: no such element: Unable to locate element: {\"method\":\"xpath\",\"selector\":\"//div[contains(text(),'Порог прохождения')]/following-sibling::span\"}\n  (Session info: chrome=132.0.6834.83); For documentation on this error, please visit: https://www.selenium.dev/documentation/webdriver/troubleshooting/errors#no-such-element-exception\n   at OpenQA.Selenium.WebDriver.UnpackAndThrowOnError(Response errorResponse, String commandToExecute)\n   at OpenQA.Selenium.WebDriver.ExecuteAsync(String driverCommandToExecute, Dictionary`2 parameters)\n   at OpenQA.Selenium.WebDriver.Execute(String driverCommandToExecute, Dictionary`2 parameters)\n   at OpenQA.Selenium.WebDriver.FindElement(String mechanism, String value)\n   at SeleniumExtras.WaitHelpers.ExpectedConditions.<>c__DisplayClass19_0.<ElementToBeClickable>b__0(IWebDriver driver)\n   at OpenQA.Selenium.Support.UI.DefaultWait`1.Until[TResult](Func`2 condition, CancellationToken token)\n   --- End of inner exception stack trace ---\n   at OpenQA.Selenium.Support.UI.DefaultWait`1.ThrowTimeoutException(String exceptionMessage, Exception lastException)\n   at OpenQA.Selenium.Support.UI.DefaultWait`1.Until[TResult](Func`2 condition, CancellationToken token)\n   at OpenQA.Selenium.Support.UI.DefaultWait`1.Until[TResult](Func`2 condition)\n   at OdinUiTests.Pages.ActivityCommonPage.ActivityMinThresholdIsChanged(String minThreshold) in /azp/_work/1/s/Pages/ActivityCommonPage.cs:line 918\n   at OdinUiTests.Pages.ActivityCommonPage.__a$_around_CheckActivityMinThresholdIsChanged_100666136_o(String minThreshold) in /azp/_work/1/s/Pages/ActivityCommonPage.cs:line 925\n   at OdinUiTests.Pages.ActivityCommonPage.__a$_around_CheckActivityMinThresholdIsChanged_100666136_u(Object[])\n   at Allure.Net.Commons.Steps.AllureAbstractStepAspect.WrapSync[T](Func`2 target, Object[] args, MethodBase metadata, String stepName, List`1 stepParameters)"
      },
      "stage": "finished",
      "steps": [],
      "attachments": [],
      "parameters": [
        {
          "name": "minThreshold",
          "value": "\"18\"",
          "excluded": false
        }
      ],
      "start": 1747207506601,
      "stop": 1747207536701
    }
  ],
  "attachments": [
    {
      "name": "CheckSuccessSaveWithCorrectValueInMinThresholdField.jpg",
      "source": "eed8cb57-324f-48ac-b16a-466800ce2f85-attachment.jpg",
      "type": "image/jpeg"
    },
    {
      "name": "Console Output",
      "source": "0ae26c71-ee78-4b53-8615-2f1011d1ca68-attachment.txt",
      "type": "text/plain"
    }
  ],
  "parameters": [],
  "start": 1747207473013,
  "stop": 1747207541208
}