{
  "uuid": "9e5b9503-4bcc-4daa-bc9a-7b0f1b7f2a1b",
  "historyId": "ed348648a823f9fbeae214797b51d234",
  "testCaseId": "03cb4237ecec17ee3c0889392d5c9ca6",
  "fullName": "OdinUiTests:OdinUiTests.Tests.Chat.GroupChatCallTests.CheckDeleteMessageInGroupCallChat()",
  "labels": [
    {
      "name": "thread",
      "value": "ParallelWorker#7"
    },
    {
      "name": "host",
      "value": "4ed2e5159942"
    },
    {
      "name": "language",
      "value": "C#"
    },
    {
      "name": "framework",
      "value": "NUnit 3"
    },
    {
      "name": "package",
      "value": "OdinUiTests.Tests.Chat"
    },
    {
      "name": "testMethod",
      "value": "CheckDeleteMessageInGroupCallChat"
    },
    {
      "name": "testClass",
      "value": "GroupChatCallTests"
    },
    {
      "name": "suite",
      "value": "Чат"
    },
    {
      "name": "subSuite",
      "value": "Миничат группового звонка"
    },
    {
      "name": "severity",
      "value": "normal"
    },
    {
      "name": "tag",
      "value": "Чат"
    },
    {
      "name": "tag",
      "value": "Регресс"
    }
  ],
  "links": [],
  "name": "Можно удалить сообщение в миничате группового звонка",
  "status": "broken",
  "statusDetails": {
    "known": false,
    "muted": false,
    "flaky": false,
    "message": "OpenQA.Selenium.WebDriverTimeoutException : Timed out after 30 seconds\n  ----> OpenQA.Selenium.NoSuchElementException : no such element: Unable to locate element: {\"method\":\"css selector\",\"selector\":\".q\\-editor__content\"}\n  (Session info: chrome-headless-shell=126.0.6478.126); For documentation on this error, please visit: https://www.selenium.dev/documentation/webdriver/troubleshooting/errors#no-such-element-exception",
    "trace": "   at OpenQA.Selenium.Support.UI.DefaultWait`1.ThrowTimeoutException(String exceptionMessage, Exception lastException)\n   at OpenQA.Selenium.Support.UI.DefaultWait`1.Until[TResult](Func`2 condition, CancellationToken token)\n   at OpenQA.Selenium.Support.UI.DefaultWait`1.Until[TResult](Func`2 condition)\n   at OdinUiTests.Pages.ChatCommonPage.WaitIfChatHasSomeMessage(String needToCheck, Boolean needToSendMessage) in /azp/_work/2/s/Pages/ChatCommonPage.cs:line 1090\n   at OdinUiTests.Pages.ChatCommonPage.<>c__DisplayClass136_0.<ChooseMessageForFurtherAction>b__0() in /azp/_work/2/s/Pages/ChatCommonPage.cs:line 548\n   at Allure.Net.Commons.AllureApi.ExecuteAction[T](String name, Action`1 start, Func`1 action, Action`1 resolve)\n   at Allure.Net.Commons.AllureApi.Step(String name, Action action)\n   at OdinUiTests.Pages.ChatCommonPage.ChooseMessageForFurtherAction(String action) in /azp/_work/2/s/Pages/ChatCommonPage.cs:line 545\n   at OdinUiTests.Pages.ChatCommonPage.ChooseMessageToDelete() in /azp/_work/2/s/Pages/ChatCommonPage.cs:line 1171\n   at OdinUiTests.Tests.Chat.ChatCommon.DeleteLastMessage(IWebDriver driver, String chatId, Boolean isMinichat) in /azp/_work/2/s/Tests/Chat/ChatCommon.cs:line 431\n   at OdinUiTests.Tests.Chat.ChatCommon.DeleteLastMessageInMinichat(IWebDriver driver, String chatId) in /azp/_work/2/s/Tests/Chat/ChatCommon.cs:line 449\n   at OdinUiTests.Tests.Chat.GroupChatCallTests.CheckDeleteMessageInGroupCallChat() in /azp/_work/2/s/Tests/Chat/CallChatTests.cs:line 329\n   at System.RuntimeMethodHandle.InvokeMethod(Object target, Void** arguments, Signature sig, Boolean isConstructor)\n   at System.Reflection.MethodBaseInvoker.InvokeWithNoArgs(Object obj, BindingFlags invokeAttr)\n--NoSuchElementException\n   at OpenQA.Selenium.WebDriver.UnpackAndThrowOnError(Response errorResponse, String commandToExecute)\n   at OpenQA.Selenium.WebDriver.ExecuteAsync(String driverCommandToExecute, Dictionary`2 parameters)\n   at SeleniumExtras.WaitHelpers.ExpectedConditions.<>c__DisplayClass19_0.<ElementToBeClickable>b__0(IWebDriver driver)\n   at OpenQA.Selenium.Support.UI.DefaultWait`1.Until[TResult](Func`2 condition, CancellationToken token)"
  },
  "stage": "finished",
  "steps": [
    {
      "name": "Открыть страницу звонка по id чата",
      "status": "passed",
      "statusDetails": {
        "known": false,
        "muted": false,
        "flaky": false
      },
      "stage": "finished",
      "steps": [],
      "attachments": [],
      "parameters": [
        {
          "name": "chatId",
          "value": "\"3577\"",
          "excluded": false
        }
      ],
      "start": 1736951044069,
      "stop": 1736951045148
    },
    {
      "name": "Нажать на кнопку 'Присоединиться' в предбаннике",
      "status": "passed",
      "statusDetails": {
        "known": false,
        "muted": false,
        "flaky": false
      },
      "stage": "finished",
      "steps": [],
      "attachments": [],
      "parameters": [],
      "start": 1736951045148,
      "stop": 1736951052347
    },
    {
      "name": "Нажать на кнопку чата в звонке",
      "status": "passed",
      "statusDetails": {
        "known": false,
        "muted": false,
        "flaky": false
      },
      "stage": "finished",
      "steps": [],
      "attachments": [],
      "parameters": [],
      "start": 1736951052347,
      "stop": 1736951058145
    },
    {
      "name": "Выбрать сообщение для удаления",
      "status": "broken",
      "statusDetails": {
        "known": false,
        "muted": false,
        "flaky": false,
        "message": "Timed out after 30 seconds",
        "trace": "OpenQA.Selenium.WebDriverTimeoutException: Timed out after 30 seconds\n ---> OpenQA.Selenium.NoSuchElementException: no such element: Unable to locate element: {\"method\":\"css selector\",\"selector\":\".q\\-editor__content\"}\n  (Session info: chrome-headless-shell=126.0.6478.126); For documentation on this error, please visit: https://www.selenium.dev/documentation/webdriver/troubleshooting/errors#no-such-element-exception\n   at OpenQA.Selenium.WebDriver.UnpackAndThrowOnError(Response errorResponse, String commandToExecute)\n   at OpenQA.Selenium.WebDriver.ExecuteAsync(String driverCommandToExecute, Dictionary`2 parameters)\n   at SeleniumExtras.WaitHelpers.ExpectedConditions.<>c__DisplayClass19_0.<ElementToBeClickable>b__0(IWebDriver driver)\n   at OpenQA.Selenium.Support.UI.DefaultWait`1.Until[TResult](Func`2 condition, CancellationToken token)\n   --- End of inner exception stack trace ---\n   at OpenQA.Selenium.Support.UI.DefaultWait`1.ThrowTimeoutException(String exceptionMessage, Exception lastException)\n   at OpenQA.Selenium.Support.UI.DefaultWait`1.Until[TResult](Func`2 condition, CancellationToken token)\n   at OpenQA.Selenium.Support.UI.DefaultWait`1.Until[TResult](Func`2 condition)\n   at OdinUiTests.Pages.ChatCommonPage.WaitIfChatHasSomeMessage(String needToCheck, Boolean needToSendMessage) in /azp/_work/2/s/Pages/ChatCommonPage.cs:line 1090\n   at OdinUiTests.Pages.ChatCommonPage.<>c__DisplayClass136_0.<ChooseMessageForFurtherAction>b__0() in /azp/_work/2/s/Pages/ChatCommonPage.cs:line 548\n   at Allure.Net.Commons.AllureApi.ExecuteAction[T](String name, Action`1 start, Func`1 action, Action`1 resolve)\n   at Allure.Net.Commons.AllureApi.Step(String name, Action action)\n   at OdinUiTests.Pages.ChatCommonPage.ChooseMessageForFurtherAction(String action) in /azp/_work/2/s/Pages/ChatCommonPage.cs:line 545\n   at OdinUiTests.Pages.ChatCommonPage.ChooseMessageToDelete() in /azp/_work/2/s/Pages/ChatCommonPage.cs:line 1171\n   at OdinUiTests.Tests.Chat.ChatCommon.DeleteLastMessage(IWebDriver driver, String chatId, Boolean isMinichat) in /azp/_work/2/s/Tests/Chat/ChatCommon.cs:line 431\n   at OdinUiTests.Tests.Chat.ChatCommon.DeleteLastMessageInMinichat(IWebDriver driver, String chatId) in /azp/_work/2/s/Tests/Chat/ChatCommon.cs:line 449\n   at OdinUiTests.Tests.Chat.GroupChatCallTests.CheckDeleteMessageInGroupCallChat() in /azp/_work/2/s/Tests/Chat/CallChatTests.cs:line 329\n   at System.RuntimeMethodHandle.InvokeMethod(Object target, Void** arguments, Signature sig, Boolean isConstructor)\n   at System.Reflection.MethodBaseInvoker.InvokeWithNoArgs(Object obj, BindingFlags invokeAttr)"
      },
      "stage": "finished",
      "steps": [],
      "attachments": [],
      "parameters": [],
      "start": 1736951058145,
      "stop": 1736951089963
    }
  ],
  "attachments": [
    {
      "name": "CheckDeleteMessageInGroupCallChat.jpg",
      "source": "e49c377b-6f39-4d5c-a072-ccd13f8e7d4c-attachment.jpg",
      "type": "image/jpeg"
    },
    {
      "name": "Console Output",
      "source": "084f1846-eb46-4aa4-a85e-cef4cb1dd312-attachment.txt",
      "type": "text/plain"
    }
  ],
  "parameters": [],
  "start": 1736951044069,
  "stop": 1736951091158
}