{
  "uuid": "8de703a4-5566-42b4-bcde-baedb0e710d4",
  "historyId": "207b9bee33cb680fd5bc0b25ea39654d",
  "testCaseId": "91f0520c19aa3a95ae34798931649135",
  "fullName": "OdinUiTests:OdinUiTests.Tests.Library.TestQuestionAnswersValidationTests.CheckAddOneMoreAnswerVariantInQuestionWithFreeAnswerExactMatch()",
  "labels": [
    {
      "name": "thread",
      "value": "NUnit.Fw.ParallelWorker#3"
    },
    {
      "name": "host",
      "value": "8721d5ecf9da"
    },
    {
      "name": "language",
      "value": "C#"
    },
    {
      "name": "framework",
      "value": "NUnit 3"
    },
    {
      "name": "package",
      "value": "OdinUiTests.Tests.Library"
    },
    {
      "name": "testMethod",
      "value": "CheckAddOneMoreAnswerVariantInQuestionWithFreeAnswerExactMatch"
    },
    {
      "name": "testClass",
      "value": "TestQuestionAnswersValidationTests"
    },
    {
      "name": "suite",
      "value": "Материал"
    },
    {
      "name": "subSuite",
      "value": "Конструктор теста"
    },
    {
      "name": "severity",
      "value": "critical"
    },
    {
      "name": "tag",
      "value": "Материал"
    },
    {
      "name": "tag",
      "value": "Дежурство"
    },
    {
      "name": "tag",
      "value": "Регресс"
    }
  ],
  "links": [],
  "name": "Конструктор теста: можно добавить еще один вариант ответа в вопрос с типом ответа 'Свободный ответ - точное совпадение'",
  "status": "broken",
  "statusDetails": {
    "known": false,
    "muted": false,
    "flaky": false,
    "message": "System.Reflection.TargetInvocationException : Exception has been thrown by the target of an invocation.\n  ----> OpenQA.Selenium.WebDriverTimeoutException : Timed out after 30 seconds\n  ----> OpenQA.Selenium.NoSuchElementException : no such element: Unable to locate element: {\"method\":\"xpath\",\"selector\":\"//div[contains(text(),'Сохранено')]\"}\n  (Session info: chrome=140.0.7339.127); For documentation on this error, please visit: https://www.selenium.dev/documentation/webdriver/troubleshooting/errors#no-such-element-exception",
    "trace": "   at System.Reflection.MethodBaseInvoker.InvokeWithManyArgs(Object obj, BindingFlags invokeAttr, Binder binder, Object[] parameters, CultureInfo culture)\n   at Allure.Net.Commons.Steps.AllureStepAspectBase.Around(String name, Object[] args, Func`2 target, MethodBase metadata, Type returnType)\n   at OdinUiTests.Pages.TestCommonEditPage.__a$_around_EditFirstQuestion_100667180_w_0(Object[])\n   at OdinUiTests.Pages.TestCommonEditPage.EditFirstQuestion()\n   at OdinUiTests.Tests.Library.TestCreateEditCommon.AddOptionToQuestion(IWebDriver driver, Boolean isTestTrain, String id, Int32 numOfAnswer) in /azp/_work/4/s/Tests/Library/TestCreateEditCommon.cs:line 269\n   at OdinUiTests.Tests.Library.TestQuestionAnswersValidationTests.CheckAddOneMoreAnswerVariantInQuestionWithFreeAnswerExactMatch() in /azp/_work/4/s/Tests/Library/TestCreateEditTests.cs:line 523\n   at System.RuntimeMethodHandle.InvokeMethod(Object target, Void** arguments, Signature sig, Boolean isConstructor)\n   at System.Reflection.MethodBaseInvoker.InvokeWithNoArgs(Object obj, BindingFlags invokeAttr)\n--WebDriverTimeoutException\n   at OpenQA.Selenium.Support.UI.DefaultWait`1.ThrowTimeoutException(String exceptionMessage, Exception lastException)\n   at OpenQA.Selenium.Support.UI.DefaultWait`1.Until[TResult](Func`2 condition, CancellationToken token)\n   at OpenQA.Selenium.Support.UI.DefaultWait`1.Until[TResult](Func`2 condition)\n   at OdinUiTests.Pages.TestCommonEditPage.WaitUntillSaveChangesSpinnerIsDisappear() in /azp/_work/4/s/Pages/TestCommonEditPage.cs:line 1039\n   at OdinUiTests.Pages.TestCommonEditPage.__a$_around_EditFirstQuestion_100667180_o() in /azp/_work/4/s/Pages/TestCommonEditPage.cs:line 411\n   at OdinUiTests.Pages.TestCommonEditPage.__a$_around_EditFirstQuestion_100667180_u(Object[])\n   at Allure.Net.Commons.Steps.AllureAbstractStepAspect.WrapSync[T](Func`2 target, Object[] args, MethodBase metadata, String stepName, List`1 stepParameters)\n   at InvokeStub_AllureAbstractStepAspect.WrapSync(Object, Span`1)\n   at System.Reflection.MethodBaseInvoker.InvokeWithManyArgs(Object obj, BindingFlags invokeAttr, Binder binder, Object[] parameters, CultureInfo culture)\n--NoSuchElementException\n   at OpenQA.Selenium.WebDriver.UnpackAndThrowOnError(Response errorResponse, String commandToExecute)\n   at OpenQA.Selenium.WebDriver.ExecuteAsync(String driverCommandToExecute, Dictionary`2 parameters)\n   at OpenQA.Selenium.WebDriver.Execute(String driverCommandToExecute, Dictionary`2 parameters)\n   at OpenQA.Selenium.WebDriver.FindElement(String mechanism, String value)\n   at SeleniumExtras.WaitHelpers.ExpectedConditions.<>c__DisplayClass7_0.<ElementIsVisible>b__0(IWebDriver driver)\n   at OpenQA.Selenium.Support.UI.DefaultWait`1.Until[TResult](Func`2 condition, CancellationToken token)"
  },
  "stage": "finished",
  "steps": [
    {
      "name": "Открыть страницу редактирования теста",
      "status": "passed",
      "stage": "finished",
      "steps": [],
      "attachments": [],
      "parameters": [],
      "start": 1759816541105,
      "stop": 1759816542932
    },
    {
      "name": "Нажать на кнопку “карандаш” для редактирования первого вопроса",
      "status": "broken",
      "statusDetails": {
        "known": false,
        "muted": false,
        "flaky": false,
        "message": "Timed out after 30 seconds",
        "trace": "OpenQA.Selenium.WebDriverTimeoutException: Timed out after 30 seconds\n ---> OpenQA.Selenium.NoSuchElementException: no such element: Unable to locate element: {\"method\":\"xpath\",\"selector\":\"//div[contains(text(),'Сохранено')]\"}\n  (Session info: chrome=140.0.7339.127); For documentation on this error, please visit: https://www.selenium.dev/documentation/webdriver/troubleshooting/errors#no-such-element-exception\n   at OpenQA.Selenium.WebDriver.UnpackAndThrowOnError(Response errorResponse, String commandToExecute)\n   at OpenQA.Selenium.WebDriver.ExecuteAsync(String driverCommandToExecute, Dictionary`2 parameters)\n   at OpenQA.Selenium.WebDriver.Execute(String driverCommandToExecute, Dictionary`2 parameters)\n   at OpenQA.Selenium.WebDriver.FindElement(String mechanism, String value)\n   at SeleniumExtras.WaitHelpers.ExpectedConditions.<>c__DisplayClass7_0.<ElementIsVisible>b__0(IWebDriver driver)\n   at OpenQA.Selenium.Support.UI.DefaultWait`1.Until[TResult](Func`2 condition, CancellationToken token)\n   --- End of inner exception stack trace ---\n   at OpenQA.Selenium.Support.UI.DefaultWait`1.ThrowTimeoutException(String exceptionMessage, Exception lastException)\n   at OpenQA.Selenium.Support.UI.DefaultWait`1.Until[TResult](Func`2 condition, CancellationToken token)\n   at OpenQA.Selenium.Support.UI.DefaultWait`1.Until[TResult](Func`2 condition)\n   at OdinUiTests.Pages.TestCommonEditPage.WaitUntillSaveChangesSpinnerIsDisappear() in /azp/_work/4/s/Pages/TestCommonEditPage.cs:line 1039\n   at OdinUiTests.Pages.TestCommonEditPage.__a$_around_EditFirstQuestion_100667180_o() in /azp/_work/4/s/Pages/TestCommonEditPage.cs:line 411\n   at OdinUiTests.Pages.TestCommonEditPage.__a$_around_EditFirstQuestion_100667180_u(Object[])\n   at Allure.Net.Commons.Steps.AllureAbstractStepAspect.WrapSync[T](Func`2 target, Object[] args, MethodBase metadata, String stepName, List`1 stepParameters)"
      },
      "stage": "finished",
      "steps": [],
      "attachments": [],
      "parameters": [],
      "start": 1759816542933,
      "stop": 1759816574541
    }
  ],
  "attachments": [
    {
      "name": "CheckAddOneMoreAnswerVariantInQuestionWithFreeAnswerExactMatch.jpg",
      "source": "8f78a59d-7fa2-49b9-bbc5-ecfa5f45537e-attachment.jpg",
      "type": "image/jpeg"
    },
    {
      "name": "Console Output",
      "source": "d574d601-622c-4187-b4fc-c6a13c82707d-attachment.txt",
      "type": "text/plain"
    }
  ],
  "parameters": [],
  "start": 1759816540617,
  "stop": 1759816575114
}