{
  "uuid": "940cedac-38db-40d4-9d17-1a81fac7304c",
  "historyId": "1aaef28e40d0b02031ab28348ddecb76",
  "testCaseId": "e2e7f34841e87eac2506972389525f24",
  "fullName": "OdinUiTests:OdinUiTests.Tests.Activity.TestActivityEditingTests.CheckSuccessSaveWithCorrectValueInNumbOfAttemptsField()",
  "labels": [
    {
      "name": "thread",
      "value": "ParallelWorker#5"
    },
    {
      "name": "host",
      "value": "07410f714a69"
    },
    {
      "name": "language",
      "value": "C#"
    },
    {
      "name": "framework",
      "value": "NUnit 3"
    },
    {
      "name": "package",
      "value": "OdinUiTests.Tests.Activity"
    },
    {
      "name": "testMethod",
      "value": "CheckSuccessSaveWithCorrectValueInNumbOfAttemptsField"
    },
    {
      "name": "testClass",
      "value": "TestActivityEditingTests"
    },
    {
      "name": "parentSuite",
      "value": "Активность"
    },
    {
      "name": "suite",
      "value": "Контрольная"
    },
    {
      "name": "subSuite",
      "value": "Редактирование контрольной"
    },
    {
      "name": "severity",
      "value": "critical"
    },
    {
      "name": "tag",
      "value": "Активность"
    },
    {
      "name": "tag",
      "value": "Дежурство"
    },
    {
      "name": "tag",
      "value": "Регресс"
    }
  ],
  "links": [],
  "name": "Успешное сохранение при корректных значениях в поле Количество попыток сдачи",
  "status": "broken",
  "statusDetails": {
    "known": false,
    "muted": false,
    "flaky": false,
    "message": "OpenQA.Selenium.WebDriverTimeoutException : Timed out after 30 seconds\n  ----> OpenQA.Selenium.NoSuchElementException : no such element: Unable to locate element: {\"method\":\"xpath\",\"selector\":\"//div[contains(text(),'Количество попыток')]/following-sibling::span\"}\n  (Session info: chrome-headless-shell=126.0.6478.126); For documentation on this error, please visit: https://www.selenium.dev/documentation/webdriver/troubleshooting/errors#no-such-element-exception",
    "trace": "   at OpenQA.Selenium.Support.UI.DefaultWait`1.ThrowTimeoutException(String exceptionMessage, Exception lastException)\n   at OpenQA.Selenium.Support.UI.DefaultWait`1.Until[TResult](Func`2 condition, CancellationToken token)\n   at OpenQA.Selenium.Support.UI.DefaultWait`1.Until[TResult](Func`2 condition)\n   at OdinUiTests.Pages.ActivityCommonPage.NumOfAttemptsIsChanged(String numOfAtt) in /azp/_work/1/s/Pages/ActivityCommonPage.cs:line 825\n   at OdinUiTests.Pages.ActivityCommonPage.__a$_around_CheckNumOfAttemptsActivityIsChanged_100666087_o(String numOfAtt) in /azp/_work/1/s/Pages/ActivityCommonPage.cs:line 832\n   at OdinUiTests.Pages.ActivityCommonPage.__a$_around_CheckNumOfAttemptsActivityIsChanged_100666087_u(Object[])\n   at Allure.Net.Commons.Steps.AllureAbstractStepAspect.WrapSync[T](Func`2 target, Object[] args, MethodBase metadata, String stepName, List`1 stepParameters)\n   at InvokeStub_AllureAbstractStepAspect.WrapSync(Object, Span`1)\n   at System.Reflection.MethodBaseInvoker.InvokeWithManyArgs(Object obj, BindingFlags invokeAttr, Binder binder, Object[] parameters, CultureInfo culture)\n--NoSuchElementException\n   at OpenQA.Selenium.WebDriver.UnpackAndThrowOnError(Response errorResponse, String commandToExecute)\n   at OpenQA.Selenium.WebDriver.ExecuteAsync(String driverCommandToExecute, Dictionary`2 parameters)\n   at SeleniumExtras.WaitHelpers.ExpectedConditions.<>c__DisplayClass7_0.<ElementIsVisible>b__0(IWebDriver driver)\n   at OpenQA.Selenium.Support.UI.DefaultWait`1.Until[TResult](Func`2 condition, CancellationToken token)"
  },
  "stage": "finished",
  "steps": [
    {
      "name": "Открыть страницу редактирования активности",
      "status": "passed",
      "statusDetails": {
        "known": false,
        "muted": false,
        "flaky": false
      },
      "stage": "finished",
      "steps": [
        {
          "name": "Открыть страницу редактирования активности",
          "status": "passed",
          "statusDetails": {
            "known": false,
            "muted": false,
            "flaky": false
          },
          "stage": "finished",
          "steps": [],
          "attachments": [],
          "parameters": [
            {
              "name": "activityId",
              "value": "\"94\"",
              "excluded": false
            }
          ],
          "start": 1729672030769,
          "stop": 1729672030995
        }
      ],
      "attachments": [],
      "parameters": [
        {
          "name": "isTemplate",
          "value": "false",
          "excluded": false
        },
        {
          "name": "id",
          "value": "\"94\"",
          "excluded": false
        }
      ],
      "start": 1729672030769,
      "stop": 1729672030995
    },
    {
      "name": "В поле 'Количество попыток сдачи' ввести значение 14",
      "status": "passed",
      "stage": "finished",
      "steps": [],
      "attachments": [],
      "parameters": [],
      "start": 1729672030995,
      "stop": 1729672034474
    },
    {
      "name": "Нажать на кнопку ‘Сохранить’",
      "status": "passed",
      "statusDetails": {
        "known": false,
        "muted": false,
        "flaky": false
      },
      "stage": "finished",
      "steps": [
        {
          "name": "Нажать на кнопку 'Сохранить' и подтвердить сохранение",
          "status": "passed",
          "statusDetails": {
            "known": false,
            "muted": false,
            "flaky": false
          },
          "stage": "finished",
          "steps": [],
          "attachments": [],
          "parameters": [],
          "start": 1729672034475,
          "stop": 1729672035857
        }
      ],
      "attachments": [],
      "parameters": [
        {
          "name": "isTemplate",
          "value": "false",
          "excluded": false
        }
      ],
      "start": 1729672034475,
      "stop": 1729672035857
    },
    {
      "name": "Проверка того, что на странице активности сохранено значение количества попыток сдачи",
      "status": "broken",
      "statusDetails": {
        "known": false,
        "muted": false,
        "flaky": false,
        "message": "Timed out after 30 seconds",
        "trace": "OpenQA.Selenium.WebDriverTimeoutException: Timed out after 30 seconds\n ---> OpenQA.Selenium.NoSuchElementException: no such element: Unable to locate element: {\"method\":\"xpath\",\"selector\":\"//div[contains(text(),'Количество попыток')]/following-sibling::span\"}\n  (Session info: chrome-headless-shell=126.0.6478.126); For documentation on this error, please visit: https://www.selenium.dev/documentation/webdriver/troubleshooting/errors#no-such-element-exception\n   at OpenQA.Selenium.WebDriver.UnpackAndThrowOnError(Response errorResponse, String commandToExecute)\n   at OpenQA.Selenium.WebDriver.ExecuteAsync(String driverCommandToExecute, Dictionary`2 parameters)\n   at SeleniumExtras.WaitHelpers.ExpectedConditions.<>c__DisplayClass7_0.<ElementIsVisible>b__0(IWebDriver driver)\n   at OpenQA.Selenium.Support.UI.DefaultWait`1.Until[TResult](Func`2 condition, CancellationToken token)\n   --- End of inner exception stack trace ---\n   at OpenQA.Selenium.Support.UI.DefaultWait`1.ThrowTimeoutException(String exceptionMessage, Exception lastException)\n   at OpenQA.Selenium.Support.UI.DefaultWait`1.Until[TResult](Func`2 condition, CancellationToken token)\n   at OpenQA.Selenium.Support.UI.DefaultWait`1.Until[TResult](Func`2 condition)\n   at OdinUiTests.Pages.ActivityCommonPage.NumOfAttemptsIsChanged(String numOfAtt) in /azp/_work/1/s/Pages/ActivityCommonPage.cs:line 825\n   at OdinUiTests.Pages.ActivityCommonPage.__a$_around_CheckNumOfAttemptsActivityIsChanged_100666087_o(String numOfAtt) in /azp/_work/1/s/Pages/ActivityCommonPage.cs:line 832\n   at OdinUiTests.Pages.ActivityCommonPage.__a$_around_CheckNumOfAttemptsActivityIsChanged_100666087_u(Object[])\n   at Allure.Net.Commons.Steps.AllureAbstractStepAspect.WrapSync[T](Func`2 target, Object[] args, MethodBase metadata, String stepName, List`1 stepParameters)"
      },
      "stage": "finished",
      "steps": [],
      "attachments": [],
      "parameters": [
        {
          "name": "numOfAtt",
          "value": "\"14\"",
          "excluded": false
        }
      ],
      "start": 1729672035858,
      "stop": 1729672066072
    }
  ],
  "attachments": [
    {
      "name": "CheckSuccessSaveWithCorrectValueInNumbOfAttemptsField.jpg",
      "source": "442dc3c1-719f-4f1f-8e01-5fcd9e9d07fb-attachment.jpg",
      "type": "image/jpeg"
    },
    {
      "name": "Console Output",
      "source": "a7374dc3-ac63-43c8-9c6a-e3d67c5988fd-attachment.txt",
      "type": "text/plain"
    }
  ],
  "parameters": [],
  "start": 1729672030768,
  "stop": 1729672066295
}