{
  "uuid": "13387606-5e8a-47a7-a7dc-cda62bb960dd",
  "historyId": "f18eb847d0bebf73637722803a47a3ec",
  "testCaseId": "a5e619e4f4889296b6c855d5f7d77f47",
  "fullName": "OdinUiTests:OdinUiTests.Tests.StoсkMarket.LotCreationTests.PostMaterialOnStock()",
  "labels": [
    {
      "name": "thread",
      "value": "NUnit.Fw.ParallelWorker#5"
    },
    {
      "name": "host",
      "value": "4eda8f0237bd"
    },
    {
      "name": "language",
      "value": "C#"
    },
    {
      "name": "framework",
      "value": "NUnit 3"
    },
    {
      "name": "package",
      "value": "OdinUiTests.Tests.StoсkMarket"
    },
    {
      "name": "testMethod",
      "value": "PostMaterialOnStock"
    },
    {
      "name": "testClass",
      "value": "LotCreationTests"
    },
    {
      "name": "suite",
      "value": "Биржа"
    },
    {
      "name": "severity",
      "value": "minor"
    },
    {
      "name": "tag",
      "value": "Биржа"
    },
    {
      "name": "tag",
      "value": "Регресс"
    }
  ],
  "links": [],
  "name": "Страница материала: преподаватель может выставить материал на Биржу",
  "status": "broken",
  "statusDetails": {
    "known": false,
    "muted": false,
    "flaky": false,
    "message": "System.Reflection.TargetInvocationException : Exception has been thrown by the target of an invocation.\n  ----> OpenQA.Selenium.WebDriverTimeoutException : Timed out after 30 seconds\n  ----> OpenQA.Selenium.NoSuchElementException : no such element: Unable to locate element: {\"method\":\"xpath\",\"selector\":\"//div[contains(text(), 'Выставить на биржу')]\"}\n  (Session info: chrome=140.0.7339.127); For documentation on this error, please visit: https://www.selenium.dev/documentation/webdriver/troubleshooting/errors#no-such-element-exception",
    "trace": "   at System.Reflection.MethodBaseInvoker.InvokeWithManyArgs(Object obj, BindingFlags invokeAttr, Binder binder, Object[] parameters, CultureInfo culture)\n   at Allure.Net.Commons.Steps.AllureStepAspectBase.Around(String name, Object[] args, Func`2 target, MethodBase metadata, Type returnType)\n   at OdinUiTests.Pages.ContentInfoPage.__a$_around_ClickPutOnStockButton_100666551_w_0(Object[])\n   at OdinUiTests.Pages.ContentInfoPage.ClickPutOnStockButton()\n   at OdinUiTests.Tests.StoсkMarket.LotCreationTests.PostMaterialOnStock() in /azp/_work/1/s/Tests/StockMarket/StockMarketTests.cs:line 171\n   at System.RuntimeMethodHandle.InvokeMethod(Object target, Void** arguments, Signature sig, Boolean isConstructor)\n   at System.Reflection.MethodBaseInvoker.InvokeWithNoArgs(Object obj, BindingFlags invokeAttr)\n--WebDriverTimeoutException\n   at OpenQA.Selenium.Support.UI.DefaultWait`1.ThrowTimeoutException(String exceptionMessage, Exception lastException)\n   at OpenQA.Selenium.Support.UI.DefaultWait`1.Until[TResult](Func`2 condition, CancellationToken token)\n   at OpenQA.Selenium.Support.UI.DefaultWait`1.Until[TResult](Func`2 condition)\n   at OdinUiTests.Pages.ContentInfoPage.__a$_around_ClickPutOnStockButton_100666551_o() in /azp/_work/1/s/Pages/ContentInfoPage.cs:line 79\n   at OdinUiTests.Pages.ContentInfoPage.__a$_around_ClickPutOnStockButton_100666551_u(Object[])\n   at Allure.Net.Commons.Steps.AllureAbstractStepAspect.WrapSync[T](Func`2 target, Object[] args, MethodBase metadata, String stepName, List`1 stepParameters)\n   at InvokeStub_AllureAbstractStepAspect.WrapSync(Object, Span`1)\n   at System.Reflection.MethodBaseInvoker.InvokeWithManyArgs(Object obj, BindingFlags invokeAttr, Binder binder, Object[] parameters, CultureInfo culture)\n--NoSuchElementException\n   at OpenQA.Selenium.WebDriver.UnpackAndThrowOnError(Response errorResponse, String commandToExecute)\n   at OpenQA.Selenium.WebDriver.ExecuteAsync(String driverCommandToExecute, Dictionary`2 parameters)\n   at SeleniumExtras.WaitHelpers.ExpectedConditions.<>c__DisplayClass19_0.<ElementToBeClickable>b__0(IWebDriver driver)\n   at OpenQA.Selenium.Support.UI.DefaultWait`1.Until[TResult](Func`2 condition, CancellationToken token)"
  },
  "stage": "finished",
  "steps": [
    {
      "name": "Открыть страницу материала",
      "status": "passed",
      "statusDetails": {
        "known": false,
        "muted": false,
        "flaky": false
      },
      "stage": "finished",
      "steps": [],
      "attachments": [],
      "parameters": [
        {
          "name": "id",
          "value": "\"2215653\"",
          "excluded": false
        }
      ],
      "start": 1759804956185,
      "stop": 1759804960599
    },
    {
      "name": "Нажать на кнопку 'Выставить на биржу'",
      "status": "broken",
      "statusDetails": {
        "known": false,
        "muted": false,
        "flaky": false,
        "message": "Timed out after 30 seconds",
        "trace": "OpenQA.Selenium.WebDriverTimeoutException: Timed out after 30 seconds\n ---> OpenQA.Selenium.NoSuchElementException: no such element: Unable to locate element: {\"method\":\"xpath\",\"selector\":\"//div[contains(text(), 'Выставить на биржу')]\"}\n  (Session info: chrome=140.0.7339.127); For documentation on this error, please visit: https://www.selenium.dev/documentation/webdriver/troubleshooting/errors#no-such-element-exception\n   at OpenQA.Selenium.WebDriver.UnpackAndThrowOnError(Response errorResponse, String commandToExecute)\n   at OpenQA.Selenium.WebDriver.ExecuteAsync(String driverCommandToExecute, Dictionary`2 parameters)\n   at SeleniumExtras.WaitHelpers.ExpectedConditions.<>c__DisplayClass19_0.<ElementToBeClickable>b__0(IWebDriver driver)\n   at OpenQA.Selenium.Support.UI.DefaultWait`1.Until[TResult](Func`2 condition, CancellationToken token)\n   --- End of inner exception stack trace ---\n   at OpenQA.Selenium.Support.UI.DefaultWait`1.ThrowTimeoutException(String exceptionMessage, Exception lastException)\n   at OpenQA.Selenium.Support.UI.DefaultWait`1.Until[TResult](Func`2 condition, CancellationToken token)\n   at OpenQA.Selenium.Support.UI.DefaultWait`1.Until[TResult](Func`2 condition)\n   at OdinUiTests.Pages.ContentInfoPage.__a$_around_ClickPutOnStockButton_100666551_o() in /azp/_work/1/s/Pages/ContentInfoPage.cs:line 79\n   at OdinUiTests.Pages.ContentInfoPage.__a$_around_ClickPutOnStockButton_100666551_u(Object[])\n   at Allure.Net.Commons.Steps.AllureAbstractStepAspect.WrapSync[T](Func`2 target, Object[] args, MethodBase metadata, String stepName, List`1 stepParameters)"
      },
      "stage": "finished",
      "steps": [],
      "attachments": [],
      "parameters": [],
      "start": 1759804960600,
      "stop": 1759804990992
    }
  ],
  "attachments": [
    {
      "name": "PostMaterialOnStock.jpg",
      "source": "c7b6780a-6f12-4917-abe8-e734e88cc38f-attachment.jpg",
      "type": "image/jpeg"
    },
    {
      "name": "Console Output",
      "source": "6925a999-547f-4e6a-8dce-06ca8d769dba-attachment.txt",
      "type": "text/plain"
    }
  ],
  "parameters": [],
  "start": 1759804956023,
  "stop": 1759804991381
}