{
  "uuid": "4778e231-ed48-4ba9-93d3-5265e6c81db5",
  "historyId": "d153d3503d329d177c6edc751340f713",
  "testCaseId": "3e7e47e5bc0be09e0bd6be39b9d7a4a5",
  "fullName": "OdinUiTests:OdinUiTests.Tests.Cohort.CohortCreationTests.CheckCreateCohortWhenAllRequiredFieldsAreFilled(System.String)",
  "labels": [
    {
      "name": "thread",
      "value": "NUnit.Fw.ParallelWorker#7"
    },
    {
      "name": "host",
      "value": "829ee3609255"
    },
    {
      "name": "language",
      "value": "C#"
    },
    {
      "name": "framework",
      "value": "NUnit 3"
    },
    {
      "name": "package",
      "value": "OdinUiTests.Tests.Cohort"
    },
    {
      "name": "testMethod",
      "value": "CheckCreateCohortWhenAllRequiredFieldsAreFilled"
    },
    {
      "name": "testClass",
      "value": "CohortCreationTests"
    },
    {
      "name": "suite",
      "value": "Поток"
    },
    {
      "name": "subSuite",
      "value": "Создание потока"
    },
    {
      "name": "severity",
      "value": "normal"
    },
    {
      "name": "tag",
      "value": "Поток"
    },
    {
      "name": "tag",
      "value": "Регресс"
    }
  ],
  "links": [],
  "name": "Создание потока ВО: можно создать поток, если все обязательные поля корректно заполнены",
  "status": "broken",
  "statusDetails": {
    "known": false,
    "muted": false,
    "flaky": false,
    "message": "System.Reflection.TargetInvocationException : Exception has been thrown by the target of an invocation.\n  ----> OpenQA.Selenium.WebDriverTimeoutException : Timed out after 30 seconds\n  ----> OpenQA.Selenium.NoSuchElementException : no such element: Unable to locate element: {\"method\":\"css selector\",\"selector\":\".cohort-info .page-title\"}\n  (Session info: chrome=132.0.6834.83); For documentation on this error, please visit: https://www.selenium.dev/documentation/webdriver/troubleshooting/errors#no-such-element-exception",
    "trace": "   at System.Reflection.MethodBaseInvoker.InvokeWithManyArgs(Object obj, BindingFlags invokeAttr, Binder binder, Object[] parameters, CultureInfo culture)\n   at Allure.Net.Commons.Steps.AllureStepAspectBase.Around(String name, Object[] args, Func`2 target, MethodBase metadata, Type returnType)\n   at OdinUiTests.Pages.CohortInfoPage.__a$_around_CheckCohortSavedSuccessfully_100666476_w_0(Object[])\n   at OdinUiTests.Pages.CohortInfoPage.CheckCohortSavedSuccessfully(String cohortTitle, String startDate, String endDate)\n   at OdinUiTests.Tests.Cohort.CohortCreationTests.CheckCreateCohortWhenAllRequiredFieldsAreFilled(String programId) in /azp/_work/1/s/Tests/Cohort/CohortCreateEditTests.cs:line 67\n   at System.RuntimeMethodHandle.InvokeMethod(Object target, Void** arguments, Signature sig, Boolean isConstructor)\n   at System.Reflection.MethodBaseInvoker.InvokeDirectByRefWithFewArgs(Object obj, Span`1 copyOfArgs, BindingFlags invokeAttr)\n--WebDriverTimeoutException\n   at OpenQA.Selenium.Support.UI.DefaultWait`1.ThrowTimeoutException(String exceptionMessage, Exception lastException)\n   at OpenQA.Selenium.Support.UI.DefaultWait`1.Until[TResult](Func`2 condition, CancellationToken token)\n   at OpenQA.Selenium.Support.UI.DefaultWait`1.Until[TResult](Func`2 condition)\n   at OdinUiTests.Pages.CohortInfoPage.CohortSavedSuccessfully(String cohortTitle, String startDate, String endDate) in /azp/_work/1/s/Pages/CohortInfoPage.cs:line 423\n   at OdinUiTests.Pages.CohortInfoPage.__a$_around_CheckCohortSavedSuccessfully_100666476_o(String cohortTitle, String startDate, String endDate) in /azp/_work/1/s/Pages/CohortInfoPage.cs:line 437\n   at OdinUiTests.Pages.CohortInfoPage.__a$_around_CheckCohortSavedSuccessfully_100666476_u(Object[])\n   at Allure.Net.Commons.Steps.AllureAbstractStepAspect.WrapSync[T](Func`2 target, Object[] args, MethodBase metadata, String stepName, List`1 stepParameters)\n   at InvokeStub_AllureAbstractStepAspect.WrapSync(Object, Span`1)\n   at System.Reflection.MethodBaseInvoker.InvokeWithManyArgs(Object obj, BindingFlags invokeAttr, Binder binder, Object[] parameters, CultureInfo culture)\n--NoSuchElementException\n   at OpenQA.Selenium.WebDriver.UnpackAndThrowOnError(Response errorResponse, String commandToExecute)\n   at OpenQA.Selenium.WebDriver.ExecuteAsync(String driverCommandToExecute, Dictionary`2 parameters)\n   at SeleniumExtras.WaitHelpers.ExpectedConditions.<>c__DisplayClass19_0.<ElementToBeClickable>b__0(IWebDriver driver)\n   at OpenQA.Selenium.Support.UI.DefaultWait`1.Until[TResult](Func`2 condition, CancellationToken token)"
  },
  "stage": "finished",
  "steps": [
    {
      "name": "Открыть страницу образовательной программы",
      "status": "passed",
      "statusDetails": {
        "known": false,
        "muted": false,
        "flaky": false
      },
      "stage": "finished",
      "steps": [],
      "attachments": [],
      "parameters": [
        {
          "name": "programId",
          "value": "\"5\"",
          "excluded": false
        }
      ],
      "start": 1739343413517,
      "stop": 1739343414923
    },
    {
      "name": "Нажать на кнопку 'Добавить' для добавления потока",
      "status": "passed",
      "statusDetails": {
        "known": false,
        "muted": false,
        "flaky": false
      },
      "stage": "finished",
      "steps": [],
      "attachments": [],
      "parameters": [],
      "start": 1739343414923,
      "stop": 1739343417736
    },
    {
      "name": "Вставить значение в поле 'Название'",
      "status": "passed",
      "stage": "finished",
      "steps": [],
      "attachments": [],
      "parameters": [],
      "start": 1739343417737,
      "stop": 1739343420932
    },
    {
      "name": "Выбрать значение в поле 'Дата начала'",
      "status": "passed",
      "stage": "finished",
      "steps": [],
      "attachments": [],
      "parameters": [],
      "start": 1739343420932,
      "stop": 1739343427510
    },
    {
      "name": "Выбрать значение в поле 'Дата окончания'",
      "status": "passed",
      "stage": "finished",
      "steps": [],
      "attachments": [],
      "parameters": [],
      "start": 1739343427510,
      "stop": 1739343433211
    },
    {
      "name": "Нажать на кнопку 'Сохранить'",
      "status": "passed",
      "statusDetails": {
        "known": false,
        "muted": false,
        "flaky": false
      },
      "stage": "finished",
      "steps": [],
      "attachments": [],
      "parameters": [],
      "start": 1739343433212,
      "stop": 1739343433644
    },
    {
      "name": "Проверка корректности создания потока с выбранными датами",
      "status": "broken",
      "statusDetails": {
        "known": false,
        "muted": false,
        "flaky": false,
        "message": "Timed out after 30 seconds",
        "trace": "OpenQA.Selenium.WebDriverTimeoutException: Timed out after 30 seconds\n ---> OpenQA.Selenium.NoSuchElementException: no such element: Unable to locate element: {\"method\":\"css selector\",\"selector\":\".cohort-info .page-title\"}\n  (Session info: chrome=132.0.6834.83); For documentation on this error, please visit: https://www.selenium.dev/documentation/webdriver/troubleshooting/errors#no-such-element-exception\n   at OpenQA.Selenium.WebDriver.UnpackAndThrowOnError(Response errorResponse, String commandToExecute)\n   at OpenQA.Selenium.WebDriver.ExecuteAsync(String driverCommandToExecute, Dictionary`2 parameters)\n   at SeleniumExtras.WaitHelpers.ExpectedConditions.<>c__DisplayClass19_0.<ElementToBeClickable>b__0(IWebDriver driver)\n   at OpenQA.Selenium.Support.UI.DefaultWait`1.Until[TResult](Func`2 condition, CancellationToken token)\n   --- End of inner exception stack trace ---\n   at OpenQA.Selenium.Support.UI.DefaultWait`1.ThrowTimeoutException(String exceptionMessage, Exception lastException)\n   at OpenQA.Selenium.Support.UI.DefaultWait`1.Until[TResult](Func`2 condition, CancellationToken token)\n   at OpenQA.Selenium.Support.UI.DefaultWait`1.Until[TResult](Func`2 condition)\n   at OdinUiTests.Pages.CohortInfoPage.CohortSavedSuccessfully(String cohortTitle, String startDate, String endDate) in /azp/_work/1/s/Pages/CohortInfoPage.cs:line 423\n   at OdinUiTests.Pages.CohortInfoPage.__a$_around_CheckCohortSavedSuccessfully_100666476_o(String cohortTitle, String startDate, String endDate) in /azp/_work/1/s/Pages/CohortInfoPage.cs:line 437\n   at OdinUiTests.Pages.CohortInfoPage.__a$_around_CheckCohortSavedSuccessfully_100666476_u(Object[])\n   at Allure.Net.Commons.Steps.AllureAbstractStepAspect.WrapSync[T](Func`2 target, Object[] args, MethodBase metadata, String stepName, List`1 stepParameters)"
      },
      "stage": "finished",
      "steps": [],
      "attachments": [],
      "parameters": [
        {
          "name": "cohortTitle",
          "value": "\"34G13A18D8DG4F6\"",
          "excluded": false
        },
        {
          "name": "startDate",
          "value": "\"31.12.2024\"",
          "excluded": false
        },
        {
          "name": "endDate",
          "value": "\"24.02.2025\"",
          "excluded": false
        }
      ],
      "start": 1739343433644,
      "stop": 1739343463817
    }
  ],
  "attachments": [
    {
      "name": "CheckCreateCohortWhenAllRequiredFieldsAreFilled.jpg",
      "source": "036b7f2b-44f1-428c-934c-b763e589ade1-attachment.jpg",
      "type": "image/jpeg"
    },
    {
      "name": "Console Output",
      "source": "ffb330fd-83f9-4276-a60f-c7fc8cc16342-attachment.txt",
      "type": "text/plain"
    }
  ],
  "parameters": [
    {
      "name": "programId",
      "value": "\"5\"",
      "excluded": false
    }
  ],
  "start": 1739343413517,
  "stop": 1739343466534
}