{
  "uuid": "52c07680-cb23-4175-8a4c-191c9cbf5289",
  "historyId": "b69215ad72ea0f73a3d1e121559f1036",
  "testCaseId": "04f0c13a0862a99a1f2bbb7995ec9f23",
  "fullName": "OdinUiTests:OdinUiTests.Tests.Cohort.EducationCompletionPageTests.CheckSelectCreatedResolutionToStudentLearningStatus()",
  "labels": [
    {
      "name": "thread",
      "value": "ParallelWorker#7"
    },
    {
      "name": "host",
      "value": "379bd436f97a"
    },
    {
      "name": "language",
      "value": "C#"
    },
    {
      "name": "framework",
      "value": "NUnit 3"
    },
    {
      "name": "package",
      "value": "OdinUiTests.Tests.Cohort"
    },
    {
      "name": "testMethod",
      "value": "CheckSelectCreatedResolutionToStudentLearningStatus"
    },
    {
      "name": "testClass",
      "value": "EducationCompletionPageTests"
    },
    {
      "name": "suite",
      "value": "Поток"
    },
    {
      "name": "subSuite",
      "value": "Завершение обучения"
    },
    {
      "name": "severity",
      "value": "normal"
    },
    {
      "name": "tag",
      "value": "Поток"
    },
    {
      "name": "tag",
      "value": "Дежурство"
    },
    {
      "name": "tag",
      "value": "Регресс"
    }
  ],
  "links": [],
  "name": "Можно выбрать созданную резолюцию в завершении обучения",
  "status": "broken",
  "statusDetails": {
    "known": false,
    "muted": false,
    "flaky": false,
    "message": "OpenQA.Selenium.WebDriverTimeoutException : Timed out after 30 seconds\n  ----> OpenQA.Selenium.NoSuchElementException : no such element: Unable to locate element: {\"method\":\"css selector\",\"selector\":\".q-notification__message\"}\n  (Session info: chrome-headless-shell=126.0.6478.126); For documentation on this error, please visit: https://www.selenium.dev/documentation/webdriver/troubleshooting/errors#no-such-element-exception",
    "trace": "   at OpenQA.Selenium.Support.UI.DefaultWait`1.ThrowTimeoutException(String exceptionMessage, Exception lastException)\n   at OpenQA.Selenium.Support.UI.DefaultWait`1.Until[TResult](Func`2 condition, CancellationToken token)\n   at OpenQA.Selenium.Support.UI.DefaultWait`1.Until[TResult](Func`2 condition)\n   at OdinUiTests.Pages.EducationCompletionPage.__a$_around_ClickOnSaveButton_100666796_o() in /azp/_work/1/s/Pages/EducationCompletionPage.cs:line 122\n   at OdinUiTests.Pages.EducationCompletionPage.__a$_around_ClickOnSaveButton_100666796_u(Object[])\n   at Allure.Net.Commons.Steps.AllureAbstractStepAspect.WrapSync[T](Func`2 target, Object[] args, MethodBase metadata, String stepName, List`1 stepParameters)\n   at InvokeStub_AllureAbstractStepAspect.WrapSync(Object, Span`1)\n   at System.Reflection.MethodBaseInvoker.InvokeWithManyArgs(Object obj, BindingFlags invokeAttr, Binder binder, Object[] parameters, CultureInfo culture)\n--NoSuchElementException\n   at OpenQA.Selenium.WebDriver.UnpackAndThrowOnError(Response errorResponse, String commandToExecute)\n   at OpenQA.Selenium.WebDriver.ExecuteAsync(String driverCommandToExecute, Dictionary`2 parameters)\n   at SeleniumExtras.WaitHelpers.ExpectedConditions.<>c__DisplayClass7_0.<ElementIsVisible>b__0(IWebDriver driver)\n   at OpenQA.Selenium.Support.UI.DefaultWait`1.Until[TResult](Func`2 condition, CancellationToken token)"
  },
  "stage": "finished",
  "steps": [
    {
      "name": "Открыть страницу завершения обучения потока",
      "status": "passed",
      "statusDetails": {
        "known": false,
        "muted": false,
        "flaky": false
      },
      "stage": "finished",
      "steps": [],
      "attachments": [],
      "parameters": [
        {
          "name": "id",
          "value": "\"9038\"",
          "excluded": false
        }
      ],
      "start": 1732033760760,
      "stop": 1732033760961
    },
    {
      "name": "Выбрать первого студента из списка",
      "status": "passed",
      "statusDetails": {
        "known": false,
        "muted": false,
        "flaky": false
      },
      "stage": "finished",
      "steps": [],
      "attachments": [],
      "parameters": [],
      "start": 1732033760961,
      "stop": 1732033762099
    },
    {
      "name": "Выбрать созданную резолюцию в статусе завершения обучения студента",
      "status": "passed",
      "statusDetails": {
        "known": false,
        "muted": false,
        "flaky": false
      },
      "stage": "finished",
      "steps": [],
      "attachments": [],
      "parameters": [
        {
          "name": "resInfo",
          "value": "{\"block\":\"Приостановил\",\"text\":\"чги цнаблжэчг чижцруя\"}",
          "excluded": false
        }
      ],
      "start": 1732033762100,
      "stop": 1732033764201
    },
    {
      "name": "Нажать на кнопку Сохранить",
      "status": "broken",
      "statusDetails": {
        "known": false,
        "muted": false,
        "flaky": false,
        "message": "Timed out after 30 seconds",
        "trace": "OpenQA.Selenium.WebDriverTimeoutException: Timed out after 30 seconds\n ---> OpenQA.Selenium.NoSuchElementException: no such element: Unable to locate element: {\"method\":\"css selector\",\"selector\":\".q-notification__message\"}\n  (Session info: chrome-headless-shell=126.0.6478.126); For documentation on this error, please visit: https://www.selenium.dev/documentation/webdriver/troubleshooting/errors#no-such-element-exception\n   at OpenQA.Selenium.WebDriver.UnpackAndThrowOnError(Response errorResponse, String commandToExecute)\n   at OpenQA.Selenium.WebDriver.ExecuteAsync(String driverCommandToExecute, Dictionary`2 parameters)\n   at SeleniumExtras.WaitHelpers.ExpectedConditions.<>c__DisplayClass7_0.<ElementIsVisible>b__0(IWebDriver driver)\n   at OpenQA.Selenium.Support.UI.DefaultWait`1.Until[TResult](Func`2 condition, CancellationToken token)\n   --- End of inner exception stack trace ---\n   at OpenQA.Selenium.Support.UI.DefaultWait`1.ThrowTimeoutException(String exceptionMessage, Exception lastException)\n   at OpenQA.Selenium.Support.UI.DefaultWait`1.Until[TResult](Func`2 condition, CancellationToken token)\n   at OpenQA.Selenium.Support.UI.DefaultWait`1.Until[TResult](Func`2 condition)\n   at OdinUiTests.Pages.EducationCompletionPage.__a$_around_ClickOnSaveButton_100666796_o() in /azp/_work/1/s/Pages/EducationCompletionPage.cs:line 122\n   at OdinUiTests.Pages.EducationCompletionPage.__a$_around_ClickOnSaveButton_100666796_u(Object[])\n   at Allure.Net.Commons.Steps.AllureAbstractStepAspect.WrapSync[T](Func`2 target, Object[] args, MethodBase metadata, String stepName, List`1 stepParameters)"
      },
      "stage": "finished",
      "steps": [],
      "attachments": [],
      "parameters": [],
      "start": 1732033764201,
      "stop": 1732033794524
    }
  ],
  "attachments": [
    {
      "name": "CheckSelectCreatedResolutionToStudentLearningStatus.jpg",
      "source": "709f3f5b-d1ac-4cb0-911c-75e7cb0a1a6d-attachment.jpg",
      "type": "image/jpeg"
    },
    {
      "name": "Console Output",
      "source": "2c2028ee-6958-4ddd-9977-54014dc53512-attachment.txt",
      "type": "text/plain"
    }
  ],
  "parameters": [],
  "start": 1732033759147,
  "stop": 1732033794712
}