{
  "uuid": "29aa04b7-3033-4675-b5b2-af06aaeb9f55",
  "historyId": "9612d73cf4b5d3d090f7f9358983d5bc",
  "testCaseId": "e2370e05780d34562b7928b73a4f1c6e",
  "fullName": "OdinUiTests:OdinUiTests.Tests.Discipline.DisContingentCreationTests.CheckAddTeacherByUserInfoInCreation(System.String)",
  "labels": [
    {
      "name": "thread",
      "value": "ParallelWorker#7"
    },
    {
      "name": "host",
      "value": "a27c07a122f0"
    },
    {
      "name": "language",
      "value": "C#"
    },
    {
      "name": "framework",
      "value": "NUnit 3"
    },
    {
      "name": "package",
      "value": "OdinUiTests.Tests.Discipline"
    },
    {
      "name": "testMethod",
      "value": "CheckAddTeacherByUserInfoInCreation"
    },
    {
      "name": "testClass",
      "value": "DisContingentCreationTests"
    },
    {
      "name": "suite",
      "value": "Дисциплина"
    },
    {
      "name": "subSuite",
      "value": "Создание дисциплины"
    },
    {
      "name": "severity",
      "value": "critical"
    },
    {
      "name": "tag",
      "value": "Дисциплина"
    },
    {
      "name": "tag",
      "value": "Дежурство"
    },
    {
      "name": "tag",
      "value": "Регресс"
    }
  ],
  "links": [],
  "name": "Добавление преподавателя по ссылке на профиль",
  "status": "broken",
  "statusDetails": {
    "known": false,
    "muted": false,
    "flaky": false,
    "message": "OpenQA.Selenium.WebDriverTimeoutException : Timed out after 30 seconds\n  ----> OpenQA.Selenium.NoSuchElementException : no such element: Unable to locate element: {\"method\":\"css selector\",\"selector\":\".q-item.items-center\"}\n  (Session info: chrome-headless-shell=126.0.6478.126); For documentation on this error, please visit: https://www.selenium.dev/documentation/webdriver/troubleshooting/errors#no-such-element-exception",
    "trace": "   at OpenQA.Selenium.Support.UI.DefaultWait`1.ThrowTimeoutException(String exceptionMessage, Exception lastException)\n   at OpenQA.Selenium.Support.UI.DefaultWait`1.Until[TResult](Func`2 condition, CancellationToken token)\n   at OpenQA.Selenium.Support.UI.DefaultWait`1.Until[TResult](Func`2 condition)\n   at OdinUiTests.Pages.DisCommonEditPage.__a$_around_AddMembersByName_100666584_o(String contingent, String userInfo) in /azp/_work/2/s/Pages/DisCommonEditPage.cs:line 345\n   at OdinUiTests.Pages.DisCommonEditPage.__a$_around_AddMembersByName_100666584_u(Object[])\n   at Allure.Net.Commons.Steps.AllureAbstractStepAspect.WrapSync[T](Func`2 target, Object[] args, MethodBase metadata, String stepName, List`1 stepParameters)\n   at InvokeStub_AllureAbstractStepAspect.WrapSync(Object, Span`1)\n   at System.Reflection.MethodBaseInvoker.InvokeWithManyArgs(Object obj, BindingFlags invokeAttr, Binder binder, Object[] parameters, CultureInfo culture)\n--NoSuchElementException\n   at OpenQA.Selenium.WebDriver.UnpackAndThrowOnError(Response errorResponse, String commandToExecute)\n   at OpenQA.Selenium.WebDriver.ExecuteAsync(String driverCommandToExecute, Dictionary`2 parameters)\n   at SeleniumExtras.WaitHelpers.ExpectedConditions.<>c__DisplayClass19_0.<ElementToBeClickable>b__0(IWebDriver driver)\n   at OpenQA.Selenium.Support.UI.DefaultWait`1.Until[TResult](Func`2 condition, CancellationToken token)"
  },
  "stage": "finished",
  "steps": [
    {
      "name": "Открыть страницу создания дисциплины",
      "status": "passed",
      "statusDetails": {
        "known": false,
        "muted": false,
        "flaky": false
      },
      "stage": "finished",
      "steps": [],
      "attachments": [],
      "parameters": [
        {
          "name": "isVO",
          "value": "true",
          "excluded": false
        },
        {
          "name": "id",
          "value": "\"23\"",
          "excluded": false
        }
      ],
      "start": 1731946044212,
      "stop": 1731946044470
    },
    {
      "name": "Заполнение обязательных полей для создании дисциплины",
      "status": "passed",
      "statusDetails": {
        "known": false,
        "muted": false,
        "flaky": false
      },
      "stage": "finished",
      "steps": [
        {
          "name": "Редактировать название дисциплины",
          "status": "passed",
          "statusDetails": {
            "known": false,
            "muted": false,
            "flaky": false
          },
          "stage": "finished",
          "steps": [],
          "attachments": [],
          "parameters": [
            {
              "name": "name",
              "value": "\"314E39CG39B0G19\"",
              "excluded": false
            }
          ],
          "start": 1731946044470,
          "stop": 1731946046798
        },
        {
          "name": "Редактировать краткое название дисциплины",
          "status": "passed",
          "statusDetails": {
            "known": false,
            "muted": false,
            "flaky": false
          },
          "stage": "finished",
          "steps": [],
          "attachments": [],
          "parameters": [
            {
              "name": "shortName",
              "value": "\"314E39CG39B0G19\"",
              "excluded": false
            }
          ],
          "start": 1731946046798,
          "stop": 1731946048355
        },
        {
          "name": "Редактировать описание дисциплины",
          "status": "passed",
          "statusDetails": {
            "known": false,
            "muted": false,
            "flaky": false
          },
          "stage": "finished",
          "steps": [],
          "attachments": [],
          "parameters": [
            {
              "name": "description",
              "value": "\"314E39CG39B0G19\"",
              "excluded": false
            }
          ],
          "start": 1731946048355,
          "stop": 1731946049647
        }
      ],
      "attachments": [],
      "parameters": [
        {
          "name": "text",
          "value": "\"314E39CG39B0G19\"",
          "excluded": false
        }
      ],
      "start": 1731946044470,
      "stop": 1731946049647
    },
    {
      "name": "Добавить/выбрать преподавателя/группу из выпадающего списка",
      "status": "broken",
      "statusDetails": {
        "known": false,
        "muted": false,
        "flaky": false,
        "message": "Timed out after 30 seconds",
        "trace": "OpenQA.Selenium.WebDriverTimeoutException: Timed out after 30 seconds\n ---> OpenQA.Selenium.NoSuchElementException: no such element: Unable to locate element: {\"method\":\"css selector\",\"selector\":\".q-item.items-center\"}\n  (Session info: chrome-headless-shell=126.0.6478.126); For documentation on this error, please visit: https://www.selenium.dev/documentation/webdriver/troubleshooting/errors#no-such-element-exception\n   at OpenQA.Selenium.WebDriver.UnpackAndThrowOnError(Response errorResponse, String commandToExecute)\n   at OpenQA.Selenium.WebDriver.ExecuteAsync(String driverCommandToExecute, Dictionary`2 parameters)\n   at SeleniumExtras.WaitHelpers.ExpectedConditions.<>c__DisplayClass19_0.<ElementToBeClickable>b__0(IWebDriver driver)\n   at OpenQA.Selenium.Support.UI.DefaultWait`1.Until[TResult](Func`2 condition, CancellationToken token)\n   --- End of inner exception stack trace ---\n   at OpenQA.Selenium.Support.UI.DefaultWait`1.ThrowTimeoutException(String exceptionMessage, Exception lastException)\n   at OpenQA.Selenium.Support.UI.DefaultWait`1.Until[TResult](Func`2 condition, CancellationToken token)\n   at OpenQA.Selenium.Support.UI.DefaultWait`1.Until[TResult](Func`2 condition)\n   at OdinUiTests.Pages.DisCommonEditPage.__a$_around_AddMembersByName_100666584_o(String contingent, String userInfo) in /azp/_work/2/s/Pages/DisCommonEditPage.cs:line 345\n   at OdinUiTests.Pages.DisCommonEditPage.__a$_around_AddMembersByName_100666584_u(Object[])\n   at Allure.Net.Commons.Steps.AllureAbstractStepAspect.WrapSync[T](Func`2 target, Object[] args, MethodBase metadata, String stepName, List`1 stepParameters)"
      },
      "stage": "finished",
      "steps": [],
      "attachments": [],
      "parameters": [
        {
          "name": "contingent",
          "value": "\"Преподаватель\"",
          "excluded": false
        },
        {
          "name": "userInfo",
          "value": "\"User/Info/18267\"",
          "excluded": false
        }
      ],
      "start": 1731946049647,
      "stop": 1731946082063
    }
  ],
  "attachments": [
    {
      "name": "CheckAddTeacherByUserInfoInCreation.jpg",
      "source": "b990467c-777b-44a3-b587-b76abe25576a-attachment.jpg",
      "type": "image/jpeg"
    },
    {
      "name": "Console Output",
      "source": "efa469d7-7d64-4e70-aa50-eb0e182c8c36-attachment.txt",
      "type": "text/plain"
    }
  ],
  "parameters": [
    {
      "name": "userInfo",
      "value": "\"User/Info/18267\"",
      "excluded": false
    }
  ],
  "start": 1731946043952,
  "stop": 1731946082252
}