{
  "uuid": "664a1f02-2dc3-48bc-b1ea-afc9112554ba",
  "historyId": "da557b808609219263d35c42fcfb09e4",
  "testCaseId": "e2370e05780d34562b7928b73a4f1c6e",
  "fullName": "OdinUiTests:OdinUiTests.Tests.Discipline.DisContingentCreationTests.CheckAddTeacherByUserInfoInCreation(System.String)",
  "labels": [
    {
      "name": "thread",
      "value": "ParallelWorker#2"
    },
    {
      "name": "host",
      "value": "5d8fa5d705d0"
    },
    {
      "name": "language",
      "value": "C#"
    },
    {
      "name": "framework",
      "value": "NUnit 3"
    },
    {
      "name": "package",
      "value": "OdinUiTests.Tests.Discipline"
    },
    {
      "name": "testMethod",
      "value": "CheckAddTeacherByUserInfoInCreation"
    },
    {
      "name": "testClass",
      "value": "DisContingentCreationTests"
    },
    {
      "name": "suite",
      "value": "Дисциплина"
    },
    {
      "name": "subSuite",
      "value": "Создание дисциплины"
    },
    {
      "name": "severity",
      "value": "critical"
    },
    {
      "name": "tag",
      "value": "Дисциплина"
    },
    {
      "name": "tag",
      "value": "Дежурство"
    },
    {
      "name": "tag",
      "value": "Регресс"
    }
  ],
  "links": [],
  "name": "Добавление преподавателя по email",
  "status": "broken",
  "statusDetails": {
    "known": false,
    "muted": false,
    "flaky": false,
    "message": "OpenQA.Selenium.WebDriverTimeoutException : Timed out after 30 seconds\n  ----> OpenQA.Selenium.NoSuchElementException : no such element: Unable to locate element: {\"method\":\"css selector\",\"selector\":\".q-item.items-center\"}\n  (Session info: chrome-headless-shell=126.0.6478.126); For documentation on this error, please visit: https://www.selenium.dev/documentation/webdriver/troubleshooting/errors#no-such-element-exception",
    "trace": "   at OpenQA.Selenium.Support.UI.DefaultWait`1.ThrowTimeoutException(String exceptionMessage, Exception lastException)\n   at OpenQA.Selenium.Support.UI.DefaultWait`1.Until[TResult](Func`2 condition, CancellationToken token)\n   at OpenQA.Selenium.Support.UI.DefaultWait`1.Until[TResult](Func`2 condition)\n   at OdinUiTests.Pages.DisCommonEditPage.__a$_around_AddMembersByName_100666584_o(String contingent, String userInfo) in /azp/_work/2/s/Pages/DisCommonEditPage.cs:line 345\n   at OdinUiTests.Pages.DisCommonEditPage.__a$_around_AddMembersByName_100666584_u(Object[])\n   at Allure.Net.Commons.Steps.AllureAbstractStepAspect.WrapSync[T](Func`2 target, Object[] args, MethodBase metadata, String stepName, List`1 stepParameters)\n   at InvokeStub_AllureAbstractStepAspect.WrapSync(Object, Span`1)\n   at System.Reflection.MethodBaseInvoker.InvokeWithManyArgs(Object obj, BindingFlags invokeAttr, Binder binder, Object[] parameters, CultureInfo culture)\n--NoSuchElementException\n   at OpenQA.Selenium.WebDriver.UnpackAndThrowOnError(Response errorResponse, String commandToExecute)\n   at OpenQA.Selenium.WebDriver.ExecuteAsync(String driverCommandToExecute, Dictionary`2 parameters)\n   at SeleniumExtras.WaitHelpers.ExpectedConditions.<>c__DisplayClass19_0.<ElementToBeClickable>b__0(IWebDriver driver)\n   at OpenQA.Selenium.Support.UI.DefaultWait`1.Until[TResult](Func`2 condition, CancellationToken token)"
  },
  "stage": "finished",
  "steps": [
    {
      "name": "Открыть страницу создания дисциплины",
      "status": "passed",
      "statusDetails": {
        "known": false,
        "muted": false,
        "flaky": false
      },
      "stage": "finished",
      "steps": [],
      "attachments": [],
      "parameters": [
        {
          "name": "isVO",
          "value": "true",
          "excluded": false
        },
        {
          "name": "id",
          "value": "\"23\"",
          "excluded": false
        }
      ],
      "start": 1732694007498,
      "stop": 1732694007970
    },
    {
      "name": "Заполнение обязательных полей для создании дисциплины",
      "status": "passed",
      "statusDetails": {
        "known": false,
        "muted": false,
        "flaky": false
      },
      "stage": "finished",
      "steps": [
        {
          "name": "Редактировать название дисциплины",
          "status": "passed",
          "statusDetails": {
            "known": false,
            "muted": false,
            "flaky": false
          },
          "stage": "finished",
          "steps": [],
          "attachments": [],
          "parameters": [
            {
              "name": "name",
              "value": "\"AB3GC3C1B6GFA00\"",
              "excluded": false
            }
          ],
          "start": 1732694007971,
          "stop": 1732694010284
        },
        {
          "name": "Редактировать краткое название дисциплины",
          "status": "passed",
          "statusDetails": {
            "known": false,
            "muted": false,
            "flaky": false
          },
          "stage": "finished",
          "steps": [],
          "attachments": [],
          "parameters": [
            {
              "name": "shortName",
              "value": "\"AB3GC3C1B6GFA00\"",
              "excluded": false
            }
          ],
          "start": 1732694010285,
          "stop": 1732694011831
        },
        {
          "name": "Редактировать описание дисциплины",
          "status": "passed",
          "statusDetails": {
            "known": false,
            "muted": false,
            "flaky": false
          },
          "stage": "finished",
          "steps": [],
          "attachments": [],
          "parameters": [
            {
              "name": "description",
              "value": "\"AB3GC3C1B6GFA00\"",
              "excluded": false
            }
          ],
          "start": 1732694011831,
          "stop": 1732694013133
        }
      ],
      "attachments": [],
      "parameters": [
        {
          "name": "text",
          "value": "\"AB3GC3C1B6GFA00\"",
          "excluded": false
        }
      ],
      "start": 1732694007971,
      "stop": 1732694013133
    },
    {
      "name": "Добавить/выбрать преподавателя/группу из выпадающего списка",
      "status": "broken",
      "statusDetails": {
        "known": false,
        "muted": false,
        "flaky": false,
        "message": "Timed out after 30 seconds",
        "trace": "OpenQA.Selenium.WebDriverTimeoutException: Timed out after 30 seconds\n ---> OpenQA.Selenium.NoSuchElementException: no such element: Unable to locate element: {\"method\":\"css selector\",\"selector\":\".q-item.items-center\"}\n  (Session info: chrome-headless-shell=126.0.6478.126); For documentation on this error, please visit: https://www.selenium.dev/documentation/webdriver/troubleshooting/errors#no-such-element-exception\n   at OpenQA.Selenium.WebDriver.UnpackAndThrowOnError(Response errorResponse, String commandToExecute)\n   at OpenQA.Selenium.WebDriver.ExecuteAsync(String driverCommandToExecute, Dictionary`2 parameters)\n   at SeleniumExtras.WaitHelpers.ExpectedConditions.<>c__DisplayClass19_0.<ElementToBeClickable>b__0(IWebDriver driver)\n   at OpenQA.Selenium.Support.UI.DefaultWait`1.Until[TResult](Func`2 condition, CancellationToken token)\n   --- End of inner exception stack trace ---\n   at OpenQA.Selenium.Support.UI.DefaultWait`1.ThrowTimeoutException(String exceptionMessage, Exception lastException)\n   at OpenQA.Selenium.Support.UI.DefaultWait`1.Until[TResult](Func`2 condition, CancellationToken token)\n   at OpenQA.Selenium.Support.UI.DefaultWait`1.Until[TResult](Func`2 condition)\n   at OdinUiTests.Pages.DisCommonEditPage.__a$_around_AddMembersByName_100666584_o(String contingent, String userInfo) in /azp/_work/2/s/Pages/DisCommonEditPage.cs:line 345\n   at OdinUiTests.Pages.DisCommonEditPage.__a$_around_AddMembersByName_100666584_u(Object[])\n   at Allure.Net.Commons.Steps.AllureAbstractStepAspect.WrapSync[T](Func`2 target, Object[] args, MethodBase metadata, String stepName, List`1 stepParameters)"
      },
      "stage": "finished",
      "steps": [],
      "attachments": [],
      "parameters": [
        {
          "name": "contingent",
          "value": "\"Преподаватель\"",
          "excluded": false
        },
        {
          "name": "userInfo",
          "value": "\"test9@tsu.ru\"",
          "excluded": false
        }
      ],
      "start": 1732694013133,
      "stop": 1732694045588
    }
  ],
  "attachments": [
    {
      "name": "CheckAddTeacherByUserInfoInCreation.jpg",
      "source": "e44764a9-4f98-40a1-802a-37c703d9cbad-attachment.jpg",
      "type": "image/jpeg"
    },
    {
      "name": "Console Output",
      "source": "494478fd-5a45-44dd-afb4-c628db05e75d-attachment.txt",
      "type": "text/plain"
    }
  ],
  "parameters": [
    {
      "name": "userInfo",
      "value": "\"test9@tsu.ru\"",
      "excluded": false
    }
  ],
  "start": 1732694007391,
  "stop": 1732694045800
}