{
  "uuid": "93cb675a-772b-4d5a-b8de-813fb9121b78",
  "historyId": "38a0ccd00bfa1af5c1265b448a5c9e5d",
  "testCaseId": "589764baa5eb691ce4cbbd6a3d111ab4",
  "fullName": "OdinUiTests:OdinUiTests.Tests.Chat.DisciplineRoomMiniChatMessageTests.CheckCallInDisciplineRoomMiniChat()",
  "labels": [
    {
      "name": "thread",
      "value": "ParallelWorker#10"
    },
    {
      "name": "host",
      "value": "379bd436f97a"
    },
    {
      "name": "language",
      "value": "C#"
    },
    {
      "name": "framework",
      "value": "NUnit 3"
    },
    {
      "name": "package",
      "value": "OdinUiTests.Tests.Chat"
    },
    {
      "name": "testMethod",
      "value": "CheckCallInDisciplineRoomMiniChat"
    },
    {
      "name": "testClass",
      "value": "DisciplineRoomMiniChatMessageTests"
    },
    {
      "name": "suite",
      "value": "Чат"
    },
    {
      "name": "subSuite",
      "value": "Миничат комнаты дисциплины"
    },
    {
      "name": "severity",
      "value": "critical"
    },
    {
      "name": "tag",
      "value": "Чат"
    },
    {
      "name": "tag",
      "value": "Регресс"
    }
  ],
  "links": [],
  "name": "Можно сделать звонок в миничате добавленной комнаты",
  "status": "broken",
  "statusDetails": {
    "known": false,
    "muted": false,
    "flaky": false,
    "message": "OpenQA.Selenium.WebDriverTimeoutException : Timed out after 30 seconds\n  ----> OpenQA.Selenium.NoSuchElementException : no such element: Unable to locate element: {\"method\":\"css selector\",\"selector\":\".ellipsis\\-3\\-lines\"}\n  (Session info: chrome-headless-shell=126.0.6478.126); For documentation on this error, please visit: https://www.selenium.dev/documentation/webdriver/troubleshooting/errors#no-such-element-exception",
    "trace": "   at OpenQA.Selenium.Support.UI.DefaultWait`1.ThrowTimeoutException(String exceptionMessage, Exception lastException)\n   at OpenQA.Selenium.Support.UI.DefaultWait`1.Until[TResult](Func`2 condition, CancellationToken token)\n   at OpenQA.Selenium.Support.UI.DefaultWait`1.Until[TResult](Func`2 condition)\n   at OdinUiTests.Pages.ChatCommonPage.__a$_around_OpenSubChatWithName_100666233_o(String chatName) in /azp/_work/1/s/Pages/ChatCommonPage.cs:line 234\n   at OdinUiTests.Pages.ChatCommonPage.__a$_around_OpenSubChatWithName_100666233_u(Object[])\n   at Allure.Net.Commons.Steps.AllureAbstractStepAspect.WrapSync[T](Func`2 target, Object[] args, MethodBase metadata, String stepName, List`1 stepParameters)\n   at InvokeStub_AllureAbstractStepAspect.WrapSync(Object, Span`1)\n   at System.Reflection.MethodBaseInvoker.InvokeWithManyArgs(Object obj, BindingFlags invokeAttr, Binder binder, Object[] parameters, CultureInfo culture)\n--NoSuchElementException\n   at OpenQA.Selenium.WebDriver.UnpackAndThrowOnError(Response errorResponse, String commandToExecute)\n   at OpenQA.Selenium.WebDriver.ExecuteAsync(String driverCommandToExecute, Dictionary`2 parameters)\n   at SeleniumExtras.WaitHelpers.ExpectedConditions.<>c__DisplayClass19_0.<ElementToBeClickable>b__0(IWebDriver driver)\n   at OpenQA.Selenium.Support.UI.DefaultWait`1.Until[TResult](Func`2 condition, CancellationToken token)"
  },
  "stage": "finished",
  "steps": [
    {
      "name": "Открыть страницу Дашборда",
      "status": "passed",
      "statusDetails": {
        "known": false,
        "muted": false,
        "flaky": false
      },
      "stage": "finished",
      "steps": [],
      "attachments": [],
      "parameters": [],
      "start": 1732033511952,
      "stop": 1732033512151
    },
    {
      "name": "Нажать на кнопку 'Чат' для открытия миничата, если миничат еще не открыт",
      "status": "passed",
      "statusDetails": {
        "known": false,
        "muted": false,
        "flaky": false
      },
      "stage": "finished",
      "steps": [],
      "attachments": [],
      "parameters": [],
      "start": 1732033512151,
      "stop": 1732033512706
    },
    {
      "name": "В панели чатов найти дисциплину по названию и открыть его",
      "status": "passed",
      "statusDetails": {
        "known": false,
        "muted": false,
        "flaky": false
      },
      "stage": "finished",
      "steps": [],
      "attachments": [],
      "parameters": [
        {
          "name": "chatName",
          "value": "\"Паттерны архитектуры\"",
          "excluded": false
        }
      ],
      "start": 1732033512707,
      "stop": 1732033514193
    },
    {
      "name": "Нажать на выпадающий список комнат",
      "status": "passed",
      "statusDetails": {
        "known": false,
        "muted": false,
        "flaky": false
      },
      "stage": "finished",
      "steps": [],
      "attachments": [],
      "parameters": [],
      "start": 1732033514193,
      "stop": 1732033514266
    },
    {
      "name": "Выбрать добавленную комнату чата дисциплины по названию",
      "status": "broken",
      "statusDetails": {
        "known": false,
        "muted": false,
        "flaky": false,
        "message": "Timed out after 30 seconds",
        "trace": "OpenQA.Selenium.WebDriverTimeoutException: Timed out after 30 seconds\n ---> OpenQA.Selenium.NoSuchElementException: no such element: Unable to locate element: {\"method\":\"css selector\",\"selector\":\".ellipsis\\-3\\-lines\"}\n  (Session info: chrome-headless-shell=126.0.6478.126); For documentation on this error, please visit: https://www.selenium.dev/documentation/webdriver/troubleshooting/errors#no-such-element-exception\n   at OpenQA.Selenium.WebDriver.UnpackAndThrowOnError(Response errorResponse, String commandToExecute)\n   at OpenQA.Selenium.WebDriver.ExecuteAsync(String driverCommandToExecute, Dictionary`2 parameters)\n   at SeleniumExtras.WaitHelpers.ExpectedConditions.<>c__DisplayClass19_0.<ElementToBeClickable>b__0(IWebDriver driver)\n   at OpenQA.Selenium.Support.UI.DefaultWait`1.Until[TResult](Func`2 condition, CancellationToken token)\n   --- End of inner exception stack trace ---\n   at OpenQA.Selenium.Support.UI.DefaultWait`1.ThrowTimeoutException(String exceptionMessage, Exception lastException)\n   at OpenQA.Selenium.Support.UI.DefaultWait`1.Until[TResult](Func`2 condition, CancellationToken token)\n   at OpenQA.Selenium.Support.UI.DefaultWait`1.Until[TResult](Func`2 condition)\n   at OdinUiTests.Pages.ChatCommonPage.__a$_around_OpenSubChatWithName_100666233_o(String chatName) in /azp/_work/1/s/Pages/ChatCommonPage.cs:line 234\n   at OdinUiTests.Pages.ChatCommonPage.__a$_around_OpenSubChatWithName_100666233_u(Object[])\n   at Allure.Net.Commons.Steps.AllureAbstractStepAspect.WrapSync[T](Func`2 target, Object[] args, MethodBase metadata, String stepName, List`1 stepParameters)"
      },
      "stage": "finished",
      "steps": [],
      "attachments": [],
      "parameters": [
        {
          "name": "chatName",
          "value": "\"Другая комната2\"",
          "excluded": false
        }
      ],
      "start": 1732033514266,
      "stop": 1732033544744
    }
  ],
  "attachments": [
    {
      "name": "CheckCallInDisciplineRoomMiniChat.jpg",
      "source": "d20ce74a-58b1-4227-bbd7-2d144bb6bdcf-attachment.jpg",
      "type": "image/jpeg"
    },
    {
      "name": "Console Output",
      "source": "b200b024-e0ce-4546-942d-8b5fee0fe4ad-attachment.txt",
      "type": "text/plain"
    }
  ],
  "parameters": [],
  "start": 1732033511952,
  "stop": 1732033545072
}