{
  "uuid": "b8176006-3e00-40c1-bdae-7b935834e3cd",
  "historyId": "e1d74318970c88c370e17f3cb1044b2a",
  "testCaseId": "4b957aa84fef5fcf41f0feba5f237657",
  "fullName": "OdinUiTests:OdinUiTests.Tests.Organization.OrganizationEditingTests.CheckImpossibleRemoveCustomResolutionIfItInUse()",
  "labels": [
    {
      "name": "thread",
      "value": "NUnit.Fw.ParallelWorker#2"
    },
    {
      "name": "host",
      "value": "c3224eebccc4"
    },
    {
      "name": "language",
      "value": "C#"
    },
    {
      "name": "framework",
      "value": "NUnit 3"
    },
    {
      "name": "package",
      "value": "OdinUiTests.Tests.Organization"
    },
    {
      "name": "testMethod",
      "value": "CheckImpossibleRemoveCustomResolutionIfItInUse"
    },
    {
      "name": "testClass",
      "value": "OrganizationEditingTests"
    },
    {
      "name": "suite",
      "value": "Организация"
    },
    {
      "name": "subSuite",
      "value": "Редактирование организации"
    },
    {
      "name": "severity",
      "value": "minor"
    },
    {
      "name": "tag",
      "value": "Организация"
    },
    {
      "name": "tag",
      "value": "Дежурство"
    },
    {
      "name": "tag",
      "value": "Регресс"
    }
  ],
  "links": [],
  "name": "Нельзя удалить резолюцию, если она выбрана у студента в завершении обучения",
  "status": "broken",
  "statusDetails": {
    "known": false,
    "muted": false,
    "flaky": false,
    "message": "System.Reflection.TargetInvocationException : Exception has been thrown by the target of an invocation.\n  ----> OpenQA.Selenium.WebDriverTimeoutException : Timed out after 30 seconds\n  ----> OpenQA.Selenium.NoSuchElementException : no such element: Unable to locate element: {\"method\":\"xpath\",\"selector\":\"//span[text()='Сохранить']\"}\n  (Session info: chrome=132.0.6834.83); For documentation on this error, please visit: https://www.selenium.dev/documentation/webdriver/troubleshooting/errors#no-such-element-exception",
    "trace": "   at System.Reflection.MethodBaseInvoker.InvokeWithManyArgs(Object obj, BindingFlags invokeAttr, Binder binder, Object[] parameters, CultureInfo culture)\n   at Allure.Net.Commons.Steps.AllureStepAspectBase.Around(String name, Object[] args, Func`2 target, MethodBase metadata, Type returnType)\n   at OdinUiTests.Pages.OrganizationCommonPage.__a$_around_ClickOnSaveButton_100666961_w_0(Object[])\n   at OdinUiTests.Pages.OrganizationCommonPage.ClickOnSaveButton()\n   at OdinUiTests.Tests.Organization.OrganizationEditingTests.CheckImpossibleRemoveCustomResolutionIfItInUse() in /azp/_work/1/s/Tests/Organization/OrganizationTests.cs:line 187\n   at System.RuntimeMethodHandle.InvokeMethod(Object target, Void** arguments, Signature sig, Boolean isConstructor)\n   at System.Reflection.MethodBaseInvoker.InvokeWithNoArgs(Object obj, BindingFlags invokeAttr)\n--WebDriverTimeoutException\n   at OpenQA.Selenium.Support.UI.DefaultWait`1.ThrowTimeoutException(String exceptionMessage, Exception lastException)\n   at OpenQA.Selenium.Support.UI.DefaultWait`1.Until[TResult](Func`2 condition, CancellationToken token)\n   at OpenQA.Selenium.Support.UI.DefaultWait`1.Until[TResult](Func`2 condition)\n   at OdinUiTests.Pages.OrganizationCommonPage.__a$_around_ClickOnSaveButton_100666961_o() in /azp/_work/1/s/Pages/OrganizationCommonPage.cs:line 333\n   at OdinUiTests.Pages.OrganizationCommonPage.__a$_around_ClickOnSaveButton_100666961_u(Object[])\n   at Allure.Net.Commons.Steps.AllureAbstractStepAspect.WrapSync[T](Func`2 target, Object[] args, MethodBase metadata, String stepName, List`1 stepParameters)\n   at InvokeStub_AllureAbstractStepAspect.WrapSync(Object, Span`1)\n   at System.Reflection.MethodBaseInvoker.InvokeWithManyArgs(Object obj, BindingFlags invokeAttr, Binder binder, Object[] parameters, CultureInfo culture)\n--NoSuchElementException\n   at OpenQA.Selenium.WebDriver.UnpackAndThrowOnError(Response errorResponse, String commandToExecute)\n   at OpenQA.Selenium.WebDriver.ExecuteAsync(String driverCommandToExecute, Dictionary`2 parameters)\n   at SeleniumExtras.WaitHelpers.ExpectedConditions.<>c__DisplayClass19_0.<ElementToBeClickable>b__0(IWebDriver driver)\n   at OpenQA.Selenium.Support.UI.DefaultWait`1.Until[TResult](Func`2 condition, CancellationToken token)"
  },
  "stage": "finished",
  "steps": [
    {
      "name": "Открыть страницу редактирования организации",
      "status": "passed",
      "statusDetails": {
        "known": false,
        "muted": false,
        "flaky": false
      },
      "stage": "finished",
      "steps": [],
      "attachments": [],
      "parameters": [
        {
          "name": "organizationId",
          "value": "\"1\"",
          "excluded": false
        }
      ],
      "start": 1748227364259,
      "stop": 1748227364562
    },
    {
      "name": "Нажать на крестик рядом с добавленной пользователской резолюции",
      "status": "passed",
      "statusDetails": {
        "known": false,
        "muted": false,
        "flaky": false
      },
      "stage": "finished",
      "steps": [],
      "attachments": [],
      "parameters": [
        {
          "name": "resInfo",
          "value": "{\"block\":\"Приостановил\",\"text\":\"утщдфщ лчабраогк ёпцицйрбл\"}",
          "excluded": false
        }
      ],
      "start": 1748227364562,
      "stop": 1748227365863
    },
    {
      "name": "Нажать на кнопку 'Сохранить'",
      "status": "broken",
      "statusDetails": {
        "known": false,
        "muted": false,
        "flaky": false,
        "message": "Timed out after 30 seconds",
        "trace": "OpenQA.Selenium.WebDriverTimeoutException: Timed out after 30 seconds\n ---> OpenQA.Selenium.NoSuchElementException: no such element: Unable to locate element: {\"method\":\"xpath\",\"selector\":\"//span[text()='Сохранить']\"}\n  (Session info: chrome=132.0.6834.83); For documentation on this error, please visit: https://www.selenium.dev/documentation/webdriver/troubleshooting/errors#no-such-element-exception\n   at OpenQA.Selenium.WebDriver.UnpackAndThrowOnError(Response errorResponse, String commandToExecute)\n   at OpenQA.Selenium.WebDriver.ExecuteAsync(String driverCommandToExecute, Dictionary`2 parameters)\n   at SeleniumExtras.WaitHelpers.ExpectedConditions.<>c__DisplayClass19_0.<ElementToBeClickable>b__0(IWebDriver driver)\n   at OpenQA.Selenium.Support.UI.DefaultWait`1.Until[TResult](Func`2 condition, CancellationToken token)\n   --- End of inner exception stack trace ---\n   at OpenQA.Selenium.Support.UI.DefaultWait`1.ThrowTimeoutException(String exceptionMessage, Exception lastException)\n   at OpenQA.Selenium.Support.UI.DefaultWait`1.Until[TResult](Func`2 condition, CancellationToken token)\n   at OpenQA.Selenium.Support.UI.DefaultWait`1.Until[TResult](Func`2 condition)\n   at OdinUiTests.Pages.OrganizationCommonPage.__a$_around_ClickOnSaveButton_100666961_o() in /azp/_work/1/s/Pages/OrganizationCommonPage.cs:line 333\n   at OdinUiTests.Pages.OrganizationCommonPage.__a$_around_ClickOnSaveButton_100666961_u(Object[])\n   at Allure.Net.Commons.Steps.AllureAbstractStepAspect.WrapSync[T](Func`2 target, Object[] args, MethodBase metadata, String stepName, List`1 stepParameters)"
      },
      "stage": "finished",
      "steps": [],
      "attachments": [],
      "parameters": [],
      "start": 1748227365863,
      "stop": 1748227396060
    }
  ],
  "attachments": [
    {
      "name": "CheckImpossibleRemoveCustomResolutionIfItInUse.jpg",
      "source": "9cdaac4d-c3ed-41e4-a343-36d1cba0e631-attachment.jpg",
      "type": "image/jpeg"
    },
    {
      "name": "Console Output",
      "source": "9a7859f8-4a9a-4ec9-b040-c9740f99338a-attachment.txt",
      "type": "text/plain"
    }
  ],
  "parameters": [],
  "start": 1748227364015,
  "stop": 1748227396615
}