{
  "uuid": "fd462303-ec7b-4795-97d6-bd774852eb03",
  "historyId": "e1d74318970c88c370e17f3cb1044b2a",
  "testCaseId": "4b957aa84fef5fcf41f0feba5f237657",
  "fullName": "OdinUiTests:OdinUiTests.Tests.Organization.OrganizationEditingTests.CheckImpossibleRemoveCustomResolutionIfItInUse()",
  "labels": [
    {
      "name": "thread",
      "value": "ParallelWorker#9"
    },
    {
      "name": "host",
      "value": "c8adafc4b2d1"
    },
    {
      "name": "language",
      "value": "C#"
    },
    {
      "name": "framework",
      "value": "NUnit 3"
    },
    {
      "name": "package",
      "value": "OdinUiTests.Tests.Organization"
    },
    {
      "name": "testMethod",
      "value": "CheckImpossibleRemoveCustomResolutionIfItInUse"
    },
    {
      "name": "testClass",
      "value": "OrganizationEditingTests"
    },
    {
      "name": "suite",
      "value": "Организация"
    },
    {
      "name": "subSuite",
      "value": "Редактирование организации"
    },
    {
      "name": "severity",
      "value": "minor"
    },
    {
      "name": "tag",
      "value": "Организация"
    },
    {
      "name": "tag",
      "value": "Дежурство"
    },
    {
      "name": "tag",
      "value": "Регресс"
    }
  ],
  "links": [],
  "name": "Нельзя удалить резолюцию, если она выбрана у студента в завершении обучения",
  "status": "broken",
  "statusDetails": {
    "known": false,
    "muted": false,
    "flaky": false,
    "message": "OpenQA.Selenium.WebDriverTimeoutException : Timed out after 30 seconds\n  ----> OpenQA.Selenium.NoSuchElementException : no such element: Unable to locate element: {\"method\":\"css selector\",\"selector\":\".q-notification__message\"}\n  (Session info: chrome-headless-shell=126.0.6478.126); For documentation on this error, please visit: https://www.selenium.dev/documentation/webdriver/troubleshooting/errors#no-such-element-exception",
    "trace": "   at OpenQA.Selenium.Support.UI.DefaultWait`1.ThrowTimeoutException(String exceptionMessage, Exception lastException)\n   at OpenQA.Selenium.Support.UI.DefaultWait`1.Until[TResult](Func`2 condition, CancellationToken token)\n   at OpenQA.Selenium.Support.UI.DefaultWait`1.Until[TResult](Func`2 condition)\n   at OdinUiTests.Pages.OrganizationCommonPage.__a$_around_CheckErrorIsAppear_100666981_o(Dictionary`2 resInfo) in /azp/_work/1/s/Pages/OrganizationCommonPage.cs:line 743\n   at OdinUiTests.Pages.OrganizationCommonPage.__a$_around_CheckErrorIsAppear_100666981_u(Object[])\n   at Allure.Net.Commons.Steps.AllureAbstractStepAspect.WrapSync[T](Func`2 target, Object[] args, MethodBase metadata, String stepName, List`1 stepParameters)\n   at InvokeStub_AllureAbstractStepAspect.WrapSync(Object, Span`1)\n   at System.Reflection.MethodBaseInvoker.InvokeWithManyArgs(Object obj, BindingFlags invokeAttr, Binder binder, Object[] parameters, CultureInfo culture)\n--NoSuchElementException\n   at OpenQA.Selenium.WebDriver.UnpackAndThrowOnError(Response errorResponse, String commandToExecute)\n   at OpenQA.Selenium.WebDriver.ExecuteAsync(String driverCommandToExecute, Dictionary`2 parameters)\n   at SeleniumExtras.WaitHelpers.ExpectedConditions.<>c__DisplayClass19_0.<ElementToBeClickable>b__0(IWebDriver driver)\n   at OpenQA.Selenium.Support.UI.DefaultWait`1.Until[TResult](Func`2 condition, CancellationToken token)"
  },
  "stage": "finished",
  "steps": [
    {
      "name": "Открыть страницу редактирования организации",
      "status": "passed",
      "statusDetails": {
        "known": false,
        "muted": false,
        "flaky": false
      },
      "stage": "finished",
      "steps": [],
      "attachments": [],
      "parameters": [
        {
          "name": "organizationId",
          "value": "\"1\"",
          "excluded": false
        }
      ],
      "start": 1733295906037,
      "stop": 1733295906210
    },
    {
      "name": "Нажать на крестик рядом с добавленной пользователской резолюции",
      "status": "passed",
      "statusDetails": {
        "known": false,
        "muted": false,
        "flaky": false
      },
      "stage": "finished",
      "steps": [],
      "attachments": [],
      "parameters": [
        {
          "name": "resInfo",
          "value": "{\"block\":\"Приостановил\",\"text\":\"ймъюзвещ кимд эбдкужц\"}",
          "excluded": false
        }
      ],
      "start": 1733295906211,
      "stop": 1733295907145
    },
    {
      "name": "Нажать на кнопку 'Сохранить'",
      "status": "passed",
      "statusDetails": {
        "known": false,
        "muted": false,
        "flaky": false
      },
      "stage": "finished",
      "steps": [],
      "attachments": [],
      "parameters": [],
      "start": 1733295907145,
      "stop": 1733295907242
    },
    {
      "name": "Проверка того, что удаления резолюции, которая используется не сработало",
      "status": "broken",
      "statusDetails": {
        "known": false,
        "muted": false,
        "flaky": false,
        "message": "Timed out after 30 seconds",
        "trace": "OpenQA.Selenium.WebDriverTimeoutException: Timed out after 30 seconds\n ---> OpenQA.Selenium.NoSuchElementException: no such element: Unable to locate element: {\"method\":\"css selector\",\"selector\":\".q-notification__message\"}\n  (Session info: chrome-headless-shell=126.0.6478.126); For documentation on this error, please visit: https://www.selenium.dev/documentation/webdriver/troubleshooting/errors#no-such-element-exception\n   at OpenQA.Selenium.WebDriver.UnpackAndThrowOnError(Response errorResponse, String commandToExecute)\n   at OpenQA.Selenium.WebDriver.ExecuteAsync(String driverCommandToExecute, Dictionary`2 parameters)\n   at SeleniumExtras.WaitHelpers.ExpectedConditions.<>c__DisplayClass19_0.<ElementToBeClickable>b__0(IWebDriver driver)\n   at OpenQA.Selenium.Support.UI.DefaultWait`1.Until[TResult](Func`2 condition, CancellationToken token)\n   --- End of inner exception stack trace ---\n   at OpenQA.Selenium.Support.UI.DefaultWait`1.ThrowTimeoutException(String exceptionMessage, Exception lastException)\n   at OpenQA.Selenium.Support.UI.DefaultWait`1.Until[TResult](Func`2 condition, CancellationToken token)\n   at OpenQA.Selenium.Support.UI.DefaultWait`1.Until[TResult](Func`2 condition)\n   at OdinUiTests.Pages.OrganizationCommonPage.__a$_around_CheckErrorIsAppear_100666981_o(Dictionary`2 resInfo) in /azp/_work/1/s/Pages/OrganizationCommonPage.cs:line 743\n   at OdinUiTests.Pages.OrganizationCommonPage.__a$_around_CheckErrorIsAppear_100666981_u(Object[])\n   at Allure.Net.Commons.Steps.AllureAbstractStepAspect.WrapSync[T](Func`2 target, Object[] args, MethodBase metadata, String stepName, List`1 stepParameters)"
      },
      "stage": "finished",
      "steps": [],
      "attachments": [],
      "parameters": [
        {
          "name": "resInfo",
          "value": "{\"block\":\"Приостановил\",\"text\":\"ймъюзвещ кимд эбдкужц\"}",
          "excluded": false
        }
      ],
      "start": 1733295907242,
      "stop": 1733295937650
    }
  ],
  "attachments": [
    {
      "name": "CheckImpossibleRemoveCustomResolutionIfItInUse.jpg",
      "source": "d87a85cd-8c00-41c2-9a77-62db038cd463-attachment.jpg",
      "type": "image/jpeg"
    },
    {
      "name": "Console Output",
      "source": "2b8feb1b-41eb-4d2a-bb91-27c64f3be8d9-attachment.txt",
      "type": "text/plain"
    }
  ],
  "parameters": [],
  "start": 1733295905593,
  "stop": 1733295937833
}