{
  "uuid": "ac9079a9-473c-43c2-8f2f-de4eea1a488d",
  "historyId": "207b72cf820319dfca6b6444f459ff32",
  "testCaseId": "53faabdf96070a8089a64150dec54ef1",
  "fullName": "OdinUiTests:OdinUiTests.Tests.Cohort.CohortCreationValidationTests.CheckCreateCohortFromUnsuitableTemplate(System.Int32,System.String)",
  "labels": [
    {
      "name": "thread",
      "value": "ParallelWorker#10"
    },
    {
      "name": "host",
      "value": "e0e814a86fab"
    },
    {
      "name": "language",
      "value": "C#"
    },
    {
      "name": "framework",
      "value": "NUnit 3"
    },
    {
      "name": "package",
      "value": "OdinUiTests.Tests.Cohort"
    },
    {
      "name": "testMethod",
      "value": "CheckCreateCohortFromUnsuitableTemplate"
    },
    {
      "name": "testClass",
      "value": "CohortCreationValidationTests"
    },
    {
      "name": "suite",
      "value": "Поток"
    },
    {
      "name": "subSuite",
      "value": "Создание потока"
    },
    {
      "name": "severity",
      "value": "normal"
    },
    {
      "name": "tag",
      "value": "Дежурство"
    },
    {
      "name": "tag",
      "value": "Поток"
    },
    {
      "name": "tag",
      "value": "Регресс"
    }
  ],
  "links": [],
  "name": "Создание потока ДО: невозможно создать поток из шаблона программы ВО",
  "status": "broken",
  "statusDetails": {
    "known": false,
    "muted": false,
    "flaky": false,
    "message": "OpenQA.Selenium.WebDriverTimeoutException : Timed out after 30 seconds\n  ----> OpenQA.Selenium.NoSuchElementException : no such element: Unable to locate element: {\"method\":\"css selector\",\"selector\":\".library-select__item-section\"}\n  (Session info: chrome-headless-shell=126.0.6478.126); For documentation on this error, please visit: https://www.selenium.dev/documentation/webdriver/troubleshooting/errors#no-such-element-exception",
    "trace": "   at OpenQA.Selenium.Support.UI.DefaultWait`1.ThrowTimeoutException(String exceptionMessage, Exception lastException)\n   at OpenQA.Selenium.Support.UI.DefaultWait`1.Until[TResult](Func`2 condition, CancellationToken token)\n   at OpenQA.Selenium.Support.UI.DefaultWait`1.Until[TResult](Func`2 condition)\n   at OdinUiTests.Pages.LibraryPage.<>c__DisplayClass73_0.<SwitchToAnotherLibrary>b__0() in /azp/_work/1/s/Pages/LibraryPage.cs:line 580\n   at Allure.Net.Commons.AllureApi.ExecuteAction[T](String name, Action`1 start, Func`1 action, Action`1 resolve)\n   at Allure.Net.Commons.AllureApi.Step(String name, Action action)\n   at OdinUiTests.Pages.LibraryPage.SwitchToAnotherLibrary(Boolean isRandom, String name) in /azp/_work/1/s/Pages/LibraryPage.cs:line 570\n   at OdinUiTests.Pages.CohortCreateEditPage.CheckTemplateIsNotAppear(String templateName) in /azp/_work/1/s/Pages/CohortCreateEditPage.cs:line 363\n   at OdinUiTests.Tests.Cohort.CohortCreationValidationTests.CheckCreateCohortFromUnsuitableTemplate(Int32 templateId, String programId) in /azp/_work/1/s/Tests/Cohort/CohortCreateEditTests.cs:line 230\n   at InvokeStub_CohortCreationValidationTests.CheckCreateCohortFromUnsuitableTemplate(Object, Span`1)\n   at System.Reflection.MethodBaseInvoker.InvokeWithFewArgs(Object obj, BindingFlags invokeAttr, Binder binder, Object[] parameters, CultureInfo culture)\n--NoSuchElementException\n   at OpenQA.Selenium.WebDriver.UnpackAndThrowOnError(Response errorResponse, String commandToExecute)\n   at OpenQA.Selenium.WebDriver.Execute(String driverCommandToExecute, Dictionary`2 parameters)\n   at OpenQA.Selenium.WebDriver.FindElement(String mechanism, String value)\n   at SeleniumExtras.WaitHelpers.ExpectedConditions.<>c__DisplayClass19_0.<ElementToBeClickable>b__0(IWebDriver driver)\n   at OpenQA.Selenium.Support.UI.DefaultWait`1.Until[TResult](Func`2 condition, CancellationToken token)"
  },
  "stage": "finished",
  "steps": [
    {
      "name": "Открыть страницу создания потока",
      "status": "passed",
      "statusDetails": {
        "known": false,
        "muted": false,
        "flaky": false
      },
      "stage": "finished",
      "steps": [],
      "attachments": [],
      "parameters": [
        {
          "name": "programId",
          "value": "\"3228\"",
          "excluded": false
        }
      ],
      "start": 1725343034708,
      "stop": 1725343035094
    },
    {
      "name": "Нажать на кнопку 'Выбрать шаблон'",
      "status": "passed",
      "statusDetails": {
        "known": false,
        "muted": false,
        "flaky": false
      },
      "stage": "finished",
      "steps": [],
      "attachments": [],
      "parameters": [],
      "start": 1725343035095,
      "stop": 1725343037620
    },
    {
      "name": "Переключиться на Библиотеку 'Высшая IT школа'",
      "status": "broken",
      "statusDetails": {
        "known": false,
        "muted": false,
        "flaky": false,
        "message": "Timed out after 30 seconds",
        "trace": "OpenQA.Selenium.WebDriverTimeoutException: Timed out after 30 seconds\n ---> OpenQA.Selenium.NoSuchElementException: no such element: Unable to locate element: {\"method\":\"css selector\",\"selector\":\".library-select__item-section\"}\n  (Session info: chrome-headless-shell=126.0.6478.126); For documentation on this error, please visit: https://www.selenium.dev/documentation/webdriver/troubleshooting/errors#no-such-element-exception\n   at OpenQA.Selenium.WebDriver.UnpackAndThrowOnError(Response errorResponse, String commandToExecute)\n   at OpenQA.Selenium.WebDriver.Execute(String driverCommandToExecute, Dictionary`2 parameters)\n   at OpenQA.Selenium.WebDriver.FindElement(String mechanism, String value)\n   at SeleniumExtras.WaitHelpers.ExpectedConditions.<>c__DisplayClass19_0.<ElementToBeClickable>b__0(IWebDriver driver)\n   at OpenQA.Selenium.Support.UI.DefaultWait`1.Until[TResult](Func`2 condition, CancellationToken token)\n   --- End of inner exception stack trace ---\n   at OpenQA.Selenium.Support.UI.DefaultWait`1.ThrowTimeoutException(String exceptionMessage, Exception lastException)\n   at OpenQA.Selenium.Support.UI.DefaultWait`1.Until[TResult](Func`2 condition, CancellationToken token)\n   at OpenQA.Selenium.Support.UI.DefaultWait`1.Until[TResult](Func`2 condition)\n   at OdinUiTests.Pages.LibraryPage.<>c__DisplayClass73_0.<SwitchToAnotherLibrary>b__0() in /azp/_work/1/s/Pages/LibraryPage.cs:line 580\n   at Allure.Net.Commons.AllureApi.ExecuteAction[T](String name, Action`1 start, Func`1 action, Action`1 resolve)\n   at Allure.Net.Commons.AllureApi.Step(String name, Action action)\n   at OdinUiTests.Pages.LibraryPage.SwitchToAnotherLibrary(Boolean isRandom, String name) in /azp/_work/1/s/Pages/LibraryPage.cs:line 570\n   at OdinUiTests.Pages.CohortCreateEditPage.CheckTemplateIsNotAppear(String templateName) in /azp/_work/1/s/Pages/CohortCreateEditPage.cs:line 363\n   at OdinUiTests.Tests.Cohort.CohortCreationValidationTests.CheckCreateCohortFromUnsuitableTemplate(Int32 templateId, String programId) in /azp/_work/1/s/Tests/Cohort/CohortCreateEditTests.cs:line 230\n   at InvokeStub_CohortCreationValidationTests.CheckCreateCohortFromUnsuitableTemplate(Object, Span`1)\n   at System.Reflection.MethodBaseInvoker.InvokeWithFewArgs(Object obj, BindingFlags invokeAttr, Binder binder, Object[] parameters, CultureInfo culture)"
      },
      "stage": "finished",
      "steps": [],
      "attachments": [],
      "parameters": [],
      "start": 1725343037620,
      "stop": 1725343072389
    }
  ],
  "attachments": [
    {
      "name": "CheckCreateCohortFromUnsuitableTemplate.jpg",
      "source": "230ca5d9-9474-41f1-8dbb-8166d1676819-attachment.jpg",
      "type": "image/jpeg"
    },
    {
      "name": "Console Output",
      "source": "cc28bc86-840f-4355-8967-9314c009eb16-attachment.txt",
      "type": "text/plain"
    }
  ],
  "parameters": [
    {
      "name": "templateId",
      "value": "696940",
      "excluded": false
    },
    {
      "name": "programId",
      "value": "\"3228\"",
      "excluded": false
    }
  ],
  "start": 1725343033933,
  "stop": 1725343072644
}