{
  "uuid": "6b0cbdd4-ccf2-425a-9f4c-1b7571847cea",
  "historyId": "ab6cd9a75d6c0607b73bcc6f6ea923b4",
  "testCaseId": "242372d7d27ef6ea350085f8011134d5",
  "fullName": "OdinUiTests:OdinUiTests.Tests.Program.ProgramEditingTests.CheckRemoveEducPaidProgramWithoutCohort()",
  "labels": [
    {
      "name": "thread",
      "value": "NUnit.Fw.ParallelWorker#10"
    },
    {
      "name": "host",
      "value": "68a6469873bb"
    },
    {
      "name": "language",
      "value": "C#"
    },
    {
      "name": "framework",
      "value": "NUnit 3"
    },
    {
      "name": "package",
      "value": "OdinUiTests.Tests.Program"
    },
    {
      "name": "testMethod",
      "value": "CheckRemoveEducPaidProgramWithoutCohort"
    },
    {
      "name": "testClass",
      "value": "ProgramEditingTests"
    },
    {
      "name": "suite",
      "value": "Программа"
    },
    {
      "name": "severity",
      "value": "normal"
    },
    {
      "name": "tag",
      "value": "Дежурство"
    },
    {
      "name": "tag",
      "value": "Дежурство"
    },
    {
      "name": "tag",
      "value": "Программа"
    },
    {
      "name": "tag",
      "value": "Регресс"
    }
  ],
  "links": [],
  "name": "Можно удалить платную программу без потоков программы ДО",
  "status": "broken",
  "statusDetails": {
    "known": false,
    "muted": false,
    "flaky": false,
    "message": "System.Reflection.TargetInvocationException : Exception has been thrown by the target of an invocation.\n  ----> OpenQA.Selenium.WebDriverTimeoutException : Timed out after 30 seconds\n  ----> OpenQA.Selenium.NoSuchElementException : no such element: Unable to locate element: {\"method\":\"css selector\",\"selector\":\".delete-btn\"}\n  (Session info: chrome=132.0.6834.83); For documentation on this error, please visit: https://www.selenium.dev/documentation/webdriver/troubleshooting/errors#no-such-element-exception",
    "trace": "   at System.Reflection.MethodBaseInvoker.InvokeWithManyArgs(Object obj, BindingFlags invokeAttr, Binder binder, Object[] parameters, CultureInfo culture)\n   at Allure.Net.Commons.Steps.AllureStepAspectBase.Around(String name, Object[] args, Func`2 target, MethodBase metadata, Type returnType)\n   at OdinUiTests.Pages.ProgramCreateEditPage.__a$_around_ClickDeleteButton_100666987_w_0(Object[])\n   at OdinUiTests.Pages.ProgramCreateEditPage.ClickDeleteButton()\n   at OdinUiTests.Tests.Program.ProgramEditingTests.CheckRemoveEducPaidProgramWithoutCohort() in /azp/_work/2/s/Tests/Program/ProgramCommonTests.cs:line 234\n   at System.RuntimeMethodHandle.InvokeMethod(Object target, Void** arguments, Signature sig, Boolean isConstructor)\n   at System.Reflection.MethodBaseInvoker.InvokeWithNoArgs(Object obj, BindingFlags invokeAttr)\n--WebDriverTimeoutException\n   at OpenQA.Selenium.Support.UI.DefaultWait`1.ThrowTimeoutException(String exceptionMessage, Exception lastException)\n   at OpenQA.Selenium.Support.UI.DefaultWait`1.Until[TResult](Func`2 condition, CancellationToken token)\n   at OpenQA.Selenium.Support.UI.DefaultWait`1.Until[TResult](Func`2 condition)\n   at OdinUiTests.Pages.ProgramCreateEditPage.__a$_around_ClickDeleteButton_100666987_o() in /azp/_work/2/s/Pages/ProgramCreateEditPage.cs:line 103\n   at OdinUiTests.Pages.ProgramCreateEditPage.__a$_around_ClickDeleteButton_100666987_u(Object[])\n   at Allure.Net.Commons.Steps.AllureAbstractStepAspect.WrapSync[T](Func`2 target, Object[] args, MethodBase metadata, String stepName, List`1 stepParameters)\n   at InvokeStub_AllureAbstractStepAspect.WrapSync(Object, Span`1)\n   at System.Reflection.MethodBaseInvoker.InvokeWithManyArgs(Object obj, BindingFlags invokeAttr, Binder binder, Object[] parameters, CultureInfo culture)\n--NoSuchElementException\n   at OpenQA.Selenium.WebDriver.UnpackAndThrowOnError(Response errorResponse, String commandToExecute)\n   at OpenQA.Selenium.WebDriver.ExecuteAsync(String driverCommandToExecute, Dictionary`2 parameters)\n   at SeleniumExtras.WaitHelpers.ExpectedConditions.<>c__DisplayClass19_0.<ElementToBeClickable>b__0(IWebDriver driver)\n   at OpenQA.Selenium.Support.UI.DefaultWait`1.Until[TResult](Func`2 condition, CancellationToken token)"
  },
  "stage": "finished",
  "steps": [
    {
      "name": "Открыть страницу редактирования образовательной программы",
      "status": "passed",
      "statusDetails": {
        "known": false,
        "muted": false,
        "flaky": false
      },
      "stage": "finished",
      "steps": [],
      "attachments": [],
      "parameters": [
        {
          "name": "programId",
          "value": "null",
          "excluded": false
        }
      ],
      "start": 1740122302841,
      "stop": 1740122306546
    },
    {
      "name": "Нажать на кнопку Удалить",
      "status": "broken",
      "statusDetails": {
        "known": false,
        "muted": false,
        "flaky": false,
        "message": "Timed out after 30 seconds",
        "trace": "OpenQA.Selenium.WebDriverTimeoutException: Timed out after 30 seconds\n ---> OpenQA.Selenium.NoSuchElementException: no such element: Unable to locate element: {\"method\":\"css selector\",\"selector\":\".delete-btn\"}\n  (Session info: chrome=132.0.6834.83); For documentation on this error, please visit: https://www.selenium.dev/documentation/webdriver/troubleshooting/errors#no-such-element-exception\n   at OpenQA.Selenium.WebDriver.UnpackAndThrowOnError(Response errorResponse, String commandToExecute)\n   at OpenQA.Selenium.WebDriver.ExecuteAsync(String driverCommandToExecute, Dictionary`2 parameters)\n   at SeleniumExtras.WaitHelpers.ExpectedConditions.<>c__DisplayClass19_0.<ElementToBeClickable>b__0(IWebDriver driver)\n   at OpenQA.Selenium.Support.UI.DefaultWait`1.Until[TResult](Func`2 condition, CancellationToken token)\n   --- End of inner exception stack trace ---\n   at OpenQA.Selenium.Support.UI.DefaultWait`1.ThrowTimeoutException(String exceptionMessage, Exception lastException)\n   at OpenQA.Selenium.Support.UI.DefaultWait`1.Until[TResult](Func`2 condition, CancellationToken token)\n   at OpenQA.Selenium.Support.UI.DefaultWait`1.Until[TResult](Func`2 condition)\n   at OdinUiTests.Pages.ProgramCreateEditPage.__a$_around_ClickDeleteButton_100666987_o() in /azp/_work/2/s/Pages/ProgramCreateEditPage.cs:line 103\n   at OdinUiTests.Pages.ProgramCreateEditPage.__a$_around_ClickDeleteButton_100666987_u(Object[])\n   at Allure.Net.Commons.Steps.AllureAbstractStepAspect.WrapSync[T](Func`2 target, Object[] args, MethodBase metadata, String stepName, List`1 stepParameters)"
      },
      "stage": "finished",
      "steps": [],
      "attachments": [],
      "parameters": [],
      "start": 1740122306546,
      "stop": 1740122336553
    }
  ],
  "attachments": [
    {
      "name": "CheckRemoveEducPaidProgramWithoutCohort.jpg",
      "source": "554b491d-bf34-4da0-80ef-06aaca1c3386-attachment.jpg",
      "type": "image/jpeg"
    },
    {
      "name": "Console Output",
      "source": "a9a1e061-e1ff-4d4d-a56e-6b0b8c826a3c-attachment.txt",
      "type": "text/plain"
    }
  ],
  "parameters": [],
  "start": 1740122302758,
  "stop": 1740122340743
}