{
  "uuid": "10f4c7e3-df75-4b90-9730-f31d1af32f1d",
  "historyId": "fbfd0abe5b7270dd204eb14bcaeb0d35",
  "testCaseId": "3937c140d1976fb5c53e150cafe53a28",
  "fullName": "OdinUiTests:OdinUiTests.Tests.Chat.TaskMiniChatTests.CheckSendEmojiInTaskMiniChat()",
  "labels": [
    {
      "name": "thread",
      "value": "NUnit.Fw.ParallelWorker#5"
    },
    {
      "name": "host",
      "value": "8e428985994a"
    },
    {
      "name": "language",
      "value": "C#"
    },
    {
      "name": "framework",
      "value": "NUnit 3"
    },
    {
      "name": "package",
      "value": "OdinUiTests.Tests.Chat"
    },
    {
      "name": "testMethod",
      "value": "CheckSendEmojiInTaskMiniChat"
    },
    {
      "name": "testClass",
      "value": "TaskMiniChatTests"
    },
    {
      "name": "suite",
      "value": "Чат"
    },
    {
      "name": "subSuite",
      "value": "Миничат обсуждение решения"
    },
    {
      "name": "severity",
      "value": "critical"
    },
    {
      "name": "tag",
      "value": "Чат"
    },
    {
      "name": "tag",
      "value": "Регресс"
    }
  ],
  "links": [],
  "name": "Можно отправить смайлики в миничате обсуждении решения",
  "status": "broken",
  "statusDetails": {
    "known": false,
    "muted": false,
    "flaky": false,
    "message": "System.Reflection.TargetInvocationException : Exception has been thrown by the target of an invocation.\n  ----> OpenQA.Selenium.WebDriverTimeoutException : Timed out after 30 seconds\n  ----> OpenQA.Selenium.NoSuchElementException : no such element: Unable to locate element: {\"method\":\"xpath\",\"selector\":\"//div[contains(@class,'items-center q-ml-sm') and contains(text(),'Пучеглазов Антон')]\"}\n  (Session info: chrome=139.0.7258.66); For documentation on this error, please visit: https://www.selenium.dev/documentation/webdriver/troubleshooting/errors#no-such-element-exception",
    "trace": "   at System.Reflection.MethodBaseInvoker.InvokeWithManyArgs(Object obj, BindingFlags invokeAttr, Binder binder, Object[] parameters, CultureInfo culture)\n   at Allure.Net.Commons.Steps.AllureStepAspectBase.Around(String name, Object[] args, Func`2 target, MethodBase metadata, Type returnType)\n   at OdinUiTests.Pages.ChatCommonPage.__a$_around_OpenTaskChatWithName_100666272_w_0(Object[])\n   at OdinUiTests.Pages.ChatCommonPage.OpenTaskChatWithName(String chatName, String studentName)\n   at OdinUiTests.Tests.Chat.TaskMiniChatTests.SetUp() in /azp/_work/1/s/Tests/Chat/MiniChatTests.cs:line 375\n   at InvokeStub_TaskMiniChatTests.SetUp(Object, Object, IntPtr*)\n   at System.Reflection.MethodBaseInvoker.InvokeWithNoArgs(Object obj, BindingFlags invokeAttr)\n--WebDriverTimeoutException\n   at OpenQA.Selenium.Support.UI.DefaultWait`1.ThrowTimeoutException(String exceptionMessage, Exception lastException)\n   at OpenQA.Selenium.Support.UI.DefaultWait`1.Until[TResult](Func`2 condition, CancellationToken token)\n   at OpenQA.Selenium.Support.UI.DefaultWait`1.Until[TResult](Func`2 condition)\n   at OdinUiTests.Pages.ChatCommonPage.__a$_around_OpenTaskChatWithName_100666272_o(String chatName, String studentName) in /azp/_work/1/s/Pages/ChatCommonPage.cs:line 225\n   at OdinUiTests.Pages.ChatCommonPage.__a$_around_OpenTaskChatWithName_100666272_u(Object[])\n   at Allure.Net.Commons.Steps.AllureAbstractStepAspect.WrapSync[T](Func`2 target, Object[] args, MethodBase metadata, String stepName, List`1 stepParameters)\n   at InvokeStub_AllureAbstractStepAspect.WrapSync(Object, Span`1)\n   at System.Reflection.MethodBaseInvoker.InvokeWithManyArgs(Object obj, BindingFlags invokeAttr, Binder binder, Object[] parameters, CultureInfo culture)\n--NoSuchElementException\n   at OpenQA.Selenium.WebDriver.UnpackAndThrowOnError(Response errorResponse, String commandToExecute)\n   at OpenQA.Selenium.WebDriver.ExecuteAsync(String driverCommandToExecute, Dictionary`2 parameters)\n   at SeleniumExtras.WaitHelpers.ExpectedConditions.<>c__DisplayClass19_0.<ElementToBeClickable>b__0(IWebDriver driver)\n   at OpenQA.Selenium.Support.UI.DefaultWait`1.Until[TResult](Func`2 condition, CancellationToken token)"
  },
  "stage": "finished",
  "steps": [
    {
      "name": "Открыть страницу Дашборда",
      "status": "passed",
      "statusDetails": {
        "known": false,
        "muted": false,
        "flaky": false
      },
      "stage": "finished",
      "steps": [],
      "attachments": [],
      "parameters": [],
      "start": 1756222603094,
      "stop": 1756222603764
    },
    {
      "name": "Нажать на кнопку 'Чат' для открытия миничата, если миничат еще не открыт",
      "status": "passed",
      "statusDetails": {
        "known": false,
        "muted": false,
        "flaky": false
      },
      "stage": "finished",
      "steps": [],
      "attachments": [],
      "parameters": [],
      "start": 1756222603764,
      "stop": 1756222604777
    },
    {
      "name": "В панели чатов найти дисциплину по названию и открыть его",
      "status": "passed",
      "statusDetails": {
        "known": false,
        "muted": false,
        "flaky": false
      },
      "stage": "finished",
      "steps": [],
      "attachments": [],
      "parameters": [
        {
          "name": "chatName",
          "value": "\"Основы ООП\"",
          "excluded": false
        }
      ],
      "start": 1756222604777,
      "stop": 1756222609799
    },
    {
      "name": "Нажать на выпадающий список комнат",
      "status": "passed",
      "statusDetails": {
        "known": false,
        "muted": false,
        "flaky": false
      },
      "stage": "finished",
      "steps": [],
      "attachments": [],
      "parameters": [],
      "start": 1756222609799,
      "stop": 1756222609924
    },
    {
      "name": "Открыть решения и выбрать чат студента по названию",
      "status": "broken",
      "statusDetails": {
        "known": false,
        "muted": false,
        "flaky": false,
        "message": "Timed out after 30 seconds",
        "trace": "OpenQA.Selenium.WebDriverTimeoutException: Timed out after 30 seconds\n ---> OpenQA.Selenium.NoSuchElementException: no such element: Unable to locate element: {\"method\":\"xpath\",\"selector\":\"//div[contains(@class,'items-center q-ml-sm') and contains(text(),'Пучеглазов Антон')]\"}\n  (Session info: chrome=139.0.7258.66); For documentation on this error, please visit: https://www.selenium.dev/documentation/webdriver/troubleshooting/errors#no-such-element-exception\n   at OpenQA.Selenium.WebDriver.UnpackAndThrowOnError(Response errorResponse, String commandToExecute)\n   at OpenQA.Selenium.WebDriver.ExecuteAsync(String driverCommandToExecute, Dictionary`2 parameters)\n   at SeleniumExtras.WaitHelpers.ExpectedConditions.<>c__DisplayClass19_0.<ElementToBeClickable>b__0(IWebDriver driver)\n   at OpenQA.Selenium.Support.UI.DefaultWait`1.Until[TResult](Func`2 condition, CancellationToken token)\n   --- End of inner exception stack trace ---\n   at OpenQA.Selenium.Support.UI.DefaultWait`1.ThrowTimeoutException(String exceptionMessage, Exception lastException)\n   at OpenQA.Selenium.Support.UI.DefaultWait`1.Until[TResult](Func`2 condition, CancellationToken token)\n   at OpenQA.Selenium.Support.UI.DefaultWait`1.Until[TResult](Func`2 condition)\n   at OdinUiTests.Pages.ChatCommonPage.__a$_around_OpenTaskChatWithName_100666272_o(String chatName, String studentName) in /azp/_work/1/s/Pages/ChatCommonPage.cs:line 225\n   at OdinUiTests.Pages.ChatCommonPage.__a$_around_OpenTaskChatWithName_100666272_u(Object[])\n   at Allure.Net.Commons.Steps.AllureAbstractStepAspect.WrapSync[T](Func`2 target, Object[] args, MethodBase metadata, String stepName, List`1 stepParameters)"
      },
      "stage": "finished",
      "steps": [],
      "attachments": [],
      "parameters": [
        {
          "name": "chatName",
          "value": "\"Test задание\"",
          "excluded": false
        },
        {
          "name": "studentName",
          "value": "\"Пучеглазов Антон\"",
          "excluded": false
        }
      ],
      "start": 1756222609924,
      "stop": 1756222640993
    }
  ],
  "attachments": [
    {
      "name": "CheckSendEmojiInTaskMiniChat.jpg",
      "source": "b59ce0fe-879d-4a64-b0ee-7e653b4cddd1-attachment.jpg",
      "type": "image/jpeg"
    },
    {
      "name": "Console Output",
      "source": "acf52f4d-24ba-41b3-8f85-afb2368e5a02-attachment.txt",
      "type": "text/plain"
    }
  ],
  "parameters": [],
  "start": 1756222603093,
  "stop": 1756222641240
}