{
  "uuid": "1daf54b1-8280-4dfd-9e0d-250862b0b81c",
  "historyId": "21360bf0a42dacd81e026c84c4e31d6c",
  "testCaseId": "0994aea66579435dedbc2041c18c452e",
  "fullName": "OdinUiTests:OdinUiTests.Tests.Chat.DisciplineRoomChatMessageTests.CheckDeleteMessageInDisciplineRoomChat()",
  "labels": [
    {
      "name": "thread",
      "value": "NUnit.Fw.ParallelWorker#4"
    },
    {
      "name": "host",
      "value": "a8e39045705d"
    },
    {
      "name": "language",
      "value": "C#"
    },
    {
      "name": "framework",
      "value": "NUnit 3"
    },
    {
      "name": "package",
      "value": "OdinUiTests.Tests.Chat"
    },
    {
      "name": "testMethod",
      "value": "CheckDeleteMessageInDisciplineRoomChat"
    },
    {
      "name": "testClass",
      "value": "DisciplineRoomChatMessageTests"
    },
    {
      "name": "suite",
      "value": "Чат"
    },
    {
      "name": "subSuite",
      "value": "Чат комнаты дисциплины"
    },
    {
      "name": "severity",
      "value": "normal"
    },
    {
      "name": "tag",
      "value": "Чат"
    },
    {
      "name": "tag",
      "value": "Регресс"
    }
  ],
  "links": [],
  "name": "Можно удалить сообщение из чата комнаты дисциплины",
  "status": "broken",
  "statusDetails": {
    "known": false,
    "muted": false,
    "flaky": false,
    "message": "System.Reflection.TargetInvocationException : Exception has been thrown by the target of an invocation.\n  ----> OpenQA.Selenium.WebDriverTimeoutException : Timed out after 30 seconds\n  ----> OpenQA.Selenium.NoSuchElementException : no such element: Unable to locate element: {\"method\":\"css selector\",\"selector\":\".q\\-editor__content\"}\n  (Session info: chrome=132.0.6834.83); For documentation on this error, please visit: https://www.selenium.dev/documentation/webdriver/troubleshooting/errors#no-such-element-exception",
    "trace": "   at System.Reflection.MethodBaseInvoker.InvokeWithManyArgs(Object obj, BindingFlags invokeAttr, Binder binder, Object[] parameters, CultureInfo culture)\n   at Allure.Net.Commons.Steps.AllureStepAspectBase.Around(String name, Object[] args, Func`2 target, MethodBase metadata, Type returnType)\n   at OdinUiTests.Pages.ChatCommonPage.__a$_around_CheckMessageIsDeleted_100666369_w_0(Object[])\n   at OdinUiTests.Pages.ChatCommonPage.CheckMessageIsDeleted(Boolean isMinichat, String chatId, String messageId)\n   at OdinUiTests.Tests.Chat.ChatCommon.DeleteLastMessage(IWebDriver driver, String chatId, Boolean isMinichat) in /azp/_work/1/s/Tests/Chat/ChatCommon.cs:line 433\n   at OdinUiTests.Tests.Chat.ChatCommon.DeleteLastMessage(IWebDriver driver, String chatId) in /azp/_work/1/s/Tests/Chat/ChatCommon.cs:line 445\n   at OdinUiTests.Tests.Chat.DisciplineRoomChatMessageTests.CheckDeleteMessageInDisciplineRoomChat() in /azp/_work/1/s/Tests/Chat/ChatTests.cs:line 256\n   at System.RuntimeMethodHandle.InvokeMethod(Object target, Void** arguments, Signature sig, Boolean isConstructor)\n   at System.Reflection.MethodBaseInvoker.InvokeWithNoArgs(Object obj, BindingFlags invokeAttr)\n--WebDriverTimeoutException\n   at OpenQA.Selenium.Support.UI.DefaultWait`1.ThrowTimeoutException(String exceptionMessage, Exception lastException)\n   at OpenQA.Selenium.Support.UI.DefaultWait`1.Until[TResult](Func`2 condition, CancellationToken token)\n   at OpenQA.Selenium.Support.UI.DefaultWait`1.Until[TResult](Func`2 condition)\n   at OdinUiTests.Pages.ChatCommonPage.WaitIfChatHasSomeMessage(String needToCheck, Boolean needToSendMessage) in /azp/_work/1/s/Pages/ChatCommonPage.cs:line 1090\n   at OdinUiTests.Pages.ChatCommonPage.WaitIfChatHasSomeMessage(Boolean needToSendMessage) in /azp/_work/1/s/Pages/ChatCommonPage.cs:line 1116\n   at OdinUiTests.Pages.ChatCommonPage.OpenChatPageOrRefreshPage(Boolean isMinichat, String chatId) in /azp/_work/1/s/Pages/ChatCommonPage.cs:line 1133\n   at OdinUiTests.Pages.ChatCommonPage.MessageIsDeleted(String messageId, Boolean isMinichat, String chatId) in /azp/_work/1/s/Pages/ChatCommonPage.cs:line 1483\n   at OdinUiTests.Pages.ChatCommonPage.__a$_around_CheckMessageIsDeleted_100666369_o(Boolean isMinichat, String chatId, String messageId) in /azp/_work/1/s/Pages/ChatCommonPage.cs:line 1491\n   at OdinUiTests.Pages.ChatCommonPage.__a$_around_CheckMessageIsDeleted_100666369_u(Object[])\n   at Allure.Net.Commons.Steps.AllureAbstractStepAspect.WrapSync[T](Func`2 target, Object[] args, MethodBase metadata, String stepName, List`1 stepParameters)\n   at InvokeStub_AllureAbstractStepAspect.WrapSync(Object, Span`1)\n   at System.Reflection.MethodBaseInvoker.InvokeWithManyArgs(Object obj, BindingFlags invokeAttr, Binder binder, Object[] parameters, CultureInfo culture)\n--NoSuchElementException\n   at OpenQA.Selenium.WebDriver.UnpackAndThrowOnError(Response errorResponse, String commandToExecute)\n   at OpenQA.Selenium.WebDriver.ExecuteAsync(String driverCommandToExecute, Dictionary`2 parameters)\n   at SeleniumExtras.WaitHelpers.ExpectedConditions.<>c__DisplayClass19_0.<ElementToBeClickable>b__0(IWebDriver driver)\n   at OpenQA.Selenium.Support.UI.DefaultWait`1.Until[TResult](Func`2 condition, CancellationToken token)"
  },
  "stage": "finished",
  "steps": [
    {
      "name": "Открыть чат по прямой ссылке",
      "status": "passed",
      "statusDetails": {
        "known": false,
        "muted": false,
        "flaky": false
      },
      "stage": "finished",
      "steps": [],
      "attachments": [],
      "parameters": [
        {
          "name": "chatId",
          "value": "\"3220785\"",
          "excluded": false
        }
      ],
      "start": 1745384454522,
      "stop": 1745384457138
    },
    {
      "name": "Выбрать сообщение для удаления",
      "status": "passed",
      "stage": "finished",
      "steps": [],
      "attachments": [],
      "parameters": [],
      "start": 1745384457138,
      "stop": 1745384465230
    },
    {
      "name": "В меню над сообщением нажать на троеточие",
      "status": "passed",
      "statusDetails": {
        "known": false,
        "muted": false,
        "flaky": false
      },
      "stage": "finished",
      "steps": [],
      "attachments": [],
      "parameters": [],
      "start": 1745384465430,
      "stop": 1745384466622
    },
    {
      "name": "Выбрать пункт меню - 'Удалить'",
      "status": "passed",
      "statusDetails": {
        "known": false,
        "muted": false,
        "flaky": false
      },
      "stage": "finished",
      "steps": [],
      "attachments": [],
      "parameters": [],
      "start": 1745384466622,
      "stop": 1745384468626
    },
    {
      "name": "Нажать на кнопку 'Удалить' в подтверждающей модалке",
      "status": "passed",
      "statusDetails": {
        "known": false,
        "muted": false,
        "flaky": false
      },
      "stage": "finished",
      "steps": [],
      "attachments": [],
      "parameters": [],
      "start": 1745384468626,
      "stop": 1745384472617
    },
    {
      "name": "Проверка того, что сообщение было удалено",
      "status": "broken",
      "statusDetails": {
        "known": false,
        "muted": false,
        "flaky": false,
        "message": "Timed out after 30 seconds",
        "trace": "OpenQA.Selenium.WebDriverTimeoutException: Timed out after 30 seconds\n ---> OpenQA.Selenium.NoSuchElementException: no such element: Unable to locate element: {\"method\":\"css selector\",\"selector\":\".q\\-editor__content\"}\n  (Session info: chrome=132.0.6834.83); For documentation on this error, please visit: https://www.selenium.dev/documentation/webdriver/troubleshooting/errors#no-such-element-exception\n   at OpenQA.Selenium.WebDriver.UnpackAndThrowOnError(Response errorResponse, String commandToExecute)\n   at OpenQA.Selenium.WebDriver.ExecuteAsync(String driverCommandToExecute, Dictionary`2 parameters)\n   at SeleniumExtras.WaitHelpers.ExpectedConditions.<>c__DisplayClass19_0.<ElementToBeClickable>b__0(IWebDriver driver)\n   at OpenQA.Selenium.Support.UI.DefaultWait`1.Until[TResult](Func`2 condition, CancellationToken token)\n   --- End of inner exception stack trace ---\n   at OpenQA.Selenium.Support.UI.DefaultWait`1.ThrowTimeoutException(String exceptionMessage, Exception lastException)\n   at OpenQA.Selenium.Support.UI.DefaultWait`1.Until[TResult](Func`2 condition, CancellationToken token)\n   at OpenQA.Selenium.Support.UI.DefaultWait`1.Until[TResult](Func`2 condition)\n   at OdinUiTests.Pages.ChatCommonPage.WaitIfChatHasSomeMessage(String needToCheck, Boolean needToSendMessage) in /azp/_work/1/s/Pages/ChatCommonPage.cs:line 1090\n   at OdinUiTests.Pages.ChatCommonPage.WaitIfChatHasSomeMessage(Boolean needToSendMessage) in /azp/_work/1/s/Pages/ChatCommonPage.cs:line 1116\n   at OdinUiTests.Pages.ChatCommonPage.OpenChatPageOrRefreshPage(Boolean isMinichat, String chatId) in /azp/_work/1/s/Pages/ChatCommonPage.cs:line 1133\n   at OdinUiTests.Pages.ChatCommonPage.MessageIsDeleted(String messageId, Boolean isMinichat, String chatId) in /azp/_work/1/s/Pages/ChatCommonPage.cs:line 1483\n   at OdinUiTests.Pages.ChatCommonPage.__a$_around_CheckMessageIsDeleted_100666369_o(Boolean isMinichat, String chatId, String messageId) in /azp/_work/1/s/Pages/ChatCommonPage.cs:line 1491\n   at OdinUiTests.Pages.ChatCommonPage.__a$_around_CheckMessageIsDeleted_100666369_u(Object[])\n   at Allure.Net.Commons.Steps.AllureAbstractStepAspect.WrapSync[T](Func`2 target, Object[] args, MethodBase metadata, String stepName, List`1 stepParameters)"
      },
      "stage": "finished",
      "steps": [],
      "attachments": [],
      "parameters": [
        {
          "name": "isMinichat",
          "value": "false",
          "excluded": false
        },
        {
          "name": "chatId",
          "value": "\"3220785\"",
          "excluded": false
        },
        {
          "name": "messageId",
          "value": "\"9092554\"",
          "excluded": false
        }
      ],
      "start": 1745384472617,
      "stop": 1745384509427
    }
  ],
  "attachments": [
    {
      "name": "CheckDeleteMessageInDisciplineRoomChat.jpg",
      "source": "47dc31ae-3b51-4434-b941-dcd76eaecc71-attachment.jpg",
      "type": "image/jpeg"
    },
    {
      "name": "Console Output",
      "source": "0c06beaa-afc2-4bc1-8ccf-30a6c4f424a7-attachment.txt",
      "type": "text/plain"
    }
  ],
  "parameters": [],
  "start": 1745384454522,
  "stop": 1745384514320
}