{
  "uuid": "f103911d-e4ef-49ba-854f-5b53b1fa5352",
  "historyId": "b2468a31241e8ce9e0f8421fd0bd15a0",
  "testCaseId": "3d852f86a48d971377e1c595b237f805",
  "fullName": "OdinUiTests:OdinUiTests.Tests.Discipline.DisTemplateTests.CheckAddModuleInDisTemplate()",
  "labels": [
    {
      "name": "thread",
      "value": "NUnit.Fw.ParallelWorker#6"
    },
    {
      "name": "host",
      "value": "e5810b269f45"
    },
    {
      "name": "language",
      "value": "C#"
    },
    {
      "name": "framework",
      "value": "NUnit 3"
    },
    {
      "name": "package",
      "value": "OdinUiTests.Tests.Discipline"
    },
    {
      "name": "testMethod",
      "value": "CheckAddModuleInDisTemplate"
    },
    {
      "name": "testClass",
      "value": "DisTemplateTests"
    },
    {
      "name": "suite",
      "value": "Дисциплина"
    },
    {
      "name": "subSuite",
      "value": "Шаблон дисциплины"
    },
    {
      "name": "severity",
      "value": "normal"
    },
    {
      "name": "tag",
      "value": "Дисциплина"
    },
    {
      "name": "tag",
      "value": "Дежурство"
    },
    {
      "name": "tag",
      "value": "Регресс"
    }
  ],
  "links": [],
  "name": "Можно добавить модуль в шаблон дисциплины",
  "status": "broken",
  "statusDetails": {
    "known": false,
    "muted": false,
    "flaky": false,
    "message": "System.Reflection.TargetInvocationException : Exception has been thrown by the target of an invocation.\n  ----> OpenQA.Selenium.WebDriverTimeoutException : Timed out after 30 seconds\n  ----> OpenQA.Selenium.NoSuchElementException : no such element: Unable to locate element: {\"method\":\"css selector\",\"selector\":\"#moduleName0\"}\n  (Session info: chrome=132.0.6834.83); For documentation on this error, please visit: https://www.selenium.dev/documentation/webdriver/troubleshooting/errors#no-such-element-exception",
    "trace": "   at System.Reflection.MethodBaseInvoker.InvokeWithManyArgs(Object obj, BindingFlags invokeAttr, Binder binder, Object[] parameters, CultureInfo culture)\n   at Allure.Net.Commons.Steps.AllureStepAspectBase.Around(String name, Object[] args, Func`2 target, MethodBase metadata, Type returnType)\n   at OdinUiTests.Pages.DisCommonInfoPage.__a$_around_AddModule_100666639_w_0(Object[])\n   at OdinUiTests.Pages.DisCommonInfoPage.AddModule(String modName)\n   at OdinUiTests.Tests.Discipline.DisTemplateTests.CheckAddModuleInDisTemplate() in /azp/_work/1/s/Tests/Discipline/DisTemplateTests.cs:line 77\n   at System.RuntimeMethodHandle.InvokeMethod(Object target, Void** arguments, Signature sig, Boolean isConstructor)\n   at System.Reflection.MethodBaseInvoker.InvokeWithNoArgs(Object obj, BindingFlags invokeAttr)\n--WebDriverTimeoutException\n   at OpenQA.Selenium.Support.UI.DefaultWait`1.ThrowTimeoutException(String exceptionMessage, Exception lastException)\n   at OpenQA.Selenium.Support.UI.DefaultWait`1.Until[TResult](Func`2 condition, CancellationToken token)\n   at OpenQA.Selenium.Support.UI.DefaultWait`1.Until[TResult](Func`2 condition)\n   at OdinUiTests.Pages.DisCommonInfoPage.__a$_around_AddModule_100666639_o(String modName) in /azp/_work/1/s/Pages/DisCommonInfoPage.cs:line 168\n   at OdinUiTests.Pages.DisCommonInfoPage.__a$_around_AddModule_100666639_u(Object[])\n   at Allure.Net.Commons.Steps.AllureAbstractStepAspect.WrapSync[T](Func`2 target, Object[] args, MethodBase metadata, String stepName, List`1 stepParameters)\n   at InvokeStub_AllureAbstractStepAspect.WrapSync(Object, Span`1)\n   at System.Reflection.MethodBaseInvoker.InvokeWithManyArgs(Object obj, BindingFlags invokeAttr, Binder binder, Object[] parameters, CultureInfo culture)\n--NoSuchElementException\n   at OpenQA.Selenium.WebDriver.UnpackAndThrowOnError(Response errorResponse, String commandToExecute)\n   at OpenQA.Selenium.WebDriver.ExecuteAsync(String driverCommandToExecute, Dictionary`2 parameters)\n   at SeleniumExtras.WaitHelpers.ExpectedConditions.<>c__DisplayClass19_0.<ElementToBeClickable>b__0(IWebDriver driver)\n   at OpenQA.Selenium.Support.UI.DefaultWait`1.Until[TResult](Func`2 condition, CancellationToken token)"
  },
  "stage": "finished",
  "steps": [
    {
      "name": "Открыть страницу шаблона дисциплины",
      "status": "passed",
      "statusDetails": {
        "known": false,
        "muted": false,
        "flaky": false
      },
      "stage": "finished",
      "steps": [],
      "attachments": [],
      "parameters": [
        {
          "name": "contentId",
          "value": "\"1709849\"",
          "excluded": false
        }
      ],
      "start": 1748224554620,
      "stop": 1748224556315
    },
    {
      "name": "Нажать на добавление модуля в списке активностей",
      "status": "broken",
      "statusDetails": {
        "known": false,
        "muted": false,
        "flaky": false,
        "message": "Timed out after 30 seconds",
        "trace": "OpenQA.Selenium.WebDriverTimeoutException: Timed out after 30 seconds\n ---> OpenQA.Selenium.NoSuchElementException: no such element: Unable to locate element: {\"method\":\"css selector\",\"selector\":\"#moduleName0\"}\n  (Session info: chrome=132.0.6834.83); For documentation on this error, please visit: https://www.selenium.dev/documentation/webdriver/troubleshooting/errors#no-such-element-exception\n   at OpenQA.Selenium.WebDriver.UnpackAndThrowOnError(Response errorResponse, String commandToExecute)\n   at OpenQA.Selenium.WebDriver.ExecuteAsync(String driverCommandToExecute, Dictionary`2 parameters)\n   at SeleniumExtras.WaitHelpers.ExpectedConditions.<>c__DisplayClass19_0.<ElementToBeClickable>b__0(IWebDriver driver)\n   at OpenQA.Selenium.Support.UI.DefaultWait`1.Until[TResult](Func`2 condition, CancellationToken token)\n   --- End of inner exception stack trace ---\n   at OpenQA.Selenium.Support.UI.DefaultWait`1.ThrowTimeoutException(String exceptionMessage, Exception lastException)\n   at OpenQA.Selenium.Support.UI.DefaultWait`1.Until[TResult](Func`2 condition, CancellationToken token)\n   at OpenQA.Selenium.Support.UI.DefaultWait`1.Until[TResult](Func`2 condition)\n   at OdinUiTests.Pages.DisCommonInfoPage.__a$_around_AddModule_100666639_o(String modName) in /azp/_work/1/s/Pages/DisCommonInfoPage.cs:line 168\n   at OdinUiTests.Pages.DisCommonInfoPage.__a$_around_AddModule_100666639_u(Object[])\n   at Allure.Net.Commons.Steps.AllureAbstractStepAspect.WrapSync[T](Func`2 target, Object[] args, MethodBase metadata, String stepName, List`1 stepParameters)"
      },
      "stage": "finished",
      "steps": [],
      "attachments": [],
      "parameters": [
        {
          "name": "modName",
          "value": "\"845D1053E14GFBE\"",
          "excluded": false
        }
      ],
      "start": 1748224556316,
      "stop": 1748224594640
    }
  ],
  "attachments": [
    {
      "name": "CheckAddModuleInDisTemplate.jpg",
      "source": "065f88ff-bfb5-4e27-818f-01dd729f5b6b-attachment.jpg",
      "type": "image/jpeg"
    },
    {
      "name": "Console Output",
      "source": "02f7093a-6cfe-4151-9f87-3e8dd67da2d2-attachment.txt",
      "type": "text/plain"
    }
  ],
  "parameters": [],
  "start": 1748224554619,
  "stop": 1748224596336
}