{
  "uuid": "7e5c17c8-8720-46a6-80c5-56074f7aa17f",
  "historyId": "9950c53377d6c9d8aac127b8eb7258f3",
  "testCaseId": "8ca7329c0d69cfa781235c3a9219559a",
  "fullName": "OdinUiTests:OdinUiTests.Tests.Discipline.IOTGraphTests.CheckAddBlockAboveFirstBlock()",
  "labels": [
    {
      "name": "thread",
      "value": "NUnit.Fw.ParallelWorker#9"
    },
    {
      "name": "host",
      "value": "6306f9e1682f"
    },
    {
      "name": "language",
      "value": "C#"
    },
    {
      "name": "framework",
      "value": "NUnit 3"
    },
    {
      "name": "package",
      "value": "OdinUiTests.Tests.Discipline"
    },
    {
      "name": "testMethod",
      "value": "CheckAddBlockAboveFirstBlock"
    },
    {
      "name": "testClass",
      "value": "IOTGraphTests"
    },
    {
      "name": "suite",
      "value": "Дисциплина"
    },
    {
      "name": "subSuite",
      "value": "Дисциплина с ИОТ"
    },
    {
      "name": "severity",
      "value": "critical"
    },
    {
      "name": "tag",
      "value": "Дисциплина"
    },
    {
      "name": "tag",
      "value": "Регресс"
    }
  ],
  "links": [],
  "name": "Страница дисциплины с ИОТ: над первым блоком можно добавить ещё один блок",
  "status": "broken",
  "statusDetails": {
    "known": false,
    "muted": false,
    "flaky": false,
    "message": "System.Reflection.TargetInvocationException : Exception has been thrown by the target of an invocation.\n  ----> System.Reflection.TargetInvocationException : Exception has been thrown by the target of an invocation.\n  ----> OpenQA.Selenium.StaleElementReferenceException : stale element reference: stale element not found in the current frame\n  (Session info: chrome=132.0.6834.83); For documentation on this error, please visit: https://www.selenium.dev/documentation/webdriver/troubleshooting/errors#stale-element-reference-exception",
    "trace": "   at System.Reflection.MethodBaseInvoker.InvokeWithManyArgs(Object obj, BindingFlags invokeAttr, Binder binder, Object[] parameters, CultureInfo culture)\n   at Allure.Net.Commons.Steps.AllureStepAspectBase.Around(String name, Object[] args, Func`2 target, MethodBase metadata, Type returnType)\n   at OdinUiTests.Pages.DisCommonInfoPage.__a$_around_AddRandomPickedBlock_100666645_w_0(Object[])\n   at OdinUiTests.Pages.DisCommonInfoPage.AddRandomPickedBlock(String location, Boolean insideBlock, String kindOfBlock, String randomText, String parameter)\n   at OdinUiTests.Tests.Discipline.IOTGraphTests.CheckAddBlockAboveFirstBlock() in /azp/_work/2/s/Tests/Discipline/DisCreateEditTests.cs:line 377\n   at System.RuntimeMethodHandle.InvokeMethod(Object target, Void** arguments, Signature sig, Boolean isConstructor)\n   at System.Reflection.MethodBaseInvoker.InvokeWithNoArgs(Object obj, BindingFlags invokeAttr)\n--TargetInvocationException\n   at System.Reflection.MethodBaseInvoker.InvokeWithManyArgs(Object obj, BindingFlags invokeAttr, Binder binder, Object[] parameters, CultureInfo culture)\n   at Allure.Net.Commons.Steps.AllureStepAspectBase.Around(String name, Object[] args, Func`2 target, MethodBase metadata, Type returnType)\n   at OdinUiTests.Pages.DisCommonInfoPage.__a$_around_CheckBlockIsAdded_100666710_w_0(Object[])\n   at OdinUiTests.Pages.DisCommonInfoPage.CheckBlockIsAdded(String kindOfBlock, String randomText, Boolean withRefresh, String nameOfBlock, String parameter)\n   at OdinUiTests.Pages.DisCommonInfoPage.__a$_around_AddRandomPickedBlock_100666645_o(String location, Boolean insideBlock, String kindOfBlock, String randomText, String parameter) in /azp/_work/2/s/Pages/DisCommonInfoPage.cs:line 467\n   at OdinUiTests.Pages.DisCommonInfoPage.__a$_around_AddRandomPickedBlock_100666645_u(Object[])\n   at Allure.Net.Commons.Steps.AllureAbstractStepAspect.WrapSync[T](Func`2 target, Object[] args, MethodBase metadata, String stepName, List`1 stepParameters)\n   at InvokeStub_AllureAbstractStepAspect.WrapSync(Object, Span`1)\n   at System.Reflection.MethodBaseInvoker.InvokeWithManyArgs(Object obj, BindingFlags invokeAttr, Binder binder, Object[] parameters, CultureInfo culture)\n--StaleElementReferenceException\n   at OpenQA.Selenium.WebDriver.UnpackAndThrowOnError(Response errorResponse, String commandToExecute)\n   at OpenQA.Selenium.WebDriver.ExecuteAsync(String driverCommandToExecute, Dictionary`2 parameters)\n   at OpenQA.Selenium.WebDriver.InternalExecute(String driverCommandToExecute, Dictionary`2 parameters)\n   at OpenQA.Selenium.WebElement.get_Displayed()\n   at SeleniumExtras.WaitHelpers.ExpectedConditions.<>c__DisplayClass19_0.<ElementToBeClickable>b__0(IWebDriver driver)\n   at OpenQA.Selenium.Support.UI.DefaultWait`1.Until[TResult](Func`2 condition, CancellationToken token)\n   at OpenQA.Selenium.Support.UI.DefaultWait`1.Until[TResult](Func`2 condition)\n   at OdinUiTests.Pages.DisCommonInfoPage.__a$_around_CheckBlockIsAdded_100666710_o(String kindOfBlock, String randomText, Boolean withRefresh, String nameOfBlock, String parameter) in /azp/_work/2/s/Pages/DisCommonInfoPage.cs:line 1395\n   at OdinUiTests.Pages.DisCommonInfoPage.__a$_around_CheckBlockIsAdded_100666710_u(Object[])\n   at Allure.Net.Commons.Steps.AllureAbstractStepAspect.WrapSync[T](Func`2 target, Object[] args, MethodBase metadata, String stepName, List`1 stepParameters)\n   at InvokeStub_AllureAbstractStepAspect.WrapSync(Object, Span`1)\n   at System.Reflection.MethodBaseInvoker.InvokeWithManyArgs(Object obj, BindingFlags invokeAttr, Binder binder, Object[] parameters, CultureInfo culture)"
  },
  "stage": "finished",
  "steps": [
    {
      "name": "Рандомна получить вид блока для добавления",
      "status": "passed",
      "statusDetails": {
        "known": false,
        "muted": false,
        "flaky": false
      },
      "stage": "finished",
      "steps": [],
      "attachments": [],
      "parameters": [
        {
          "name": "countOfBlock",
          "value": "3",
          "excluded": false
        }
      ],
      "start": 1741140903664,
      "stop": 1741140903664
    },
    {
      "name": "Открыть страницу дисциплины",
      "status": "passed",
      "statusDetails": {
        "known": false,
        "muted": false,
        "flaky": false
      },
      "stage": "finished",
      "steps": [],
      "attachments": [],
      "parameters": [
        {
          "name": "disciplineId",
          "value": "\"111655\"",
          "excluded": false
        }
      ],
      "start": 1741140903664,
      "stop": 1741140905566
    },
    {
      "name": "Добавить блок в дисциплину с ИОТ если она отсутствует",
      "status": "passed",
      "statusDetails": {
        "known": false,
        "muted": false,
        "flaky": false
      },
      "stage": "finished",
      "steps": [
        {
          "name": "Рандомна получить вид блока для добавления",
          "status": "passed",
          "statusDetails": {
            "known": false,
            "muted": false,
            "flaky": false
          },
          "stage": "finished",
          "steps": [],
          "attachments": [],
          "parameters": [
            {
              "name": "countOfBlock",
              "value": "3",
              "excluded": false
            }
          ],
          "start": 1741140905567,
          "stop": 1741140905567
        },
        {
          "name": "Рандомна получить вид блока для добавления",
          "status": "passed",
          "statusDetails": {
            "known": false,
            "muted": false,
            "flaky": false
          },
          "stage": "finished",
          "steps": [],
          "attachments": [],
          "parameters": [
            {
              "name": "countOfBlock",
              "value": "3",
              "excluded": false
            }
          ],
          "start": 1741140914958,
          "stop": 1741140914958
        }
      ],
      "attachments": [],
      "parameters": [
        {
          "name": "disId",
          "value": "\"111655\"",
          "excluded": false
        }
      ],
      "start": 1741140905566,
      "stop": 1741140915464
    },
    {
      "name": "Нажать на кнопку добавления блока указав нужную кнопку",
      "status": "passed",
      "statusDetails": {
        "known": false,
        "muted": false,
        "flaky": false
      },
      "stage": "finished",
      "steps": [],
      "attachments": [],
      "parameters": [
        {
          "name": "location",
          "value": "\"top\"",
          "excluded": false
        }
      ],
      "start": 1741140915464,
      "stop": 1741140926664
    },
    {
      "name": "Добавления блока в указанное место в дисциплину с ИОТ",
      "status": "broken",
      "statusDetails": {
        "known": false,
        "muted": false,
        "flaky": false,
        "message": "Exception has been thrown by the target of an invocation.",
        "trace": "System.Reflection.TargetInvocationException: Exception has been thrown by the target of an invocation.\n ---> OpenQA.Selenium.StaleElementReferenceException: stale element reference: stale element not found in the current frame\n  (Session info: chrome=132.0.6834.83); For documentation on this error, please visit: https://www.selenium.dev/documentation/webdriver/troubleshooting/errors#stale-element-reference-exception\n   at OpenQA.Selenium.WebDriver.UnpackAndThrowOnError(Response errorResponse, String commandToExecute)\n   at OpenQA.Selenium.WebDriver.ExecuteAsync(String driverCommandToExecute, Dictionary`2 parameters)\n   at OpenQA.Selenium.WebDriver.InternalExecute(String driverCommandToExecute, Dictionary`2 parameters)\n   at OpenQA.Selenium.WebElement.get_Displayed()\n   at SeleniumExtras.WaitHelpers.ExpectedConditions.<>c__DisplayClass19_0.<ElementToBeClickable>b__0(IWebDriver driver)\n   at OpenQA.Selenium.Support.UI.DefaultWait`1.Until[TResult](Func`2 condition, CancellationToken token)\n   at OpenQA.Selenium.Support.UI.DefaultWait`1.Until[TResult](Func`2 condition)\n   at OdinUiTests.Pages.DisCommonInfoPage.__a$_around_CheckBlockIsAdded_100666710_o(String kindOfBlock, String randomText, Boolean withRefresh, String nameOfBlock, String parameter) in /azp/_work/2/s/Pages/DisCommonInfoPage.cs:line 1395\n   at OdinUiTests.Pages.DisCommonInfoPage.__a$_around_CheckBlockIsAdded_100666710_u(Object[])\n   at Allure.Net.Commons.Steps.AllureAbstractStepAspect.WrapSync[T](Func`2 target, Object[] args, MethodBase metadata, String stepName, List`1 stepParameters)\n   at InvokeStub_AllureAbstractStepAspect.WrapSync(Object, Span`1)\n   at System.Reflection.MethodBaseInvoker.InvokeWithManyArgs(Object obj, BindingFlags invokeAttr, Binder binder, Object[] parameters, CultureInfo culture)\n   --- End of inner exception stack trace ---\n   at System.Reflection.MethodBaseInvoker.InvokeWithManyArgs(Object obj, BindingFlags invokeAttr, Binder binder, Object[] parameters, CultureInfo culture)\n   at Allure.Net.Commons.Steps.AllureStepAspectBase.Around(String name, Object[] args, Func`2 target, MethodBase metadata, Type returnType)\n   at OdinUiTests.Pages.DisCommonInfoPage.__a$_around_CheckBlockIsAdded_100666710_w_0(Object[])\n   at OdinUiTests.Pages.DisCommonInfoPage.CheckBlockIsAdded(String kindOfBlock, String randomText, Boolean withRefresh, String nameOfBlock, String parameter)\n   at OdinUiTests.Pages.DisCommonInfoPage.__a$_around_AddRandomPickedBlock_100666645_o(String location, Boolean insideBlock, String kindOfBlock, String randomText, String parameter) in /azp/_work/2/s/Pages/DisCommonInfoPage.cs:line 467\n   at OdinUiTests.Pages.DisCommonInfoPage.__a$_around_AddRandomPickedBlock_100666645_u(Object[])\n   at Allure.Net.Commons.Steps.AllureAbstractStepAspect.WrapSync[T](Func`2 target, Object[] args, MethodBase metadata, String stepName, List`1 stepParameters)"
      },
      "stage": "finished",
      "steps": [
        {
          "name": "Проверка того что блок был добавлен в дисциплину с ИОТ",
          "status": "broken",
          "statusDetails": {
            "known": false,
            "muted": false,
            "flaky": false,
            "message": "stale element reference: stale element not found in the current frame\n  (Session info: chrome=132.0.6834.83); For documentation on this error, please visit: https://www.selenium.dev/documentation/webdriver/troubleshooting/errors#stale-element-reference-exception",
            "trace": "OpenQA.Selenium.StaleElementReferenceException: stale element reference: stale element not found in the current frame\n  (Session info: chrome=132.0.6834.83); For documentation on this error, please visit: https://www.selenium.dev/documentation/webdriver/troubleshooting/errors#stale-element-reference-exception\n   at OpenQA.Selenium.WebDriver.UnpackAndThrowOnError(Response errorResponse, String commandToExecute)\n   at OpenQA.Selenium.WebDriver.ExecuteAsync(String driverCommandToExecute, Dictionary`2 parameters)\n   at OpenQA.Selenium.WebDriver.InternalExecute(String driverCommandToExecute, Dictionary`2 parameters)\n   at OpenQA.Selenium.WebElement.get_Displayed()\n   at SeleniumExtras.WaitHelpers.ExpectedConditions.<>c__DisplayClass19_0.<ElementToBeClickable>b__0(IWebDriver driver)\n   at OpenQA.Selenium.Support.UI.DefaultWait`1.Until[TResult](Func`2 condition, CancellationToken token)\n   at OpenQA.Selenium.Support.UI.DefaultWait`1.Until[TResult](Func`2 condition)\n   at OdinUiTests.Pages.DisCommonInfoPage.__a$_around_CheckBlockIsAdded_100666710_o(String kindOfBlock, String randomText, Boolean withRefresh, String nameOfBlock, String parameter) in /azp/_work/2/s/Pages/DisCommonInfoPage.cs:line 1395\n   at OdinUiTests.Pages.DisCommonInfoPage.__a$_around_CheckBlockIsAdded_100666710_u(Object[])\n   at Allure.Net.Commons.Steps.AllureAbstractStepAspect.WrapSync[T](Func`2 target, Object[] args, MethodBase metadata, String stepName, List`1 stepParameters)"
          },
          "stage": "finished",
          "steps": [],
          "attachments": [],
          "parameters": [
            {
              "name": "kindOfBlock",
              "value": "\"Тема\"",
              "excluded": false
            },
            {
              "name": "randomText",
              "value": "\"13F1BB954556F75\"",
              "excluded": false
            },
            {
              "name": "withRefresh",
              "value": "false",
              "excluded": false
            },
            {
              "name": "nameOfBlock",
              "value": "\"\"",
              "excluded": false
            },
            {
              "name": "parameter",
              "value": "\"\"",
              "excluded": false
            }
          ],
          "start": 1741140931358,
          "stop": 1741140931752
        }
      ],
      "attachments": [],
      "parameters": [
        {
          "name": "location",
          "value": "\"top\"",
          "excluded": false
        },
        {
          "name": "insideBlock",
          "value": "false",
          "excluded": false
        },
        {
          "name": "kindOfBlock",
          "value": "\"Тема\"",
          "excluded": false
        },
        {
          "name": "randomText",
          "value": "\"13F1BB954556F75\"",
          "excluded": false
        },
        {
          "name": "parameter",
          "value": "\"\"",
          "excluded": false
        }
      ],
      "start": 1741140926664,
      "stop": 1741140931753
    }
  ],
  "attachments": [
    {
      "name": "CheckAddBlockAboveFirstBlock.jpg",
      "source": "f693e44c-0973-4e24-87c9-52841789035d-attachment.jpg",
      "type": "image/jpeg"
    },
    {
      "name": "Console Output",
      "source": "de485e04-e7d0-47a9-9903-e8347be44fab-attachment.txt",
      "type": "text/plain"
    }
  ],
  "parameters": [],
  "start": 1741140903653,
  "stop": 1741140935547
}