{
  "uuid": "7d1eb2f0-8218-4d25-9f1f-3f138bd74f63",
  "historyId": "455b611b6b650aed8e8c7c3b9e70004f",
  "testCaseId": "4ce4d28d95876493cf54539dbf2290b8",
  "fullName": "OdinUiTests:OdinUiTests.Tests.Chat.GroupChatCallTests.CheckOpenImageInGroupCallChat()",
  "labels": [
    {
      "name": "thread",
      "value": "NUnit.Fw.ParallelWorker#10"
    },
    {
      "name": "host",
      "value": "f361647329f7"
    },
    {
      "name": "language",
      "value": "C#"
    },
    {
      "name": "framework",
      "value": "NUnit 3"
    },
    {
      "name": "package",
      "value": "OdinUiTests.Tests.Chat"
    },
    {
      "name": "testMethod",
      "value": "CheckOpenImageInGroupCallChat"
    },
    {
      "name": "testClass",
      "value": "GroupChatCallTests"
    },
    {
      "name": "suite",
      "value": "Чат"
    },
    {
      "name": "subSuite",
      "value": "Миничат группового звонка"
    },
    {
      "name": "severity",
      "value": "normal"
    },
    {
      "name": "tag",
      "value": "Чат"
    },
    {
      "name": "tag",
      "value": "Регресс"
    }
  ],
  "links": [],
  "name": "Можно раскрывать изображения в миничате группового звонка",
  "status": "broken",
  "statusDetails": {
    "known": false,
    "muted": false,
    "flaky": false,
    "message": "System.Reflection.TargetInvocationException : Exception has been thrown by the target of an invocation.\n  ----> OpenQA.Selenium.WebDriverTimeoutException : Timed out after 30 seconds\n  ----> OpenQA.Selenium.NoSuchElementException : no such element: Unable to locate element: {\"method\":\"css selector\",\"selector\":\".file-content-block .link\"}\n  (Session info: chrome=132.0.6834.83); For documentation on this error, please visit: https://www.selenium.dev/documentation/webdriver/troubleshooting/errors#no-such-element-exception",
    "trace": "   at System.Reflection.MethodBaseInvoker.InvokeWithManyArgs(Object obj, BindingFlags invokeAttr, Binder binder, Object[] parameters, CultureInfo culture)\n   at Allure.Net.Commons.Steps.AllureStepAspectBase.Around(String name, Object[] args, Func`2 target, MethodBase metadata, Type returnType)\n   at OdinUiTests.Pages.ChatCommonPage.__a$_around_CheckImageIsOpened_100666363_w_0(Object[])\n   at OdinUiTests.Pages.ChatCommonPage.CheckImageIsOpened()\n   at OdinUiTests.Tests.Chat.ChatCommon.OpenImageInChat(IWebDriver driver, String chatId, Boolean isMinichat) in /azp/_work/3/s/Tests/Chat/ChatCommon.cs:line 340\n   at OdinUiTests.Tests.Chat.ChatCommon.OpenImageInMinichat(IWebDriver driver) in /azp/_work/3/s/Tests/Chat/ChatCommon.cs:line 355\n   at OdinUiTests.Tests.Chat.GroupChatCallTests.CheckOpenImageInGroupCallChat() in /azp/_work/3/s/Tests/Chat/CallChatTests.cs:line 301\n   at System.RuntimeMethodHandle.InvokeMethod(Object target, Void** arguments, Signature sig, Boolean isConstructor)\n   at System.Reflection.MethodBaseInvoker.InvokeWithNoArgs(Object obj, BindingFlags invokeAttr)\n--WebDriverTimeoutException\n   at OpenQA.Selenium.Support.UI.DefaultWait`1.ThrowTimeoutException(String exceptionMessage, Exception lastException)\n   at OpenQA.Selenium.Support.UI.DefaultWait`1.Until[TResult](Func`2 condition, CancellationToken token)\n   at OpenQA.Selenium.Support.UI.DefaultWait`1.Until[TResult](Func`2 condition)\n   at OdinUiTests.Pages.ChatCommonPage.__a$_around_CheckImageIsOpened_100666363_o() in /azp/_work/3/s/Pages/ChatCommonPage.cs:line 1367\n   at OdinUiTests.Pages.ChatCommonPage.__a$_around_CheckImageIsOpened_100666363_u(Object[])\n   at Allure.Net.Commons.Steps.AllureAbstractStepAspect.WrapSync[T](Func`2 target, Object[] args, MethodBase metadata, String stepName, List`1 stepParameters)\n   at InvokeStub_AllureAbstractStepAspect.WrapSync(Object, Span`1)\n   at System.Reflection.MethodBaseInvoker.InvokeWithManyArgs(Object obj, BindingFlags invokeAttr, Binder binder, Object[] parameters, CultureInfo culture)\n--NoSuchElementException\n   at OpenQA.Selenium.WebDriver.UnpackAndThrowOnError(Response errorResponse, String commandToExecute)\n   at OpenQA.Selenium.WebDriver.ExecuteAsync(String driverCommandToExecute, Dictionary`2 parameters)\n   at SeleniumExtras.WaitHelpers.ExpectedConditions.<>c__DisplayClass19_0.<ElementToBeClickable>b__0(IWebDriver driver)\n   at OpenQA.Selenium.Support.UI.DefaultWait`1.Until[TResult](Func`2 condition, CancellationToken token)"
  },
  "stage": "finished",
  "steps": [
    {
      "name": "Открыть страницу звонка по id чата",
      "status": "passed",
      "statusDetails": {
        "known": false,
        "muted": false,
        "flaky": false
      },
      "stage": "finished",
      "steps": [],
      "attachments": [],
      "parameters": [
        {
          "name": "chatId",
          "value": "\"3577\"",
          "excluded": false
        }
      ],
      "start": 1751900877050,
      "stop": 1751900878459
    },
    {
      "name": "Нажать на кнопку 'Присоединиться' в предбаннике",
      "status": "passed",
      "statusDetails": {
        "known": false,
        "muted": false,
        "flaky": false
      },
      "stage": "finished",
      "steps": [],
      "attachments": [],
      "parameters": [],
      "start": 1751900878459,
      "stop": 1751900886452
    },
    {
      "name": "Нажать на кнопку чата в звонке",
      "status": "passed",
      "statusDetails": {
        "known": false,
        "muted": false,
        "flaky": false
      },
      "stage": "finished",
      "steps": [],
      "attachments": [],
      "parameters": [],
      "start": 1751900886452,
      "stop": 1751900891957
    },
    {
      "name": "Убедиться, что в чате имеется отправленное изображение",
      "status": "passed",
      "statusDetails": {
        "known": false,
        "muted": false,
        "flaky": false
      },
      "stage": "finished",
      "steps": [],
      "attachments": [],
      "parameters": [],
      "start": 1751900891957,
      "stop": 1751900893664
    },
    {
      "name": "Кликнуть на изображение",
      "status": "passed",
      "statusDetails": {
        "known": false,
        "muted": false,
        "flaky": false
      },
      "stage": "finished",
      "steps": [],
      "attachments": [],
      "parameters": [],
      "start": 1751900893664,
      "stop": 1751900894648
    },
    {
      "name": "Проверка того, что изображение было открыто",
      "status": "broken",
      "statusDetails": {
        "known": false,
        "muted": false,
        "flaky": false,
        "message": "Timed out after 30 seconds",
        "trace": "OpenQA.Selenium.WebDriverTimeoutException: Timed out after 30 seconds\n ---> OpenQA.Selenium.NoSuchElementException: no such element: Unable to locate element: {\"method\":\"css selector\",\"selector\":\".file-content-block .link\"}\n  (Session info: chrome=132.0.6834.83); For documentation on this error, please visit: https://www.selenium.dev/documentation/webdriver/troubleshooting/errors#no-such-element-exception\n   at OpenQA.Selenium.WebDriver.UnpackAndThrowOnError(Response errorResponse, String commandToExecute)\n   at OpenQA.Selenium.WebDriver.ExecuteAsync(String driverCommandToExecute, Dictionary`2 parameters)\n   at SeleniumExtras.WaitHelpers.ExpectedConditions.<>c__DisplayClass19_0.<ElementToBeClickable>b__0(IWebDriver driver)\n   at OpenQA.Selenium.Support.UI.DefaultWait`1.Until[TResult](Func`2 condition, CancellationToken token)\n   --- End of inner exception stack trace ---\n   at OpenQA.Selenium.Support.UI.DefaultWait`1.ThrowTimeoutException(String exceptionMessage, Exception lastException)\n   at OpenQA.Selenium.Support.UI.DefaultWait`1.Until[TResult](Func`2 condition, CancellationToken token)\n   at OpenQA.Selenium.Support.UI.DefaultWait`1.Until[TResult](Func`2 condition)\n   at OdinUiTests.Pages.ChatCommonPage.__a$_around_CheckImageIsOpened_100666363_o() in /azp/_work/3/s/Pages/ChatCommonPage.cs:line 1367\n   at OdinUiTests.Pages.ChatCommonPage.__a$_around_CheckImageIsOpened_100666363_u(Object[])\n   at Allure.Net.Commons.Steps.AllureAbstractStepAspect.WrapSync[T](Func`2 target, Object[] args, MethodBase metadata, String stepName, List`1 stepParameters)"
      },
      "stage": "finished",
      "steps": [],
      "attachments": [],
      "parameters": [],
      "start": 1751900894648,
      "stop": 1751900924864
    }
  ],
  "attachments": [
    {
      "name": "CheckOpenImageInGroupCallChat.jpg",
      "source": "b85e9fe3-581a-4b9b-bb6f-46578a462c9b-attachment.jpg",
      "type": "image/jpeg"
    },
    {
      "name": "Console Output",
      "source": "0c509aa9-b39b-45ce-ab13-b5499a7309bc-attachment.txt",
      "type": "text/plain"
    }
  ],
  "parameters": [],
  "start": 1751900877050,
  "stop": 1751900930765
}