{
  "uuid": "a91d5ca6-6bcb-4451-8658-360f6c0a287d",
  "historyId": "3438986b9582aa8395f01b542a5535ab",
  "testCaseId": "3734ea2180c3d99943f0b356d349471a",
  "fullName": "OdinUiTests:OdinUiTests.Tests.Program.ProgramCreationTests.CheckCancelCreatingProgram(System.Boolean)",
  "labels": [
    {
      "name": "thread",
      "value": "NUnit.Fw.ParallelWorker#9"
    },
    {
      "name": "host",
      "value": "50e4cdd45a78"
    },
    {
      "name": "language",
      "value": "C#"
    },
    {
      "name": "framework",
      "value": "NUnit 3"
    },
    {
      "name": "package",
      "value": "OdinUiTests.Tests.Program"
    },
    {
      "name": "testMethod",
      "value": "CheckCancelCreatingProgram"
    },
    {
      "name": "testClass",
      "value": "ProgramCreationTests"
    },
    {
      "name": "suite",
      "value": "Программа"
    },
    {
      "name": "severity",
      "value": "normal"
    },
    {
      "name": "tag",
      "value": "Дежурство"
    },
    {
      "name": "tag",
      "value": "Программа"
    },
    {
      "name": "tag",
      "value": "Регресс"
    }
  ],
  "links": [],
  "name": "Проверка кнопки Отмена у программы ДПО",
  "status": "broken",
  "statusDetails": {
    "known": false,
    "muted": false,
    "flaky": false,
    "message": "System.Reflection.TargetInvocationException : Exception has been thrown by the target of an invocation.\n  ----> OpenQA.Selenium.WebDriverTimeoutException : Timed out after 30 seconds\n  ----> OpenQA.Selenium.NoSuchElementException : no such element: Unable to locate element: {\"method\":\"xpath\",\"selector\":\"//span[contains(text(),'Отмена')]\"}\n  (Session info: chrome=132.0.6834.83); For documentation on this error, please visit: https://www.selenium.dev/documentation/webdriver/troubleshooting/errors#no-such-element-exception",
    "trace": "   at System.Reflection.MethodBaseInvoker.InvokeWithManyArgs(Object obj, BindingFlags invokeAttr, Binder binder, Object[] parameters, CultureInfo culture)\n   at Allure.Net.Commons.Steps.AllureStepAspectBase.Around(String name, Object[] args, Func`2 target, MethodBase metadata, Type returnType)\n   at OdinUiTests.Pages.ProgramCreateEditPage.__a$_around_ClickCancelButton_100667008_w_0(Object[])\n   at OdinUiTests.Pages.ProgramCreateEditPage.ClickCancelButton()\n   at OdinUiTests.Tests.Program.ProgramCreationTests.CheckCancelCreatingProgram(Boolean isAddEduc) in /azp/_work/1/s/Tests/Program/ProgramCommonTests.cs:line 51\n   at System.RuntimeMethodHandle.InvokeMethod(Object target, Void** arguments, Signature sig, Boolean isConstructor)\n   at System.Reflection.MethodBaseInvoker.InvokeDirectByRefWithFewArgs(Object obj, Span`1 copyOfArgs, BindingFlags invokeAttr)\n--WebDriverTimeoutException\n   at OpenQA.Selenium.Support.UI.DefaultWait`1.ThrowTimeoutException(String exceptionMessage, Exception lastException)\n   at OpenQA.Selenium.Support.UI.DefaultWait`1.Until[TResult](Func`2 condition, CancellationToken token)\n   at OpenQA.Selenium.Support.UI.DefaultWait`1.Until[TResult](Func`2 condition)\n   at OdinUiTests.Pages.ProgramCreateEditPage.__a$_around_ClickCancelButton_100667008_o() in /azp/_work/1/s/Pages/ProgramCreateEditPage.cs:line 195\n   at OdinUiTests.Pages.ProgramCreateEditPage.__a$_around_ClickCancelButton_100667008_u(Object[])\n   at Allure.Net.Commons.Steps.AllureAbstractStepAspect.WrapSync[T](Func`2 target, Object[] args, MethodBase metadata, String stepName, List`1 stepParameters)\n   at InvokeStub_AllureAbstractStepAspect.WrapSync(Object, Span`1)\n   at System.Reflection.MethodBaseInvoker.InvokeWithManyArgs(Object obj, BindingFlags invokeAttr, Binder binder, Object[] parameters, CultureInfo culture)\n--NoSuchElementException\n   at OpenQA.Selenium.WebDriver.UnpackAndThrowOnError(Response errorResponse, String commandToExecute)\n   at OpenQA.Selenium.WebDriver.ExecuteAsync(String driverCommandToExecute, Dictionary`2 parameters)\n   at SeleniumExtras.WaitHelpers.ExpectedConditions.<>c__DisplayClass19_0.<ElementToBeClickable>b__0(IWebDriver driver)\n   at OpenQA.Selenium.Support.UI.DefaultWait`1.Until[TResult](Func`2 condition, CancellationToken token)"
  },
  "stage": "finished",
  "steps": [
    {
      "name": "Открыть страницу создания образовательной программы",
      "status": "passed",
      "statusDetails": {
        "known": false,
        "muted": false,
        "flaky": false
      },
      "stage": "finished",
      "steps": [],
      "attachments": [],
      "parameters": [
        {
          "name": "isAdditionalEducationProgram",
          "value": "true",
          "excluded": false
        },
        {
          "name": "divisionId",
          "value": "\"1\"",
          "excluded": false
        }
      ],
      "start": 1747625254178,
      "stop": 1747625254747
    },
    {
      "name": "Нажать на кнопку Отмена на странице создания образовательной программы",
      "status": "broken",
      "statusDetails": {
        "known": false,
        "muted": false,
        "flaky": false,
        "message": "Timed out after 30 seconds",
        "trace": "OpenQA.Selenium.WebDriverTimeoutException: Timed out after 30 seconds\n ---> OpenQA.Selenium.NoSuchElementException: no such element: Unable to locate element: {\"method\":\"xpath\",\"selector\":\"//span[contains(text(),'Отмена')]\"}\n  (Session info: chrome=132.0.6834.83); For documentation on this error, please visit: https://www.selenium.dev/documentation/webdriver/troubleshooting/errors#no-such-element-exception\n   at OpenQA.Selenium.WebDriver.UnpackAndThrowOnError(Response errorResponse, String commandToExecute)\n   at OpenQA.Selenium.WebDriver.ExecuteAsync(String driverCommandToExecute, Dictionary`2 parameters)\n   at SeleniumExtras.WaitHelpers.ExpectedConditions.<>c__DisplayClass19_0.<ElementToBeClickable>b__0(IWebDriver driver)\n   at OpenQA.Selenium.Support.UI.DefaultWait`1.Until[TResult](Func`2 condition, CancellationToken token)\n   --- End of inner exception stack trace ---\n   at OpenQA.Selenium.Support.UI.DefaultWait`1.ThrowTimeoutException(String exceptionMessage, Exception lastException)\n   at OpenQA.Selenium.Support.UI.DefaultWait`1.Until[TResult](Func`2 condition, CancellationToken token)\n   at OpenQA.Selenium.Support.UI.DefaultWait`1.Until[TResult](Func`2 condition)\n   at OdinUiTests.Pages.ProgramCreateEditPage.__a$_around_ClickCancelButton_100667008_o() in /azp/_work/1/s/Pages/ProgramCreateEditPage.cs:line 195\n   at OdinUiTests.Pages.ProgramCreateEditPage.__a$_around_ClickCancelButton_100667008_u(Object[])\n   at Allure.Net.Commons.Steps.AllureAbstractStepAspect.WrapSync[T](Func`2 target, Object[] args, MethodBase metadata, String stepName, List`1 stepParameters)"
      },
      "stage": "finished",
      "steps": [],
      "attachments": [],
      "parameters": [],
      "start": 1747625254748,
      "stop": 1747625284786
    }
  ],
  "attachments": [
    {
      "name": "CheckCancelCreatingProgram.jpg",
      "source": "4b91fdb9-dae8-4b91-83f5-34b2708e1075-attachment.jpg",
      "type": "image/jpeg"
    },
    {
      "name": "Console Output",
      "source": "24aa2b41-2e27-424d-a550-57ed4672d5fe-attachment.txt",
      "type": "text/plain"
    }
  ],
  "parameters": [
    {
      "name": "isAddEduc",
      "value": "true",
      "excluded": false
    }
  ],
  "start": 1747625254177,
  "stop": 1747625285614
}