{
  "uuid": "b326a605-ef09-45bc-a981-4c98ba92b9b3",
  "historyId": "0fe6f35fcf4d12d319e6bd9799aa9d74",
  "testCaseId": "0fd265233622ec663866c7543686049b",
  "fullName": "OdinUiTests:OdinUiTests.Tests.StoсkMarket.StockMarketLotTests.CheckCancelEditMaterialDescription()",
  "labels": [
    {
      "name": "thread",
      "value": "NUnit.Fw.ParallelWorker#9"
    },
    {
      "name": "host",
      "value": "45bb34ff945a"
    },
    {
      "name": "language",
      "value": "C#"
    },
    {
      "name": "framework",
      "value": "NUnit 3"
    },
    {
      "name": "package",
      "value": "OdinUiTests.Tests.StoсkMarket"
    },
    {
      "name": "testMethod",
      "value": "CheckCancelEditMaterialDescription"
    },
    {
      "name": "testClass",
      "value": "StockMarketLotTests"
    },
    {
      "name": "suite",
      "value": "Биржа"
    },
    {
      "name": "severity",
      "value": "minor"
    },
    {
      "name": "tag",
      "value": "Биржа"
    },
    {
      "name": "tag",
      "value": "Регресс"
    }
  ],
  "links": [],
  "name": "Страница лота: кнопка Отмена работает при редактировании описания лота",
  "status": "broken",
  "statusDetails": {
    "known": false,
    "muted": false,
    "flaky": false,
    "message": "System.Reflection.TargetInvocationException : Exception has been thrown by the target of an invocation.\n  ----> OpenQA.Selenium.WebDriverTimeoutException : Timed out after 30 seconds\n  ----> OpenQA.Selenium.NoSuchElementException : no such element: Unable to locate element: {\"method\":\"xpath\",\"selector\":\"//a[contains(text(),'Редактировать')]\"}\n  (Session info: chrome=140.0.7339.127); For documentation on this error, please visit: https://www.selenium.dev/documentation/webdriver/troubleshooting/errors#no-such-element-exception",
    "trace": "   at System.Reflection.MethodBaseInvoker.InvokeWithManyArgs(Object obj, BindingFlags invokeAttr, Binder binder, Object[] parameters, CultureInfo culture)\n   at Allure.Net.Commons.Steps.AllureStepAspectBase.Around(String name, Object[] args, Func`2 target, MethodBase metadata, Type returnType)\n   at OdinUiTests.Pages.StockMarketPage.__a$_around_ClickEditDescription_100667141_w_0(Object[])\n   at OdinUiTests.Pages.StockMarketPage.ClickEditDescription()\n   at OdinUiTests.Tests.StoсkMarket.StockMarketLotTests.CheckCancelEditMaterialDescription() in /azp/_work/3/s/Tests/StockMarket/StockMarketTests.cs:line 121\n   at System.RuntimeMethodHandle.InvokeMethod(Object target, Void** arguments, Signature sig, Boolean isConstructor)\n   at System.Reflection.MethodBaseInvoker.InvokeWithNoArgs(Object obj, BindingFlags invokeAttr)\n--WebDriverTimeoutException\n   at OpenQA.Selenium.Support.UI.DefaultWait`1.ThrowTimeoutException(String exceptionMessage, Exception lastException)\n   at OpenQA.Selenium.Support.UI.DefaultWait`1.Until[TResult](Func`2 condition, CancellationToken token)\n   at OpenQA.Selenium.Support.UI.DefaultWait`1.Until[TResult](Func`2 condition)\n   at OdinUiTests.Pages.StockMarketPage.__a$_around_ClickEditDescription_100667141_o() in /azp/_work/3/s/Pages/StockMarketPage.cs:line 99\n   at OdinUiTests.Pages.StockMarketPage.__a$_around_ClickEditDescription_100667141_u(Object[])\n   at Allure.Net.Commons.Steps.AllureAbstractStepAspect.WrapSync[T](Func`2 target, Object[] args, MethodBase metadata, String stepName, List`1 stepParameters)\n   at InvokeStub_AllureAbstractStepAspect.WrapSync(Object, Span`1)\n   at System.Reflection.MethodBaseInvoker.InvokeWithManyArgs(Object obj, BindingFlags invokeAttr, Binder binder, Object[] parameters, CultureInfo culture)\n--NoSuchElementException\n   at OpenQA.Selenium.WebDriver.UnpackAndThrowOnError(Response errorResponse, String commandToExecute)\n   at OpenQA.Selenium.WebDriver.ExecuteAsync(String driverCommandToExecute, Dictionary`2 parameters)\n   at SeleniumExtras.WaitHelpers.ExpectedConditions.<>c__DisplayClass19_0.<ElementToBeClickable>b__0(IWebDriver driver)\n   at OpenQA.Selenium.Support.UI.DefaultWait`1.Until[TResult](Func`2 condition, CancellationToken token)"
  },
  "stage": "finished",
  "steps": [
    {
      "name": "Открыть страницу лота",
      "status": "passed",
      "statusDetails": {
        "known": false,
        "muted": false,
        "flaky": false
      },
      "stage": "finished",
      "steps": [],
      "attachments": [],
      "parameters": [
        {
          "name": "lotId",
          "value": "\"11\"",
          "excluded": false
        }
      ],
      "start": 1759820065175,
      "stop": 1759820065425
    },
    {
      "name": "Нажать на кнопку 'Редактировать' на странице лота",
      "status": "broken",
      "statusDetails": {
        "known": false,
        "muted": false,
        "flaky": false,
        "message": "Timed out after 30 seconds",
        "trace": "OpenQA.Selenium.WebDriverTimeoutException: Timed out after 30 seconds\n ---> OpenQA.Selenium.NoSuchElementException: no such element: Unable to locate element: {\"method\":\"xpath\",\"selector\":\"//a[contains(text(),'Редактировать')]\"}\n  (Session info: chrome=140.0.7339.127); For documentation on this error, please visit: https://www.selenium.dev/documentation/webdriver/troubleshooting/errors#no-such-element-exception\n   at OpenQA.Selenium.WebDriver.UnpackAndThrowOnError(Response errorResponse, String commandToExecute)\n   at OpenQA.Selenium.WebDriver.ExecuteAsync(String driverCommandToExecute, Dictionary`2 parameters)\n   at SeleniumExtras.WaitHelpers.ExpectedConditions.<>c__DisplayClass19_0.<ElementToBeClickable>b__0(IWebDriver driver)\n   at OpenQA.Selenium.Support.UI.DefaultWait`1.Until[TResult](Func`2 condition, CancellationToken token)\n   --- End of inner exception stack trace ---\n   at OpenQA.Selenium.Support.UI.DefaultWait`1.ThrowTimeoutException(String exceptionMessage, Exception lastException)\n   at OpenQA.Selenium.Support.UI.DefaultWait`1.Until[TResult](Func`2 condition, CancellationToken token)\n   at OpenQA.Selenium.Support.UI.DefaultWait`1.Until[TResult](Func`2 condition)\n   at OdinUiTests.Pages.StockMarketPage.__a$_around_ClickEditDescription_100667141_o() in /azp/_work/3/s/Pages/StockMarketPage.cs:line 99\n   at OdinUiTests.Pages.StockMarketPage.__a$_around_ClickEditDescription_100667141_u(Object[])\n   at Allure.Net.Commons.Steps.AllureAbstractStepAspect.WrapSync[T](Func`2 target, Object[] args, MethodBase metadata, String stepName, List`1 stepParameters)"
      },
      "stage": "finished",
      "steps": [],
      "attachments": [],
      "parameters": [],
      "start": 1759820065425,
      "stop": 1759820095652
    }
  ],
  "attachments": [
    {
      "name": "CheckCancelEditMaterialDescription.jpg",
      "source": "56c52da7-a1bf-4241-86dc-fd7b38a7e503-attachment.jpg",
      "type": "image/jpeg"
    },
    {
      "name": "Console Output",
      "source": "678fc665-f5b0-4244-9522-a3cdec8538c3-attachment.txt",
      "type": "text/plain"
    }
  ],
  "parameters": [],
  "start": 1759820065174,
  "stop": 1759820095807
}