{
  "uuid": "82d9c0db-bfe6-44b4-91e3-1fe1fa9b3d2a",
  "historyId": "f398c9e63d0ae5015db45191c1e9cca4",
  "testCaseId": "812b766ca87d91ce87b9cc875f9281e5",
  "fullName": "OdinUiTests:OdinUiTests.Tests.Activity.TemplateAddingTests.CheckAddTestNotToControlActivityTemplate()",
  "labels": [
    {
      "name": "thread",
      "value": "NUnit.Fw.ParallelWorker#10"
    },
    {
      "name": "host",
      "value": "c61c1b98f430"
    },
    {
      "name": "language",
      "value": "C#"
    },
    {
      "name": "framework",
      "value": "NUnit 3"
    },
    {
      "name": "package",
      "value": "OdinUiTests.Tests.Activity"
    },
    {
      "name": "testMethod",
      "value": "CheckAddTestNotToControlActivityTemplate"
    },
    {
      "name": "testClass",
      "value": "TemplateAddingTests"
    },
    {
      "name": "suite",
      "value": "Активность"
    },
    {
      "name": "subSuite",
      "value": "Обычный шаблон активности"
    },
    {
      "name": "severity",
      "value": "normal"
    },
    {
      "name": "tag",
      "value": "Активность"
    },
    {
      "name": "tag",
      "value": "Дежурство"
    },
    {
      "name": "tag",
      "value": "Регресс"
    }
  ],
  "links": [],
  "name": "Наличие ошибки при добавлении материала типа Тест из Библиотеки не в контрольную",
  "status": "broken",
  "statusDetails": {
    "known": false,
    "muted": false,
    "flaky": false,
    "message": "System.Reflection.TargetInvocationException : Exception has been thrown by the target of an invocation.\n  ----> OpenQA.Selenium.WebDriverTimeoutException : Timed out after 30 seconds\n  ----> OpenQA.Selenium.NoSuchElementException : no such element: Unable to locate element: {\"method\":\"xpath\",\"selector\":\"//span[contains(text(),'Добавить материалы')]\"}\n  (Session info: chrome=140.0.7339.127); For documentation on this error, please visit: https://www.selenium.dev/documentation/webdriver/troubleshooting/errors#no-such-element-exception",
    "trace": "   at System.Reflection.MethodBaseInvoker.InvokeWithManyArgs(Object obj, BindingFlags invokeAttr, Binder binder, Object[] parameters, CultureInfo culture)\n   at Allure.Net.Commons.Steps.AllureStepAspectBase.Around(String name, Object[] args, Func`2 target, MethodBase metadata, Type returnType)\n   at OdinUiTests.Pages.ActivityCommonEditPage.__a$_around_ClickOnAddMaterialButton_100666032_w_0(Object[])\n   at OdinUiTests.Pages.ActivityCommonEditPage.ClickOnAddMaterialButton()\n   at OdinUiTests.Tests.Activity.ActivityCommon.AddTestNotToControlType(IWebDriver driver, Boolean isTemplate, String id) in /azp/_work/1/s/Tests/Activity/ActivityCommon.cs:line 516\n   at OdinUiTests.Tests.Activity.ActivityCommon.AddTestNotToControlActivityPlan(IWebDriver driver, String contentId) in /azp/_work/1/s/Tests/Activity/ActivityCommon.cs:line 529\n   at OdinUiTests.Tests.Activity.TemplateAddingTests.CheckAddTestNotToControlActivityTemplate() in /azp/_work/1/s/Tests/Activity/TemplateTests.cs:line 127\n   at System.RuntimeMethodHandle.InvokeMethod(Object target, Void** arguments, Signature sig, Boolean isConstructor)\n   at System.Reflection.MethodBaseInvoker.InvokeWithNoArgs(Object obj, BindingFlags invokeAttr)\n--WebDriverTimeoutException\n   at OpenQA.Selenium.Support.UI.DefaultWait`1.ThrowTimeoutException(String exceptionMessage, Exception lastException)\n   at OpenQA.Selenium.Support.UI.DefaultWait`1.Until[TResult](Func`2 condition, CancellationToken token)\n   at OpenQA.Selenium.Support.UI.DefaultWait`1.Until[TResult](Func`2 condition)\n   at OdinUiTests.Pages.ActivityCommonEditPage.__a$_around_ClickOnAddMaterialButton_100666032_o() in /azp/_work/1/s/Pages/ActivityCommonEditPage.cs:line 413\n   at OdinUiTests.Pages.ActivityCommonEditPage.__a$_around_ClickOnAddMaterialButton_100666032_u(Object[])\n   at Allure.Net.Commons.Steps.AllureAbstractStepAspect.WrapSync[T](Func`2 target, Object[] args, MethodBase metadata, String stepName, List`1 stepParameters)\n   at InvokeStub_AllureAbstractStepAspect.WrapSync(Object, Span`1)\n   at System.Reflection.MethodBaseInvoker.InvokeWithManyArgs(Object obj, BindingFlags invokeAttr, Binder binder, Object[] parameters, CultureInfo culture)\n--NoSuchElementException\n   at OpenQA.Selenium.WebDriver.UnpackAndThrowOnError(Response errorResponse, String commandToExecute)\n   at OpenQA.Selenium.WebDriver.ExecuteAsync(String driverCommandToExecute, Dictionary`2 parameters)\n   at SeleniumExtras.WaitHelpers.ExpectedConditions.<>c__DisplayClass19_0.<ElementToBeClickable>b__0(IWebDriver driver)\n   at OpenQA.Selenium.Support.UI.DefaultWait`1.Until[TResult](Func`2 condition, CancellationToken token)"
  },
  "stage": "finished",
  "steps": [
    {
      "name": "Открыть страницу редактирования активности",
      "status": "passed",
      "statusDetails": {
        "known": false,
        "muted": false,
        "flaky": false
      },
      "stage": "finished",
      "steps": [
        {
          "name": "Открыть страницу редактирования шаблона активности",
          "status": "passed",
          "statusDetails": {
            "known": false,
            "muted": false,
            "flaky": false
          },
          "stage": "finished",
          "steps": [],
          "attachments": [],
          "parameters": [
            {
              "name": "contentId",
              "value": "\"861\"",
              "excluded": false
            }
          ],
          "start": 1761543396029,
          "stop": 1761543398061
        }
      ],
      "attachments": [],
      "parameters": [
        {
          "name": "isTemplate",
          "value": "true",
          "excluded": false
        },
        {
          "name": "id",
          "value": "\"861\"",
          "excluded": false
        }
      ],
      "start": 1761543396029,
      "stop": 1761543398061
    },
    {
      "name": "Нажать на кнопку 'Добавить материалы'",
      "status": "broken",
      "statusDetails": {
        "known": false,
        "muted": false,
        "flaky": false,
        "message": "Timed out after 30 seconds",
        "trace": "OpenQA.Selenium.WebDriverTimeoutException: Timed out after 30 seconds\n ---> OpenQA.Selenium.NoSuchElementException: no such element: Unable to locate element: {\"method\":\"xpath\",\"selector\":\"//span[contains(text(),'Добавить материалы')]\"}\n  (Session info: chrome=140.0.7339.127); For documentation on this error, please visit: https://www.selenium.dev/documentation/webdriver/troubleshooting/errors#no-such-element-exception\n   at OpenQA.Selenium.WebDriver.UnpackAndThrowOnError(Response errorResponse, String commandToExecute)\n   at OpenQA.Selenium.WebDriver.ExecuteAsync(String driverCommandToExecute, Dictionary`2 parameters)\n   at SeleniumExtras.WaitHelpers.ExpectedConditions.<>c__DisplayClass19_0.<ElementToBeClickable>b__0(IWebDriver driver)\n   at OpenQA.Selenium.Support.UI.DefaultWait`1.Until[TResult](Func`2 condition, CancellationToken token)\n   --- End of inner exception stack trace ---\n   at OpenQA.Selenium.Support.UI.DefaultWait`1.ThrowTimeoutException(String exceptionMessage, Exception lastException)\n   at OpenQA.Selenium.Support.UI.DefaultWait`1.Until[TResult](Func`2 condition, CancellationToken token)\n   at OpenQA.Selenium.Support.UI.DefaultWait`1.Until[TResult](Func`2 condition)\n   at OdinUiTests.Pages.ActivityCommonEditPage.__a$_around_ClickOnAddMaterialButton_100666032_o() in /azp/_work/1/s/Pages/ActivityCommonEditPage.cs:line 413\n   at OdinUiTests.Pages.ActivityCommonEditPage.__a$_around_ClickOnAddMaterialButton_100666032_u(Object[])\n   at Allure.Net.Commons.Steps.AllureAbstractStepAspect.WrapSync[T](Func`2 target, Object[] args, MethodBase metadata, String stepName, List`1 stepParameters)"
      },
      "stage": "finished",
      "steps": [],
      "attachments": [],
      "parameters": [],
      "start": 1761543398061,
      "stop": 1761543428254
    }
  ],
  "attachments": [
    {
      "name": "CheckAddTestNotToControlActivityTemplate.jpg",
      "source": "d92c6c5d-e68b-4890-a60c-b6839b99ca5b-attachment.jpg",
      "type": "image/jpeg"
    },
    {
      "name": "Console Output",
      "source": "382b78de-0aaf-4312-8582-90aca74ecec8-attachment.txt",
      "type": "text/plain"
    }
  ],
  "parameters": [],
  "start": 1761543395034,
  "stop": 1761543428826
}