{
  "uuid": "60029017-6778-483e-a0b9-63b6bf071270",
  "historyId": "f392e49848f2deb3cead0a4e4388886f",
  "testCaseId": "3bdd3b0bcee2a662b5b84de6fb7c1ff0",
  "fullName": "OdinUiTests:OdinUiTests.Tests.Discipline.DisciplineCreationTests.CreatDisciplineIfReqFieldsAreFilled(System.String)",
  "labels": [
    {
      "name": "thread",
      "value": "NUnit.Fw.ParallelWorker#2"
    },
    {
      "name": "host",
      "value": "02c3efc19d11"
    },
    {
      "name": "language",
      "value": "C#"
    },
    {
      "name": "framework",
      "value": "NUnit 3"
    },
    {
      "name": "package",
      "value": "OdinUiTests.Tests.Discipline"
    },
    {
      "name": "testMethod",
      "value": "CreatDisciplineIfReqFieldsAreFilled"
    },
    {
      "name": "testClass",
      "value": "DisciplineCreationTests"
    },
    {
      "name": "suite",
      "value": "Дисциплина"
    },
    {
      "name": "subSuite",
      "value": "Создание дисциплины"
    },
    {
      "name": "severity",
      "value": "critical"
    },
    {
      "name": "tag",
      "value": "Дисциплина"
    },
    {
      "name": "tag",
      "value": "Регресс"
    }
  ],
  "links": [],
  "name": "Можно создать дисциплину ВО, если заполнены обязательные поля",
  "status": "broken",
  "statusDetails": {
    "known": false,
    "muted": false,
    "flaky": false,
    "message": "System.Reflection.TargetInvocationException : Exception has been thrown by the target of an invocation.\n  ----> OpenQA.Selenium.WebDriverTimeoutException : Timed out after 30 seconds\n  ----> OpenQA.Selenium.NoSuchElementException : no such element: Unable to locate element: {\"method\":\"xpath\",\"selector\":\"//*[contains(text(),'Редактировать')]\"}\n  (Session info: chrome=140.0.7339.127); For documentation on this error, please visit: https://www.selenium.dev/documentation/webdriver/troubleshooting/errors#no-such-element-exception",
    "trace": "   at System.Reflection.MethodBaseInvoker.InvokeWithManyArgs(Object obj, BindingFlags invokeAttr, Binder binder, Object[] parameters, CultureInfo culture)\n   at Allure.Net.Commons.Steps.AllureStepAspectBase.Around(String name, Object[] args, Func`2 target, MethodBase metadata, Type returnType)\n   at OdinUiTests.Pages.DisCommonInfoPage.__a$_around_CheckDisciplineIsCreated_100666740_w_0(Object[])\n   at OdinUiTests.Pages.DisCommonInfoPage.CheckDisciplineIsCreated(Boolean withIOT, String disName)\n   at OdinUiTests.Tests.Discipline.DisciplineCreationTests.CreatDisciplineIfReqFieldsAreFilled(String cohort) in /azp/_work/2/s/Tests/Discipline/DisCreateEditTests.cs:line 39\n   at System.RuntimeMethodHandle.InvokeMethod(Object target, Void** arguments, Signature sig, Boolean isConstructor)\n   at System.Reflection.MethodBaseInvoker.InvokeDirectByRefWithFewArgs(Object obj, Span`1 copyOfArgs, BindingFlags invokeAttr)\n--WebDriverTimeoutException\n   at OpenQA.Selenium.Support.UI.DefaultWait`1.ThrowTimeoutException(String exceptionMessage, Exception lastException)\n   at OpenQA.Selenium.Support.UI.DefaultWait`1.Until[TResult](Func`2 condition, CancellationToken token)\n   at OpenQA.Selenium.Support.UI.DefaultWait`1.Until[TResult](Func`2 condition)\n   at OdinUiTests.Pages.DisCommonInfoPage.__a$_around_CheckDisciplineIsCreated_100666740_o(Boolean withIOT, String disName) in /azp/_work/2/s/Pages/DisCommonInfoPage.cs:line 1117\n   at OdinUiTests.Pages.DisCommonInfoPage.__a$_around_CheckDisciplineIsCreated_100666740_u(Object[])\n   at Allure.Net.Commons.Steps.AllureAbstractStepAspect.WrapSync[T](Func`2 target, Object[] args, MethodBase metadata, String stepName, List`1 stepParameters)\n   at InvokeStub_AllureAbstractStepAspect.WrapSync(Object, Span`1)\n   at System.Reflection.MethodBaseInvoker.InvokeWithManyArgs(Object obj, BindingFlags invokeAttr, Binder binder, Object[] parameters, CultureInfo culture)\n--NoSuchElementException\n   at OpenQA.Selenium.WebDriver.UnpackAndThrowOnError(Response errorResponse, String commandToExecute)\n   at OpenQA.Selenium.WebDriver.ExecuteAsync(String driverCommandToExecute, Dictionary`2 parameters)\n   at SeleniumExtras.WaitHelpers.ExpectedConditions.<>c__DisplayClass19_0.<ElementToBeClickable>b__0(IWebDriver driver)\n   at OpenQA.Selenium.Support.UI.DefaultWait`1.Until[TResult](Func`2 condition, CancellationToken token)"
  },
  "stage": "finished",
  "steps": [
    {
      "name": "Открыть страницу потока",
      "status": "passed",
      "statusDetails": {
        "known": false,
        "muted": false,
        "flaky": false
      },
      "stage": "finished",
      "steps": [],
      "attachments": [],
      "parameters": [
        {
          "name": "id",
          "value": "\"39\"",
          "excluded": false
        }
      ],
      "start": 1758205414836,
      "stop": 1758205419822
    },
    {
      "name": "Нажать на кнопку добавления дисциплины в потоке",
      "status": "passed",
      "statusDetails": {
        "known": false,
        "muted": false,
        "flaky": false
      },
      "stage": "finished",
      "steps": [],
      "attachments": [],
      "parameters": [],
      "start": 1758205419823,
      "stop": 1758205436439
    },
    {
      "name": "Заполнение обязательных полей для создании дисциплины",
      "status": "passed",
      "statusDetails": {
        "known": false,
        "muted": false,
        "flaky": false
      },
      "stage": "finished",
      "steps": [
        {
          "name": "Редактировать название дисциплины",
          "status": "passed",
          "statusDetails": {
            "known": false,
            "muted": false,
            "flaky": false
          },
          "stage": "finished",
          "steps": [],
          "attachments": [],
          "parameters": [
            {
              "name": "name",
              "value": "\"D496411DDG72A01\"",
              "excluded": false
            }
          ],
          "start": 1758205436439,
          "stop": 1758205439833
        },
        {
          "name": "Редактировать краткое название дисциплины",
          "status": "passed",
          "statusDetails": {
            "known": false,
            "muted": false,
            "flaky": false
          },
          "stage": "finished",
          "steps": [],
          "attachments": [],
          "parameters": [
            {
              "name": "shortName",
              "value": "\"D496411DDG72A01\"",
              "excluded": false
            }
          ],
          "start": 1758205439833,
          "stop": 1758205445914
        },
        {
          "name": "Редактировать описание дисциплины",
          "status": "passed",
          "statusDetails": {
            "known": false,
            "muted": false,
            "flaky": false
          },
          "stage": "finished",
          "steps": [],
          "attachments": [],
          "parameters": [
            {
              "name": "description",
              "value": "\"D496411DDG72A01\"",
              "excluded": false
            }
          ],
          "start": 1758205445915,
          "stop": 1758205449026
        }
      ],
      "attachments": [],
      "parameters": [
        {
          "name": "text",
          "value": "\"D496411DDG72A01\"",
          "excluded": false
        }
      ],
      "start": 1758205436439,
      "stop": 1758205449026
    },
    {
      "name": "Нажать на кнопку 'Сохранить'",
      "status": "passed",
      "statusDetails": {
        "known": false,
        "muted": false,
        "flaky": false
      },
      "stage": "finished",
      "steps": [],
      "attachments": [],
      "parameters": [],
      "start": 1758205449026,
      "stop": 1758205449626
    },
    {
      "name": "Проверка того, что дисциплина создана корректно",
      "status": "broken",
      "statusDetails": {
        "known": false,
        "muted": false,
        "flaky": false,
        "message": "Timed out after 30 seconds",
        "trace": "OpenQA.Selenium.WebDriverTimeoutException: Timed out after 30 seconds\n ---> OpenQA.Selenium.NoSuchElementException: no such element: Unable to locate element: {\"method\":\"xpath\",\"selector\":\"//*[contains(text(),'Редактировать')]\"}\n  (Session info: chrome=140.0.7339.127); For documentation on this error, please visit: https://www.selenium.dev/documentation/webdriver/troubleshooting/errors#no-such-element-exception\n   at OpenQA.Selenium.WebDriver.UnpackAndThrowOnError(Response errorResponse, String commandToExecute)\n   at OpenQA.Selenium.WebDriver.ExecuteAsync(String driverCommandToExecute, Dictionary`2 parameters)\n   at SeleniumExtras.WaitHelpers.ExpectedConditions.<>c__DisplayClass19_0.<ElementToBeClickable>b__0(IWebDriver driver)\n   at OpenQA.Selenium.Support.UI.DefaultWait`1.Until[TResult](Func`2 condition, CancellationToken token)\n   --- End of inner exception stack trace ---\n   at OpenQA.Selenium.Support.UI.DefaultWait`1.ThrowTimeoutException(String exceptionMessage, Exception lastException)\n   at OpenQA.Selenium.Support.UI.DefaultWait`1.Until[TResult](Func`2 condition, CancellationToken token)\n   at OpenQA.Selenium.Support.UI.DefaultWait`1.Until[TResult](Func`2 condition)\n   at OdinUiTests.Pages.DisCommonInfoPage.__a$_around_CheckDisciplineIsCreated_100666740_o(Boolean withIOT, String disName) in /azp/_work/2/s/Pages/DisCommonInfoPage.cs:line 1117\n   at OdinUiTests.Pages.DisCommonInfoPage.__a$_around_CheckDisciplineIsCreated_100666740_u(Object[])\n   at Allure.Net.Commons.Steps.AllureAbstractStepAspect.WrapSync[T](Func`2 target, Object[] args, MethodBase metadata, String stepName, List`1 stepParameters)"
      },
      "stage": "finished",
      "steps": [],
      "attachments": [],
      "parameters": [
        {
          "name": "withIOT",
          "value": "false",
          "excluded": false
        },
        {
          "name": "disName",
          "value": "\"D496411DDG72A01\"",
          "excluded": false
        }
      ],
      "start": 1758205449627,
      "stop": 1758205479850
    },
    {
      "name": "Получить id дисциплины",
      "status": "passed",
      "statusDetails": {
        "known": false,
        "muted": false,
        "flaky": false
      },
      "stage": "finished",
      "steps": [],
      "attachments": [],
      "parameters": [],
      "start": 1758205479856,
      "stop": 1758205480133
    }
  ],
  "attachments": [
    {
      "name": "CreatDisciplineIfReqFieldsAreFilled.jpg",
      "source": "99465326-bfd8-417a-a7f6-d1fe705a0715-attachment.jpg",
      "type": "image/jpeg"
    },
    {
      "name": "Console Output",
      "source": "2ec5d287-cbc5-4375-9f7f-5ce3344e86e7-attachment.txt",
      "type": "text/plain"
    }
  ],
  "parameters": [
    {
      "name": "cohort",
      "value": "\"39\"",
      "excluded": false
    }
  ],
  "start": 1758205414834,
  "stop": 1758205489737
}