{
  "uuid": "fb71df3f-f2ea-4751-9f4e-2244e78a5452",
  "historyId": "7613022d6e0e338125d4a8a1dc7942d4",
  "testCaseId": "e760292ff1486657dd8f27e3c7910afb",
  "fullName": "OdinUiTests:OdinUiTests.Tests.Cohort.CohortCreationTests.CheckCreateCohortFromTemplateWhenAllRequiredFieldsAreFilled(System.Int32,System.String)",
  "labels": [
    {
      "name": "thread",
      "value": "ParallelWorker#9"
    },
    {
      "name": "host",
      "value": "e0e814a86fab"
    },
    {
      "name": "language",
      "value": "C#"
    },
    {
      "name": "framework",
      "value": "NUnit 3"
    },
    {
      "name": "package",
      "value": "OdinUiTests.Tests.Cohort"
    },
    {
      "name": "testMethod",
      "value": "CheckCreateCohortFromTemplateWhenAllRequiredFieldsAreFilled"
    },
    {
      "name": "testClass",
      "value": "CohortCreationTests"
    },
    {
      "name": "suite",
      "value": "Поток"
    },
    {
      "name": "subSuite",
      "value": "Создание потока"
    },
    {
      "name": "severity",
      "value": "normal"
    },
    {
      "name": "tag",
      "value": "Поток"
    },
    {
      "name": "tag",
      "value": "Регресс"
    }
  ],
  "links": [],
  "name": "Создание потока ВО: можно создать поток из шаблона, если все обязательные поля корректно заполнены",
  "status": "broken",
  "statusDetails": {
    "known": false,
    "muted": false,
    "flaky": false,
    "message": "OpenQA.Selenium.WebDriverTimeoutException : Timed out after 30 seconds\n  ----> OpenQA.Selenium.NoSuchElementException : no such element: Unable to locate element: {\"method\":\"css selector\",\"selector\":\".library-select__item-section\"}\n  (Session info: chrome-headless-shell=126.0.6478.126); For documentation on this error, please visit: https://www.selenium.dev/documentation/webdriver/troubleshooting/errors#no-such-element-exception",
    "trace": "   at OpenQA.Selenium.Support.UI.DefaultWait`1.ThrowTimeoutException(String exceptionMessage, Exception lastException)\n   at OpenQA.Selenium.Support.UI.DefaultWait`1.Until[TResult](Func`2 condition, CancellationToken token)\n   at OpenQA.Selenium.Support.UI.DefaultWait`1.Until[TResult](Func`2 condition)\n   at OdinUiTests.Pages.LibraryPage.<>c__DisplayClass73_0.<SwitchToAnotherLibrary>b__0() in /azp/_work/1/s/Pages/LibraryPage.cs:line 580\n   at Allure.Net.Commons.AllureApi.ExecuteAction[T](String name, Action`1 start, Func`1 action, Action`1 resolve)\n   at Allure.Net.Commons.AllureApi.Step(String name, Action action)\n   at OdinUiTests.Pages.LibraryPage.SwitchToAnotherLibrary(Boolean isRandom, String name) in /azp/_work/1/s/Pages/LibraryPage.cs:line 570\n   at OdinUiTests.Pages.CohortCreateEditPage.ChooseTemplateByName(String templateName) in /azp/_work/1/s/Pages/CohortCreateEditPage.cs:line 80\n   at OdinUiTests.Tests.Cohort.CohortCreationTests.CheckCreateCohortFromTemplateWhenAllRequiredFieldsAreFilled(Int32 templateId, String programId) in /azp/_work/1/s/Tests/Cohort/CohortCreateEditTests.cs:line 86\n   at System.RuntimeMethodHandle.InvokeMethod(Object target, Void** arguments, Signature sig, Boolean isConstructor)\n   at System.Reflection.MethodBaseInvoker.InvokeDirectByRefWithFewArgs(Object obj, Span`1 copyOfArgs, BindingFlags invokeAttr)\n--NoSuchElementException\n   at OpenQA.Selenium.WebDriver.UnpackAndThrowOnError(Response errorResponse, String commandToExecute)\n   at OpenQA.Selenium.WebDriver.Execute(String driverCommandToExecute, Dictionary`2 parameters)\n   at OpenQA.Selenium.WebDriver.FindElement(String mechanism, String value)\n   at SeleniumExtras.WaitHelpers.ExpectedConditions.<>c__DisplayClass19_0.<ElementToBeClickable>b__0(IWebDriver driver)\n   at OpenQA.Selenium.Support.UI.DefaultWait`1.Until[TResult](Func`2 condition, CancellationToken token)"
  },
  "stage": "finished",
  "steps": [
    {
      "name": "Открыть страницу создания потока",
      "status": "passed",
      "statusDetails": {
        "known": false,
        "muted": false,
        "flaky": false
      },
      "stage": "finished",
      "steps": [],
      "attachments": [],
      "parameters": [
        {
          "name": "programId",
          "value": "\"5\"",
          "excluded": false
        }
      ],
      "start": 1725342988185,
      "stop": 1725342988485
    },
    {
      "name": "Нажать на кнопку 'Выбрать шаблон'",
      "status": "passed",
      "statusDetails": {
        "known": false,
        "muted": false,
        "flaky": false
      },
      "stage": "finished",
      "steps": [],
      "attachments": [],
      "parameters": [],
      "start": 1725342988485,
      "stop": 1725342990888
    },
    {
      "name": "Переключиться на Библиотеку 'Высшая IT школа'",
      "status": "broken",
      "statusDetails": {
        "known": false,
        "muted": false,
        "flaky": false,
        "message": "Timed out after 30 seconds",
        "trace": "OpenQA.Selenium.WebDriverTimeoutException: Timed out after 30 seconds\n ---> OpenQA.Selenium.NoSuchElementException: no such element: Unable to locate element: {\"method\":\"css selector\",\"selector\":\".library-select__item-section\"}\n  (Session info: chrome-headless-shell=126.0.6478.126); For documentation on this error, please visit: https://www.selenium.dev/documentation/webdriver/troubleshooting/errors#no-such-element-exception\n   at OpenQA.Selenium.WebDriver.UnpackAndThrowOnError(Response errorResponse, String commandToExecute)\n   at OpenQA.Selenium.WebDriver.Execute(String driverCommandToExecute, Dictionary`2 parameters)\n   at OpenQA.Selenium.WebDriver.FindElement(String mechanism, String value)\n   at SeleniumExtras.WaitHelpers.ExpectedConditions.<>c__DisplayClass19_0.<ElementToBeClickable>b__0(IWebDriver driver)\n   at OpenQA.Selenium.Support.UI.DefaultWait`1.Until[TResult](Func`2 condition, CancellationToken token)\n   --- End of inner exception stack trace ---\n   at OpenQA.Selenium.Support.UI.DefaultWait`1.ThrowTimeoutException(String exceptionMessage, Exception lastException)\n   at OpenQA.Selenium.Support.UI.DefaultWait`1.Until[TResult](Func`2 condition, CancellationToken token)\n   at OpenQA.Selenium.Support.UI.DefaultWait`1.Until[TResult](Func`2 condition)\n   at OdinUiTests.Pages.LibraryPage.<>c__DisplayClass73_0.<SwitchToAnotherLibrary>b__0() in /azp/_work/1/s/Pages/LibraryPage.cs:line 580\n   at Allure.Net.Commons.AllureApi.ExecuteAction[T](String name, Action`1 start, Func`1 action, Action`1 resolve)\n   at Allure.Net.Commons.AllureApi.Step(String name, Action action)\n   at OdinUiTests.Pages.LibraryPage.SwitchToAnotherLibrary(Boolean isRandom, String name) in /azp/_work/1/s/Pages/LibraryPage.cs:line 570\n   at OdinUiTests.Pages.CohortCreateEditPage.ChooseTemplateByName(String templateName) in /azp/_work/1/s/Pages/CohortCreateEditPage.cs:line 80\n   at OdinUiTests.Tests.Cohort.CohortCreationTests.CheckCreateCohortFromTemplateWhenAllRequiredFieldsAreFilled(Int32 templateId, String programId) in /azp/_work/1/s/Tests/Cohort/CohortCreateEditTests.cs:line 86\n   at System.RuntimeMethodHandle.InvokeMethod(Object target, Void** arguments, Signature sig, Boolean isConstructor)\n   at System.Reflection.MethodBaseInvoker.InvokeDirectByRefWithFewArgs(Object obj, Span`1 copyOfArgs, BindingFlags invokeAttr)"
      },
      "stage": "finished",
      "steps": [],
      "attachments": [],
      "parameters": [],
      "start": 1725342990889,
      "stop": 1725343025912
    }
  ],
  "attachments": [
    {
      "name": "CheckCreateCohortFromTemplateWhenAllRequiredFieldsAreFilled.jpg",
      "source": "3a612a4f-08e3-4fd9-b532-f03e88d2d67d-attachment.jpg",
      "type": "image/jpeg"
    },
    {
      "name": "Console Output",
      "source": "c0dd102a-1e13-4f3f-ad7d-4c78dc819961-attachment.txt",
      "type": "text/plain"
    }
  ],
  "parameters": [
    {
      "name": "templateId",
      "value": "696940",
      "excluded": false
    },
    {
      "name": "programId",
      "value": "\"5\"",
      "excluded": false
    }
  ],
  "start": 1725342985667,
  "stop": 1725343026312
}