{
  "uuid": "ef4da93c-72c0-405d-8d3d-a339951cd600",
  "historyId": "8409a17977699a7430e121115044ebb2",
  "testCaseId": "38fc8476b27543bc46385294025b7960",
  "fullName": "OdinUiTests:OdinUiTests.Tests.Chat.DisciplineChatTests.CheckSwitchToAnotherDisciplineChatRoom()",
  "labels": [
    {
      "name": "thread",
      "value": "NUnit.Fw.ParallelWorker#4"
    },
    {
      "name": "host",
      "value": "266f11a42b30"
    },
    {
      "name": "language",
      "value": "C#"
    },
    {
      "name": "framework",
      "value": "NUnit 3"
    },
    {
      "name": "package",
      "value": "OdinUiTests.Tests.Chat"
    },
    {
      "name": "testMethod",
      "value": "CheckSwitchToAnotherDisciplineChatRoom"
    },
    {
      "name": "testClass",
      "value": "DisciplineChatTests"
    },
    {
      "name": "suite",
      "value": "Чат"
    },
    {
      "name": "subSuite",
      "value": "Чат дисциплины"
    },
    {
      "name": "severity",
      "value": "normal"
    },
    {
      "name": "tag",
      "value": "Чат"
    },
    {
      "name": "tag",
      "value": "Дежурство"
    },
    {
      "name": "tag",
      "value": "Регресс"
    }
  ],
  "links": [],
  "name": "Можно переключаться между комнатами чатов дисциплины",
  "status": "broken",
  "statusDetails": {
    "known": false,
    "muted": false,
    "flaky": false,
    "message": "System.Reflection.TargetInvocationException : Exception has been thrown by the target of an invocation.\n  ----> OpenQA.Selenium.WebDriverTimeoutException : Timed out after 30 seconds\n  ----> OpenQA.Selenium.NoSuchElementException : no such element: Unable to locate element: {\"method\":\"css selector\",\"selector\":\".q\\-editor__content\"}\n  (Session info: chrome=140.0.7339.127); For documentation on this error, please visit: https://www.selenium.dev/documentation/webdriver/troubleshooting/errors#no-such-element-exception",
    "trace": "   at System.Reflection.MethodBaseInvoker.InvokeWithManyArgs(Object obj, BindingFlags invokeAttr, Binder binder, Object[] parameters, CultureInfo culture)\n   at Allure.Net.Commons.Steps.AllureStepAspectBase.Around(String name, Object[] args, Func`2 target, MethodBase metadata, Type returnType)\n   at OdinUiTests.Pages.ChatCommonPage.__a$_around_ClickOnRandomRoomChatByName_100666372_w_0(Object[])\n   at OdinUiTests.Pages.ChatCommonPage.ClickOnRandomRoomChatByName(Boolean isMinichat, String roomChatName)\n   at OdinUiTests.Tests.Chat.DisciplineChatTests.CheckSwitchToAnotherDisciplineChatRoom() in /azp/_work/1/s/Tests/Chat/ChatTests.cs:line 136\n   at System.RuntimeMethodHandle.InvokeMethod(Object target, Void** arguments, Signature sig, Boolean isConstructor)\n   at System.Reflection.MethodBaseInvoker.InvokeWithNoArgs(Object obj, BindingFlags invokeAttr)\n--WebDriverTimeoutException\n   at OpenQA.Selenium.Support.UI.DefaultWait`1.ThrowTimeoutException(String exceptionMessage, Exception lastException)\n   at OpenQA.Selenium.Support.UI.DefaultWait`1.Until[TResult](Func`2 condition, CancellationToken token)\n   at OpenQA.Selenium.Support.UI.DefaultWait`1.Until[TResult](Func`2 condition)\n   at OdinUiTests.Pages.ChatCommonPage.WaitIfChatHasSomeMessage(String needToCheck, Boolean needToSendMessage) in /azp/_work/1/s/Pages/ChatCommonPage.cs:line 1093\n   at OdinUiTests.Pages.ChatCommonPage.WaitIfChatHasSomeMessage(Boolean needToSendMessage) in /azp/_work/1/s/Pages/ChatCommonPage.cs:line 1119\n   at OdinUiTests.Pages.ChatCommonPage.__a$_around_ClickOnRandomRoomChatByName_100666372_o(Boolean isMinichat, String roomChatName) in /azp/_work/1/s/Pages/ChatCommonPage.cs:line 1018\n   at OdinUiTests.Pages.ChatCommonPage.__a$_around_ClickOnRandomRoomChatByName_100666372_u(Object[])\n   at Allure.Net.Commons.Steps.AllureAbstractStepAspect.WrapSync[T](Func`2 target, Object[] args, MethodBase metadata, String stepName, List`1 stepParameters)\n   at InvokeStub_AllureAbstractStepAspect.WrapSync(Object, Span`1)\n   at System.Reflection.MethodBaseInvoker.InvokeWithManyArgs(Object obj, BindingFlags invokeAttr, Binder binder, Object[] parameters, CultureInfo culture)\n--NoSuchElementException\n   at OpenQA.Selenium.WebDriver.UnpackAndThrowOnError(Response errorResponse, String commandToExecute)\n   at OpenQA.Selenium.WebDriver.ExecuteAsync(String driverCommandToExecute, Dictionary`2 parameters)\n   at SeleniumExtras.WaitHelpers.ExpectedConditions.<>c__DisplayClass19_0.<ElementToBeClickable>b__0(IWebDriver driver)\n   at OpenQA.Selenium.Support.UI.DefaultWait`1.Until[TResult](Func`2 condition, CancellationToken token)"
  },
  "stage": "finished",
  "steps": [
    {
      "name": "Открыть чат по прямой ссылке",
      "status": "passed",
      "statusDetails": {
        "known": false,
        "muted": false,
        "flaky": false
      },
      "stage": "finished",
      "steps": [],
      "attachments": [],
      "parameters": [
        {
          "name": "chatId",
          "value": "\"1300\"",
          "excluded": false
        }
      ],
      "start": 1760751709633,
      "stop": 1760751711425
    },
    {
      "name": "Нажать на рандомную комнату чата дисциплины",
      "status": "broken",
      "statusDetails": {
        "known": false,
        "muted": false,
        "flaky": false,
        "message": "Timed out after 30 seconds",
        "trace": "OpenQA.Selenium.WebDriverTimeoutException: Timed out after 30 seconds\n ---> OpenQA.Selenium.NoSuchElementException: no such element: Unable to locate element: {\"method\":\"css selector\",\"selector\":\".q\\-editor__content\"}\n  (Session info: chrome=140.0.7339.127); For documentation on this error, please visit: https://www.selenium.dev/documentation/webdriver/troubleshooting/errors#no-such-element-exception\n   at OpenQA.Selenium.WebDriver.UnpackAndThrowOnError(Response errorResponse, String commandToExecute)\n   at OpenQA.Selenium.WebDriver.ExecuteAsync(String driverCommandToExecute, Dictionary`2 parameters)\n   at SeleniumExtras.WaitHelpers.ExpectedConditions.<>c__DisplayClass19_0.<ElementToBeClickable>b__0(IWebDriver driver)\n   at OpenQA.Selenium.Support.UI.DefaultWait`1.Until[TResult](Func`2 condition, CancellationToken token)\n   --- End of inner exception stack trace ---\n   at OpenQA.Selenium.Support.UI.DefaultWait`1.ThrowTimeoutException(String exceptionMessage, Exception lastException)\n   at OpenQA.Selenium.Support.UI.DefaultWait`1.Until[TResult](Func`2 condition, CancellationToken token)\n   at OpenQA.Selenium.Support.UI.DefaultWait`1.Until[TResult](Func`2 condition)\n   at OdinUiTests.Pages.ChatCommonPage.WaitIfChatHasSomeMessage(String needToCheck, Boolean needToSendMessage) in /azp/_work/1/s/Pages/ChatCommonPage.cs:line 1093\n   at OdinUiTests.Pages.ChatCommonPage.WaitIfChatHasSomeMessage(Boolean needToSendMessage) in /azp/_work/1/s/Pages/ChatCommonPage.cs:line 1119\n   at OdinUiTests.Pages.ChatCommonPage.__a$_around_ClickOnRandomRoomChatByName_100666372_o(Boolean isMinichat, String roomChatName) in /azp/_work/1/s/Pages/ChatCommonPage.cs:line 1018\n   at OdinUiTests.Pages.ChatCommonPage.__a$_around_ClickOnRandomRoomChatByName_100666372_u(Object[])\n   at Allure.Net.Commons.Steps.AllureAbstractStepAspect.WrapSync[T](Func`2 target, Object[] args, MethodBase metadata, String stepName, List`1 stepParameters)"
      },
      "stage": "finished",
      "steps": [],
      "attachments": [],
      "parameters": [
        {
          "name": "isMinichat",
          "value": "false",
          "excluded": false
        },
        {
          "name": "roomChatName",
          "value": "\"23-09 новая добавленная комната\"",
          "excluded": false
        }
      ],
      "start": 1760751711425,
      "stop": 1760751741847
    }
  ],
  "attachments": [
    {
      "name": "CheckSwitchToAnotherDisciplineChatRoom.jpg",
      "source": "80dac763-6348-4103-bb27-58f162a8ba39-attachment.jpg",
      "type": "image/jpeg"
    },
    {
      "name": "Console Output",
      "source": "4ee17a22-3ebc-443e-b838-b967387db689-attachment.txt",
      "type": "text/plain"
    }
  ],
  "parameters": [],
  "start": 1760751708953,
  "stop": 1760751743734
}