{
  "uuid": "87cf6f62-0ff2-4373-8e7e-7ff6d68d96f6",
  "historyId": "fafd1e141c59a5b5ecdae5fef52f71e6",
  "testCaseId": "d79a2de298a7f007edcdde9719c34622",
  "fullName": "OdinUiTests:OdinUiTests.Tests.Organization.OrganizationPageTests.CheckTransitionToOrgLibraryPage()",
  "labels": [
    {
      "name": "thread",
      "value": "NUnit.Fw.ParallelWorker#3"
    },
    {
      "name": "host",
      "value": "c3224eebccc4"
    },
    {
      "name": "language",
      "value": "C#"
    },
    {
      "name": "framework",
      "value": "NUnit 3"
    },
    {
      "name": "package",
      "value": "OdinUiTests.Tests.Organization"
    },
    {
      "name": "testMethod",
      "value": "CheckTransitionToOrgLibraryPage"
    },
    {
      "name": "testClass",
      "value": "OrganizationPageTests"
    },
    {
      "name": "suite",
      "value": "Организация"
    },
    {
      "name": "subSuite",
      "value": "Страница организации"
    },
    {
      "name": "severity",
      "value": "minor"
    },
    {
      "name": "tag",
      "value": "Организация"
    },
    {
      "name": "tag",
      "value": "Дежурство"
    },
    {
      "name": "tag",
      "value": "Регресс"
    }
  ],
  "links": [],
  "name": "Работает переход к библиотеке организации",
  "status": "broken",
  "statusDetails": {
    "known": false,
    "muted": false,
    "flaky": false,
    "message": "System.Reflection.TargetInvocationException : Exception has been thrown by the target of an invocation.\n  ----> OpenQA.Selenium.WebDriverTimeoutException : Timed out after 30 seconds\n  ----> OpenQA.Selenium.NoSuchElementException : no such element: Unable to locate element: {\"method\":\"xpath\",\"selector\":\"//div[@class='button-item-title' and contains(text(),'Поиск')]\"}\n  (Session info: chrome=132.0.6834.83); For documentation on this error, please visit: https://www.selenium.dev/documentation/webdriver/troubleshooting/errors#no-such-element-exception",
    "trace": "   at System.Reflection.MethodBaseInvoker.InvokeWithManyArgs(Object obj, BindingFlags invokeAttr, Binder binder, Object[] parameters, CultureInfo culture)\n   at Allure.Net.Commons.Steps.AllureStepAspectBase.Around(String name, Object[] args, Func`2 target, MethodBase metadata, Type returnType)\n   at OdinUiTests.Pages.LibraryPage.__a$_around_CheckOrgLibraryPageIsOpen_100666933_w_0(Object[])\n   at OdinUiTests.Pages.LibraryPage.CheckOrgLibraryPageIsOpen(String organizationId)\n   at OdinUiTests.Tests.Organization.OrganizationPageTests.CheckTransitionToOrgLibraryPage() in /azp/_work/1/s/Tests/Organization/OrganizationTests.cs:line 232\n   at System.RuntimeMethodHandle.InvokeMethod(Object target, Void** arguments, Signature sig, Boolean isConstructor)\n   at System.Reflection.MethodBaseInvoker.InvokeWithNoArgs(Object obj, BindingFlags invokeAttr)\n--WebDriverTimeoutException\n   at OpenQA.Selenium.Support.UI.DefaultWait`1.ThrowTimeoutException(String exceptionMessage, Exception lastException)\n   at OpenQA.Selenium.Support.UI.DefaultWait`1.Until[TResult](Func`2 condition, CancellationToken token)\n   at OpenQA.Selenium.Support.UI.DefaultWait`1.Until[TResult](Func`2 condition)\n   at OdinUiTests.Pages.LibraryPage.WaitLibraryLoading() in /azp/_work/1/s/Pages/LibraryPage.cs:line 334\n   at OdinUiTests.Pages.LibraryPage.__a$_around_CheckOrgLibraryPageIsOpen_100666933_o(String organizationId) in /azp/_work/1/s/Pages/LibraryPage.cs:line 1188\n   at OdinUiTests.Pages.LibraryPage.__a$_around_CheckOrgLibraryPageIsOpen_100666933_u(Object[])\n   at Allure.Net.Commons.Steps.AllureAbstractStepAspect.WrapSync[T](Func`2 target, Object[] args, MethodBase metadata, String stepName, List`1 stepParameters)\n   at InvokeStub_AllureAbstractStepAspect.WrapSync(Object, Span`1)\n   at System.Reflection.MethodBaseInvoker.InvokeWithManyArgs(Object obj, BindingFlags invokeAttr, Binder binder, Object[] parameters, CultureInfo culture)\n--NoSuchElementException\n   at OpenQA.Selenium.WebDriver.UnpackAndThrowOnError(Response errorResponse, String commandToExecute)\n   at OpenQA.Selenium.WebDriver.ExecuteAsync(String driverCommandToExecute, Dictionary`2 parameters)\n   at SeleniumExtras.WaitHelpers.ExpectedConditions.<>c__DisplayClass19_0.<ElementToBeClickable>b__0(IWebDriver driver)\n   at OpenQA.Selenium.Support.UI.DefaultWait`1.Until[TResult](Func`2 condition, CancellationToken token)"
  },
  "stage": "finished",
  "steps": [
    {
      "name": "Открыть страницу организации",
      "status": "passed",
      "statusDetails": {
        "known": false,
        "muted": false,
        "flaky": false
      },
      "stage": "finished",
      "steps": [],
      "attachments": [],
      "parameters": [
        {
          "name": "organizationId",
          "value": "\"1\"",
          "excluded": false
        }
      ],
      "start": 1748227143452,
      "stop": 1748227144128
    },
    {
      "name": "Нажать на кнопку 'Библиотека'",
      "status": "passed",
      "statusDetails": {
        "known": false,
        "muted": false,
        "flaky": false
      },
      "stage": "finished",
      "steps": [],
      "attachments": [],
      "parameters": [],
      "start": 1748227144129,
      "stop": 1748227146062
    },
    {
      "name": "Проверка того, что произошел корректный переход на страницу библиотеки организации",
      "status": "broken",
      "statusDetails": {
        "known": false,
        "muted": false,
        "flaky": false,
        "message": "Timed out after 30 seconds",
        "trace": "OpenQA.Selenium.WebDriverTimeoutException: Timed out after 30 seconds\n ---> OpenQA.Selenium.NoSuchElementException: no such element: Unable to locate element: {\"method\":\"xpath\",\"selector\":\"//div[@class='button-item-title' and contains(text(),'Поиск')]\"}\n  (Session info: chrome=132.0.6834.83); For documentation on this error, please visit: https://www.selenium.dev/documentation/webdriver/troubleshooting/errors#no-such-element-exception\n   at OpenQA.Selenium.WebDriver.UnpackAndThrowOnError(Response errorResponse, String commandToExecute)\n   at OpenQA.Selenium.WebDriver.ExecuteAsync(String driverCommandToExecute, Dictionary`2 parameters)\n   at SeleniumExtras.WaitHelpers.ExpectedConditions.<>c__DisplayClass19_0.<ElementToBeClickable>b__0(IWebDriver driver)\n   at OpenQA.Selenium.Support.UI.DefaultWait`1.Until[TResult](Func`2 condition, CancellationToken token)\n   --- End of inner exception stack trace ---\n   at OpenQA.Selenium.Support.UI.DefaultWait`1.ThrowTimeoutException(String exceptionMessage, Exception lastException)\n   at OpenQA.Selenium.Support.UI.DefaultWait`1.Until[TResult](Func`2 condition, CancellationToken token)\n   at OpenQA.Selenium.Support.UI.DefaultWait`1.Until[TResult](Func`2 condition)\n   at OdinUiTests.Pages.LibraryPage.WaitLibraryLoading() in /azp/_work/1/s/Pages/LibraryPage.cs:line 334\n   at OdinUiTests.Pages.LibraryPage.__a$_around_CheckOrgLibraryPageIsOpen_100666933_o(String organizationId) in /azp/_work/1/s/Pages/LibraryPage.cs:line 1188\n   at OdinUiTests.Pages.LibraryPage.__a$_around_CheckOrgLibraryPageIsOpen_100666933_u(Object[])\n   at Allure.Net.Commons.Steps.AllureAbstractStepAspect.WrapSync[T](Func`2 target, Object[] args, MethodBase metadata, String stepName, List`1 stepParameters)"
      },
      "stage": "finished",
      "steps": [],
      "attachments": [],
      "parameters": [
        {
          "name": "organizationId",
          "value": "\"1\"",
          "excluded": false
        }
      ],
      "start": 1748227146063,
      "stop": 1748227177113
    }
  ],
  "attachments": [
    {
      "name": "CheckTransitionToOrgLibraryPage.jpg",
      "source": "cba873b1-8149-43a8-965d-622c57e05e9e-attachment.jpg",
      "type": "image/jpeg"
    },
    {
      "name": "Console Output",
      "source": "48519cd5-0be4-4c59-b02a-7cb94ed66162-attachment.txt",
      "type": "text/plain"
    }
  ],
  "parameters": [],
  "start": 1748227143452,
  "stop": 1748227177666
}