{
  "uuid": "73b0b2ba-4a36-4a05-8193-a8f5ef225bd6",
  "historyId": "de9dbe719599c760f58bfff3581f68fb",
  "testCaseId": "b8da2467d2befa11a621af7b0a150fe8",
  "fullName": "OdinUiTests:OdinUiTests.Tests.Library.LibraryInTileViewTests.CheckMoveMaterialToCatalogInTileView()",
  "labels": [
    {
      "name": "thread",
      "value": "NUnit.Fw.ParallelWorker#7"
    },
    {
      "name": "host",
      "value": "4177ed7a967c"
    },
    {
      "name": "language",
      "value": "C#"
    },
    {
      "name": "framework",
      "value": "NUnit 3"
    },
    {
      "name": "package",
      "value": "OdinUiTests.Tests.Library"
    },
    {
      "name": "testMethod",
      "value": "CheckMoveMaterialToCatalogInTileView"
    },
    {
      "name": "testClass",
      "value": "LibraryInTileViewTests"
    },
    {
      "name": "suite",
      "value": "Библиотека"
    },
    {
      "name": "severity",
      "value": "critical"
    },
    {
      "name": "tag",
      "value": "Библиотека"
    },
    {
      "name": "tag",
      "value": "Дежурство"
    },
    {
      "name": "tag",
      "value": "Регресс"
    }
  ],
  "links": [],
  "name": "Библиотека, плиточный вид: можно переместить материал в другой каталог",
  "status": "broken",
  "statusDetails": {
    "known": false,
    "muted": false,
    "flaky": false,
    "message": "System.Reflection.TargetInvocationException : Exception has been thrown by the target of an invocation.\n  ----> OpenQA.Selenium.WebDriverTimeoutException : Timed out after 30 seconds\n  ----> OpenQA.Selenium.NoSuchElementException : no such element: Unable to locate element: {\"method\":\"css selector\",\"selector\":\".dz\\-button\"}\n  (Session info: chrome=132.0.6834.83); For documentation on this error, please visit: https://www.selenium.dev/documentation/webdriver/troubleshooting/errors#no-such-element-exception",
    "trace": "   at System.Reflection.MethodBaseInvoker.InvokeWithManyArgs(Object obj, BindingFlags invokeAttr, Binder binder, Object[] parameters, CultureInfo culture)\n   at Allure.Net.Commons.Steps.AllureStepAspectBase.Around(String name, Object[] args, Func`2 target, MethodBase metadata, Type returnType)\n   at OdinUiTests.Pages.LibraryPage.__a$_around_AddNewFileInLibrary_100666864_w_0(Object[])\n   at OdinUiTests.Pages.LibraryPage.AddNewFileInLibrary(String fileName)\n   at OdinUiTests.Pages.LibraryPage.GetInfoAboutExistingMaterial() in /azp/_work/2/s/Pages/LibraryPage.cs:line 680\n   at OdinUiTests.Tests.Library.LibraryInTileViewTests.CheckMoveMaterialToCatalogInTileView() in /azp/_work/2/s/Tests/Library/UserLibraryTests.cs:line 250\n   at System.RuntimeMethodHandle.InvokeMethod(Object target, Void** arguments, Signature sig, Boolean isConstructor)\n   at System.Reflection.MethodBaseInvoker.InvokeWithNoArgs(Object obj, BindingFlags invokeAttr)\n--WebDriverTimeoutException\n   at OpenQA.Selenium.Support.UI.DefaultWait`1.ThrowTimeoutException(String exceptionMessage, Exception lastException)\n   at OpenQA.Selenium.Support.UI.DefaultWait`1.Until[TResult](Func`2 condition, CancellationToken token)\n   at OpenQA.Selenium.Support.UI.DefaultWait`1.Until[TResult](Func`2 condition)\n   at OdinUiTests.Pages.LibraryPage.__a$_around_AddNewFileInLibrary_100666864_o(String fileName) in /azp/_work/2/s/Pages/LibraryPage.cs:line 279\n   at OdinUiTests.Pages.LibraryPage.__a$_around_AddNewFileInLibrary_100666864_u(Object[])\n   at Allure.Net.Commons.Steps.AllureAbstractStepAspect.WrapSync[T](Func`2 target, Object[] args, MethodBase metadata, String stepName, List`1 stepParameters)\n   at InvokeStub_AllureAbstractStepAspect.WrapSync(Object, Span`1)\n   at System.Reflection.MethodBaseInvoker.InvokeWithManyArgs(Object obj, BindingFlags invokeAttr, Binder binder, Object[] parameters, CultureInfo culture)\n--NoSuchElementException\n   at OpenQA.Selenium.WebDriver.UnpackAndThrowOnError(Response errorResponse, String commandToExecute)\n   at OpenQA.Selenium.WebDriver.ExecuteAsync(String driverCommandToExecute, Dictionary`2 parameters)\n   at SeleniumExtras.WaitHelpers.ExpectedConditions.<>c__DisplayClass19_0.<ElementToBeClickable>b__0(IWebDriver driver)\n   at OpenQA.Selenium.Support.UI.DefaultWait`1.Until[TResult](Func`2 condition, CancellationToken token)"
  },
  "stage": "finished",
  "steps": [
    {
      "name": "Открыть страницу Библиотеки",
      "status": "passed",
      "statusDetails": {
        "known": false,
        "muted": false,
        "flaky": false
      },
      "stage": "finished",
      "steps": [],
      "attachments": [],
      "parameters": [
        {
          "name": "id",
          "value": "\"18927\"",
          "excluded": false
        }
      ],
      "start": 1740131910547,
      "stop": 1740131912140
    },
    {
      "name": "Добавление файла в Библиотеку",
      "status": "broken",
      "statusDetails": {
        "known": false,
        "muted": false,
        "flaky": false,
        "message": "Timed out after 30 seconds",
        "trace": "OpenQA.Selenium.WebDriverTimeoutException: Timed out after 30 seconds\n ---> OpenQA.Selenium.NoSuchElementException: no such element: Unable to locate element: {\"method\":\"css selector\",\"selector\":\".dz\\-button\"}\n  (Session info: chrome=132.0.6834.83); For documentation on this error, please visit: https://www.selenium.dev/documentation/webdriver/troubleshooting/errors#no-such-element-exception\n   at OpenQA.Selenium.WebDriver.UnpackAndThrowOnError(Response errorResponse, String commandToExecute)\n   at OpenQA.Selenium.WebDriver.ExecuteAsync(String driverCommandToExecute, Dictionary`2 parameters)\n   at SeleniumExtras.WaitHelpers.ExpectedConditions.<>c__DisplayClass19_0.<ElementToBeClickable>b__0(IWebDriver driver)\n   at OpenQA.Selenium.Support.UI.DefaultWait`1.Until[TResult](Func`2 condition, CancellationToken token)\n   --- End of inner exception stack trace ---\n   at OpenQA.Selenium.Support.UI.DefaultWait`1.ThrowTimeoutException(String exceptionMessage, Exception lastException)\n   at OpenQA.Selenium.Support.UI.DefaultWait`1.Until[TResult](Func`2 condition, CancellationToken token)\n   at OpenQA.Selenium.Support.UI.DefaultWait`1.Until[TResult](Func`2 condition)\n   at OdinUiTests.Pages.LibraryPage.__a$_around_AddNewFileInLibrary_100666864_o(String fileName) in /azp/_work/2/s/Pages/LibraryPage.cs:line 279\n   at OdinUiTests.Pages.LibraryPage.__a$_around_AddNewFileInLibrary_100666864_u(Object[])\n   at Allure.Net.Commons.Steps.AllureAbstractStepAspect.WrapSync[T](Func`2 target, Object[] args, MethodBase metadata, String stepName, List`1 stepParameters)"
      },
      "stage": "finished",
      "steps": [],
      "attachments": [],
      "parameters": [
        {
          "name": "fileName",
          "value": "\"download.jpg\"",
          "excluded": false
        }
      ],
      "start": 1740131917017,
      "stop": 1740131950580
    }
  ],
  "attachments": [
    {
      "name": "CheckMoveMaterialToCatalogInTileView.jpg",
      "source": "18ba08bd-eaf7-4a83-a211-a4a4607c7b43-attachment.jpg",
      "type": "image/jpeg"
    },
    {
      "name": "Console Output",
      "source": "3f2fcdd8-620b-4cee-bdd9-903a0bcb908a-attachment.txt",
      "type": "text/plain"
    }
  ],
  "parameters": [],
  "start": 1740131910542,
  "stop": 1740131952046
}