{
  "uuid": "5373b781-ab94-4b42-9ea0-4be52a7e07ac",
  "historyId": "5f875d6a86ae31b8c5441af476c2dd53",
  "testCaseId": "2d370c2791458c892c53074c32e5b416",
  "fullName": "OdinUiTests:OdinUiTests.Tests.Chat.TaskMiniChatTests.CheckDeleteMessageInTaskMiniChat()",
  "labels": [
    {
      "name": "thread",
      "value": "NUnit.Fw.ParallelWorker#6"
    },
    {
      "name": "host",
      "value": "729fdeebefa1"
    },
    {
      "name": "language",
      "value": "C#"
    },
    {
      "name": "framework",
      "value": "NUnit 3"
    },
    {
      "name": "package",
      "value": "OdinUiTests.Tests.Chat"
    },
    {
      "name": "testMethod",
      "value": "CheckDeleteMessageInTaskMiniChat"
    },
    {
      "name": "testClass",
      "value": "TaskMiniChatTests"
    },
    {
      "name": "suite",
      "value": "Чат"
    },
    {
      "name": "subSuite",
      "value": "Миничат обсуждение решения"
    },
    {
      "name": "severity",
      "value": "critical"
    },
    {
      "name": "tag",
      "value": "Чат"
    },
    {
      "name": "tag",
      "value": "Регресс"
    }
  ],
  "links": [],
  "name": "Можно удалить сообщение в миничате обсуждении решения",
  "status": "broken",
  "statusDetails": {
    "known": false,
    "muted": false,
    "flaky": false,
    "message": "System.Reflection.TargetInvocationException : Exception has been thrown by the target of an invocation.\n  ----> OpenQA.Selenium.WebDriverTimeoutException : Timed out after 30 seconds\n  ----> OpenQA.Selenium.NoSuchElementException : no such element: Unable to locate element: {\"method\":\"xpath\",\"selector\":\"//div[contains(@class,'items-center q-ml-sm') and contains(text(),'Пучеглазов Антон')]\"}\n  (Session info: chrome=132.0.6834.83); For documentation on this error, please visit: https://www.selenium.dev/documentation/webdriver/troubleshooting/errors#no-such-element-exception",
    "trace": "   at System.Reflection.MethodBaseInvoker.InvokeWithManyArgs(Object obj, BindingFlags invokeAttr, Binder binder, Object[] parameters, CultureInfo culture)\n   at Allure.Net.Commons.Steps.AllureStepAspectBase.Around(String name, Object[] args, Func`2 target, MethodBase metadata, Type returnType)\n   at OdinUiTests.Pages.ChatCommonPage.__a$_around_OpenTaskChatWithName_100666262_w_0(Object[])\n   at OdinUiTests.Pages.ChatCommonPage.OpenTaskChatWithName(String chatName, String studentName)\n   at OdinUiTests.Tests.Chat.TaskMiniChatTests.SetUp() in /azp/_work/1/s/Tests/Chat/MiniChatTests.cs:line 375\n   at InvokeStub_TaskMiniChatTests.SetUp(Object, Object, IntPtr*)\n   at System.Reflection.MethodBaseInvoker.InvokeWithNoArgs(Object obj, BindingFlags invokeAttr)\n--WebDriverTimeoutException\n   at OpenQA.Selenium.Support.UI.DefaultWait`1.ThrowTimeoutException(String exceptionMessage, Exception lastException)\n   at OpenQA.Selenium.Support.UI.DefaultWait`1.Until[TResult](Func`2 condition, CancellationToken token)\n   at OpenQA.Selenium.Support.UI.DefaultWait`1.Until[TResult](Func`2 condition)\n   at OdinUiTests.Pages.ChatCommonPage.__a$_around_OpenTaskChatWithName_100666262_o(String chatName, String studentName) in /azp/_work/1/s/Pages/ChatCommonPage.cs:line 225\n   at OdinUiTests.Pages.ChatCommonPage.__a$_around_OpenTaskChatWithName_100666262_u(Object[])\n   at Allure.Net.Commons.Steps.AllureAbstractStepAspect.WrapSync[T](Func`2 target, Object[] args, MethodBase metadata, String stepName, List`1 stepParameters)\n   at InvokeStub_AllureAbstractStepAspect.WrapSync(Object, Span`1)\n   at System.Reflection.MethodBaseInvoker.InvokeWithManyArgs(Object obj, BindingFlags invokeAttr, Binder binder, Object[] parameters, CultureInfo culture)\n--NoSuchElementException\n   at OpenQA.Selenium.WebDriver.UnpackAndThrowOnError(Response errorResponse, String commandToExecute)\n   at OpenQA.Selenium.WebDriver.ExecuteAsync(String driverCommandToExecute, Dictionary`2 parameters)\n   at SeleniumExtras.WaitHelpers.ExpectedConditions.<>c__DisplayClass19_0.<ElementToBeClickable>b__0(IWebDriver driver)\n   at OpenQA.Selenium.Support.UI.DefaultWait`1.Until[TResult](Func`2 condition, CancellationToken token)"
  },
  "stage": "finished",
  "steps": [
    {
      "name": "Открыть страницу Дашборда",
      "status": "passed",
      "statusDetails": {
        "known": false,
        "muted": false,
        "flaky": false
      },
      "stage": "finished",
      "steps": [],
      "attachments": [],
      "parameters": [],
      "start": 1753147336744,
      "stop": 1753147338349
    },
    {
      "name": "Нажать на кнопку 'Чат' для открытия миничата, если миничат еще не открыт",
      "status": "passed",
      "statusDetails": {
        "known": false,
        "muted": false,
        "flaky": false
      },
      "stage": "finished",
      "steps": [],
      "attachments": [],
      "parameters": [],
      "start": 1753147338349,
      "stop": 1753147344450
    },
    {
      "name": "В панели чатов найти дисциплину по названию и открыть его",
      "status": "passed",
      "statusDetails": {
        "known": false,
        "muted": false,
        "flaky": false
      },
      "stage": "finished",
      "steps": [],
      "attachments": [],
      "parameters": [
        {
          "name": "chatName",
          "value": "\"Основы ООП\"",
          "excluded": false
        }
      ],
      "start": 1753147344450,
      "stop": 1753147356163
    },
    {
      "name": "Нажать на выпадающий список комнат",
      "status": "passed",
      "statusDetails": {
        "known": false,
        "muted": false,
        "flaky": false
      },
      "stage": "finished",
      "steps": [],
      "attachments": [],
      "parameters": [],
      "start": 1753147356163,
      "stop": 1753147357265
    },
    {
      "name": "Открыть решения и выбрать чат студента по названию",
      "status": "broken",
      "statusDetails": {
        "known": false,
        "muted": false,
        "flaky": false,
        "message": "Timed out after 30 seconds",
        "trace": "OpenQA.Selenium.WebDriverTimeoutException: Timed out after 30 seconds\n ---> OpenQA.Selenium.NoSuchElementException: no such element: Unable to locate element: {\"method\":\"xpath\",\"selector\":\"//div[contains(@class,'items-center q-ml-sm') and contains(text(),'Пучеглазов Антон')]\"}\n  (Session info: chrome=132.0.6834.83); For documentation on this error, please visit: https://www.selenium.dev/documentation/webdriver/troubleshooting/errors#no-such-element-exception\n   at OpenQA.Selenium.WebDriver.UnpackAndThrowOnError(Response errorResponse, String commandToExecute)\n   at OpenQA.Selenium.WebDriver.ExecuteAsync(String driverCommandToExecute, Dictionary`2 parameters)\n   at SeleniumExtras.WaitHelpers.ExpectedConditions.<>c__DisplayClass19_0.<ElementToBeClickable>b__0(IWebDriver driver)\n   at OpenQA.Selenium.Support.UI.DefaultWait`1.Until[TResult](Func`2 condition, CancellationToken token)\n   --- End of inner exception stack trace ---\n   at OpenQA.Selenium.Support.UI.DefaultWait`1.ThrowTimeoutException(String exceptionMessage, Exception lastException)\n   at OpenQA.Selenium.Support.UI.DefaultWait`1.Until[TResult](Func`2 condition, CancellationToken token)\n   at OpenQA.Selenium.Support.UI.DefaultWait`1.Until[TResult](Func`2 condition)\n   at OdinUiTests.Pages.ChatCommonPage.__a$_around_OpenTaskChatWithName_100666262_o(String chatName, String studentName) in /azp/_work/1/s/Pages/ChatCommonPage.cs:line 225\n   at OdinUiTests.Pages.ChatCommonPage.__a$_around_OpenTaskChatWithName_100666262_u(Object[])\n   at Allure.Net.Commons.Steps.AllureAbstractStepAspect.WrapSync[T](Func`2 target, Object[] args, MethodBase metadata, String stepName, List`1 stepParameters)"
      },
      "stage": "finished",
      "steps": [],
      "attachments": [],
      "parameters": [
        {
          "name": "chatName",
          "value": "\"Test задание\"",
          "excluded": false
        },
        {
          "name": "studentName",
          "value": "\"Пучеглазов Антон\"",
          "excluded": false
        }
      ],
      "start": 1753147357265,
      "stop": 1753147389145
    }
  ],
  "attachments": [
    {
      "name": "CheckDeleteMessageInTaskMiniChat.jpg",
      "source": "d91d8a13-4105-4178-be64-69e5d7c063d8-attachment.jpg",
      "type": "image/jpeg"
    },
    {
      "name": "Console Output",
      "source": "3bf32ab3-5eda-41d4-9f55-395827f2aabe-attachment.txt",
      "type": "text/plain"
    }
  ],
  "parameters": [],
  "start": 1753147336744,
  "stop": 1753147393342
}