{
  "uuid": "fb39a8a6-3afc-40b3-ac39-a95555988343",
  "historyId": "932e560615561d41eefa73b04e1b442f",
  "testCaseId": "1ed1f77bab19d8c042b7bda41985d7d7",
  "fullName": "OdinUiTests:OdinUiTests.Tests.Activity.TemplateAddingTests.CheckAddScormPackageActivityTemplate()",
  "labels": [
    {
      "name": "thread",
      "value": "NUnit.Fw.ParallelWorker#5"
    },
    {
      "name": "host",
      "value": "18be674a4d97"
    },
    {
      "name": "language",
      "value": "C#"
    },
    {
      "name": "framework",
      "value": "NUnit 3"
    },
    {
      "name": "package",
      "value": "OdinUiTests.Tests.Activity"
    },
    {
      "name": "testMethod",
      "value": "CheckAddScormPackageActivityTemplate"
    },
    {
      "name": "testClass",
      "value": "TemplateAddingTests"
    },
    {
      "name": "suite",
      "value": "Активность"
    },
    {
      "name": "subSuite",
      "value": "Обычный шаблон активности"
    },
    {
      "name": "severity",
      "value": "normal"
    },
    {
      "name": "tag",
      "value": "Активность"
    },
    {
      "name": "tag",
      "value": "Дежурство"
    },
    {
      "name": "tag",
      "value": "Регресс"
    }
  ],
  "links": [],
  "name": "Можно добавить материал типа SCORM из Библиотеки в шаблон активности",
  "status": "broken",
  "statusDetails": {
    "known": false,
    "muted": false,
    "flaky": false,
    "message": "OpenQA.Selenium.WebDriverTimeoutException : Timed out after 30 seconds\n  ----> OpenQA.Selenium.NoSuchElementException : no such element: Unable to locate element: {\"method\":\"css selector\",\"selector\":\".rename-input .ellipsis\"}\n  (Session info: chrome=132.0.6834.83); For documentation on this error, please visit: https://www.selenium.dev/documentation/webdriver/troubleshooting/errors#no-such-element-exception",
    "trace": "   at OpenQA.Selenium.Support.UI.DefaultWait`1.ThrowTimeoutException(String exceptionMessage, Exception lastException)\n   at OpenQA.Selenium.Support.UI.DefaultWait`1.Until[TResult](Func`2 condition, CancellationToken token)\n   at OpenQA.Selenium.Support.UI.DefaultWait`1.Until[TResult](Func`2 condition)\n   at OdinUiTests.Services.CommonService.ChooseMaterialByName(IWebDriver driver, List`1 materialName, Boolean fromInfoPage) in /azp/_work/2/s/Services/CommonService.cs:line 182\n   at OdinUiTests.Pages.ActivityCommonEditPage.<>c__DisplayClass99_0.<AddMaterialByName>b__0() in /azp/_work/2/s/Pages/ActivityCommonEditPage.cs:line 395\n   at Allure.Net.Commons.AllureApi.<>c__DisplayClass34_0.<Step>b__0()\n   at Allure.Net.Commons.AllureApi.ExecuteAction[T](String name, Action`1 start, Func`1 action, Action`1 resolve)\n   at Allure.Net.Commons.AllureApi.ExecuteStep[T](String name, Func`1 action)\n   at Allure.Net.Commons.AllureApi.Step(String name, Action action)\n   at OdinUiTests.Pages.ActivityCommonEditPage.AddMaterialByName(String type, String name) in /azp/_work/2/s/Pages/ActivityCommonEditPage.cs:line 393\n   at OdinUiTests.Tests.Activity.ActivityCommon.AddMaterialFromLibrary(IWebDriver driver, Boolean isTemplate, String id, String type, String name) in /azp/_work/2/s/Tests/Activity/ActivityCommon.cs:line 84\n   at OdinUiTests.Tests.Activity.ActivityCommon.AddScormPackageToActivityPlan(IWebDriver driver, String contentId) in /azp/_work/2/s/Tests/Activity/ActivityCommon.cs:line 153\n   at OdinUiTests.Tests.Activity.TemplateAddingTests.CheckAddScormPackageActivityTemplate() in /azp/_work/2/s/Tests/Activity/TemplateTests.cs:line 141\n   at System.RuntimeMethodHandle.InvokeMethod(Object target, Void** arguments, Signature sig, Boolean isConstructor)\n   at System.Reflection.MethodBaseInvoker.InvokeWithNoArgs(Object obj, BindingFlags invokeAttr)\n--NoSuchElementException\n   at OpenQA.Selenium.WebDriver.UnpackAndThrowOnError(Response errorResponse, String commandToExecute)\n   at OpenQA.Selenium.WebDriver.ExecuteAsync(String driverCommandToExecute, Dictionary`2 parameters)\n   at SeleniumExtras.WaitHelpers.ExpectedConditions.<>c__DisplayClass19_0.<ElementToBeClickable>b__0(IWebDriver driver)\n   at OpenQA.Selenium.Support.UI.DefaultWait`1.Until[TResult](Func`2 condition, CancellationToken token)"
  },
  "stage": "finished",
  "steps": [
    {
      "name": "Открыть страницу редактирования активности",
      "status": "passed",
      "statusDetails": {
        "known": false,
        "muted": false,
        "flaky": false
      },
      "stage": "finished",
      "steps": [
        {
          "name": "Открыть страницу редактирования шаблона активности",
          "status": "passed",
          "statusDetails": {
            "known": false,
            "muted": false,
            "flaky": false
          },
          "stage": "finished",
          "steps": [],
          "attachments": [],
          "parameters": [
            {
              "name": "contentId",
              "value": "\"861\"",
              "excluded": false
            }
          ],
          "start": 1744637575445,
          "stop": 1744637577059
        }
      ],
      "attachments": [],
      "parameters": [
        {
          "name": "isTemplate",
          "value": "true",
          "excluded": false
        },
        {
          "name": "id",
          "value": "\"861\"",
          "excluded": false
        }
      ],
      "start": 1744637575445,
      "stop": 1744637577059
    },
    {
      "name": "Нажать на кнопку 'Добавить материалы'",
      "status": "passed",
      "statusDetails": {
        "known": false,
        "muted": false,
        "flaky": false
      },
      "stage": "finished",
      "steps": [],
      "attachments": [],
      "parameters": [],
      "start": 1744637577059,
      "stop": 1744637586868
    },
    {
      "name": "Выбрать материал типа 'SCORM-пакет' из Библиотеки по названию и подтвердить выбор",
      "status": "broken",
      "statusDetails": {
        "known": false,
        "muted": false,
        "flaky": false,
        "message": "Timed out after 30 seconds",
        "trace": "OpenQA.Selenium.WebDriverTimeoutException: Timed out after 30 seconds\n ---> OpenQA.Selenium.NoSuchElementException: no such element: Unable to locate element: {\"method\":\"css selector\",\"selector\":\".rename-input .ellipsis\"}\n  (Session info: chrome=132.0.6834.83); For documentation on this error, please visit: https://www.selenium.dev/documentation/webdriver/troubleshooting/errors#no-such-element-exception\n   at OpenQA.Selenium.WebDriver.UnpackAndThrowOnError(Response errorResponse, String commandToExecute)\n   at OpenQA.Selenium.WebDriver.ExecuteAsync(String driverCommandToExecute, Dictionary`2 parameters)\n   at SeleniumExtras.WaitHelpers.ExpectedConditions.<>c__DisplayClass19_0.<ElementToBeClickable>b__0(IWebDriver driver)\n   at OpenQA.Selenium.Support.UI.DefaultWait`1.Until[TResult](Func`2 condition, CancellationToken token)\n   --- End of inner exception stack trace ---\n   at OpenQA.Selenium.Support.UI.DefaultWait`1.ThrowTimeoutException(String exceptionMessage, Exception lastException)\n   at OpenQA.Selenium.Support.UI.DefaultWait`1.Until[TResult](Func`2 condition, CancellationToken token)\n   at OpenQA.Selenium.Support.UI.DefaultWait`1.Until[TResult](Func`2 condition)\n   at OdinUiTests.Services.CommonService.ChooseMaterialByName(IWebDriver driver, List`1 materialName, Boolean fromInfoPage) in /azp/_work/2/s/Services/CommonService.cs:line 182\n   at OdinUiTests.Pages.ActivityCommonEditPage.<>c__DisplayClass99_0.<AddMaterialByName>b__0() in /azp/_work/2/s/Pages/ActivityCommonEditPage.cs:line 395\n   at Allure.Net.Commons.AllureApi.<>c__DisplayClass34_0.<Step>b__0()\n   at Allure.Net.Commons.AllureApi.ExecuteAction[T](String name, Action`1 start, Func`1 action, Action`1 resolve)\n   at Allure.Net.Commons.AllureApi.ExecuteStep[T](String name, Func`1 action)\n   at Allure.Net.Commons.AllureApi.Step(String name, Action action)\n   at OdinUiTests.Pages.ActivityCommonEditPage.AddMaterialByName(String type, String name) in /azp/_work/2/s/Pages/ActivityCommonEditPage.cs:line 393\n   at OdinUiTests.Tests.Activity.ActivityCommon.AddMaterialFromLibrary(IWebDriver driver, Boolean isTemplate, String id, String type, String name) in /azp/_work/2/s/Tests/Activity/ActivityCommon.cs:line 84\n   at OdinUiTests.Tests.Activity.ActivityCommon.AddScormPackageToActivityPlan(IWebDriver driver, String contentId) in /azp/_work/2/s/Tests/Activity/ActivityCommon.cs:line 153\n   at OdinUiTests.Tests.Activity.TemplateAddingTests.CheckAddScormPackageActivityTemplate() in /azp/_work/2/s/Tests/Activity/TemplateTests.cs:line 141\n   at System.RuntimeMethodHandle.InvokeMethod(Object target, Void** arguments, Signature sig, Boolean isConstructor)\n   at System.Reflection.MethodBaseInvoker.InvokeWithNoArgs(Object obj, BindingFlags invokeAttr)"
      },
      "stage": "finished",
      "steps": [],
      "attachments": [],
      "parameters": [],
      "start": 1744637586868,
      "stop": 1744637617363
    }
  ],
  "attachments": [
    {
      "name": "CheckAddScormPackageActivityTemplate.jpg",
      "source": "0811102a-87f9-433c-9760-e7918377a833-attachment.jpg",
      "type": "image/jpeg"
    },
    {
      "name": "Console Output",
      "source": "1b634bb0-10b7-41d5-9af2-d20c31fb0d89-attachment.txt",
      "type": "text/plain"
    }
  ],
  "parameters": [],
  "start": 1744637574957,
  "stop": 1744637619645
}