{
  "uuid": "7688e5d6-ceb5-4a86-91dd-0b280b963966",
  "historyId": "85f6865c975176900d345c450f91f544",
  "testCaseId": "98607aad7d24d62739964d1487e500cd",
  "fullName": "OdinUiTests:OdinUiTests.Tests.Activity.TestActivityResultTests.CheckMarkCorrectAnswerThatWasMarkedAsIncorrect()",
  "labels": [
    {
      "name": "thread",
      "value": "ParallelWorker#4"
    },
    {
      "name": "host",
      "value": "cb6b3fa968dc"
    },
    {
      "name": "language",
      "value": "C#"
    },
    {
      "name": "framework",
      "value": "NUnit 3"
    },
    {
      "name": "package",
      "value": "OdinUiTests.Tests.Activity"
    },
    {
      "name": "testMethod",
      "value": "CheckMarkCorrectAnswerThatWasMarkedAsIncorrect"
    },
    {
      "name": "testClass",
      "value": "TestActivityResultTests"
    },
    {
      "name": "parentSuite",
      "value": "Активность"
    },
    {
      "name": "suite",
      "value": "Контрольная"
    },
    {
      "name": "subSuite",
      "value": "Результат прохождения теста"
    },
    {
      "name": "severity",
      "value": "critical"
    },
    {
      "name": "tag",
      "value": "Активность"
    },
    {
      "name": "tag",
      "value": "Дежурство"
    },
    {
      "name": "tag",
      "value": "Регресс"
    }
  ],
  "links": [],
  "name": "Можно отметить Верно на ответ в вопросе, который был отмечен как Неверно",
  "status": "broken",
  "statusDetails": {
    "known": false,
    "muted": false,
    "flaky": false,
    "message": "OpenQA.Selenium.WebDriverTimeoutException : Timed out after 30 seconds\n  ----> OpenQA.Selenium.NoSuchElementException : no such element: Unable to locate element: {\"method\":\"css selector\",\"selector\":\".content-block\"}\n  (Session info: chrome-headless-shell=126.0.6478.126); For documentation on this error, please visit: https://www.selenium.dev/documentation/webdriver/troubleshooting/errors#no-such-element-exception",
    "trace": "   at OpenQA.Selenium.Support.UI.DefaultWait`1.ThrowTimeoutException(String exceptionMessage, Exception lastException)\n   at OpenQA.Selenium.Support.UI.DefaultWait`1.Until[TResult](Func`2 condition, CancellationToken token)\n   at OpenQA.Selenium.Support.UI.DefaultWait`1.Until[TResult](Func`2 condition)\n   at OdinUiTests.Pages.ActivityCommonPage.__a$_around_ClickOnStudentAttempt_100666060_o() in /azp/_work/1/s/Pages/ActivityCommonPage.cs:line 322\n   at OdinUiTests.Pages.ActivityCommonPage.__a$_around_ClickOnStudentAttempt_100666060_u(Object[])\n   at Allure.Net.Commons.Steps.AllureAbstractStepAspect.WrapSync[T](Func`2 target, Object[] args, MethodBase metadata, String stepName, List`1 stepParameters)\n   at InvokeStub_AllureAbstractStepAspect.WrapSync(Object, Span`1)\n   at System.Reflection.MethodBaseInvoker.InvokeWithManyArgs(Object obj, BindingFlags invokeAttr, Binder binder, Object[] parameters, CultureInfo culture)\n--NoSuchElementException\n   at OpenQA.Selenium.WebDriver.UnpackAndThrowOnError(Response errorResponse, String commandToExecute)\n   at OpenQA.Selenium.WebDriver.ExecuteAsync(String driverCommandToExecute, Dictionary`2 parameters)\n   at SeleniumExtras.WaitHelpers.ExpectedConditions.<>c__DisplayClass7_0.<ElementIsVisible>b__0(IWebDriver driver)\n   at OpenQA.Selenium.Support.UI.DefaultWait`1.Until[TResult](Func`2 condition, CancellationToken token)"
  },
  "stage": "finished",
  "steps": [
    {
      "name": "Открыть страницу активности",
      "status": "passed",
      "statusDetails": {
        "known": false,
        "muted": false,
        "flaky": false
      },
      "stage": "finished",
      "steps": [],
      "attachments": [],
      "parameters": [
        {
          "name": "activityId",
          "value": "\"225\"",
          "excluded": false
        }
      ],
      "start": 1733407633717,
      "stop": 1733407634114
    },
    {
      "name": "Нажать на попытку прохождения теста",
      "status": "broken",
      "statusDetails": {
        "known": false,
        "muted": false,
        "flaky": false,
        "message": "Timed out after 30 seconds",
        "trace": "OpenQA.Selenium.WebDriverTimeoutException: Timed out after 30 seconds\n ---> OpenQA.Selenium.NoSuchElementException: no such element: Unable to locate element: {\"method\":\"css selector\",\"selector\":\".content-block\"}\n  (Session info: chrome-headless-shell=126.0.6478.126); For documentation on this error, please visit: https://www.selenium.dev/documentation/webdriver/troubleshooting/errors#no-such-element-exception\n   at OpenQA.Selenium.WebDriver.UnpackAndThrowOnError(Response errorResponse, String commandToExecute)\n   at OpenQA.Selenium.WebDriver.ExecuteAsync(String driverCommandToExecute, Dictionary`2 parameters)\n   at SeleniumExtras.WaitHelpers.ExpectedConditions.<>c__DisplayClass7_0.<ElementIsVisible>b__0(IWebDriver driver)\n   at OpenQA.Selenium.Support.UI.DefaultWait`1.Until[TResult](Func`2 condition, CancellationToken token)\n   --- End of inner exception stack trace ---\n   at OpenQA.Selenium.Support.UI.DefaultWait`1.ThrowTimeoutException(String exceptionMessage, Exception lastException)\n   at OpenQA.Selenium.Support.UI.DefaultWait`1.Until[TResult](Func`2 condition, CancellationToken token)\n   at OpenQA.Selenium.Support.UI.DefaultWait`1.Until[TResult](Func`2 condition)\n   at OdinUiTests.Pages.ActivityCommonPage.__a$_around_ClickOnStudentAttempt_100666060_o() in /azp/_work/1/s/Pages/ActivityCommonPage.cs:line 322\n   at OdinUiTests.Pages.ActivityCommonPage.__a$_around_ClickOnStudentAttempt_100666060_u(Object[])\n   at Allure.Net.Commons.Steps.AllureAbstractStepAspect.WrapSync[T](Func`2 target, Object[] args, MethodBase metadata, String stepName, List`1 stepParameters)"
      },
      "stage": "finished",
      "steps": [],
      "attachments": [],
      "parameters": [],
      "start": 1733407634114,
      "stop": 1733407664518
    }
  ],
  "attachments": [
    {
      "name": "CheckMarkCorrectAnswerThatWasMarkedAsIncorrect.jpg",
      "source": "e9540338-2c5f-477c-92c3-dd1110a06900-attachment.jpg",
      "type": "image/jpeg"
    },
    {
      "name": "Console Output",
      "source": "6e901d14-8a7b-47d2-9d9a-2be031b7fe0e-attachment.txt",
      "type": "text/plain"
    }
  ],
  "parameters": [],
  "start": 1733407633545,
  "stop": 1733407664802
}