{
  "uuid": "fa3cabec-5966-4871-962c-db0f7a641781",
  "historyId": "aee0808ccb282d7c9685a6614eb4f54c",
  "testCaseId": "abae5c128adfa4a6ae28364a46e733e7",
  "fullName": "OdinUiTests:OdinUiTests.Tests.Activity.TestActivityStatusWithTwoOrMoreAttemptsTests.CheckResultOfPassingDependOnSettings(System.String,System.Int32,System.String)",
  "labels": [
    {
      "name": "thread",
      "value": "NUnit.Fw.ParallelWorker#9"
    },
    {
      "name": "host",
      "value": "ec6faca69160"
    },
    {
      "name": "language",
      "value": "C#"
    },
    {
      "name": "framework",
      "value": "NUnit 3"
    },
    {
      "name": "package",
      "value": "OdinUiTests.Tests.Activity"
    },
    {
      "name": "testMethod",
      "value": "CheckResultOfPassingDependOnSettings"
    },
    {
      "name": "testClass",
      "value": "TestActivityStatusWithTwoOrMoreAttemptsTests"
    },
    {
      "name": "parentSuite",
      "value": "Активность"
    },
    {
      "name": "suite",
      "value": "Контрольная"
    },
    {
      "name": "subSuite",
      "value": "Прохождение теста"
    },
    {
      "name": "severity",
      "value": "critical"
    },
    {
      "name": "tag",
      "value": "Активность"
    },
    {
      "name": "tag",
      "value": "Дежурство"
    },
    {
      "name": "tag",
      "value": "Регресс"
    }
  ],
  "links": [],
  "name": "Результат тестирования в попытках зависит от настройки За последнюю попытку в индивидуальной контрольной",
  "status": "broken",
  "statusDetails": {
    "known": false,
    "muted": false,
    "flaky": false,
    "message": "System.Reflection.TargetInvocationException : Exception has been thrown by the target of an invocation.\n  ----> System.Reflection.TargetInvocationException : Exception has been thrown by the target of an invocation.\n  ----> OpenQA.Selenium.ElementClickInterceptedException : element click intercepted: Element <span class=\"block\">...</span> is not clickable at point (2292, 1978). Other element would receive the click: <div data-v-e38e08ee=\"\" class=\"call-notifications-component full-window window-height window-width\">...</div>\n  (Session info: chrome=132.0.6834.83)",
    "trace": "   at System.Reflection.MethodBaseInvoker.InvokeWithManyArgs(Object obj, BindingFlags invokeAttr, Binder binder, Object[] parameters, CultureInfo culture)\n   at Allure.Net.Commons.Steps.AllureStepAspectBase.Around(String name, Object[] args, Func`2 target, MethodBase metadata, Type returnType)\n   at OdinUiTests.Pages.ActivityCommonPage.__a$_around_PassAnotherTestAttempt_100666047_w_0(Object[])\n   at OdinUiTests.Pages.ActivityCommonPage.PassAnotherTestAttempt()\n   at OdinUiTests.Tests.Activity.TestActivityStatusWithTwoOrMoreAttemptsTests.CheckResultOfPassingDependOnSettings(String actId, Int32 evaluation, String attemptSetting) in /azp/_work/2/s/Tests/Activity/TestActivityTests.cs:line 697\n   at InvokeStub_TestActivityStatusWithTwoOrMoreAttemptsTests.CheckResultOfPassingDependOnSettings(Object, Span`1)\n   at System.Reflection.MethodBaseInvoker.InvokeWithFewArgs(Object obj, BindingFlags invokeAttr, Binder binder, Object[] parameters, CultureInfo culture)\n--TargetInvocationException\n   at System.Reflection.MethodBaseInvoker.InvokeWithManyArgs(Object obj, BindingFlags invokeAttr, Binder binder, Object[] parameters, CultureInfo culture)\n   at Allure.Net.Commons.Steps.AllureStepAspectBase.Around(String name, Object[] args, Func`2 target, MethodBase metadata, Type returnType)\n   at OdinUiTests.Pages.ExamOptionsPage.__a$_around_ClickOnSubmitForReviewButton_100666821_w_0(Object[])\n   at OdinUiTests.Pages.ExamOptionsPage.ClickOnSubmitForReviewButton()\n   at OdinUiTests.Pages.ActivityCommonPage.__a$_around_PassAnotherTestAttempt_100666047_o() in /azp/_work/2/s/Pages/ActivityCommonPage.cs:line 161\n   at OdinUiTests.Pages.ActivityCommonPage.__a$_around_PassAnotherTestAttempt_100666047_u(Object[])\n   at Allure.Net.Commons.Steps.AllureAbstractStepAspect.WrapSync[T](Func`2 target, Object[] args, MethodBase metadata, String stepName, List`1 stepParameters)\n   at InvokeStub_AllureAbstractStepAspect.WrapSync(Object, Span`1)\n   at System.Reflection.MethodBaseInvoker.InvokeWithManyArgs(Object obj, BindingFlags invokeAttr, Binder binder, Object[] parameters, CultureInfo culture)\n--ElementClickInterceptedException\n   at OpenQA.Selenium.WebDriver.UnpackAndThrowOnError(Response errorResponse, String commandToExecute)\n   at OpenQA.Selenium.WebDriver.ExecuteAsync(String driverCommandToExecute, Dictionary`2 parameters)\n   at OpenQA.Selenium.WebDriver.InternalExecute(String driverCommandToExecute, Dictionary`2 parameters)\n   at OpenQA.Selenium.WebElement.Click()\n   at OdinUiTests.Pages.ExamOptionsPage.__a$_around_ClickOnSubmitForReviewButton_100666821_o() in /azp/_work/2/s/Pages/ExamOptionsPage.cs:line 94\n   at OdinUiTests.Pages.ExamOptionsPage.__a$_around_ClickOnSubmitForReviewButton_100666821_u(Object[])\n   at Allure.Net.Commons.Steps.AllureAbstractStepAspect.WrapSync[T](Func`2 target, Object[] args, MethodBase metadata, String stepName, List`1 stepParameters)\n   at InvokeStub_AllureAbstractStepAspect.WrapSync(Object, Span`1)\n   at System.Reflection.MethodBaseInvoker.InvokeWithManyArgs(Object obj, BindingFlags invokeAttr, Binder binder, Object[] parameters, CultureInfo culture)"
  },
  "stage": "finished",
  "steps": [
    {
      "name": "Открыть страницу активности",
      "status": "passed",
      "statusDetails": {
        "known": false,
        "muted": false,
        "flaky": false
      },
      "stage": "finished",
      "steps": [],
      "attachments": [],
      "parameters": [
        {
          "name": "activityId",
          "value": "\"5209\"",
          "excluded": false
        }
      ],
      "start": 1741849797234,
      "stop": 1741849800040
    },
    {
      "name": "Пройти одну попытку прохождения теста",
      "status": "passed",
      "statusDetails": {
        "known": false,
        "muted": false,
        "flaky": false
      },
      "stage": "finished",
      "steps": [
        {
          "name": "Нажать на кнопку 'Перейти к тесту' со страницы активности",
          "status": "passed",
          "statusDetails": {
            "known": false,
            "muted": false,
            "flaky": false
          },
          "stage": "finished",
          "steps": [],
          "attachments": [],
          "parameters": [],
          "start": 1741849800040,
          "stop": 1741849811148
        },
        {
          "name": "Нажать на кнопку 'Приступить'",
          "status": "passed",
          "statusDetails": {
            "known": false,
            "muted": false,
            "flaky": false
          },
          "stage": "finished",
          "steps": [],
          "attachments": [],
          "parameters": [],
          "start": 1741849811148,
          "stop": 1741849817146
        },
        {
          "name": "Ответить на все вопросы и ожидать появления фразы 'Сохранено успешно'",
          "status": "passed",
          "statusDetails": {
            "known": false,
            "muted": false,
            "flaky": false
          },
          "stage": "finished",
          "steps": [],
          "attachments": [],
          "parameters": [],
          "start": 1741849817146,
          "stop": 1741849841236
        },
        {
          "name": "Нажать на кнопку 'Отправить на проверку'",
          "status": "passed",
          "statusDetails": {
            "known": false,
            "muted": false,
            "flaky": false
          },
          "stage": "finished",
          "steps": [],
          "attachments": [],
          "parameters": [],
          "start": 1741849841236,
          "stop": 1741849842954
        },
        {
          "name": "Нажать на кнопку 'Отправить на проверку' в модалке",
          "status": "passed",
          "statusDetails": {
            "known": false,
            "muted": false,
            "flaky": false
          },
          "stage": "finished",
          "steps": [],
          "attachments": [],
          "parameters": [],
          "start": 1741849842954,
          "stop": 1741849847852
        },
        {
          "name": "Нажать на кнопку 'Пройти еще раз'",
          "status": "passed",
          "statusDetails": {
            "known": false,
            "muted": false,
            "flaky": false
          },
          "stage": "finished",
          "steps": [],
          "attachments": [],
          "parameters": [],
          "start": 1741849847852,
          "stop": 1741849851740
        }
      ],
      "attachments": [],
      "parameters": [],
      "start": 1741849800040,
      "stop": 1741849851740
    },
    {
      "name": "Пройти еще одну попытку прохождения теста",
      "status": "broken",
      "statusDetails": {
        "known": false,
        "muted": false,
        "flaky": false,
        "message": "Exception has been thrown by the target of an invocation.",
        "trace": "System.Reflection.TargetInvocationException: Exception has been thrown by the target of an invocation.\n ---> OpenQA.Selenium.ElementClickInterceptedException: element click intercepted: Element <span class=\"block\">...</span> is not clickable at point (2292, 1978). Other element would receive the click: <div data-v-e38e08ee=\"\" class=\"call-notifications-component full-window window-height window-width\">...</div>\n  (Session info: chrome=132.0.6834.83)\n   at OpenQA.Selenium.WebDriver.UnpackAndThrowOnError(Response errorResponse, String commandToExecute)\n   at OpenQA.Selenium.WebDriver.ExecuteAsync(String driverCommandToExecute, Dictionary`2 parameters)\n   at OpenQA.Selenium.WebDriver.InternalExecute(String driverCommandToExecute, Dictionary`2 parameters)\n   at OpenQA.Selenium.WebElement.Click()\n   at OdinUiTests.Pages.ExamOptionsPage.__a$_around_ClickOnSubmitForReviewButton_100666821_o() in /azp/_work/2/s/Pages/ExamOptionsPage.cs:line 94\n   at OdinUiTests.Pages.ExamOptionsPage.__a$_around_ClickOnSubmitForReviewButton_100666821_u(Object[])\n   at Allure.Net.Commons.Steps.AllureAbstractStepAspect.WrapSync[T](Func`2 target, Object[] args, MethodBase metadata, String stepName, List`1 stepParameters)\n   at InvokeStub_AllureAbstractStepAspect.WrapSync(Object, Span`1)\n   at System.Reflection.MethodBaseInvoker.InvokeWithManyArgs(Object obj, BindingFlags invokeAttr, Binder binder, Object[] parameters, CultureInfo culture)\n   --- End of inner exception stack trace ---\n   at System.Reflection.MethodBaseInvoker.InvokeWithManyArgs(Object obj, BindingFlags invokeAttr, Binder binder, Object[] parameters, CultureInfo culture)\n   at Allure.Net.Commons.Steps.AllureStepAspectBase.Around(String name, Object[] args, Func`2 target, MethodBase metadata, Type returnType)\n   at OdinUiTests.Pages.ExamOptionsPage.__a$_around_ClickOnSubmitForReviewButton_100666821_w_0(Object[])\n   at OdinUiTests.Pages.ExamOptionsPage.ClickOnSubmitForReviewButton()\n   at OdinUiTests.Pages.ActivityCommonPage.__a$_around_PassAnotherTestAttempt_100666047_o() in /azp/_work/2/s/Pages/ActivityCommonPage.cs:line 161\n   at OdinUiTests.Pages.ActivityCommonPage.__a$_around_PassAnotherTestAttempt_100666047_u(Object[])\n   at Allure.Net.Commons.Steps.AllureAbstractStepAspect.WrapSync[T](Func`2 target, Object[] args, MethodBase metadata, String stepName, List`1 stepParameters)"
      },
      "stage": "finished",
      "steps": [
        {
          "name": "Нажать на кнопку 'Приступить'",
          "status": "passed",
          "statusDetails": {
            "known": false,
            "muted": false,
            "flaky": false
          },
          "stage": "finished",
          "steps": [],
          "attachments": [],
          "parameters": [],
          "start": 1741849851740,
          "stop": 1741849855639
        },
        {
          "name": "Ответить на все вопросы и ожидать появления фразы 'Сохранено успешно'",
          "status": "passed",
          "statusDetails": {
            "known": false,
            "muted": false,
            "flaky": false
          },
          "stage": "finished",
          "steps": [],
          "attachments": [],
          "parameters": [],
          "start": 1741849855639,
          "stop": 1741849878758
        },
        {
          "name": "Нажать на кнопку 'Отправить на проверку'",
          "status": "broken",
          "statusDetails": {
            "known": false,
            "muted": false,
            "flaky": false,
            "message": "element click intercepted: Element <span class=\"block\">...</span> is not clickable at point (2292, 1978). Other element would receive the click: <div data-v-e38e08ee=\"\" class=\"call-notifications-component full-window window-height window-width\">...</div>\n  (Session info: chrome=132.0.6834.83)",
            "trace": "OpenQA.Selenium.ElementClickInterceptedException: element click intercepted: Element <span class=\"block\">...</span> is not clickable at point (2292, 1978). Other element would receive the click: <div data-v-e38e08ee=\"\" class=\"call-notifications-component full-window window-height window-width\">...</div>\n  (Session info: chrome=132.0.6834.83)\n   at OpenQA.Selenium.WebDriver.UnpackAndThrowOnError(Response errorResponse, String commandToExecute)\n   at OpenQA.Selenium.WebDriver.ExecuteAsync(String driverCommandToExecute, Dictionary`2 parameters)\n   at OpenQA.Selenium.WebDriver.InternalExecute(String driverCommandToExecute, Dictionary`2 parameters)\n   at OpenQA.Selenium.WebElement.Click()\n   at OdinUiTests.Pages.ExamOptionsPage.__a$_around_ClickOnSubmitForReviewButton_100666821_o() in /azp/_work/2/s/Pages/ExamOptionsPage.cs:line 94\n   at OdinUiTests.Pages.ExamOptionsPage.__a$_around_ClickOnSubmitForReviewButton_100666821_u(Object[])\n   at Allure.Net.Commons.Steps.AllureAbstractStepAspect.WrapSync[T](Func`2 target, Object[] args, MethodBase metadata, String stepName, List`1 stepParameters)"
          },
          "stage": "finished",
          "steps": [],
          "attachments": [],
          "parameters": [],
          "start": 1741849878758,
          "stop": 1741849882541
        }
      ],
      "attachments": [],
      "parameters": [],
      "start": 1741849851740,
      "stop": 1741849882541
    }
  ],
  "attachments": [
    {
      "name": "CheckResultOfPassingDependOnSettings.jpg",
      "source": "59b1f81f-5f6a-46d0-9e64-83b71553bf82-attachment.jpg",
      "type": "image/jpeg"
    },
    {
      "name": "Console Output",
      "source": "abffb050-153f-4908-8107-cb6a3612426c-attachment.txt",
      "type": "text/plain"
    }
  ],
  "parameters": [
    {
      "name": "actId",
      "value": "\"5209\"",
      "excluded": false
    },
    {
      "name": "evaluation",
      "value": "2",
      "excluded": false
    },
    {
      "name": "attemptSetting",
      "value": "\"lastTry\"",
      "excluded": false
    }
  ],
  "start": 1741849795751,
  "stop": 1741849885750
}