{
  "uuid": "d23a97c4-ff8d-4911-a158-5b832f174186",
  "historyId": "a51a44e2737510a6fa9ba190411277e8",
  "testCaseId": "259a7491c1b7edbe79cbe48ba9902ea5",
  "fullName": "OdinUiTests:OdinUiTests.Tests.Library.TestTrainBlocksAndVariantsValidationTests.AddBlockTestTrain()",
  "labels": [
    {
      "name": "thread",
      "value": "NUnit.Fw.ParallelWorker#6"
    },
    {
      "name": "host",
      "value": "f272e13b09e6"
    },
    {
      "name": "language",
      "value": "C#"
    },
    {
      "name": "framework",
      "value": "NUnit 3"
    },
    {
      "name": "package",
      "value": "OdinUiTests.Tests.Library"
    },
    {
      "name": "testMethod",
      "value": "AddBlockTestTrain"
    },
    {
      "name": "testClass",
      "value": "TestTrainBlocksAndVariantsValidationTests"
    },
    {
      "name": "suite",
      "value": "Материал"
    },
    {
      "name": "subSuite",
      "value": "Конструктор тест-тренажера"
    },
    {
      "name": "severity",
      "value": "normal"
    },
    {
      "name": "tag",
      "value": "Материал"
    },
    {
      "name": "tag",
      "value": "Дежурство"
    },
    {
      "name": "tag",
      "value": "Регресс"
    }
  ],
  "links": [],
  "name": "Конструктор теста-тренажера: можно добавить блок",
  "status": "broken",
  "statusDetails": {
    "known": false,
    "muted": false,
    "flaky": false,
    "message": "System.Reflection.TargetInvocationException : Exception has been thrown by the target of an invocation.\n  ----> OpenQA.Selenium.WebDriverTimeoutException : Timed out after 30 seconds\n  ----> OpenQA.Selenium.NoSuchElementException : no such element: Unable to locate element: {\"method\":\"css selector\",\"selector\":\".test-tabs__body .block-title\"}\n  (Session info: chrome=132.0.6834.83); For documentation on this error, please visit: https://www.selenium.dev/documentation/webdriver/troubleshooting/errors#no-such-element-exception",
    "trace": "   at System.Reflection.MethodBaseInvoker.InvokeWithManyArgs(Object obj, BindingFlags invokeAttr, Binder binder, Object[] parameters, CultureInfo culture)\n   at Allure.Net.Commons.Steps.AllureStepAspectBase.Around(String name, Object[] args, Func`2 target, MethodBase metadata, Type returnType)\n   at OdinUiTests.Pages.ContentInfoPage.__a$_around_CheckBlockIsAdded_100666546_w_0(Object[])\n   at OdinUiTests.Pages.ContentInfoPage.CheckBlockIsAdded(Int32 blockCount)\n   at OdinUiTests.Tests.Library.TestCreateEditCommon.AddBlock(IWebDriver driver, String id) in /azp/_work/1/s/Tests/Library/TestCreateEditCommon.cs:line 85\n   at OdinUiTests.Tests.Library.TestTrainBlocksAndVariantsValidationTests.AddBlockTestTrain() in /azp/_work/1/s/Tests/Library/TestTrainCreateEditTests.cs:line 156\n   at System.RuntimeMethodHandle.InvokeMethod(Object target, Void** arguments, Signature sig, Boolean isConstructor)\n   at System.Reflection.MethodBaseInvoker.InvokeWithNoArgs(Object obj, BindingFlags invokeAttr)\n--WebDriverTimeoutException\n   at OpenQA.Selenium.Support.UI.DefaultWait`1.ThrowTimeoutException(String exceptionMessage, Exception lastException)\n   at OpenQA.Selenium.Support.UI.DefaultWait`1.Until[TResult](Func`2 condition, CancellationToken token)\n   at OpenQA.Selenium.Support.UI.DefaultWait`1.Until[TResult](Func`2 condition)\n   at OdinUiTests.Pages.ContentInfoPage.GetTestBlocksNumber(Boolean infoForRemoving) in /azp/_work/1/s/Pages/ContentInfoPage.cs:line 133\n   at OdinUiTests.Pages.ContentInfoPage.__a$_around_CheckBlockIsAdded_100666546_o(Int32 blockCount) in /azp/_work/1/s/Pages/ContentInfoPage.cs:line 369\n   at OdinUiTests.Pages.ContentInfoPage.__a$_around_CheckBlockIsAdded_100666546_u(Object[])\n   at Allure.Net.Commons.Steps.AllureAbstractStepAspect.WrapSync[T](Func`2 target, Object[] args, MethodBase metadata, String stepName, List`1 stepParameters)\n   at InvokeStub_AllureAbstractStepAspect.WrapSync(Object, Span`1)\n   at System.Reflection.MethodBaseInvoker.InvokeWithManyArgs(Object obj, BindingFlags invokeAttr, Binder binder, Object[] parameters, CultureInfo culture)\n--NoSuchElementException\n   at OpenQA.Selenium.WebDriver.UnpackAndThrowOnError(Response errorResponse, String commandToExecute)\n   at OpenQA.Selenium.WebDriver.ExecuteAsync(String driverCommandToExecute, Dictionary`2 parameters)\n   at SeleniumExtras.WaitHelpers.ExpectedConditions.<>c__DisplayClass19_0.<ElementToBeClickable>b__0(IWebDriver driver)\n   at OpenQA.Selenium.Support.UI.DefaultWait`1.Until[TResult](Func`2 condition, CancellationToken token)"
  },
  "stage": "finished",
  "steps": [
    {
      "name": "Открыть страницу материала",
      "status": "passed",
      "statusDetails": {
        "known": false,
        "muted": false,
        "flaky": false
      },
      "stage": "finished",
      "steps": [],
      "attachments": [],
      "parameters": [
        {
          "name": "id",
          "value": "\"69826\"",
          "excluded": false
        }
      ],
      "start": 1751867109262,
      "stop": 1751867111349
    },
    {
      "name": "Нажать на кнопку “Редактировать”",
      "status": "passed",
      "statusDetails": {
        "known": false,
        "muted": false,
        "flaky": false
      },
      "stage": "finished",
      "steps": [],
      "attachments": [],
      "parameters": [],
      "start": 1751867136338,
      "stop": 1751867138050
    },
    {
      "name": "Нажать на кнопку “+” для добавлении блока",
      "status": "passed",
      "statusDetails": {
        "known": false,
        "muted": false,
        "flaky": false
      },
      "stage": "finished",
      "steps": [],
      "attachments": [],
      "parameters": [],
      "start": 1751867138051,
      "stop": 1751867143055
    },
    {
      "name": "Подождать пока появится слово “Сохранено”",
      "status": "passed",
      "statusDetails": {
        "known": false,
        "muted": false,
        "flaky": false
      },
      "stage": "finished",
      "steps": [],
      "attachments": [],
      "parameters": [],
      "start": 1751867143055,
      "stop": 1751867151552
    },
    {
      "name": "Нажать на последнюю хлебную крошку для перехода на страницу материала",
      "status": "passed",
      "statusDetails": {
        "known": false,
        "muted": false,
        "flaky": false
      },
      "stage": "finished",
      "steps": [],
      "attachments": [
        {
          "name": "AddBlockTestTrain-BeforeClickOnBreadCrumbs.jpg",
          "source": "978eced4-275b-4d12-a163-09b480f5abdd-attachment.jpg",
          "type": "image/jpeg"
        }
      ],
      "parameters": [],
      "start": 1751867151637,
      "stop": 1751867153236
    },
    {
      "name": "Проверка того, что блок был добавлен",
      "status": "broken",
      "statusDetails": {
        "known": false,
        "muted": false,
        "flaky": false,
        "message": "Timed out after 30 seconds",
        "trace": "OpenQA.Selenium.WebDriverTimeoutException: Timed out after 30 seconds\n ---> OpenQA.Selenium.NoSuchElementException: no such element: Unable to locate element: {\"method\":\"css selector\",\"selector\":\".test-tabs__body .block-title\"}\n  (Session info: chrome=132.0.6834.83); For documentation on this error, please visit: https://www.selenium.dev/documentation/webdriver/troubleshooting/errors#no-such-element-exception\n   at OpenQA.Selenium.WebDriver.UnpackAndThrowOnError(Response errorResponse, String commandToExecute)\n   at OpenQA.Selenium.WebDriver.ExecuteAsync(String driverCommandToExecute, Dictionary`2 parameters)\n   at SeleniumExtras.WaitHelpers.ExpectedConditions.<>c__DisplayClass19_0.<ElementToBeClickable>b__0(IWebDriver driver)\n   at OpenQA.Selenium.Support.UI.DefaultWait`1.Until[TResult](Func`2 condition, CancellationToken token)\n   --- End of inner exception stack trace ---\n   at OpenQA.Selenium.Support.UI.DefaultWait`1.ThrowTimeoutException(String exceptionMessage, Exception lastException)\n   at OpenQA.Selenium.Support.UI.DefaultWait`1.Until[TResult](Func`2 condition, CancellationToken token)\n   at OpenQA.Selenium.Support.UI.DefaultWait`1.Until[TResult](Func`2 condition)\n   at OdinUiTests.Pages.ContentInfoPage.GetTestBlocksNumber(Boolean infoForRemoving) in /azp/_work/1/s/Pages/ContentInfoPage.cs:line 133\n   at OdinUiTests.Pages.ContentInfoPage.__a$_around_CheckBlockIsAdded_100666546_o(Int32 blockCount) in /azp/_work/1/s/Pages/ContentInfoPage.cs:line 369\n   at OdinUiTests.Pages.ContentInfoPage.__a$_around_CheckBlockIsAdded_100666546_u(Object[])\n   at Allure.Net.Commons.Steps.AllureAbstractStepAspect.WrapSync[T](Func`2 target, Object[] args, MethodBase metadata, String stepName, List`1 stepParameters)"
      },
      "stage": "finished",
      "steps": [],
      "attachments": [],
      "parameters": [
        {
          "name": "blockCount",
          "value": "1",
          "excluded": false
        }
      ],
      "start": 1751867153236,
      "stop": 1751867183383
    }
  ],
  "attachments": [
    {
      "name": "AddBlockTestTrain.jpg",
      "source": "2a6b1ec6-9ac1-41db-ae8e-d02218312d5b-attachment.jpg",
      "type": "image/jpeg"
    },
    {
      "name": "Console Output",
      "source": "2473d35d-e913-4b16-9e3f-db6dd441fe23-attachment.txt",
      "type": "text/plain"
    }
  ],
  "parameters": [],
  "start": 1751867109261,
  "stop": 1751867184893
}