{
  "uuid": "2634b82d-98fc-4699-bce0-dbd6b4970639",
  "historyId": "fc69a8ff79cdafff4196b6266f0ec136",
  "testCaseId": "7095c24484eda7c87dfcb19b3b6abc94",
  "fullName": "OdinUiTests:OdinUiTests.Tests.Chat.DisciplineChatCallTests.CheckSendTextMessageInDisciplineCallChat()",
  "labels": [
    {
      "name": "thread",
      "value": "NUnit.Fw.ParallelWorker#7"
    },
    {
      "name": "host",
      "value": "3d692ee533e1"
    },
    {
      "name": "language",
      "value": "C#"
    },
    {
      "name": "framework",
      "value": "NUnit 3"
    },
    {
      "name": "package",
      "value": "OdinUiTests.Tests.Chat"
    },
    {
      "name": "testMethod",
      "value": "CheckSendTextMessageInDisciplineCallChat"
    },
    {
      "name": "testClass",
      "value": "DisciplineChatCallTests"
    },
    {
      "name": "suite",
      "value": "Чат"
    },
    {
      "name": "subSuite",
      "value": "Миничат звонка дисциплины"
    },
    {
      "name": "severity",
      "value": "normal"
    },
    {
      "name": "tag",
      "value": "Дежурство"
    },
    {
      "name": "tag",
      "value": "Дежурство"
    },
    {
      "name": "tag",
      "value": "Чат"
    },
    {
      "name": "tag",
      "value": "Регресс"
    }
  ],
  "links": [],
  "name": "Можно отправить текстовое сообщение в миничате звонка дисциплины",
  "status": "broken",
  "statusDetails": {
    "known": false,
    "muted": false,
    "flaky": false,
    "message": "System.Reflection.TargetInvocationException : Exception has been thrown by the target of an invocation.\n  ----> OpenQA.Selenium.WebDriverTimeoutException : Timed out after 30 seconds\n  ----> OpenQA.Selenium.NoSuchElementException : no such element: Unable to locate element: {\"method\":\"css selector\",\"selector\":\"#openCloseChatBtn\"}\n  (Session info: chrome=132.0.6834.83); For documentation on this error, please visit: https://www.selenium.dev/documentation/webdriver/troubleshooting/errors#no-such-element-exception",
    "trace": "   at System.Reflection.MethodBaseInvoker.InvokeWithManyArgs(Object obj, BindingFlags invokeAttr, Binder binder, Object[] parameters, CultureInfo culture)\n   at Allure.Net.Commons.Steps.AllureStepAspectBase.Around(String name, Object[] args, Func`2 target, MethodBase metadata, Type returnType)\n   at OdinUiTests.Pages.CallPage.__a$_around_ClickOnChatButton_100666221_w_0(Object[])\n   at OdinUiTests.Pages.CallPage.ClickOnChatButton()\n   at OdinUiTests.Tests.Chat.DisciplineChatCallTests.SetUp() in /azp/_work/1/s/Tests/Chat/CallChatTests.cs:line 20\n   at System.RuntimeMethodHandle.InvokeMethod(Object target, Void** arguments, Signature sig, Boolean isConstructor)\n   at System.Reflection.MethodBaseInvoker.InvokeWithNoArgs(Object obj, BindingFlags invokeAttr)\n--WebDriverTimeoutException\n   at OpenQA.Selenium.Support.UI.DefaultWait`1.ThrowTimeoutException(String exceptionMessage, Exception lastException)\n   at OpenQA.Selenium.Support.UI.DefaultWait`1.Until[TResult](Func`2 condition, CancellationToken token)\n   at OpenQA.Selenium.Support.UI.DefaultWait`1.Until[TResult](Func`2 condition)\n   at OdinUiTests.Pages.CallPage.__a$_around_ClickOnChatButton_100666221_o() in /azp/_work/1/s/Pages/CallPage.cs:line 104\n   at OdinUiTests.Pages.CallPage.__a$_around_ClickOnChatButton_100666221_u(Object[])\n   at Allure.Net.Commons.Steps.AllureAbstractStepAspect.WrapSync[T](Func`2 target, Object[] args, MethodBase metadata, String stepName, List`1 stepParameters)\n   at InvokeStub_AllureAbstractStepAspect.WrapSync(Object, Span`1)\n   at System.Reflection.MethodBaseInvoker.InvokeWithManyArgs(Object obj, BindingFlags invokeAttr, Binder binder, Object[] parameters, CultureInfo culture)\n--NoSuchElementException\n   at OpenQA.Selenium.WebDriver.UnpackAndThrowOnError(Response errorResponse, String commandToExecute)\n   at OpenQA.Selenium.WebDriver.ExecuteAsync(String driverCommandToExecute, Dictionary`2 parameters)\n   at SeleniumExtras.WaitHelpers.ExpectedConditions.<>c__DisplayClass19_0.<ElementToBeClickable>b__0(IWebDriver driver)\n   at OpenQA.Selenium.Support.UI.DefaultWait`1.Until[TResult](Func`2 condition, CancellationToken token)"
  },
  "stage": "finished",
  "steps": [
    {
      "name": "Открыть страницу звонка по id чата",
      "status": "passed",
      "statusDetails": {
        "known": false,
        "muted": false,
        "flaky": false
      },
      "stage": "finished",
      "steps": [],
      "attachments": [],
      "parameters": [
        {
          "name": "chatId",
          "value": "\"1714\"",
          "excluded": false
        }
      ],
      "start": 1742192703013,
      "stop": 1742192708421
    },
    {
      "name": "Нажать на кнопку 'Присоединиться' в предбаннике",
      "status": "passed",
      "statusDetails": {
        "known": false,
        "muted": false,
        "flaky": false
      },
      "stage": "finished",
      "steps": [],
      "attachments": [],
      "parameters": [],
      "start": 1742192708422,
      "stop": 1742192736792
    },
    {
      "name": "Нажать на кнопку чата в звонке",
      "status": "broken",
      "statusDetails": {
        "known": false,
        "muted": false,
        "flaky": false,
        "message": "Timed out after 30 seconds",
        "trace": "OpenQA.Selenium.WebDriverTimeoutException: Timed out after 30 seconds\n ---> OpenQA.Selenium.NoSuchElementException: no such element: Unable to locate element: {\"method\":\"css selector\",\"selector\":\"#openCloseChatBtn\"}\n  (Session info: chrome=132.0.6834.83); For documentation on this error, please visit: https://www.selenium.dev/documentation/webdriver/troubleshooting/errors#no-such-element-exception\n   at OpenQA.Selenium.WebDriver.UnpackAndThrowOnError(Response errorResponse, String commandToExecute)\n   at OpenQA.Selenium.WebDriver.ExecuteAsync(String driverCommandToExecute, Dictionary`2 parameters)\n   at SeleniumExtras.WaitHelpers.ExpectedConditions.<>c__DisplayClass19_0.<ElementToBeClickable>b__0(IWebDriver driver)\n   at OpenQA.Selenium.Support.UI.DefaultWait`1.Until[TResult](Func`2 condition, CancellationToken token)\n   --- End of inner exception stack trace ---\n   at OpenQA.Selenium.Support.UI.DefaultWait`1.ThrowTimeoutException(String exceptionMessage, Exception lastException)\n   at OpenQA.Selenium.Support.UI.DefaultWait`1.Until[TResult](Func`2 condition, CancellationToken token)\n   at OpenQA.Selenium.Support.UI.DefaultWait`1.Until[TResult](Func`2 condition)\n   at OdinUiTests.Pages.CallPage.__a$_around_ClickOnChatButton_100666221_o() in /azp/_work/1/s/Pages/CallPage.cs:line 104\n   at OdinUiTests.Pages.CallPage.__a$_around_ClickOnChatButton_100666221_u(Object[])\n   at Allure.Net.Commons.Steps.AllureAbstractStepAspect.WrapSync[T](Func`2 target, Object[] args, MethodBase metadata, String stepName, List`1 stepParameters)"
      },
      "stage": "finished",
      "steps": [],
      "attachments": [],
      "parameters": [],
      "start": 1742192736792,
      "stop": 1742192767111
    }
  ],
  "attachments": [
    {
      "name": "CheckSendTextMessageInDisciplineCallChat.jpg",
      "source": "5427a992-0ab6-48fc-9742-5a609e4d5625-attachment.jpg",
      "type": "image/jpeg"
    },
    {
      "name": "Console Output",
      "source": "84b9b053-61f3-443f-93b6-dd846438f68c-attachment.txt",
      "type": "text/plain"
    }
  ],
  "parameters": [],
  "start": 1742192703007,
  "stop": 1742192771414
}