{
  "uuid": "97a22e75-d172-447b-b881-1fb6988dc821",
  "historyId": "882e2297d4d2b3e09455bc61e7739358",
  "testCaseId": "3d88a18d1c0ce11d0279a94c995648da",
  "fullName": "OdinUiTests:OdinUiTests.Tests.Activity.TaskActivityCreatingTests.CheckCreateTaskWithOpenSolutions()",
  "labels": [
    {
      "name": "thread",
      "value": "ParallelWorker#6"
    },
    {
      "name": "host",
      "value": "acb3b0fa2258"
    },
    {
      "name": "language",
      "value": "C#"
    },
    {
      "name": "framework",
      "value": "NUnit 3"
    },
    {
      "name": "package",
      "value": "OdinUiTests.Tests.Activity"
    },
    {
      "name": "testMethod",
      "value": "CheckCreateTaskWithOpenSolutions"
    },
    {
      "name": "testClass",
      "value": "TaskActivityCreatingTests"
    },
    {
      "name": "parentSuite",
      "value": "Активность"
    },
    {
      "name": "suite",
      "value": "Задание"
    },
    {
      "name": "subSuite",
      "value": "Создание задания"
    },
    {
      "name": "severity",
      "value": "critical"
    },
    {
      "name": "tag",
      "value": "Активность"
    },
    {
      "name": "tag",
      "value": "Дежурство"
    },
    {
      "name": "tag",
      "value": "Регресс"
    }
  ],
  "links": [],
  "name": "Можно создать активность типа Задание с открытыми решениями",
  "status": "broken",
  "statusDetails": {
    "known": false,
    "muted": false,
    "flaky": false,
    "message": "OpenQA.Selenium.WebDriverTimeoutException : Timed out after 30 seconds\n  ----> OpenQA.Selenium.NoSuchElementException : no such element: Unable to locate element: {\"method\":\"xpath\",\"selector\":\"//div[text()='Тип активности']/parent::div\"}\n  (Session info: chrome-headless-shell=126.0.6478.126); For documentation on this error, please visit: https://www.selenium.dev/documentation/webdriver/troubleshooting/errors#no-such-element-exception",
    "trace": "   at OpenQA.Selenium.Support.UI.DefaultWait`1.ThrowTimeoutException(String exceptionMessage, Exception lastException)\n   at OpenQA.Selenium.Support.UI.DefaultWait`1.Until[TResult](Func`2 condition, CancellationToken token)\n   at OpenQA.Selenium.Support.UI.DefaultWait`1.Until[TResult](Func`2 condition)\n   at OdinUiTests.Services.CommonService.SelectValueFromDropdown(IWebDriver driver, String type) in /azp/_work/1/s/Services/CommonService.cs:line 748\n   at OdinUiTests.Pages.ActivityCommonEditPage.<>c__DisplayClass93_0.<SetActivityType>b__0() in /azp/_work/1/s/Pages/ActivityCommonEditPage.cs:line 347\n   at Allure.Net.Commons.AllureApi.<>c__DisplayClass34_0.<Step>b__0()\n   at Allure.Net.Commons.AllureApi.ExecuteAction[T](String name, Action`1 start, Func`1 action, Action`1 resolve)\n   at Allure.Net.Commons.AllureApi.ExecuteStep[T](String name, Func`1 action)\n   at Allure.Net.Commons.AllureApi.Step(String name, Action action)\n   at OdinUiTests.Pages.ActivityCommonEditPage.SetActivityType(String type) in /azp/_work/1/s/Pages/ActivityCommonEditPage.cs:line 345\n   at OdinUiTests.Tests.Activity.TaskActivityCreatingTests.Setup() in /azp/_work/1/s/Tests/Activity/TaskActivityTests.cs:line 407\n   at InvokeStub_TaskActivityCreatingTests.Setup(Object, Object, IntPtr*)\n   at System.Reflection.MethodBaseInvoker.InvokeWithNoArgs(Object obj, BindingFlags invokeAttr)\n--NoSuchElementException\n   at OpenQA.Selenium.WebDriver.UnpackAndThrowOnError(Response errorResponse, String commandToExecute)\n   at OpenQA.Selenium.WebDriver.ExecuteAsync(String driverCommandToExecute, Dictionary`2 parameters)\n   at OpenQA.Selenium.WebDriver.Execute(String driverCommandToExecute, Dictionary`2 parameters)\n   at OpenQA.Selenium.WebDriver.FindElement(String mechanism, String value)\n   at SeleniumExtras.WaitHelpers.ExpectedConditions.<>c__DisplayClass19_0.<ElementToBeClickable>b__0(IWebDriver driver)\n   at OpenQA.Selenium.Support.UI.DefaultWait`1.Until[TResult](Func`2 condition, CancellationToken token)"
  },
  "stage": "finished",
  "steps": [
    {
      "name": "Открыть страницу создания активности",
      "status": "passed",
      "statusDetails": {
        "known": false,
        "muted": false,
        "flaky": false
      },
      "stage": "finished",
      "steps": [],
      "attachments": [],
      "parameters": [
        {
          "name": "disciplineId",
          "value": "\"379\"",
          "excluded": false
        }
      ],
      "start": 1729611337637,
      "stop": 1729611338063
    },
    {
      "name": "В поле 'Тип активности' выбрать значение 'Задание'",
      "status": "broken",
      "statusDetails": {
        "known": false,
        "muted": false,
        "flaky": false,
        "message": "Timed out after 30 seconds",
        "trace": "OpenQA.Selenium.WebDriverTimeoutException: Timed out after 30 seconds\n ---> OpenQA.Selenium.NoSuchElementException: no such element: Unable to locate element: {\"method\":\"xpath\",\"selector\":\"//div[text()='Тип активности']/parent::div\"}\n  (Session info: chrome-headless-shell=126.0.6478.126); For documentation on this error, please visit: https://www.selenium.dev/documentation/webdriver/troubleshooting/errors#no-such-element-exception\n   at OpenQA.Selenium.WebDriver.UnpackAndThrowOnError(Response errorResponse, String commandToExecute)\n   at OpenQA.Selenium.WebDriver.ExecuteAsync(String driverCommandToExecute, Dictionary`2 parameters)\n   at OpenQA.Selenium.WebDriver.Execute(String driverCommandToExecute, Dictionary`2 parameters)\n   at OpenQA.Selenium.WebDriver.FindElement(String mechanism, String value)\n   at SeleniumExtras.WaitHelpers.ExpectedConditions.<>c__DisplayClass19_0.<ElementToBeClickable>b__0(IWebDriver driver)\n   at OpenQA.Selenium.Support.UI.DefaultWait`1.Until[TResult](Func`2 condition, CancellationToken token)\n   --- End of inner exception stack trace ---\n   at OpenQA.Selenium.Support.UI.DefaultWait`1.ThrowTimeoutException(String exceptionMessage, Exception lastException)\n   at OpenQA.Selenium.Support.UI.DefaultWait`1.Until[TResult](Func`2 condition, CancellationToken token)\n   at OpenQA.Selenium.Support.UI.DefaultWait`1.Until[TResult](Func`2 condition)\n   at OdinUiTests.Services.CommonService.SelectValueFromDropdown(IWebDriver driver, String type) in /azp/_work/1/s/Services/CommonService.cs:line 748\n   at OdinUiTests.Pages.ActivityCommonEditPage.<>c__DisplayClass93_0.<SetActivityType>b__0() in /azp/_work/1/s/Pages/ActivityCommonEditPage.cs:line 347\n   at Allure.Net.Commons.AllureApi.<>c__DisplayClass34_0.<Step>b__0()\n   at Allure.Net.Commons.AllureApi.ExecuteAction[T](String name, Action`1 start, Func`1 action, Action`1 resolve)\n   at Allure.Net.Commons.AllureApi.ExecuteStep[T](String name, Func`1 action)\n   at Allure.Net.Commons.AllureApi.Step(String name, Action action)\n   at OdinUiTests.Pages.ActivityCommonEditPage.SetActivityType(String type) in /azp/_work/1/s/Pages/ActivityCommonEditPage.cs:line 345\n   at OdinUiTests.Tests.Activity.TaskActivityCreatingTests.Setup() in /azp/_work/1/s/Tests/Activity/TaskActivityTests.cs:line 407\n   at InvokeStub_TaskActivityCreatingTests.Setup(Object, Object, IntPtr*)\n   at System.Reflection.MethodBaseInvoker.InvokeWithNoArgs(Object obj, BindingFlags invokeAttr)"
      },
      "stage": "finished",
      "steps": [],
      "attachments": [],
      "parameters": [],
      "start": 1729611338063,
      "stop": 1729611368374
    }
  ],
  "attachments": [
    {
      "name": "CheckCreateTaskWithOpenSolutions.jpg",
      "source": "1381b4d7-24d0-49d6-8eef-04198342c0da-attachment.jpg",
      "type": "image/jpeg"
    },
    {
      "name": "Console Output",
      "source": "22eb1668-b330-4d03-9483-54c2246653e2-attachment.txt",
      "type": "text/plain"
    }
  ],
  "parameters": [],
  "start": 1729611337637,
  "stop": 1729611368623
}