{
  "uuid": "da038552-98b1-4eab-a49d-a67163bcbb22",
  "historyId": "4110d174402c874b84c9dae557426c62",
  "testCaseId": "0e43212833eb88132cd8ee8e868f77b1",
  "fullName": "OdinUiTests:OdinUiTests.Tests.Discipline.DisciplineDurationTests.CheckIfDatesFilledCorrectInDiscipline()",
  "labels": [
    {
      "name": "thread",
      "value": "ParallelWorker#3"
    },
    {
      "name": "host",
      "value": "b378362efdd8"
    },
    {
      "name": "language",
      "value": "C#"
    },
    {
      "name": "framework",
      "value": "NUnit 3"
    },
    {
      "name": "package",
      "value": "OdinUiTests.Tests.Discipline"
    },
    {
      "name": "testMethod",
      "value": "CheckIfDatesFilledCorrectInDiscipline"
    },
    {
      "name": "testClass",
      "value": "DisciplineDurationTests"
    },
    {
      "name": "suite",
      "value": "Дисциплина"
    },
    {
      "name": "subSuite",
      "value": "Редактирование дисциплины"
    },
    {
      "name": "severity",
      "value": "critical"
    },
    {
      "name": "tag",
      "value": "Дисциплина"
    },
    {
      "name": "tag",
      "value": "Дежурство"
    },
    {
      "name": "tag",
      "value": "Регресс"
    }
  ],
  "links": [],
  "name": "Успешное сохранение, если обе даты заполнены",
  "status": "broken",
  "statusDetails": {
    "known": false,
    "muted": false,
    "flaky": false,
    "message": "OpenQA.Selenium.WebDriverTimeoutException : Timed out after 30 seconds\n  ----> OpenQA.Selenium.NoSuchElementException : no such element: Unable to locate element: {\"method\":\"css selector\",\"selector\":\".date [type='text']\"}\n  (Session info: chrome-headless-shell=126.0.6478.126); For documentation on this error, please visit: https://www.selenium.dev/documentation/webdriver/troubleshooting/errors#no-such-element-exception",
    "trace": "   at OpenQA.Selenium.Support.UI.DefaultWait`1.ThrowTimeoutException(String exceptionMessage, Exception lastException)\n   at OpenQA.Selenium.Support.UI.DefaultWait`1.Until[TResult](Func`2 condition, CancellationToken token)\n   at OpenQA.Selenium.Support.UI.DefaultWait`1.Until[TResult](Func`2 condition)\n   at OdinUiTests.Services.CommonService.AddDate(IWebDriver driver, Boolean isCohort, Boolean isStartDate, Boolean onlyOneDate, String date) in /azp/_work/3/s/Services/CommonService.cs:line 212\n   at OdinUiTests.Pages.DisCommonEditPage.__a$_around_AddStartDate_100666578_o(String startDate) in /azp/_work/3/s/Pages/DisCommonEditPage.cs:line 266\n   at OdinUiTests.Pages.DisCommonEditPage.__a$_around_AddStartDate_100666578_u(Object[])\n   at Allure.Net.Commons.Steps.AllureAbstractStepAspect.WrapSync[T](Func`2 target, Object[] args, MethodBase metadata, String stepName, List`1 stepParameters)\n   at InvokeStub_AllureAbstractStepAspect.WrapSync(Object, Span`1)\n   at System.Reflection.MethodBaseInvoker.InvokeWithManyArgs(Object obj, BindingFlags invokeAttr, Binder binder, Object[] parameters, CultureInfo culture)\n--NoSuchElementException\n   at OpenQA.Selenium.WebDriver.UnpackAndThrowOnError(Response errorResponse, String commandToExecute)\n   at OpenQA.Selenium.WebDriver.ExecuteAsync(String driverCommandToExecute, Dictionary`2 parameters)\n   at SeleniumExtras.WaitHelpers.ExpectedConditions.<>c__DisplayClass19_0.<ElementToBeClickable>b__0(IWebDriver driver)\n   at OpenQA.Selenium.Support.UI.DefaultWait`1.Until[TResult](Func`2 condition, CancellationToken token)"
  },
  "stage": "finished",
  "steps": [
    {
      "name": "Открыть страницу редактирования дисциплины",
      "status": "passed",
      "statusDetails": {
        "known": false,
        "muted": false,
        "flaky": false
      },
      "stage": "finished",
      "steps": [],
      "attachments": [],
      "parameters": [
        {
          "name": "disciplineId",
          "value": "\"5944\"",
          "excluded": false
        }
      ],
      "start": 1737104661142,
      "stop": 1737104666345
    },
    {
      "name": "Выбрать дату начала дисциплины",
      "status": "broken",
      "statusDetails": {
        "known": false,
        "muted": false,
        "flaky": false,
        "message": "Timed out after 30 seconds",
        "trace": "OpenQA.Selenium.WebDriverTimeoutException: Timed out after 30 seconds\n ---> OpenQA.Selenium.NoSuchElementException: no such element: Unable to locate element: {\"method\":\"css selector\",\"selector\":\".date [type='text']\"}\n  (Session info: chrome-headless-shell=126.0.6478.126); For documentation on this error, please visit: https://www.selenium.dev/documentation/webdriver/troubleshooting/errors#no-such-element-exception\n   at OpenQA.Selenium.WebDriver.UnpackAndThrowOnError(Response errorResponse, String commandToExecute)\n   at OpenQA.Selenium.WebDriver.ExecuteAsync(String driverCommandToExecute, Dictionary`2 parameters)\n   at SeleniumExtras.WaitHelpers.ExpectedConditions.<>c__DisplayClass19_0.<ElementToBeClickable>b__0(IWebDriver driver)\n   at OpenQA.Selenium.Support.UI.DefaultWait`1.Until[TResult](Func`2 condition, CancellationToken token)\n   --- End of inner exception stack trace ---\n   at OpenQA.Selenium.Support.UI.DefaultWait`1.ThrowTimeoutException(String exceptionMessage, Exception lastException)\n   at OpenQA.Selenium.Support.UI.DefaultWait`1.Until[TResult](Func`2 condition, CancellationToken token)\n   at OpenQA.Selenium.Support.UI.DefaultWait`1.Until[TResult](Func`2 condition)\n   at OdinUiTests.Services.CommonService.AddDate(IWebDriver driver, Boolean isCohort, Boolean isStartDate, Boolean onlyOneDate, String date) in /azp/_work/3/s/Services/CommonService.cs:line 212\n   at OdinUiTests.Pages.DisCommonEditPage.__a$_around_AddStartDate_100666578_o(String startDate) in /azp/_work/3/s/Pages/DisCommonEditPage.cs:line 266\n   at OdinUiTests.Pages.DisCommonEditPage.__a$_around_AddStartDate_100666578_u(Object[])\n   at Allure.Net.Commons.Steps.AllureAbstractStepAspect.WrapSync[T](Func`2 target, Object[] args, MethodBase metadata, String stepName, List`1 stepParameters)"
      },
      "stage": "finished",
      "steps": [],
      "attachments": [],
      "parameters": [
        {
          "name": "startDate",
          "value": "\"12.01.2025\"",
          "excluded": false
        }
      ],
      "start": 1737104666346,
      "stop": 1737104698543
    }
  ],
  "attachments": [
    {
      "name": "CheckIfDatesFilledCorrectInDiscipline.jpg",
      "source": "4f3e858e-1138-41df-bd05-44ff10f909a7-attachment.jpg",
      "type": "image/jpeg"
    },
    {
      "name": "Console Output",
      "source": "eb4bb680-6b3c-4b43-812e-5919b18f9f59-attachment.txt",
      "type": "text/plain"
    }
  ],
  "parameters": [],
  "start": 1737104661142,
  "stop": 1737104699840
}