{
  "uuid": "9dcf8c57-8f27-4b20-b077-9247e698ed60",
  "historyId": "e91d6740b33be98c54ac42f87a302686",
  "testCaseId": "5a533fc00b3eee51149913b778d15d38",
  "fullName": "OdinUiTests:OdinUiTests.Tests.Chat.TaskMiniChatTests.CheckOpenImageInTaskMiniChat()",
  "labels": [
    {
      "name": "thread",
      "value": "NUnit.Fw.ParallelWorker#4"
    },
    {
      "name": "host",
      "value": "a16aa1a13a64"
    },
    {
      "name": "language",
      "value": "C#"
    },
    {
      "name": "framework",
      "value": "NUnit 3"
    },
    {
      "name": "package",
      "value": "OdinUiTests.Tests.Chat"
    },
    {
      "name": "testMethod",
      "value": "CheckOpenImageInTaskMiniChat"
    },
    {
      "name": "testClass",
      "value": "TaskMiniChatTests"
    },
    {
      "name": "suite",
      "value": "Чат"
    },
    {
      "name": "subSuite",
      "value": "Миничат обсуждение решения"
    },
    {
      "name": "severity",
      "value": "critical"
    },
    {
      "name": "tag",
      "value": "Чат"
    },
    {
      "name": "tag",
      "value": "Регресс"
    }
  ],
  "links": [],
  "name": "Можно раскрывать изображения в миничате обсуждении решения",
  "status": "broken",
  "statusDetails": {
    "known": false,
    "muted": false,
    "flaky": false,
    "message": "System.Reflection.TargetInvocationException : Exception has been thrown by the target of an invocation.\n  ----> OpenQA.Selenium.WebDriverTimeoutException : Timed out after 30 seconds\n  ----> OpenQA.Selenium.NoSuchElementException : no such element: Unable to locate element: {\"method\":\"xpath\",\"selector\":\"//div[contains(@class,'items-center q-ml-sm') and contains(text(),'Пучеглазов Антон')]\"}\n  (Session info: chrome=132.0.6834.83); For documentation on this error, please visit: https://www.selenium.dev/documentation/webdriver/troubleshooting/errors#no-such-element-exception",
    "trace": "   at System.Reflection.MethodBaseInvoker.InvokeWithManyArgs(Object obj, BindingFlags invokeAttr, Binder binder, Object[] parameters, CultureInfo culture)\n   at Allure.Net.Commons.Steps.AllureStepAspectBase.Around(String name, Object[] args, Func`2 target, MethodBase metadata, Type returnType)\n   at OdinUiTests.Pages.ChatCommonPage.__a$_around_OpenTaskChatWithName_100666262_w_0(Object[])\n   at OdinUiTests.Pages.ChatCommonPage.OpenTaskChatWithName(String chatName, String studentName)\n   at OdinUiTests.Tests.Chat.TaskMiniChatTests.SetUp() in /azp/_work/2/s/Tests/Chat/MiniChatTests.cs:line 375\n   at InvokeStub_TaskMiniChatTests.SetUp(Object, Object, IntPtr*)\n   at System.Reflection.MethodBaseInvoker.InvokeWithNoArgs(Object obj, BindingFlags invokeAttr)\n--WebDriverTimeoutException\n   at OpenQA.Selenium.Support.UI.DefaultWait`1.ThrowTimeoutException(String exceptionMessage, Exception lastException)\n   at OpenQA.Selenium.Support.UI.DefaultWait`1.Until[TResult](Func`2 condition, CancellationToken token)\n   at OpenQA.Selenium.Support.UI.DefaultWait`1.Until[TResult](Func`2 condition)\n   at OdinUiTests.Pages.ChatCommonPage.__a$_around_OpenTaskChatWithName_100666262_o(String chatName, String studentName) in /azp/_work/2/s/Pages/ChatCommonPage.cs:line 225\n   at OdinUiTests.Pages.ChatCommonPage.__a$_around_OpenTaskChatWithName_100666262_u(Object[])\n   at Allure.Net.Commons.Steps.AllureAbstractStepAspect.WrapSync[T](Func`2 target, Object[] args, MethodBase metadata, String stepName, List`1 stepParameters)\n   at InvokeStub_AllureAbstractStepAspect.WrapSync(Object, Span`1)\n   at System.Reflection.MethodBaseInvoker.InvokeWithManyArgs(Object obj, BindingFlags invokeAttr, Binder binder, Object[] parameters, CultureInfo culture)\n--NoSuchElementException\n   at OpenQA.Selenium.WebDriver.UnpackAndThrowOnError(Response errorResponse, String commandToExecute)\n   at OpenQA.Selenium.WebDriver.ExecuteAsync(String driverCommandToExecute, Dictionary`2 parameters)\n   at SeleniumExtras.WaitHelpers.ExpectedConditions.<>c__DisplayClass19_0.<ElementToBeClickable>b__0(IWebDriver driver)\n   at OpenQA.Selenium.Support.UI.DefaultWait`1.Until[TResult](Func`2 condition, CancellationToken token)"
  },
  "stage": "finished",
  "steps": [
    {
      "name": "Открыть страницу Дашборда",
      "status": "passed",
      "statusDetails": {
        "known": false,
        "muted": false,
        "flaky": false
      },
      "stage": "finished",
      "steps": [],
      "attachments": [],
      "parameters": [],
      "start": 1754577997789,
      "stop": 1754577998139
    },
    {
      "name": "Нажать на кнопку 'Чат' для открытия миничата, если миничат еще не открыт",
      "status": "passed",
      "statusDetails": {
        "known": false,
        "muted": false,
        "flaky": false
      },
      "stage": "finished",
      "steps": [],
      "attachments": [],
      "parameters": [],
      "start": 1754577998139,
      "stop": 1754577998741
    },
    {
      "name": "В панели чатов найти дисциплину по названию и открыть его",
      "status": "passed",
      "statusDetails": {
        "known": false,
        "muted": false,
        "flaky": false
      },
      "stage": "finished",
      "steps": [],
      "attachments": [],
      "parameters": [
        {
          "name": "chatName",
          "value": "\"Основы ООП\"",
          "excluded": false
        }
      ],
      "start": 1754577998741,
      "stop": 1754578003030
    },
    {
      "name": "Нажать на выпадающий список комнат",
      "status": "passed",
      "statusDetails": {
        "known": false,
        "muted": false,
        "flaky": false
      },
      "stage": "finished",
      "steps": [],
      "attachments": [],
      "parameters": [],
      "start": 1754578003030,
      "stop": 1754578003153
    },
    {
      "name": "Открыть решения и выбрать чат студента по названию",
      "status": "broken",
      "statusDetails": {
        "known": false,
        "muted": false,
        "flaky": false,
        "message": "Timed out after 30 seconds",
        "trace": "OpenQA.Selenium.WebDriverTimeoutException: Timed out after 30 seconds\n ---> OpenQA.Selenium.NoSuchElementException: no such element: Unable to locate element: {\"method\":\"xpath\",\"selector\":\"//div[contains(@class,'items-center q-ml-sm') and contains(text(),'Пучеглазов Антон')]\"}\n  (Session info: chrome=132.0.6834.83); For documentation on this error, please visit: https://www.selenium.dev/documentation/webdriver/troubleshooting/errors#no-such-element-exception\n   at OpenQA.Selenium.WebDriver.UnpackAndThrowOnError(Response errorResponse, String commandToExecute)\n   at OpenQA.Selenium.WebDriver.ExecuteAsync(String driverCommandToExecute, Dictionary`2 parameters)\n   at SeleniumExtras.WaitHelpers.ExpectedConditions.<>c__DisplayClass19_0.<ElementToBeClickable>b__0(IWebDriver driver)\n   at OpenQA.Selenium.Support.UI.DefaultWait`1.Until[TResult](Func`2 condition, CancellationToken token)\n   --- End of inner exception stack trace ---\n   at OpenQA.Selenium.Support.UI.DefaultWait`1.ThrowTimeoutException(String exceptionMessage, Exception lastException)\n   at OpenQA.Selenium.Support.UI.DefaultWait`1.Until[TResult](Func`2 condition, CancellationToken token)\n   at OpenQA.Selenium.Support.UI.DefaultWait`1.Until[TResult](Func`2 condition)\n   at OdinUiTests.Pages.ChatCommonPage.__a$_around_OpenTaskChatWithName_100666262_o(String chatName, String studentName) in /azp/_work/2/s/Pages/ChatCommonPage.cs:line 225\n   at OdinUiTests.Pages.ChatCommonPage.__a$_around_OpenTaskChatWithName_100666262_u(Object[])\n   at Allure.Net.Commons.Steps.AllureAbstractStepAspect.WrapSync[T](Func`2 target, Object[] args, MethodBase metadata, String stepName, List`1 stepParameters)"
      },
      "stage": "finished",
      "steps": [],
      "attachments": [],
      "parameters": [
        {
          "name": "chatName",
          "value": "\"Test задание\"",
          "excluded": false
        },
        {
          "name": "studentName",
          "value": "\"Пучеглазов Антон\"",
          "excluded": false
        }
      ],
      "start": 1754578003153,
      "stop": 1754578034141
    }
  ],
  "attachments": [
    {
      "name": "CheckOpenImageInTaskMiniChat.jpg",
      "source": "bae3690f-a198-4cc7-8e43-d55d6c170c8a-attachment.jpg",
      "type": "image/jpeg"
    },
    {
      "name": "Console Output",
      "source": "a1628690-58f7-4b6a-a4d1-929d2df9c545-attachment.txt",
      "type": "text/plain"
    }
  ],
  "parameters": [],
  "start": 1754577997789,
  "stop": 1754578034902
}