{
  "uuid": "ef9287da-3d86-47dc-ab83-8fde4cb9f38a",
  "historyId": "d9feb5f08420b10a000822a9bfeeacef",
  "testCaseId": "3b168225dcb52df378336b6456868d6d",
  "fullName": "OdinUiTests:OdinUiTests.Tests.Chat.GroupChatMessageActionTests.CheckAddQuoteToLeftSideMessageInGroupChat()",
  "labels": [
    {
      "name": "thread",
      "value": "NUnit.Fw.ParallelWorker#1"
    },
    {
      "name": "host",
      "value": "68a6469873bb"
    },
    {
      "name": "language",
      "value": "C#"
    },
    {
      "name": "framework",
      "value": "NUnit 3"
    },
    {
      "name": "package",
      "value": "OdinUiTests.Tests.Chat"
    },
    {
      "name": "testMethod",
      "value": "CheckAddQuoteToLeftSideMessageInGroupChat"
    },
    {
      "name": "testClass",
      "value": "GroupChatMessageActionTests"
    },
    {
      "name": "suite",
      "value": "Чат"
    },
    {
      "name": "subSuite",
      "value": "Групповой чат"
    },
    {
      "name": "severity",
      "value": "normal"
    },
    {
      "name": "tag",
      "value": "Чат"
    },
    {
      "name": "tag",
      "value": "Дежурство"
    },
    {
      "name": "tag",
      "value": "Регресс"
    }
  ],
  "links": [],
  "name": "Можно цитировать сообщение другого участника в групповом чате",
  "status": "broken",
  "statusDetails": {
    "known": false,
    "muted": false,
    "flaky": false,
    "message": "System.Reflection.TargetInvocationException : Exception has been thrown by the target of an invocation.\n  ----> OpenQA.Selenium.WebDriverTimeoutException : Timed out after 30 seconds\n  ----> OpenQA.Selenium.NoSuchElementException : no such element: Unable to locate element: {\"method\":\"xpath\",\"selector\":\"//div[contains(@class,'action-panel')]/ancestor::div[contains(@class,'message-block')]\"}\n  (Session info: chrome=132.0.6834.83); For documentation on this error, please visit: https://www.selenium.dev/documentation/webdriver/troubleshooting/errors#no-such-element-exception",
    "trace": "   at System.Reflection.MethodBaseInvoker.InvokeWithManyArgs(Object obj, BindingFlags invokeAttr, Binder binder, Object[] parameters, CultureInfo culture)\n   at Allure.Net.Commons.Steps.AllureStepAspectBase.Around(String name, Object[] args, Func`2 target, MethodBase metadata, Type returnType)\n   at OdinUiTests.Pages.ChatCommonPage.__a$_around_ChooseLeftMessageToFurtherAction_100666310_w_0(Object[])\n   at OdinUiTests.Pages.ChatCommonPage.ChooseLeftMessageToFurtherAction()\n   at OdinUiTests.Tests.Chat.ChatCommon.AddQuoteToLeftSideMessage(IWebDriver driver, String chatId) in /azp/_work/2/s/Tests/Chat/ChatCommon.cs:line 144\n   at OdinUiTests.Tests.Chat.GroupChatMessageActionTests.CheckAddQuoteToLeftSideMessageInGroupChat() in /azp/_work/2/s/Tests/Chat/ChatTests.cs:line 665\n   at System.RuntimeMethodHandle.InvokeMethod(Object target, Void** arguments, Signature sig, Boolean isConstructor)\n   at System.Reflection.MethodBaseInvoker.InvokeWithNoArgs(Object obj, BindingFlags invokeAttr)\n--WebDriverTimeoutException\n   at OpenQA.Selenium.Support.UI.DefaultWait`1.ThrowTimeoutException(String exceptionMessage, Exception lastException)\n   at OpenQA.Selenium.Support.UI.DefaultWait`1.Until[TResult](Func`2 condition, CancellationToken token)\n   at OpenQA.Selenium.Support.UI.DefaultWait`1.Until[TResult](Func`2 condition)\n   at OdinUiTests.Pages.ChatCommonPage.ChooseLeftMessageToFurtherAction(Boolean needToCheckForDiscussed) in /azp/_work/2/s/Pages/ChatCommonPage.cs:line 1179\n   at OdinUiTests.Pages.ChatCommonPage.__a$_around_ChooseLeftMessageToFurtherAction_100666310_o() in /azp/_work/2/s/Pages/ChatCommonPage.cs:line 1000\n   at OdinUiTests.Pages.ChatCommonPage.__a$_around_ChooseLeftMessageToFurtherAction_100666310_u(Object[])\n   at Allure.Net.Commons.Steps.AllureAbstractStepAspect.WrapSync[T](Func`2 target, Object[] args, MethodBase metadata, String stepName, List`1 stepParameters)\n   at InvokeStub_AllureAbstractStepAspect.WrapSync(Object, Span`1)\n   at System.Reflection.MethodBaseInvoker.InvokeWithManyArgs(Object obj, BindingFlags invokeAttr, Binder binder, Object[] parameters, CultureInfo culture)\n--NoSuchElementException\n   at OpenQA.Selenium.WebDriver.UnpackAndThrowOnError(Response errorResponse, String commandToExecute)\n   at OpenQA.Selenium.WebDriver.ExecuteAsync(String driverCommandToExecute, Dictionary`2 parameters)\n   at SeleniumExtras.WaitHelpers.ExpectedConditions.<>c__DisplayClass19_0.<ElementToBeClickable>b__0(IWebDriver driver)\n   at OpenQA.Selenium.Support.UI.DefaultWait`1.Until[TResult](Func`2 condition, CancellationToken token)"
  },
  "stage": "finished",
  "steps": [
    {
      "name": "Открыть чат по прямой ссылке",
      "status": "passed",
      "statusDetails": {
        "known": false,
        "muted": false,
        "flaky": false
      },
      "stage": "finished",
      "steps": [],
      "attachments": [],
      "parameters": [
        {
          "name": "chatId",
          "value": "\"6330\"",
          "excluded": false
        }
      ],
      "start": 1740120858542,
      "stop": 1740120861449
    },
    {
      "name": "Убедиться, что в чате имеются сообщения от участников чата",
      "status": "broken",
      "statusDetails": {
        "known": false,
        "muted": false,
        "flaky": false,
        "message": "Timed out after 30 seconds",
        "trace": "OpenQA.Selenium.WebDriverTimeoutException: Timed out after 30 seconds\n ---> OpenQA.Selenium.NoSuchElementException: no such element: Unable to locate element: {\"method\":\"xpath\",\"selector\":\"//div[contains(@class,'action-panel')]/ancestor::div[contains(@class,'message-block')]\"}\n  (Session info: chrome=132.0.6834.83); For documentation on this error, please visit: https://www.selenium.dev/documentation/webdriver/troubleshooting/errors#no-such-element-exception\n   at OpenQA.Selenium.WebDriver.UnpackAndThrowOnError(Response errorResponse, String commandToExecute)\n   at OpenQA.Selenium.WebDriver.ExecuteAsync(String driverCommandToExecute, Dictionary`2 parameters)\n   at SeleniumExtras.WaitHelpers.ExpectedConditions.<>c__DisplayClass19_0.<ElementToBeClickable>b__0(IWebDriver driver)\n   at OpenQA.Selenium.Support.UI.DefaultWait`1.Until[TResult](Func`2 condition, CancellationToken token)\n   --- End of inner exception stack trace ---\n   at OpenQA.Selenium.Support.UI.DefaultWait`1.ThrowTimeoutException(String exceptionMessage, Exception lastException)\n   at OpenQA.Selenium.Support.UI.DefaultWait`1.Until[TResult](Func`2 condition, CancellationToken token)\n   at OpenQA.Selenium.Support.UI.DefaultWait`1.Until[TResult](Func`2 condition)\n   at OdinUiTests.Pages.ChatCommonPage.ChooseLeftMessageToFurtherAction(Boolean needToCheckForDiscussed) in /azp/_work/2/s/Pages/ChatCommonPage.cs:line 1179\n   at OdinUiTests.Pages.ChatCommonPage.__a$_around_ChooseLeftMessageToFurtherAction_100666310_o() in /azp/_work/2/s/Pages/ChatCommonPage.cs:line 1000\n   at OdinUiTests.Pages.ChatCommonPage.__a$_around_ChooseLeftMessageToFurtherAction_100666310_u(Object[])\n   at Allure.Net.Commons.Steps.AllureAbstractStepAspect.WrapSync[T](Func`2 target, Object[] args, MethodBase metadata, String stepName, List`1 stepParameters)"
      },
      "stage": "finished",
      "steps": [],
      "attachments": [],
      "parameters": [],
      "start": 1740120861450,
      "stop": 1740120891846
    }
  ],
  "attachments": [
    {
      "name": "CheckAddQuoteToLeftSideMessageInGroupChat.jpg",
      "source": "90913ef9-5dcf-4cb1-ba21-311af0413b66-attachment.jpg",
      "type": "image/jpeg"
    },
    {
      "name": "Console Output",
      "source": "630d6670-abb1-4cc1-9435-bd57115a7a5d-attachment.txt",
      "type": "text/plain"
    }
  ],
  "parameters": [],
  "start": 1740120858541,
  "stop": 1740120895155
}