{
  "uuid": "af835a8c-77cd-4c0c-a90c-5b125f5d0b10",
  "historyId": "51f5b2ae4fd3d477f805f82d5b0b8e13",
  "testCaseId": "09e155013f7c08f30b5508a08f9ee643",
  "fullName": "OdinUiTests:OdinUiTests.Tests.UserProfile.UserInfoPageTests.CheckStudentCanOpenPageOfPassedActivities()",
  "labels": [
    {
      "name": "thread",
      "value": "ParallelWorker#1"
    },
    {
      "name": "host",
      "value": "acb3b0fa2258"
    },
    {
      "name": "language",
      "value": "C#"
    },
    {
      "name": "framework",
      "value": "NUnit 3"
    },
    {
      "name": "package",
      "value": "OdinUiTests.Tests.UserProfile"
    },
    {
      "name": "testMethod",
      "value": "CheckStudentCanOpenPageOfPassedActivities"
    },
    {
      "name": "testClass",
      "value": "UserInfoPageTests"
    },
    {
      "name": "suite",
      "value": "Профиль"
    },
    {
      "name": "severity",
      "value": "critical"
    },
    {
      "name": "tag",
      "value": "Профиль"
    },
    {
      "name": "tag",
      "value": "Дежурство"
    },
    {
      "name": "tag",
      "value": "Регресс"
    }
  ],
  "links": [],
  "name": "Страница профиля пользователя: под студентом можно перейти на страницу пройденных активностей",
  "status": "broken",
  "statusDetails": {
    "known": false,
    "muted": false,
    "flaky": false,
    "message": "OpenQA.Selenium.WebDriverTimeoutException : Timed out after 30 seconds\n  ----> OpenQA.Selenium.NoSuchElementException : no such element: Unable to locate element: {\"method\":\"css selector\",\"selector\":\"[href*='PassedActivities']\"}\n  (Session info: chrome-headless-shell=126.0.6478.126); For documentation on this error, please visit: https://www.selenium.dev/documentation/webdriver/troubleshooting/errors#no-such-element-exception",
    "trace": "   at OpenQA.Selenium.Support.UI.DefaultWait`1.ThrowTimeoutException(String exceptionMessage, Exception lastException)\n   at OpenQA.Selenium.Support.UI.DefaultWait`1.Until[TResult](Func`2 condition, CancellationToken token)\n   at OpenQA.Selenium.Support.UI.DefaultWait`1.Until[TResult](Func`2 condition)\n   at OdinUiTests.Pages.UserProfilePage.__a$_around_ClickOnAllActivities_100667095_o() in /azp/_work/1/s/Pages/UserProfilePage.cs:line 103\n   at OdinUiTests.Pages.UserProfilePage.__a$_around_ClickOnAllActivities_100667095_u(Object[])\n   at Allure.Net.Commons.Steps.AllureAbstractStepAspect.WrapSync[T](Func`2 target, Object[] args, MethodBase metadata, String stepName, List`1 stepParameters)\n   at InvokeStub_AllureAbstractStepAspect.WrapSync(Object, Span`1)\n   at System.Reflection.MethodBaseInvoker.InvokeWithManyArgs(Object obj, BindingFlags invokeAttr, Binder binder, Object[] parameters, CultureInfo culture)\n--NoSuchElementException\n   at OpenQA.Selenium.WebDriver.UnpackAndThrowOnError(Response errorResponse, String commandToExecute)\n   at OpenQA.Selenium.WebDriver.ExecuteAsync(String driverCommandToExecute, Dictionary`2 parameters)\n   at OpenQA.Selenium.WebDriver.Execute(String driverCommandToExecute, Dictionary`2 parameters)\n   at OpenQA.Selenium.WebDriver.FindElement(String mechanism, String value)\n   at SeleniumExtras.WaitHelpers.ExpectedConditions.<>c__DisplayClass19_0.<ElementToBeClickable>b__0(IWebDriver driver)\n   at OpenQA.Selenium.Support.UI.DefaultWait`1.Until[TResult](Func`2 condition, CancellationToken token)"
  },
  "stage": "finished",
  "steps": [
    {
      "name": "Открыть страницу профиля пользователя",
      "status": "passed",
      "statusDetails": {
        "known": false,
        "muted": false,
        "flaky": false
      },
      "stage": "finished",
      "steps": [],
      "attachments": [],
      "parameters": [
        {
          "name": "id",
          "value": "\"36957\"",
          "excluded": false
        }
      ],
      "start": 1729612253682,
      "stop": 1729612254063
    },
    {
      "name": "Нажать на кнопку 'Все активности' в блоке пройденных активностей",
      "status": "broken",
      "statusDetails": {
        "known": false,
        "muted": false,
        "flaky": false,
        "message": "Timed out after 30 seconds",
        "trace": "OpenQA.Selenium.WebDriverTimeoutException: Timed out after 30 seconds\n ---> OpenQA.Selenium.NoSuchElementException: no such element: Unable to locate element: {\"method\":\"css selector\",\"selector\":\"[href*='PassedActivities']\"}\n  (Session info: chrome-headless-shell=126.0.6478.126); For documentation on this error, please visit: https://www.selenium.dev/documentation/webdriver/troubleshooting/errors#no-such-element-exception\n   at OpenQA.Selenium.WebDriver.UnpackAndThrowOnError(Response errorResponse, String commandToExecute)\n   at OpenQA.Selenium.WebDriver.ExecuteAsync(String driverCommandToExecute, Dictionary`2 parameters)\n   at OpenQA.Selenium.WebDriver.Execute(String driverCommandToExecute, Dictionary`2 parameters)\n   at OpenQA.Selenium.WebDriver.FindElement(String mechanism, String value)\n   at SeleniumExtras.WaitHelpers.ExpectedConditions.<>c__DisplayClass19_0.<ElementToBeClickable>b__0(IWebDriver driver)\n   at OpenQA.Selenium.Support.UI.DefaultWait`1.Until[TResult](Func`2 condition, CancellationToken token)\n   --- End of inner exception stack trace ---\n   at OpenQA.Selenium.Support.UI.DefaultWait`1.ThrowTimeoutException(String exceptionMessage, Exception lastException)\n   at OpenQA.Selenium.Support.UI.DefaultWait`1.Until[TResult](Func`2 condition, CancellationToken token)\n   at OpenQA.Selenium.Support.UI.DefaultWait`1.Until[TResult](Func`2 condition)\n   at OdinUiTests.Pages.UserProfilePage.__a$_around_ClickOnAllActivities_100667095_o() in /azp/_work/1/s/Pages/UserProfilePage.cs:line 103\n   at OdinUiTests.Pages.UserProfilePage.__a$_around_ClickOnAllActivities_100667095_u(Object[])\n   at Allure.Net.Commons.Steps.AllureAbstractStepAspect.WrapSync[T](Func`2 target, Object[] args, MethodBase metadata, String stepName, List`1 stepParameters)"
      },
      "stage": "finished",
      "steps": [],
      "attachments": [],
      "parameters": [],
      "start": 1729612254064,
      "stop": 1729612284248
    }
  ],
  "attachments": [
    {
      "name": "CheckStudentCanOpenPageOfPassedActivities.jpg",
      "source": "261da4a0-ed2e-492f-8fdc-49b7de8dd5ef-attachment.jpg",
      "type": "image/jpeg"
    },
    {
      "name": "Console Output",
      "source": "3b10a9e5-6aca-4e90-8473-9416341e1bba-attachment.txt",
      "type": "text/plain"
    }
  ],
  "parameters": [],
  "start": 1729612253679,
  "stop": 1729612284429
}