{
  "uuid": "767a3983-7c33-4f56-bc70-b24dd04681d3",
  "historyId": "3c64a79112034ab1e92d5e9386ef3b45",
  "testCaseId": "e2c284768e5345db1afadee29233779c",
  "fullName": "OdinUiTests:OdinUiTests.Tests.Activity.TestActivityStatusWithOneAttemptTests.CheckNoStatusWithOneIncompleteAttempt(System.String)",
  "labels": [
    {
      "name": "thread",
      "value": "NUnit.Fw.ParallelWorker#3"
    },
    {
      "name": "host",
      "value": "4c9adf7142f6"
    },
    {
      "name": "language",
      "value": "C#"
    },
    {
      "name": "framework",
      "value": "NUnit 3"
    },
    {
      "name": "package",
      "value": "OdinUiTests.Tests.Activity"
    },
    {
      "name": "testMethod",
      "value": "CheckNoStatusWithOneIncompleteAttempt"
    },
    {
      "name": "testClass",
      "value": "TestActivityStatusWithOneAttemptTests"
    },
    {
      "name": "parentSuite",
      "value": "Активность"
    },
    {
      "name": "suite",
      "value": "Контрольная"
    },
    {
      "name": "subSuite",
      "value": "Прохождение теста"
    },
    {
      "name": "severity",
      "value": "critical"
    },
    {
      "name": "tag",
      "value": "Активность"
    },
    {
      "name": "tag",
      "value": "Дежурство"
    },
    {
      "name": "tag",
      "value": "Регресс"
    }
  ],
  "links": [],
  "name": "Отсутствует статус и иконка для одной незавершенной попытки в индивидуальной контрольной",
  "status": "broken",
  "statusDetails": {
    "known": false,
    "muted": false,
    "flaky": false,
    "message": "System.Reflection.TargetInvocationException : Exception has been thrown by the target of an invocation.\n  ----> OpenQA.Selenium.WebDriverTimeoutException : Timed out after 30 seconds\n  ----> OpenQA.Selenium.NoSuchElementException : no such element: Unable to locate element: {\"method\":\"css selector\",\"selector\":\".content-block\"}\n  (Session info: chrome=140.0.7339.127); For documentation on this error, please visit: https://www.selenium.dev/documentation/webdriver/troubleshooting/errors#no-such-element-exception",
    "trace": "   at System.Reflection.MethodBaseInvoker.InvokeWithManyArgs(Object obj, BindingFlags invokeAttr, Binder binder, Object[] parameters, CultureInfo culture)\n   at Allure.Net.Commons.Steps.AllureStepAspectBase.Around(String name, Object[] args, Func`2 target, MethodBase metadata, Type returnType)\n   at OdinUiTests.Pages.ActivityCommonPage.__a$_around_ClickOnGotoTestButton_100666110_w_0(Object[])\n   at OdinUiTests.Pages.ActivityCommonPage.ClickOnGotoTestButton()\n   at OdinUiTests.Tests.Activity.TestActivityStatusWithOneAttemptTests.CheckNoStatusWithOneIncompleteAttempt(String actId) in /azp/_work/2/s/Tests/Activity/TestActivityTests.cs:line 593\n   at System.RuntimeMethodHandle.InvokeMethod(Object target, Void** arguments, Signature sig, Boolean isConstructor)\n   at System.Reflection.MethodBaseInvoker.InvokeDirectByRefWithFewArgs(Object obj, Span`1 copyOfArgs, BindingFlags invokeAttr)\n--WebDriverTimeoutException\n   at OpenQA.Selenium.Support.UI.DefaultWait`1.ThrowTimeoutException(String exceptionMessage, Exception lastException)\n   at OpenQA.Selenium.Support.UI.DefaultWait`1.Until[TResult](Func`2 condition, CancellationToken token)\n   at OpenQA.Selenium.Support.UI.DefaultWait`1.Until[TResult](Func`2 condition)\n   at OdinUiTests.Pages.ActivityCommonPage.__a$_around_ClickOnGotoTestButton_100666110_o() in /azp/_work/2/s/Pages/ActivityCommonPage.cs:line 310\n   at OdinUiTests.Pages.ActivityCommonPage.__a$_around_ClickOnGotoTestButton_100666110_u(Object[])\n   at Allure.Net.Commons.Steps.AllureAbstractStepAspect.WrapSync[T](Func`2 target, Object[] args, MethodBase metadata, String stepName, List`1 stepParameters)\n   at InvokeStub_AllureAbstractStepAspect.WrapSync(Object, Span`1)\n   at System.Reflection.MethodBaseInvoker.InvokeWithManyArgs(Object obj, BindingFlags invokeAttr, Binder binder, Object[] parameters, CultureInfo culture)\n--NoSuchElementException\n   at OpenQA.Selenium.WebDriver.UnpackAndThrowOnError(Response errorResponse, String commandToExecute)\n   at OpenQA.Selenium.WebDriver.ExecuteAsync(String driverCommandToExecute, Dictionary`2 parameters)\n   at SeleniumExtras.WaitHelpers.ExpectedConditions.<>c__DisplayClass7_0.<ElementIsVisible>b__0(IWebDriver driver)\n   at OpenQA.Selenium.Support.UI.DefaultWait`1.Until[TResult](Func`2 condition, CancellationToken token)"
  },
  "stage": "finished",
  "steps": [
    {
      "name": "Открыть страницу активности",
      "status": "passed",
      "statusDetails": {
        "known": false,
        "muted": false,
        "flaky": false
      },
      "stage": "finished",
      "steps": [],
      "attachments": [],
      "parameters": [
        {
          "name": "activityId",
          "value": "\"90155\"",
          "excluded": false
        }
      ],
      "start": 1759473268003,
      "stop": 1759473271388
    },
    {
      "name": "Нажать на кнопку 'Перейти к тесту' со страницы активности",
      "status": "broken",
      "statusDetails": {
        "known": false,
        "muted": false,
        "flaky": false,
        "message": "Timed out after 30 seconds",
        "trace": "OpenQA.Selenium.WebDriverTimeoutException: Timed out after 30 seconds\n ---> OpenQA.Selenium.NoSuchElementException: no such element: Unable to locate element: {\"method\":\"css selector\",\"selector\":\".content-block\"}\n  (Session info: chrome=140.0.7339.127); For documentation on this error, please visit: https://www.selenium.dev/documentation/webdriver/troubleshooting/errors#no-such-element-exception\n   at OpenQA.Selenium.WebDriver.UnpackAndThrowOnError(Response errorResponse, String commandToExecute)\n   at OpenQA.Selenium.WebDriver.ExecuteAsync(String driverCommandToExecute, Dictionary`2 parameters)\n   at SeleniumExtras.WaitHelpers.ExpectedConditions.<>c__DisplayClass7_0.<ElementIsVisible>b__0(IWebDriver driver)\n   at OpenQA.Selenium.Support.UI.DefaultWait`1.Until[TResult](Func`2 condition, CancellationToken token)\n   --- End of inner exception stack trace ---\n   at OpenQA.Selenium.Support.UI.DefaultWait`1.ThrowTimeoutException(String exceptionMessage, Exception lastException)\n   at OpenQA.Selenium.Support.UI.DefaultWait`1.Until[TResult](Func`2 condition, CancellationToken token)\n   at OpenQA.Selenium.Support.UI.DefaultWait`1.Until[TResult](Func`2 condition)\n   at OdinUiTests.Pages.ActivityCommonPage.__a$_around_ClickOnGotoTestButton_100666110_o() in /azp/_work/2/s/Pages/ActivityCommonPage.cs:line 310\n   at OdinUiTests.Pages.ActivityCommonPage.__a$_around_ClickOnGotoTestButton_100666110_u(Object[])\n   at Allure.Net.Commons.Steps.AllureAbstractStepAspect.WrapSync[T](Func`2 target, Object[] args, MethodBase metadata, String stepName, List`1 stepParameters)"
      },
      "stage": "finished",
      "steps": [],
      "attachments": [],
      "parameters": [],
      "start": 1759473271388,
      "stop": 1759473301688
    }
  ],
  "attachments": [
    {
      "name": "CheckNoStatusWithOneIncompleteAttempt.jpg",
      "source": "e2d7d09b-583f-4d79-8884-e48037065d10-attachment.jpg",
      "type": "image/jpeg"
    },
    {
      "name": "Console Output",
      "source": "a88c0681-25de-4e9e-b71c-c0a4ba378f97-attachment.txt",
      "type": "text/plain"
    }
  ],
  "parameters": [
    {
      "name": "actId",
      "value": "\"90155\"",
      "excluded": false
    }
  ],
  "start": 1759473266888,
  "stop": 1759473302386
}