{
  "uuid": "d04deea0-2e07-45fc-8129-caecf169384f",
  "historyId": "d8c32529110ac84875c25e190da3c858",
  "testCaseId": "ca5f14202156f643fe2585525c1d93b9",
  "fullName": "OdinUiTests:OdinUiTests.Tests.Exams.ExamCreateEditTests.CreateExamRVP()",
  "labels": [
    {
      "name": "thread",
      "value": "ParallelWorker#8"
    },
    {
      "name": "host",
      "value": "0f039823d780"
    },
    {
      "name": "language",
      "value": "C#"
    },
    {
      "name": "framework",
      "value": "NUnit 3"
    },
    {
      "name": "package",
      "value": "OdinUiTests.Tests.Exams"
    },
    {
      "name": "testMethod",
      "value": "CreateExamRVP"
    },
    {
      "name": "testClass",
      "value": "ExamCreateEditTests"
    },
    {
      "name": "suite",
      "value": "Экзамен"
    },
    {
      "name": "severity",
      "value": "normal"
    },
    {
      "name": "tag",
      "value": "Экзамен"
    },
    {
      "name": "tag",
      "value": "Дежурство"
    },
    {
      "name": "tag",
      "value": "Регресс"
    }
  ],
  "links": [],
  "name": "Создание экзамена РВП",
  "status": "broken",
  "statusDetails": {
    "known": false,
    "muted": false,
    "flaky": false,
    "message": "OpenQA.Selenium.WebDriverTimeoutException : Timed out after 30 seconds\n  ----> OpenQA.Selenium.NoSuchElementException : no such element: Unable to locate element: {\"method\":\"xpath\",\"selector\":\"//div[text()='Тип активности']/parent::div\"}\n  (Session info: chrome-headless-shell=126.0.6478.126); For documentation on this error, please visit: https://www.selenium.dev/documentation/webdriver/troubleshooting/errors#no-such-element-exception",
    "trace": "   at OpenQA.Selenium.Support.UI.DefaultWait`1.ThrowTimeoutException(String exceptionMessage, Exception lastException)\n   at OpenQA.Selenium.Support.UI.DefaultWait`1.Until[TResult](Func`2 condition, CancellationToken token)\n   at OpenQA.Selenium.Support.UI.DefaultWait`1.Until[TResult](Func`2 condition)\n   at OdinUiTests.Services.CommonService.SelectValueFromDropdown(IWebDriver driver, String type) in /azp/_work/2/s/Services/CommonService.cs:line 748\n   at OdinUiTests.Pages.CohortCreateEditPage.<>c__DisplayClass66_0.<SetExamType>b__0() in /azp/_work/2/s/Pages/CohortCreateEditPage.cs:line 302\n   at Allure.Net.Commons.AllureApi.ExecuteAction[T](String name, Action`1 start, Func`1 action, Action`1 resolve)\n   at Allure.Net.Commons.AllureApi.Step(String name, Action action)\n   at OdinUiTests.Pages.CohortCreateEditPage.SetExamType(String type) in /azp/_work/2/s/Pages/CohortCreateEditPage.cs:line 298\n   at OdinUiTests.Tests.Exams.ExamCreateEditTests.CreateExamRVP() in /azp/_work/2/s/Tests/Exams/TestCenterTests.cs:line 137\n   at System.RuntimeMethodHandle.InvokeMethod(Object target, Void** arguments, Signature sig, Boolean isConstructor)\n   at System.Reflection.MethodBaseInvoker.InvokeWithNoArgs(Object obj, BindingFlags invokeAttr)\n--NoSuchElementException\n   at OpenQA.Selenium.WebDriver.UnpackAndThrowOnError(Response errorResponse, String commandToExecute)\n   at OpenQA.Selenium.WebDriver.ExecuteAsync(String driverCommandToExecute, Dictionary`2 parameters)\n   at SeleniumExtras.WaitHelpers.ExpectedConditions.<>c__DisplayClass19_0.<ElementToBeClickable>b__0(IWebDriver driver)\n   at OpenQA.Selenium.Support.UI.DefaultWait`1.Until[TResult](Func`2 condition, CancellationToken token)"
  },
  "stage": "finished",
  "steps": [
    {
      "name": "Открыть страницу образовательной программы",
      "status": "passed",
      "statusDetails": {
        "known": false,
        "muted": false,
        "flaky": false
      },
      "stage": "finished",
      "steps": [],
      "attachments": [],
      "parameters": [
        {
          "name": "programId",
          "value": "\"17251\"",
          "excluded": false
        }
      ],
      "start": 1729578288086,
      "stop": 1729578288317
    },
    {
      "name": "Нажать на кнопку 'Добавить' для добавления потока",
      "status": "passed",
      "statusDetails": {
        "known": false,
        "muted": false,
        "flaky": false
      },
      "stage": "finished",
      "steps": [],
      "attachments": [],
      "parameters": [],
      "start": 1729578288317,
      "stop": 1729578290473
    },
    {
      "name": "В поле 'Тип экзамена' выбрать значение 'РВП'",
      "status": "broken",
      "statusDetails": {
        "known": false,
        "muted": false,
        "flaky": false,
        "message": "Timed out after 30 seconds",
        "trace": "OpenQA.Selenium.WebDriverTimeoutException: Timed out after 30 seconds\n ---> OpenQA.Selenium.NoSuchElementException: no such element: Unable to locate element: {\"method\":\"xpath\",\"selector\":\"//div[text()='Тип активности']/parent::div\"}\n  (Session info: chrome-headless-shell=126.0.6478.126); For documentation on this error, please visit: https://www.selenium.dev/documentation/webdriver/troubleshooting/errors#no-such-element-exception\n   at OpenQA.Selenium.WebDriver.UnpackAndThrowOnError(Response errorResponse, String commandToExecute)\n   at OpenQA.Selenium.WebDriver.ExecuteAsync(String driverCommandToExecute, Dictionary`2 parameters)\n   at SeleniumExtras.WaitHelpers.ExpectedConditions.<>c__DisplayClass19_0.<ElementToBeClickable>b__0(IWebDriver driver)\n   at OpenQA.Selenium.Support.UI.DefaultWait`1.Until[TResult](Func`2 condition, CancellationToken token)\n   --- End of inner exception stack trace ---\n   at OpenQA.Selenium.Support.UI.DefaultWait`1.ThrowTimeoutException(String exceptionMessage, Exception lastException)\n   at OpenQA.Selenium.Support.UI.DefaultWait`1.Until[TResult](Func`2 condition, CancellationToken token)\n   at OpenQA.Selenium.Support.UI.DefaultWait`1.Until[TResult](Func`2 condition)\n   at OdinUiTests.Services.CommonService.SelectValueFromDropdown(IWebDriver driver, String type) in /azp/_work/2/s/Services/CommonService.cs:line 748\n   at OdinUiTests.Pages.CohortCreateEditPage.<>c__DisplayClass66_0.<SetExamType>b__0() in /azp/_work/2/s/Pages/CohortCreateEditPage.cs:line 302\n   at Allure.Net.Commons.AllureApi.ExecuteAction[T](String name, Action`1 start, Func`1 action, Action`1 resolve)\n   at Allure.Net.Commons.AllureApi.Step(String name, Action action)\n   at OdinUiTests.Pages.CohortCreateEditPage.SetExamType(String type) in /azp/_work/2/s/Pages/CohortCreateEditPage.cs:line 298\n   at OdinUiTests.Tests.Exams.ExamCreateEditTests.CreateExamRVP() in /azp/_work/2/s/Tests/Exams/TestCenterTests.cs:line 137\n   at System.RuntimeMethodHandle.InvokeMethod(Object target, Void** arguments, Signature sig, Boolean isConstructor)\n   at System.Reflection.MethodBaseInvoker.InvokeWithNoArgs(Object obj, BindingFlags invokeAttr)"
      },
      "stage": "finished",
      "steps": [],
      "attachments": [],
      "parameters": [],
      "start": 1729578290473,
      "stop": 1729578321482
    }
  ],
  "attachments": [
    {
      "name": "CreateExamRVP.jpg",
      "source": "c1666ed2-2359-4e78-b2c0-975f06230f1a-attachment.jpg",
      "type": "image/jpeg"
    },
    {
      "name": "Console Output",
      "source": "29f98ac1-0a32-4e8b-89ad-902ad01a061f-attachment.txt",
      "type": "text/plain"
    }
  ],
  "parameters": [],
  "start": 1729578288085,
  "stop": 1729578321648
}