{
  "uuid": "9b929944-60d5-4c92-b0ae-801d5d4a254d",
  "historyId": "51403c45afdf676bd40a9aa84f53e41a",
  "testCaseId": "5e170d30d9e6a5a09bd855834fd56312",
  "fullName": "OdinUiTests:OdinUiTests.Tests.Library.TestSettingsValidationTests.AddTagInTest()",
  "labels": [
    {
      "name": "thread",
      "value": "ParallelWorker#6"
    },
    {
      "name": "host",
      "value": "b27e178fb93a"
    },
    {
      "name": "language",
      "value": "C#"
    },
    {
      "name": "framework",
      "value": "NUnit 3"
    },
    {
      "name": "package",
      "value": "OdinUiTests.Tests.Library"
    },
    {
      "name": "testMethod",
      "value": "AddTagInTest"
    },
    {
      "name": "testClass",
      "value": "TestSettingsValidationTests"
    },
    {
      "name": "suite",
      "value": "Материал"
    },
    {
      "name": "subSuite",
      "value": "Конструктор теста"
    },
    {
      "name": "severity",
      "value": "critical"
    },
    {
      "name": "tag",
      "value": "Материал"
    },
    {
      "name": "tag",
      "value": "Дежурство"
    },
    {
      "name": "tag",
      "value": "Регресс"
    }
  ],
  "links": [],
  "name": "Конструктор теста: можно добавлять теги знаний",
  "status": "broken",
  "statusDetails": {
    "known": false,
    "muted": false,
    "flaky": false,
    "message": "OpenQA.Selenium.WebDriverTimeoutException : Timed out after 30 seconds\n  ----> OpenQA.Selenium.NoSuchElementException : no such element: Unable to locate element: {\"method\":\"xpath\",\"selector\":\"//div[contains(text(),'Сохранено')]\"}\n  (Session info: chrome=132.0.6834.83); For documentation on this error, please visit: https://www.selenium.dev/documentation/webdriver/troubleshooting/errors#no-such-element-exception",
    "trace": "   at OpenQA.Selenium.Support.UI.DefaultWait`1.ThrowTimeoutException(String exceptionMessage, Exception lastException)\n   at OpenQA.Selenium.Support.UI.DefaultWait`1.Until[TResult](Func`2 condition, CancellationToken token)\n   at OpenQA.Selenium.Support.UI.DefaultWait`1.Until[TResult](Func`2 condition)\n   at OdinUiTests.Pages.TestCommonEditPage.WaitUntillSaveChangesSpinnerIsDisappear() in /azp/_work/1/s/Pages/TestCommonEditPage.cs:line 859\n   at OdinUiTests.Pages.TestCommonEditPage.<AddTag>b__103_0() in /azp/_work/1/s/Pages/TestCommonEditPage.cs:line 631\n   at Allure.Net.Commons.AllureApi.ExecuteAction[T](String name, Action`1 start, Func`1 action, Action`1 resolve)\n   at Allure.Net.Commons.AllureApi.Step(String name, Action action)\n   at OdinUiTests.Pages.TestCommonEditPage.AddTag(Boolean isTestTrain) in /azp/_work/1/s/Pages/TestCommonEditPage.cs:line 629\n   at OdinUiTests.Tests.Library.TestCreateEditCommon.AddTag(IWebDriver driver, Boolean isTestTrain, String id) in /azp/_work/1/s/Tests/Library/TestCreateEditCommon.cs:line 54\n   at OdinUiTests.Tests.Library.TestSettingsValidationTests.AddTagInTest() in /azp/_work/1/s/Tests/Library/TestCreateEditTests.cs:line 92\n   at System.RuntimeMethodHandle.InvokeMethod(Object target, Void** arguments, Signature sig, Boolean isConstructor)\n   at System.Reflection.MethodBaseInvoker.InvokeWithNoArgs(Object obj, BindingFlags invokeAttr)\n--NoSuchElementException\n   at OpenQA.Selenium.WebDriver.UnpackAndThrowOnError(Response errorResponse, String commandToExecute)\n   at OpenQA.Selenium.WebDriver.ExecuteAsync(String driverCommandToExecute, Dictionary`2 parameters)\n   at SeleniumExtras.WaitHelpers.ExpectedConditions.<>c__DisplayClass7_0.<ElementIsVisible>b__0(IWebDriver driver)\n   at OpenQA.Selenium.Support.UI.DefaultWait`1.Until[TResult](Func`2 condition, CancellationToken token)"
  },
  "stage": "finished",
  "steps": [
    {
      "name": "Открыть страницу редактирования теста",
      "status": "passed",
      "stage": "finished",
      "steps": [],
      "attachments": [],
      "parameters": [],
      "start": 1737568019007,
      "stop": 1737568019273
    },
    {
      "name": "Добавить тег знаний в тест",
      "status": "broken",
      "statusDetails": {
        "known": false,
        "muted": false,
        "flaky": false,
        "message": "Timed out after 30 seconds",
        "trace": "OpenQA.Selenium.WebDriverTimeoutException: Timed out after 30 seconds\n ---> OpenQA.Selenium.NoSuchElementException: no such element: Unable to locate element: {\"method\":\"xpath\",\"selector\":\"//div[contains(text(),'Сохранено')]\"}\n  (Session info: chrome=132.0.6834.83); For documentation on this error, please visit: https://www.selenium.dev/documentation/webdriver/troubleshooting/errors#no-such-element-exception\n   at OpenQA.Selenium.WebDriver.UnpackAndThrowOnError(Response errorResponse, String commandToExecute)\n   at OpenQA.Selenium.WebDriver.ExecuteAsync(String driverCommandToExecute, Dictionary`2 parameters)\n   at SeleniumExtras.WaitHelpers.ExpectedConditions.<>c__DisplayClass7_0.<ElementIsVisible>b__0(IWebDriver driver)\n   at OpenQA.Selenium.Support.UI.DefaultWait`1.Until[TResult](Func`2 condition, CancellationToken token)\n   --- End of inner exception stack trace ---\n   at OpenQA.Selenium.Support.UI.DefaultWait`1.ThrowTimeoutException(String exceptionMessage, Exception lastException)\n   at OpenQA.Selenium.Support.UI.DefaultWait`1.Until[TResult](Func`2 condition, CancellationToken token)\n   at OpenQA.Selenium.Support.UI.DefaultWait`1.Until[TResult](Func`2 condition)\n   at OdinUiTests.Pages.TestCommonEditPage.WaitUntillSaveChangesSpinnerIsDisappear() in /azp/_work/1/s/Pages/TestCommonEditPage.cs:line 859\n   at OdinUiTests.Pages.TestCommonEditPage.<AddTag>b__103_0() in /azp/_work/1/s/Pages/TestCommonEditPage.cs:line 631\n   at Allure.Net.Commons.AllureApi.ExecuteAction[T](String name, Action`1 start, Func`1 action, Action`1 resolve)\n   at Allure.Net.Commons.AllureApi.Step(String name, Action action)\n   at OdinUiTests.Pages.TestCommonEditPage.AddTag(Boolean isTestTrain) in /azp/_work/1/s/Pages/TestCommonEditPage.cs:line 629\n   at OdinUiTests.Tests.Library.TestCreateEditCommon.AddTag(IWebDriver driver, Boolean isTestTrain, String id) in /azp/_work/1/s/Tests/Library/TestCreateEditCommon.cs:line 54\n   at OdinUiTests.Tests.Library.TestSettingsValidationTests.AddTagInTest() in /azp/_work/1/s/Tests/Library/TestCreateEditTests.cs:line 92\n   at System.RuntimeMethodHandle.InvokeMethod(Object target, Void** arguments, Signature sig, Boolean isConstructor)\n   at System.Reflection.MethodBaseInvoker.InvokeWithNoArgs(Object obj, BindingFlags invokeAttr)"
      },
      "stage": "finished",
      "steps": [],
      "attachments": [],
      "parameters": [],
      "start": 1737568019273,
      "stop": 1737568050773
    }
  ],
  "attachments": [
    {
      "name": "AddTagInTest.jpg",
      "source": "acc0173d-ff0d-4bbd-95d7-6f9f80fd41c4-attachment.jpg",
      "type": "image/jpeg"
    },
    {
      "name": "Console Output",
      "source": "5df9ab88-0797-427a-b6dd-9d7da5b36249-attachment.txt",
      "type": "text/plain"
    }
  ],
  "parameters": [],
  "start": 1737568018960,
  "stop": 1737568052177
}