{
  "uuid": "04f00456-5b6a-4899-af21-23eeae6dc4f2",
  "historyId": "0184c88c044660b1143303f75395dbf8",
  "testCaseId": "fa25abead29b41da47657d28239ba6ef",
  "fullName": "OdinUiTests:OdinUiTests.Tests.Cohort.CohortEditingValidationTests.CheckEditCohortIfNameNotFilled()",
  "labels": [
    {
      "name": "thread",
      "value": "ParallelWorker#4"
    },
    {
      "name": "host",
      "value": "c8adafc4b2d1"
    },
    {
      "name": "language",
      "value": "C#"
    },
    {
      "name": "framework",
      "value": "NUnit 3"
    },
    {
      "name": "package",
      "value": "OdinUiTests.Tests.Cohort"
    },
    {
      "name": "testMethod",
      "value": "CheckEditCohortIfNameNotFilled"
    },
    {
      "name": "testClass",
      "value": "CohortEditingValidationTests"
    },
    {
      "name": "suite",
      "value": "Поток"
    },
    {
      "name": "subSuite",
      "value": "Редактирование потока"
    },
    {
      "name": "severity",
      "value": "normal"
    },
    {
      "name": "tag",
      "value": "Поток"
    },
    {
      "name": "tag",
      "value": "Дежурство"
    },
    {
      "name": "tag",
      "value": "Регресс"
    }
  ],
  "links": [],
  "name": "Редактирование потока: ошибка валидации, если название не заполнено",
  "status": "broken",
  "statusDetails": {
    "known": false,
    "muted": false,
    "flaky": false,
    "message": "OpenQA.Selenium.WebDriverTimeoutException : Timed out after 30 seconds\n  ----> OpenQA.Selenium.NoSuchElementException : no such element: Unable to locate element: {\"method\":\"xpath\",\"selector\":\"//input[@aria-label='Название*']\"}\n  (Session info: chrome-headless-shell=126.0.6478.126); For documentation on this error, please visit: https://www.selenium.dev/documentation/webdriver/troubleshooting/errors#no-such-element-exception",
    "trace": "   at OpenQA.Selenium.Support.UI.DefaultWait`1.ThrowTimeoutException(String exceptionMessage, Exception lastException)\n   at OpenQA.Selenium.Support.UI.DefaultWait`1.Until[TResult](Func`2 condition, CancellationToken token)\n   at OpenQA.Selenium.Support.UI.DefaultWait`1.Until[TResult](Func`2 condition)\n   at OdinUiTests.Pages.CohortCreateEditPage.EditNameField(String name) in /azp/_work/1/s/Pages/CohortCreateEditPage.cs:line 99\n   at OdinUiTests.Pages.CohortCreateEditPage.__a$_around_ClearValueInNameField_100666399_o() in /azp/_work/1/s/Pages/CohortCreateEditPage.cs:line 108\n   at OdinUiTests.Pages.CohortCreateEditPage.__a$_around_ClearValueInNameField_100666399_u(Object[])\n   at Allure.Net.Commons.Steps.AllureAbstractStepAspect.WrapSync[T](Func`2 target, Object[] args, MethodBase metadata, String stepName, List`1 stepParameters)\n   at InvokeStub_AllureAbstractStepAspect.WrapSync(Object, Span`1)\n   at System.Reflection.MethodBaseInvoker.InvokeWithManyArgs(Object obj, BindingFlags invokeAttr, Binder binder, Object[] parameters, CultureInfo culture)\n--NoSuchElementException\n   at OpenQA.Selenium.WebDriver.UnpackAndThrowOnError(Response errorResponse, String commandToExecute)\n   at OpenQA.Selenium.WebDriver.ExecuteAsync(String driverCommandToExecute, Dictionary`2 parameters)\n   at SeleniumExtras.WaitHelpers.ExpectedConditions.<>c__DisplayClass19_0.<ElementToBeClickable>b__0(IWebDriver driver)\n   at OpenQA.Selenium.Support.UI.DefaultWait`1.Until[TResult](Func`2 condition, CancellationToken token)"
  },
  "stage": "finished",
  "steps": [
    {
      "name": "Открыть страницу редактирование потока",
      "status": "passed",
      "statusDetails": {
        "known": false,
        "muted": false,
        "flaky": false
      },
      "stage": "finished",
      "steps": [],
      "attachments": [],
      "parameters": [
        {
          "name": "cohortId",
          "value": "\"10\"",
          "excluded": false
        }
      ],
      "start": 1733295527847,
      "stop": 1733295528372
    },
    {
      "name": "Очистить значение в поле 'Название'",
      "status": "broken",
      "statusDetails": {
        "known": false,
        "muted": false,
        "flaky": false,
        "message": "Timed out after 30 seconds",
        "trace": "OpenQA.Selenium.WebDriverTimeoutException: Timed out after 30 seconds\n ---> OpenQA.Selenium.NoSuchElementException: no such element: Unable to locate element: {\"method\":\"xpath\",\"selector\":\"//input[@aria-label='Название*']\"}\n  (Session info: chrome-headless-shell=126.0.6478.126); For documentation on this error, please visit: https://www.selenium.dev/documentation/webdriver/troubleshooting/errors#no-such-element-exception\n   at OpenQA.Selenium.WebDriver.UnpackAndThrowOnError(Response errorResponse, String commandToExecute)\n   at OpenQA.Selenium.WebDriver.ExecuteAsync(String driverCommandToExecute, Dictionary`2 parameters)\n   at SeleniumExtras.WaitHelpers.ExpectedConditions.<>c__DisplayClass19_0.<ElementToBeClickable>b__0(IWebDriver driver)\n   at OpenQA.Selenium.Support.UI.DefaultWait`1.Until[TResult](Func`2 condition, CancellationToken token)\n   --- End of inner exception stack trace ---\n   at OpenQA.Selenium.Support.UI.DefaultWait`1.ThrowTimeoutException(String exceptionMessage, Exception lastException)\n   at OpenQA.Selenium.Support.UI.DefaultWait`1.Until[TResult](Func`2 condition, CancellationToken token)\n   at OpenQA.Selenium.Support.UI.DefaultWait`1.Until[TResult](Func`2 condition)\n   at OdinUiTests.Pages.CohortCreateEditPage.EditNameField(String name) in /azp/_work/1/s/Pages/CohortCreateEditPage.cs:line 99\n   at OdinUiTests.Pages.CohortCreateEditPage.__a$_around_ClearValueInNameField_100666399_o() in /azp/_work/1/s/Pages/CohortCreateEditPage.cs:line 108\n   at OdinUiTests.Pages.CohortCreateEditPage.__a$_around_ClearValueInNameField_100666399_u(Object[])\n   at Allure.Net.Commons.Steps.AllureAbstractStepAspect.WrapSync[T](Func`2 target, Object[] args, MethodBase metadata, String stepName, List`1 stepParameters)"
      },
      "stage": "finished",
      "steps": [],
      "attachments": [],
      "parameters": [],
      "start": 1733295528373,
      "stop": 1733295558541
    }
  ],
  "attachments": [
    {
      "name": "CheckEditCohortIfNameNotFilled.jpg",
      "source": "47c32dbc-92c8-476d-909c-a5fe8900258e-attachment.jpg",
      "type": "image/jpeg"
    },
    {
      "name": "Console Output",
      "source": "797f7281-8148-4a17-b86b-32c884271b7e-attachment.txt",
      "type": "text/plain"
    }
  ],
  "parameters": [],
  "start": 1733295527847,
  "stop": 1733295558835
}