{
  "uuid": "30f526a5-3631-403e-b3de-0a0daf8b5cfd",
  "historyId": "6cb7c8dc50223e4389626ca634d7c062",
  "testCaseId": "d5ab1cc0f299fc11ff2c3f561ba5e7ff",
  "fullName": "OdinUiTests:OdinUiTests.Tests.Organization.OrganizationEditingTests.CheckUnableToRemoveDefaultResolution()",
  "labels": [
    {
      "name": "thread",
      "value": "NUnit.Fw.ParallelWorker#8"
    },
    {
      "name": "host",
      "value": "cd766775ffee"
    },
    {
      "name": "language",
      "value": "C#"
    },
    {
      "name": "framework",
      "value": "NUnit 3"
    },
    {
      "name": "package",
      "value": "OdinUiTests.Tests.Organization"
    },
    {
      "name": "testMethod",
      "value": "CheckUnableToRemoveDefaultResolution"
    },
    {
      "name": "testClass",
      "value": "OrganizationEditingTests"
    },
    {
      "name": "suite",
      "value": "Организация"
    },
    {
      "name": "subSuite",
      "value": "Редактирование организации"
    },
    {
      "name": "severity",
      "value": "minor"
    },
    {
      "name": "tag",
      "value": "Организация"
    },
    {
      "name": "tag",
      "value": "Дежурство"
    },
    {
      "name": "tag",
      "value": "Регресс"
    }
  ],
  "links": [],
  "name": "Нельзя удалить резолюцию по умолчанию",
  "status": "broken",
  "statusDetails": {
    "known": false,
    "muted": false,
    "flaky": false,
    "message": "System.Reflection.TargetInvocationException : Exception has been thrown by the target of an invocation.\n  ----> OpenQA.Selenium.WebDriverTimeoutException : Timed out after 30 seconds\n  ----> OpenQA.Selenium.NoSuchElementException : no such element: Unable to locate element: {\"method\":\"xpath\",\"selector\":\"//div[@class='chip-item' and contains(text(),'Экзамен проведён с нарушениями')]\"}\n  (Session info: chrome=132.0.6834.83); For documentation on this error, please visit: https://www.selenium.dev/documentation/webdriver/troubleshooting/errors#no-such-element-exception",
    "trace": "   at System.Reflection.MethodBaseInvoker.InvokeWithManyArgs(Object obj, BindingFlags invokeAttr, Binder binder, Object[] parameters, CultureInfo culture)\n   at Allure.Net.Commons.Steps.AllureStepAspectBase.Around(String name, Object[] args, Func`2 target, MethodBase metadata, Type returnType)\n   at OdinUiTests.Pages.OrganizationCommonPage.__a$_around_TryToRemoveDefaultReoslution_100666960_w_0(Object[])\n   at OdinUiTests.Pages.OrganizationCommonPage.TryToRemoveDefaultReoslution(Dictionary`2 resInfo)\n   at OdinUiTests.Tests.Organization.OrganizationEditingTests.CheckUnableToRemoveDefaultResolution() in /azp/_work/1/s/Tests/Organization/OrganizationTests.cs:line 123\n   at System.RuntimeMethodHandle.InvokeMethod(Object target, Void** arguments, Signature sig, Boolean isConstructor)\n   at System.Reflection.MethodBaseInvoker.InvokeWithNoArgs(Object obj, BindingFlags invokeAttr)\n--WebDriverTimeoutException\n   at OpenQA.Selenium.Support.UI.DefaultWait`1.ThrowTimeoutException(String exceptionMessage, Exception lastException)\n   at OpenQA.Selenium.Support.UI.DefaultWait`1.Until[TResult](Func`2 condition, CancellationToken token)\n   at OpenQA.Selenium.Support.UI.DefaultWait`1.Until[TResult](Func`2 condition)\n   at OdinUiTests.Pages.OrganizationCommonPage.__a$_around_TryToRemoveDefaultReoslution_100666960_o(Dictionary`2 resInfo) in /azp/_work/1/s/Pages/OrganizationCommonPage.cs:line 315\n   at OdinUiTests.Pages.OrganizationCommonPage.__a$_around_TryToRemoveDefaultReoslution_100666960_u(Object[])\n   at Allure.Net.Commons.Steps.AllureAbstractStepAspect.WrapSync[T](Func`2 target, Object[] args, MethodBase metadata, String stepName, List`1 stepParameters)\n   at InvokeStub_AllureAbstractStepAspect.WrapSync(Object, Span`1)\n   at System.Reflection.MethodBaseInvoker.InvokeWithManyArgs(Object obj, BindingFlags invokeAttr, Binder binder, Object[] parameters, CultureInfo culture)\n--NoSuchElementException\n   at OpenQA.Selenium.WebDriver.UnpackAndThrowOnError(Response errorResponse, String commandToExecute)\n   at OpenQA.Selenium.WebDriver.ExecuteAsync(String driverCommandToExecute, Dictionary`2 parameters)\n   at SeleniumExtras.WaitHelpers.ExpectedConditions.<>c__DisplayClass19_0.<ElementToBeClickable>b__0(IWebDriver driver)\n   at OpenQA.Selenium.Support.UI.DefaultWait`1.Until[TResult](Func`2 condition, CancellationToken token)"
  },
  "stage": "finished",
  "steps": [
    {
      "name": "Открыть страницу редактирования организации",
      "status": "passed",
      "statusDetails": {
        "known": false,
        "muted": false,
        "flaky": false
      },
      "stage": "finished",
      "steps": [],
      "attachments": [],
      "parameters": [
        {
          "name": "organizationId",
          "value": "\"1\"",
          "excluded": false
        }
      ],
      "start": 1747632927365,
      "stop": 1747632927707
    },
    {
      "name": "Попытаться удалить резолюцию по умолчанию",
      "status": "broken",
      "statusDetails": {
        "known": false,
        "muted": false,
        "flaky": false,
        "message": "Timed out after 30 seconds",
        "trace": "OpenQA.Selenium.WebDriverTimeoutException: Timed out after 30 seconds\n ---> OpenQA.Selenium.NoSuchElementException: no such element: Unable to locate element: {\"method\":\"xpath\",\"selector\":\"//div[@class='chip-item' and contains(text(),'Экзамен проведён с нарушениями')]\"}\n  (Session info: chrome=132.0.6834.83); For documentation on this error, please visit: https://www.selenium.dev/documentation/webdriver/troubleshooting/errors#no-such-element-exception\n   at OpenQA.Selenium.WebDriver.UnpackAndThrowOnError(Response errorResponse, String commandToExecute)\n   at OpenQA.Selenium.WebDriver.ExecuteAsync(String driverCommandToExecute, Dictionary`2 parameters)\n   at SeleniumExtras.WaitHelpers.ExpectedConditions.<>c__DisplayClass19_0.<ElementToBeClickable>b__0(IWebDriver driver)\n   at OpenQA.Selenium.Support.UI.DefaultWait`1.Until[TResult](Func`2 condition, CancellationToken token)\n   --- End of inner exception stack trace ---\n   at OpenQA.Selenium.Support.UI.DefaultWait`1.ThrowTimeoutException(String exceptionMessage, Exception lastException)\n   at OpenQA.Selenium.Support.UI.DefaultWait`1.Until[TResult](Func`2 condition, CancellationToken token)\n   at OpenQA.Selenium.Support.UI.DefaultWait`1.Until[TResult](Func`2 condition)\n   at OdinUiTests.Pages.OrganizationCommonPage.__a$_around_TryToRemoveDefaultReoslution_100666960_o(Dictionary`2 resInfo) in /azp/_work/1/s/Pages/OrganizationCommonPage.cs:line 315\n   at OdinUiTests.Pages.OrganizationCommonPage.__a$_around_TryToRemoveDefaultReoslution_100666960_u(Object[])\n   at Allure.Net.Commons.Steps.AllureAbstractStepAspect.WrapSync[T](Func`2 target, Object[] args, MethodBase metadata, String stepName, List`1 stepParameters)"
      },
      "stage": "finished",
      "steps": [],
      "attachments": [],
      "parameters": [
        {
          "name": "resInfo",
          "value": "{\"block\":\"Не завершил\",\"text\":\"Экзамен проведён с нарушениями\"}",
          "excluded": false
        }
      ],
      "start": 1747632927708,
      "stop": 1747632959263
    }
  ],
  "attachments": [
    {
      "name": "CheckUnableToRemoveDefaultResolution.jpg",
      "source": "d290788d-d5d2-466d-a024-62ab3cc44773-attachment.jpg",
      "type": "image/jpeg"
    },
    {
      "name": "Console Output",
      "source": "2c508b29-60e6-4590-b48c-00fa903ca8ec-attachment.txt",
      "type": "text/plain"
    }
  ],
  "parameters": [],
  "start": 1747632927315,
  "stop": 1747632959817
}