{
  "uuid": "1317e78d-c418-4fee-8762-a7d88e074c15",
  "historyId": "70ca934edcd663b9a2212c631d529fdf",
  "testCaseId": "1390a1edae1ae65a34f9c7f2d82b9fd0",
  "fullName": "OdinUiTests:OdinUiTests.Tests.Activity.TemplateEditingTests.CheckEditActivityTemplateName()",
  "labels": [
    {
      "name": "thread",
      "value": "ParallelWorker#1"
    },
    {
      "name": "host",
      "value": "d26cc8cd3445"
    },
    {
      "name": "language",
      "value": "C#"
    },
    {
      "name": "framework",
      "value": "NUnit 3"
    },
    {
      "name": "package",
      "value": "OdinUiTests.Tests.Activity"
    },
    {
      "name": "testMethod",
      "value": "CheckEditActivityTemplateName"
    },
    {
      "name": "testClass",
      "value": "TemplateEditingTests"
    },
    {
      "name": "suite",
      "value": "Активность"
    },
    {
      "name": "subSuite",
      "value": "Обычный шаблон активности"
    },
    {
      "name": "severity",
      "value": "normal"
    },
    {
      "name": "tag",
      "value": "Активность"
    },
    {
      "name": "tag",
      "value": "Дежурство"
    },
    {
      "name": "tag",
      "value": "Регресс"
    }
  ],
  "links": [],
  "name": "Можно изменить название шаблона активности",
  "status": "broken",
  "statusDetails": {
    "known": false,
    "muted": false,
    "flaky": false,
    "message": "OpenQA.Selenium.WebDriverTimeoutException : Timed out after 30 seconds\n  ----> OpenQA.Selenium.NoSuchElementException : no such element: Unable to locate element: {\"method\":\"xpath\",\"selector\":\"//*[contains(text(),'Редактировать')]\"}\n  (Session info: chrome-headless-shell=126.0.6478.126); For documentation on this error, please visit: https://www.selenium.dev/documentation/webdriver/troubleshooting/errors#no-such-element-exception",
    "trace": "   at OpenQA.Selenium.Support.UI.DefaultWait`1.ThrowTimeoutException(String exceptionMessage, Exception lastException)\n   at OpenQA.Selenium.Support.UI.DefaultWait`1.Until[TResult](Func`2 condition, CancellationToken token)\n   at OpenQA.Selenium.Support.UI.DefaultWait`1.Until[TResult](Func`2 condition)\n   at OdinUiTests.Pages.ActivityCommonPage.ActivityNameIsChanged(String name) in /azp/_work/2/s/Pages/ActivityCommonPage.cs:line 616\n   at OdinUiTests.Pages.ActivityCommonPage.__a$_around_CheckTemplateNameIsChanged_100666085_o(String name) in /azp/_work/2/s/Pages/ActivityCommonPage.cs:line 630\n   at OdinUiTests.Pages.ActivityCommonPage.__a$_around_CheckTemplateNameIsChanged_100666085_u(Object[])\n   at Allure.Net.Commons.Steps.AllureAbstractStepAspect.WrapSync[T](Func`2 target, Object[] args, MethodBase metadata, String stepName, List`1 stepParameters)\n   at InvokeStub_AllureAbstractStepAspect.WrapSync(Object, Span`1)\n   at System.Reflection.MethodBaseInvoker.InvokeWithManyArgs(Object obj, BindingFlags invokeAttr, Binder binder, Object[] parameters, CultureInfo culture)\n--NoSuchElementException\n   at OpenQA.Selenium.WebDriver.UnpackAndThrowOnError(Response errorResponse, String commandToExecute)\n   at OpenQA.Selenium.WebDriver.ExecuteAsync(String driverCommandToExecute, Dictionary`2 parameters)\n   at SeleniumExtras.WaitHelpers.ExpectedConditions.<>c__DisplayClass19_0.<ElementToBeClickable>b__0(IWebDriver driver)\n   at OpenQA.Selenium.Support.UI.DefaultWait`1.Until[TResult](Func`2 condition, CancellationToken token)"
  },
  "stage": "finished",
  "steps": [
    {
      "name": "Открыть страницу редактирования активности",
      "status": "passed",
      "statusDetails": {
        "known": false,
        "muted": false,
        "flaky": false
      },
      "stage": "finished",
      "steps": [
        {
          "name": "Открыть страницу редактирования шаблона активности",
          "status": "passed",
          "statusDetails": {
            "known": false,
            "muted": false,
            "flaky": false
          },
          "stage": "finished",
          "steps": [],
          "attachments": [],
          "parameters": [
            {
              "name": "contentId",
              "value": "\"1340\"",
              "excluded": false
            }
          ],
          "start": 1732025069703,
          "stop": 1732025070226
        }
      ],
      "attachments": [],
      "parameters": [
        {
          "name": "isTemplate",
          "value": "true",
          "excluded": false
        },
        {
          "name": "id",
          "value": "\"1340\"",
          "excluded": false
        }
      ],
      "start": 1732025069703,
      "stop": 1732025070226
    },
    {
      "name": "Редактировать значение в поле 'Название'",
      "status": "passed",
      "statusDetails": {
        "known": false,
        "muted": false,
        "flaky": false
      },
      "stage": "finished",
      "steps": [],
      "attachments": [],
      "parameters": [
        {
          "name": "name",
          "value": "\"9A592G8B78EG919\"",
          "excluded": false
        }
      ],
      "start": 1732025070227,
      "stop": 1732025076896
    },
    {
      "name": "Нажать на кнопку ‘Сохранить’",
      "status": "passed",
      "statusDetails": {
        "known": false,
        "muted": false,
        "flaky": false
      },
      "stage": "finished",
      "steps": [
        {
          "name": "Нажать на кнопку 'Сохранить'",
          "status": "passed",
          "statusDetails": {
            "known": false,
            "muted": false,
            "flaky": false
          },
          "stage": "finished",
          "steps": [],
          "attachments": [],
          "parameters": [],
          "start": 1732025076897,
          "stop": 1732025077150
        }
      ],
      "attachments": [],
      "parameters": [
        {
          "name": "isTemplate",
          "value": "true",
          "excluded": false
        }
      ],
      "start": 1732025076897,
      "stop": 1732025077150
    },
    {
      "name": "Проверка того, что название шаблона активности изменилось",
      "status": "broken",
      "statusDetails": {
        "known": false,
        "muted": false,
        "flaky": false,
        "message": "Timed out after 30 seconds",
        "trace": "OpenQA.Selenium.WebDriverTimeoutException: Timed out after 30 seconds\n ---> OpenQA.Selenium.NoSuchElementException: no such element: Unable to locate element: {\"method\":\"xpath\",\"selector\":\"//*[contains(text(),'Редактировать')]\"}\n  (Session info: chrome-headless-shell=126.0.6478.126); For documentation on this error, please visit: https://www.selenium.dev/documentation/webdriver/troubleshooting/errors#no-such-element-exception\n   at OpenQA.Selenium.WebDriver.UnpackAndThrowOnError(Response errorResponse, String commandToExecute)\n   at OpenQA.Selenium.WebDriver.ExecuteAsync(String driverCommandToExecute, Dictionary`2 parameters)\n   at SeleniumExtras.WaitHelpers.ExpectedConditions.<>c__DisplayClass19_0.<ElementToBeClickable>b__0(IWebDriver driver)\n   at OpenQA.Selenium.Support.UI.DefaultWait`1.Until[TResult](Func`2 condition, CancellationToken token)\n   --- End of inner exception stack trace ---\n   at OpenQA.Selenium.Support.UI.DefaultWait`1.ThrowTimeoutException(String exceptionMessage, Exception lastException)\n   at OpenQA.Selenium.Support.UI.DefaultWait`1.Until[TResult](Func`2 condition, CancellationToken token)\n   at OpenQA.Selenium.Support.UI.DefaultWait`1.Until[TResult](Func`2 condition)\n   at OdinUiTests.Pages.ActivityCommonPage.ActivityNameIsChanged(String name) in /azp/_work/2/s/Pages/ActivityCommonPage.cs:line 616\n   at OdinUiTests.Pages.ActivityCommonPage.__a$_around_CheckTemplateNameIsChanged_100666085_o(String name) in /azp/_work/2/s/Pages/ActivityCommonPage.cs:line 630\n   at OdinUiTests.Pages.ActivityCommonPage.__a$_around_CheckTemplateNameIsChanged_100666085_u(Object[])\n   at Allure.Net.Commons.Steps.AllureAbstractStepAspect.WrapSync[T](Func`2 target, Object[] args, MethodBase metadata, String stepName, List`1 stepParameters)"
      },
      "stage": "finished",
      "steps": [],
      "attachments": [],
      "parameters": [
        {
          "name": "name",
          "value": "\"9A592G8B78EG919\"",
          "excluded": false
        }
      ],
      "start": 1732025077151,
      "stop": 1732025107217
    }
  ],
  "attachments": [
    {
      "name": "CheckEditActivityTemplateName.jpg",
      "source": "43c73153-e225-4a9a-90af-9327ec987b0e-attachment.jpg",
      "type": "image/jpeg"
    },
    {
      "name": "Console Output",
      "source": "02d9c7c8-a26f-428e-b4ff-462396a625a1-attachment.txt",
      "type": "text/plain"
    }
  ],
  "parameters": [],
  "start": 1732025069703,
  "stop": 1732025107471
}