{
  "uuid": "cb52739a-68bd-4e43-966c-281adfaa7ee9",
  "historyId": "8d5e52f7a910896d895447945faf672c",
  "testCaseId": "85717f1473dc180d79e20ce9662738bc",
  "fullName": "OdinUiTests:OdinUiTests.Tests.Activity.ActivityAddingTests.CheckAddTextMaterialToActivity()",
  "labels": [
    {
      "name": "thread",
      "value": "NUnit.Fw.ParallelWorker#10"
    },
    {
      "name": "host",
      "value": "5c978a1cd7b2"
    },
    {
      "name": "language",
      "value": "C#"
    },
    {
      "name": "framework",
      "value": "NUnit 3"
    },
    {
      "name": "package",
      "value": "OdinUiTests.Tests.Activity"
    },
    {
      "name": "testMethod",
      "value": "CheckAddTextMaterialToActivity"
    },
    {
      "name": "testClass",
      "value": "ActivityAddingTests"
    },
    {
      "name": "parentSuite",
      "value": "Активность"
    },
    {
      "name": "suite",
      "value": "Обычная активность"
    },
    {
      "name": "subSuite",
      "value": "Редактирование активности"
    },
    {
      "name": "severity",
      "value": "critical"
    },
    {
      "name": "tag",
      "value": "Активность"
    },
    {
      "name": "tag",
      "value": "Дежурство"
    },
    {
      "name": "tag",
      "value": "Регресс"
    }
  ],
  "links": [],
  "name": "Можно добавить материал типа Текст из Библиотеки в активность",
  "status": "broken",
  "statusDetails": {
    "known": false,
    "muted": false,
    "flaky": false,
    "message": "OpenQA.Selenium.WebDriverTimeoutException : Timed out after 30 seconds\n  ----> OpenQA.Selenium.NoSuchElementException : no such element: Unable to locate element: {\"method\":\"css selector\",\"selector\":\".rename-input\"}\n  (Session info: chrome=139.0.7258.66); For documentation on this error, please visit: https://www.selenium.dev/documentation/webdriver/troubleshooting/errors#no-such-element-exception",
    "trace": "   at OpenQA.Selenium.Support.UI.DefaultWait`1.ThrowTimeoutException(String exceptionMessage, Exception lastException)\n   at OpenQA.Selenium.Support.UI.DefaultWait`1.Until[TResult](Func`2 condition, CancellationToken token)\n   at OpenQA.Selenium.Support.UI.DefaultWait`1.Until[TResult](Func`2 condition)\n   at OdinUiTests.Services.CommonService.ChooseMaterialByName(IWebDriver driver, List`1 materialNames, Boolean fromInfoPage) in /azp/_work/1/s/Services/CommonService.cs:line 190\n   at OdinUiTests.Pages.ActivityCommonEditPage.<>c__DisplayClass98_0.<AddMaterialByName>b__0() in /azp/_work/1/s/Pages/ActivityCommonEditPage.cs:line 393\n   at Allure.Net.Commons.AllureApi.<>c__DisplayClass34_0.<Step>b__0()\n   at Allure.Net.Commons.AllureApi.ExecuteAction[T](String name, Action`1 start, Func`1 action, Action`1 resolve)\n   at Allure.Net.Commons.AllureApi.ExecuteStep[T](String name, Func`1 action)\n   at Allure.Net.Commons.AllureApi.Step(String name, Action action)\n   at OdinUiTests.Pages.ActivityCommonEditPage.AddMaterialByName(String type, String name) in /azp/_work/1/s/Pages/ActivityCommonEditPage.cs:line 391\n   at OdinUiTests.Tests.Activity.ActivityCommon.AddMaterialFromLibrary(IWebDriver driver, Boolean isTemplate, String id, String type, String name) in /azp/_work/1/s/Tests/Activity/ActivityCommon.cs:line 84\n   at OdinUiTests.Tests.Activity.ActivityCommon.AddTextMaterialToActivity(IWebDriver driver, String activityId) in /azp/_work/1/s/Tests/Activity/ActivityCommon.cs:line 131\n   at OdinUiTests.Tests.Activity.ActivityAddingTests.CheckAddTextMaterialToActivity() in /azp/_work/1/s/Tests/Activity/ActivityTests.cs:line 361\n   at System.RuntimeMethodHandle.InvokeMethod(Object target, Void** arguments, Signature sig, Boolean isConstructor)\n   at System.Reflection.MethodBaseInvoker.InvokeWithNoArgs(Object obj, BindingFlags invokeAttr)\n--NoSuchElementException\n   at OpenQA.Selenium.WebDriver.UnpackAndThrowOnError(Response errorResponse, String commandToExecute)\n   at OpenQA.Selenium.WebDriver.ExecuteAsync(String driverCommandToExecute, Dictionary`2 parameters)\n   at SeleniumExtras.WaitHelpers.ExpectedConditions.<>c__DisplayClass19_0.<ElementToBeClickable>b__0(IWebDriver driver)\n   at OpenQA.Selenium.Support.UI.DefaultWait`1.Until[TResult](Func`2 condition, CancellationToken token)"
  },
  "stage": "finished",
  "steps": [
    {
      "name": "Открыть страницу редактирования активности",
      "status": "passed",
      "statusDetails": {
        "known": false,
        "muted": false,
        "flaky": false
      },
      "stage": "finished",
      "steps": [
        {
          "name": "Открыть страницу редактирования активности",
          "status": "passed",
          "statusDetails": {
            "known": false,
            "muted": false,
            "flaky": false
          },
          "stage": "finished",
          "steps": [],
          "attachments": [],
          "parameters": [
            {
              "name": "activityId",
              "value": "\"57\"",
              "excluded": false
            }
          ],
          "start": 1757600163646,
          "stop": 1757600166156
        }
      ],
      "attachments": [],
      "parameters": [
        {
          "name": "isTemplate",
          "value": "false",
          "excluded": false
        },
        {
          "name": "id",
          "value": "\"57\"",
          "excluded": false
        }
      ],
      "start": 1757600163646,
      "stop": 1757600166156
    },
    {
      "name": "Нажать на кнопку 'Добавить материалы'",
      "status": "passed",
      "statusDetails": {
        "known": false,
        "muted": false,
        "flaky": false
      },
      "stage": "finished",
      "steps": [],
      "attachments": [],
      "parameters": [],
      "start": 1757600166156,
      "stop": 1757600178055
    },
    {
      "name": "Выбрать материал типа 'Текст' из Библиотеки по названию и подтвердить выбор",
      "status": "broken",
      "statusDetails": {
        "known": false,
        "muted": false,
        "flaky": false,
        "message": "Timed out after 30 seconds",
        "trace": "OpenQA.Selenium.WebDriverTimeoutException: Timed out after 30 seconds\n ---> OpenQA.Selenium.NoSuchElementException: no such element: Unable to locate element: {\"method\":\"css selector\",\"selector\":\".rename-input\"}\n  (Session info: chrome=139.0.7258.66); For documentation on this error, please visit: https://www.selenium.dev/documentation/webdriver/troubleshooting/errors#no-such-element-exception\n   at OpenQA.Selenium.WebDriver.UnpackAndThrowOnError(Response errorResponse, String commandToExecute)\n   at OpenQA.Selenium.WebDriver.ExecuteAsync(String driverCommandToExecute, Dictionary`2 parameters)\n   at SeleniumExtras.WaitHelpers.ExpectedConditions.<>c__DisplayClass19_0.<ElementToBeClickable>b__0(IWebDriver driver)\n   at OpenQA.Selenium.Support.UI.DefaultWait`1.Until[TResult](Func`2 condition, CancellationToken token)\n   --- End of inner exception stack trace ---\n   at OpenQA.Selenium.Support.UI.DefaultWait`1.ThrowTimeoutException(String exceptionMessage, Exception lastException)\n   at OpenQA.Selenium.Support.UI.DefaultWait`1.Until[TResult](Func`2 condition, CancellationToken token)\n   at OpenQA.Selenium.Support.UI.DefaultWait`1.Until[TResult](Func`2 condition)\n   at OdinUiTests.Services.CommonService.ChooseMaterialByName(IWebDriver driver, List`1 materialNames, Boolean fromInfoPage) in /azp/_work/1/s/Services/CommonService.cs:line 190\n   at OdinUiTests.Pages.ActivityCommonEditPage.<>c__DisplayClass98_0.<AddMaterialByName>b__0() in /azp/_work/1/s/Pages/ActivityCommonEditPage.cs:line 393\n   at Allure.Net.Commons.AllureApi.<>c__DisplayClass34_0.<Step>b__0()\n   at Allure.Net.Commons.AllureApi.ExecuteAction[T](String name, Action`1 start, Func`1 action, Action`1 resolve)\n   at Allure.Net.Commons.AllureApi.ExecuteStep[T](String name, Func`1 action)\n   at Allure.Net.Commons.AllureApi.Step(String name, Action action)\n   at OdinUiTests.Pages.ActivityCommonEditPage.AddMaterialByName(String type, String name) in /azp/_work/1/s/Pages/ActivityCommonEditPage.cs:line 391\n   at OdinUiTests.Tests.Activity.ActivityCommon.AddMaterialFromLibrary(IWebDriver driver, Boolean isTemplate, String id, String type, String name) in /azp/_work/1/s/Tests/Activity/ActivityCommon.cs:line 84\n   at OdinUiTests.Tests.Activity.ActivityCommon.AddTextMaterialToActivity(IWebDriver driver, String activityId) in /azp/_work/1/s/Tests/Activity/ActivityCommon.cs:line 131\n   at OdinUiTests.Tests.Activity.ActivityAddingTests.CheckAddTextMaterialToActivity() in /azp/_work/1/s/Tests/Activity/ActivityTests.cs:line 361\n   at System.RuntimeMethodHandle.InvokeMethod(Object target, Void** arguments, Signature sig, Boolean isConstructor)\n   at System.Reflection.MethodBaseInvoker.InvokeWithNoArgs(Object obj, BindingFlags invokeAttr)"
      },
      "stage": "finished",
      "steps": [],
      "attachments": [],
      "parameters": [],
      "start": 1757600178056,
      "stop": 1757600208362
    }
  ],
  "attachments": [
    {
      "name": "CheckAddTextMaterialToActivity.jpg",
      "source": "4d2623a2-0652-40ea-9831-3688833cf835-attachment.jpg",
      "type": "image/jpeg"
    },
    {
      "name": "Console Output",
      "source": "257b9e74-cd3c-4d23-85b7-66c7ef5533fd-attachment.txt",
      "type": "text/plain"
    }
  ],
  "parameters": [],
  "start": 1757600150977,
  "stop": 1757600209154
}