{
  "uuid": "d6c563ce-4728-4fa9-b26c-d239159d15a2",
  "historyId": "3c4983e005c937cf3667d34c342dc44a",
  "testCaseId": "7e2887028a592dc79b4f4922eb844197",
  "fullName": "OdinUiTests:OdinUiTests.Tests.Chat.PersonalChatCallTests.CheckSendEmojiInPersonalCallChat()",
  "labels": [
    {
      "name": "thread",
      "value": "NUnit.Fw.ParallelWorker#6"
    },
    {
      "name": "host",
      "value": "892cdad86e6e"
    },
    {
      "name": "language",
      "value": "C#"
    },
    {
      "name": "framework",
      "value": "NUnit 3"
    },
    {
      "name": "package",
      "value": "OdinUiTests.Tests.Chat"
    },
    {
      "name": "testMethod",
      "value": "CheckSendEmojiInPersonalCallChat"
    },
    {
      "name": "testClass",
      "value": "PersonalChatCallTests"
    },
    {
      "name": "suite",
      "value": "Чат"
    },
    {
      "name": "subSuite",
      "value": "Миничат личного звонка"
    },
    {
      "name": "severity",
      "value": "normal"
    },
    {
      "name": "tag",
      "value": "Чат"
    },
    {
      "name": "tag",
      "value": "Регресс"
    }
  ],
  "links": [],
  "name": "Можно отправить смайлики в миничате личного звонка",
  "status": "broken",
  "statusDetails": {
    "known": false,
    "muted": false,
    "flaky": false,
    "message": "System.Reflection.TargetInvocationException : Exception has been thrown by the target of an invocation.\n  ----> OpenQA.Selenium.WebDriverTimeoutException : Timed out after 30 seconds\n  ----> OpenQA.Selenium.NoSuchElementException : no such element: Unable to locate element: {\"method\":\"css selector\",\"selector\":\"[aria-label='Часто используемые'] button\"}\n  (Session info: chrome=140.0.7339.127); For documentation on this error, please visit: https://www.selenium.dev/documentation/webdriver/troubleshooting/errors#no-such-element-exception",
    "trace": "   at System.Reflection.MethodBaseInvoker.InvokeWithManyArgs(Object obj, BindingFlags invokeAttr, Binder binder, Object[] parameters, CultureInfo culture)\n   at Allure.Net.Commons.Steps.AllureStepAspectBase.Around(String name, Object[] args, Func`2 target, MethodBase metadata, Type returnType)\n   at OdinUiTests.Pages.ChatCommonPage.__a$_around_ClickOnRandomEmoji_100666381_w_0(Object[])\n   at OdinUiTests.Pages.ChatCommonPage.ClickOnRandomEmoji()\n   at OdinUiTests.Tests.Chat.ChatCommon.SendEmoji(IWebDriver driver, String chatId, Boolean isMinichat) in /azp/_work/2/s/Tests/Chat/ChatCommon.cs:line 273\n   at OdinUiTests.Tests.Chat.ChatCommon.SendEmojiInMinichat(IWebDriver driver, String chatId) in /azp/_work/2/s/Tests/Chat/ChatCommon.cs:line 291\n   at OdinUiTests.Tests.Chat.PersonalChatCallTests.CheckSendEmojiInPersonalCallChat() in /azp/_work/2/s/Tests/Chat/CallChatTests.cs:line 399\n   at System.RuntimeMethodHandle.InvokeMethod(Object target, Void** arguments, Signature sig, Boolean isConstructor)\n   at System.Reflection.MethodBaseInvoker.InvokeWithNoArgs(Object obj, BindingFlags invokeAttr)\n--WebDriverTimeoutException\n   at OpenQA.Selenium.Support.UI.DefaultWait`1.ThrowTimeoutException(String exceptionMessage, Exception lastException)\n   at OpenQA.Selenium.Support.UI.DefaultWait`1.Until[TResult](Func`2 condition, CancellationToken token)\n   at OpenQA.Selenium.Support.UI.DefaultWait`1.Until[TResult](Func`2 condition)\n   at OdinUiTests.Pages.ChatCommonPage.__a$_around_ClickOnRandomEmoji_100666381_o() in /azp/_work/2/s/Pages/ChatCommonPage.cs:line 1157\n   at OdinUiTests.Pages.ChatCommonPage.__a$_around_ClickOnRandomEmoji_100666381_u(Object[])\n   at Allure.Net.Commons.Steps.AllureAbstractStepAspect.WrapSync[T](Func`2 target, Object[] args, MethodBase metadata, String stepName, List`1 stepParameters)\n   at InvokeStub_AllureAbstractStepAspect.WrapSync(Object, Span`1)\n   at System.Reflection.MethodBaseInvoker.InvokeWithManyArgs(Object obj, BindingFlags invokeAttr, Binder binder, Object[] parameters, CultureInfo culture)\n--NoSuchElementException\n   at OpenQA.Selenium.WebDriver.UnpackAndThrowOnError(Response errorResponse, String commandToExecute)\n   at OpenQA.Selenium.WebDriver.ExecuteAsync(String driverCommandToExecute, Dictionary`2 parameters)\n   at SeleniumExtras.WaitHelpers.ExpectedConditions.<>c__DisplayClass19_0.<ElementToBeClickable>b__0(IWebDriver driver)\n   at OpenQA.Selenium.Support.UI.DefaultWait`1.Until[TResult](Func`2 condition, CancellationToken token)"
  },
  "stage": "finished",
  "steps": [
    {
      "name": "Открыть страницу звонка по id чата",
      "status": "passed",
      "statusDetails": {
        "known": false,
        "muted": false,
        "flaky": false
      },
      "stage": "finished",
      "steps": [],
      "attachments": [],
      "parameters": [
        {
          "name": "chatId",
          "value": "\"963\"",
          "excluded": false
        }
      ],
      "start": 1759871522555,
      "stop": 1759871524561
    },
    {
      "name": "Нажать на кнопку 'Присоединиться' в предбаннике",
      "status": "passed",
      "statusDetails": {
        "known": false,
        "muted": false,
        "flaky": false
      },
      "stage": "finished",
      "steps": [],
      "attachments": [],
      "parameters": [],
      "start": 1759871524561,
      "stop": 1759871532740
    },
    {
      "name": "Нажать на кнопку чата в звонке",
      "status": "passed",
      "statusDetails": {
        "known": false,
        "muted": false,
        "flaky": false
      },
      "stage": "finished",
      "steps": [],
      "attachments": [],
      "parameters": [],
      "start": 1759871532740,
      "stop": 1759871538657
    },
    {
      "name": "В строке ввода нажать на значок смайлика",
      "status": "passed",
      "statusDetails": {
        "known": false,
        "muted": false,
        "flaky": false
      },
      "stage": "finished",
      "steps": [],
      "attachments": [],
      "parameters": [],
      "start": 1759871538657,
      "stop": 1759871540250
    },
    {
      "name": "Кликнуть по выбранному смайлику",
      "status": "broken",
      "statusDetails": {
        "known": false,
        "muted": false,
        "flaky": false,
        "message": "Timed out after 30 seconds",
        "trace": "OpenQA.Selenium.WebDriverTimeoutException: Timed out after 30 seconds\n ---> OpenQA.Selenium.NoSuchElementException: no such element: Unable to locate element: {\"method\":\"css selector\",\"selector\":\"[aria-label='Часто используемые'] button\"}\n  (Session info: chrome=140.0.7339.127); For documentation on this error, please visit: https://www.selenium.dev/documentation/webdriver/troubleshooting/errors#no-such-element-exception\n   at OpenQA.Selenium.WebDriver.UnpackAndThrowOnError(Response errorResponse, String commandToExecute)\n   at OpenQA.Selenium.WebDriver.ExecuteAsync(String driverCommandToExecute, Dictionary`2 parameters)\n   at SeleniumExtras.WaitHelpers.ExpectedConditions.<>c__DisplayClass19_0.<ElementToBeClickable>b__0(IWebDriver driver)\n   at OpenQA.Selenium.Support.UI.DefaultWait`1.Until[TResult](Func`2 condition, CancellationToken token)\n   --- End of inner exception stack trace ---\n   at OpenQA.Selenium.Support.UI.DefaultWait`1.ThrowTimeoutException(String exceptionMessage, Exception lastException)\n   at OpenQA.Selenium.Support.UI.DefaultWait`1.Until[TResult](Func`2 condition, CancellationToken token)\n   at OpenQA.Selenium.Support.UI.DefaultWait`1.Until[TResult](Func`2 condition)\n   at OdinUiTests.Pages.ChatCommonPage.__a$_around_ClickOnRandomEmoji_100666381_o() in /azp/_work/2/s/Pages/ChatCommonPage.cs:line 1157\n   at OdinUiTests.Pages.ChatCommonPage.__a$_around_ClickOnRandomEmoji_100666381_u(Object[])\n   at Allure.Net.Commons.Steps.AllureAbstractStepAspect.WrapSync[T](Func`2 target, Object[] args, MethodBase metadata, String stepName, List`1 stepParameters)"
      },
      "stage": "finished",
      "steps": [],
      "attachments": [],
      "parameters": [],
      "start": 1759871540250,
      "stop": 1759871570768
    }
  ],
  "attachments": [
    {
      "name": "CheckSendEmojiInPersonalCallChat.jpg",
      "source": "1626d14b-6580-417c-a732-0b5930a2c9fa-attachment.jpg",
      "type": "image/jpeg"
    },
    {
      "name": "Console Output",
      "source": "0cd7fae4-3d2f-44ac-bba7-80826ea05c54-attachment.txt",
      "type": "text/plain"
    }
  ],
  "parameters": [],
  "start": 1759871522555,
  "stop": 1759871571456
}